<?xml version="1.0" encoding="UTF-8"?>

<!-- generated on Sa 22 Apr 2017 15:05:33 CEST by Netedit Version 0.25.0
<?xml version="1.0" encoding="UTF-8"?>

<configuration xmlns:xsi="http://www.w3.org/2001/XMLSchema-instance" xsi:noNamespaceSchemaLocation="http://sumo.dlr.de/xsd/netedit.exeConfiguration.xsd">

    <input>
        <sumo-net-file value="/home/chris/Desktop/OL-SUMO-MAP/filter-map.net.xml"/>
    </input>

    <output>
        <output-file value="/home/chris/Desktop/OL-SUMO-MAP/bike.net.xml"/>
    </output>

    <processing>
        <no-turnarounds value="true"/>
        <offset.disable-normalization value="true"/>
        <lefthand value="false"/>
        <junctions.corner-detail value="0"/>
    </processing>

</configuration>
-->

<net version="0.25" xmlns:xsi="http://www.w3.org/2001/XMLSchema-instance" xsi:noNamespaceSchemaLocation="http://sumo.dlr.de/xsd/net_file.xsd">

    <location netOffset="-565439.62,-5934035.06" convBoundary="0.00,0.00,2124.70,2927.60" origBoundary="9.987769,53.551075,10.020109,53.577252" projParameter="+proj=utm +zone=32 +ellps=WGS84 +datum=WGS84 +units=m +no_defs"/>

    <edge id=":0_0" function="internal">
        <lane id=":0_0_0" index="0" speed="13.90" length="10.22" shape="1948.59,1482.27 1946.03,1480.71 1944.22,1479.63 1942.41,1478.55 1939.83,1477.02"/>
    </edge>
    <edge id=":0_1" function="internal">
        <lane id=":0_1_0" index="0" speed="13.90" length="10.25" shape="1948.59,1482.27 1946.22,1480.52 1944.95,1478.88 1943.97,1476.94 1942.47,1474.28"/>
    </edge>
    <edge id=":1_0" function="internal">
        <lane id=":1_0_0" index="0" speed="13.90" length="6.07" shape="1932.53,1442.15 1933.89,1443.42 1935.03,1443.69 1935.95,1442.97 1936.65,1441.24"/>
    </edge>
    <edge id=":1_1" function="internal">
        <lane id=":1_1_0" index="0" speed="13.90" length="9.92" shape="1932.53,1442.15 1938.76,1449.86"/>
    </edge>
    <edge id=":1_2" function="internal">
        <lane id=":1_2_0" index="0" speed="13.90" length="9.90" shape="1934.80,1450.96 1936.65,1441.24"/>
    </edge>
    <edge id=":1_3" function="internal">
        <lane id=":1_3_0" index="0" speed="13.90" length="2.61" shape="1934.80,1450.96 1935.30,1448.92 1935.65,1448.55"/>
    </edge>
    <edge id=":1_4" function="internal">
        <lane id=":1_4_0" index="0" speed="13.90" length="4.00" shape="1935.65,1448.55 1936.13,1448.05 1937.28,1448.37 1938.76,1449.86"/>
    </edge>
    <edge id=":101_0" function="internal">
        <lane id=":101_0_0" index="0" speed="13.90" length="13.61" shape="1785.05,1243.29 1780.04,1243.20 1778.22,1243.74 1779.59,1244.92 1784.15,1246.73"/>
    </edge>
    <edge id=":101_1" function="internal">
        <lane id=":101_1_0" index="0" speed="13.90" length="5.02" shape="1779.75,1244.30 1784.15,1246.73"/>
    </edge>
    <edge id=":103_0" function="internal">
        <lane id=":103_0_0" index="0" allow="pedestrian" speed="13.90" length="2.42" shape="1857.51,1333.64 1857.83,1334.21 1857.91,1334.76 1857.74,1335.28 1857.32,1335.79"/>
    </edge>
    <edge id=":104_0" function="internal">
        <lane id=":104_0_0" index="0" speed="13.90" length="6.90" shape="953.03,677.53 948.18,672.62"/>
    </edge>
    <edge id=":104_1" function="internal">
        <lane id=":104_1_0" index="0" speed="13.90" length="1.89" shape="953.03,677.53 952.07,676.36 951.99,675.99"/>
    </edge>
    <edge id=":104_4" function="internal">
        <lane id=":104_4_0" index="0" speed="13.90" length="3.42" shape="951.99,675.99 951.81,675.24 952.24,674.18 953.36,673.17"/>
    </edge>
    <edge id=":104_2" function="internal">
        <lane id=":104_2_0" index="0" speed="13.90" length="5.20" shape="947.59,676.96 948.69,676.01 949.16,674.97 948.99,673.84 948.18,672.62"/>
    </edge>
    <edge id=":104_3" function="internal">
        <lane id=":104_3_0" index="0" speed="13.90" length="6.90" shape="947.59,676.96 953.36,673.17"/>
    </edge>
    <edge id=":105_0" function="internal">
        <lane id=":105_0_0" index="0" speed="13.90" length="7.07" shape="939.64,663.49 934.67,658.47"/>
    </edge>
    <edge id=":105_1" function="internal">
        <lane id=":105_1_0" index="0" speed="13.90" length="6.65" shape="935.68,664.86 935.83,662.67 935.71,660.88 935.32,659.48 934.67,658.47"/>
    </edge>
    <edge id=":106_0" function="internal">
        <lane id=":106_0_0" index="0" speed="13.90" length="5.07" shape="1915.46,1522.38 1913.77,1527.15"/>
    </edge>
    <edge id=":106_1" function="internal">
        <lane id=":106_1_0" index="0" speed="13.90" length="9.44" shape="1915.46,1522.38 1914.47,1525.53 1913.51,1526.57 1912.58,1525.50 1911.68,1522.32"/>
    </edge>
    <edge id=":108_0" function="internal">
        <lane id=":108_0_0" index="0" speed="13.90" length="0.10" shape="1860.91,1355.38 1860.91,1355.38"/>
    </edge>
    <edge id=":109_0" function="internal">
        <lane id=":109_0_0" index="0" speed="13.90" length="5.00" shape="1904.64,1408.66 1907.86,1412.49"/>
    </edge>
    <edge id=":109_1" function="internal">
        <lane id=":109_1_0" index="0" speed="13.90" length="5.61" shape="1904.64,1408.66 1904.60,1414.27"/>
    </edge>
    <edge id=":111_0" function="internal">
        <lane id=":111_0_0" index="0" speed="13.90" length="0.10" shape="1911.66,1551.39 1911.66,1551.39"/>
    </edge>
    <edge id=":112_0" function="internal">
        <lane id=":112_0_0" index="0" speed="13.90" length="0.10" shape="1047.56,712.73 1047.56,712.73"/>
    </edge>
    <edge id=":113_0" function="internal">
        <lane id=":113_0_0" index="0" speed="13.90" length="12.75" shape="1000.69,708.14 997.29,708.02 994.31,707.91 991.34,707.78 987.94,707.64"/>
    </edge>
    <edge id=":113_1" function="internal">
        <lane id=":113_1_0" index="0" speed="13.90" length="12.58" shape="1000.69,708.14 997.36,707.76 994.60,706.90 991.94,705.63 988.97,703.98"/>
    </edge>
    <edge id=":113_2" function="internal">
        <lane id=":113_2_0" index="0" speed="13.90" length="2.43" shape="998.80,704.34 997.15,705.91 997.02,705.98"/>
    </edge>
    <edge id=":113_3" function="internal">
        <lane id=":113_3_0" index="0" speed="13.90" length="2.81" shape="998.80,704.34 997.22,705.69 996.50,705.82"/>
    </edge>
    <edge id=":113_4" function="internal">
        <lane id=":113_4_0" index="0" speed="13.90" length="9.35" shape="997.02,705.98 994.80,706.99 991.72,707.56 987.94,707.64"/>
    </edge>
    <edge id=":113_5" function="internal">
        <lane id=":113_5_0" index="0" speed="13.90" length="7.94" shape="996.50,705.82 995.05,706.07 992.30,705.50 988.97,703.98"/>
    </edge>
    <edge id=":115_0" function="internal">
        <lane id=":115_0_0" index="0" speed="13.90" length="0.59" shape="1813.36,1361.86 1813.79,1362.26"/>
    </edge>
    <edge id=":118_0" function="internal">
        <lane id=":118_0_0" index="0" speed="13.90" length="5.31" shape="868.04,516.76 867.07,517.87 866.64,519.02 866.76,520.22 867.43,521.45"/>
    </edge>
    <edge id=":118_1" function="internal">
        <lane id=":118_1_0" index="0" speed="13.90" length="6.45" shape="868.04,516.76 863.08,520.89"/>
    </edge>
    <edge id=":118_2" function="internal">
        <lane id=":118_2_0" index="0" speed="13.90" length="6.45" shape="863.69,516.21 867.43,521.45"/>
    </edge>
    <edge id=":118_3" function="internal">
        <lane id=":118_3_0" index="0" speed="13.90" length="1.69" shape="863.69,516.21 864.35,517.52 864.37,517.73"/>
    </edge>
    <edge id=":118_4" function="internal">
        <lane id=":118_4_0" index="0" speed="13.90" length="3.61" shape="864.37,517.73 864.47,518.74 864.05,519.86 863.08,520.89"/>
    </edge>
    <edge id=":119_0" function="internal">
        <lane id=":119_0_0" index="0" allow="bicycle" speed="13.90" length="11.07" shape="883.23,537.20 884.18,541.81 885.01,545.09 885.75,547.05 886.38,547.68"/>
    </edge>
    <edge id=":119_1" function="internal">
        <lane id=":119_1_0" index="0" speed="13.90" length="15.01" shape="883.23,537.20 884.03,540.88 885.07,544.49 886.43,547.98 888.19,551.29"/>
    </edge>
    <edge id=":119_2" function="internal">
        <lane id=":119_2_0" index="0" allow="bicycle" speed="13.90" length="11.07" shape="879.80,538.79 882.52,542.69 884.53,545.47 885.81,547.13 886.38,547.68"/>
    </edge>
    <edge id=":119_3" function="internal">
        <lane id=":119_3_0" index="0" speed="13.90" length="15.06" shape="879.80,538.79 881.94,541.88 884.07,544.98 886.17,548.12 888.19,551.29"/>
    </edge>
    <edge id=":121_0" function="internal">
        <lane id=":121_0_0" index="0" speed="13.90" length="0.10" shape="1814.70,1343.09 1814.70,1343.09"/>
    </edge>
    <edge id=":122_0" function="internal">
        <lane id=":122_0_0" index="0" speed="13.90" length="5.87" shape="1857.98,1259.65 1860.85,1254.53"/>
    </edge>
    <edge id=":122_1" function="internal">
        <lane id=":122_1_0" index="0" speed="13.90" length="5.07" shape="1857.98,1259.65 1862.73,1257.89"/>
    </edge>
    <edge id=":123_0" function="internal">
        <lane id=":123_0_0" index="0" speed="13.90" length="5.07" shape="1866.26,1232.01 1864.84,1227.14"/>
    </edge>
    <edge id=":123_1" function="internal">
        <lane id=":123_1_0" index="0" speed="13.90" length="5.34" shape="1869.34,1230.01 1864.84,1227.14"/>
    </edge>
    <edge id=":124_0" function="internal">
        <lane id=":124_0_0" index="0" allow="bicycle" speed="13.90" length="0.10" shape="1823.84,1368.03 1823.84,1368.03"/>
    </edge>
    <edge id=":125_0" function="internal">
        <lane id=":125_0_0" index="0" allow="bicycle" speed="13.90" length="0.22" shape="1832.00,1378.06 1832.13,1378.24"/>
    </edge>
    <edge id=":127_0" function="internal">
        <lane id=":127_0_0" index="0" allow="bicycle" speed="13.90" length="6.48" shape="1845.77,1401.93 1848.86,1407.63"/>
    </edge>
    <edge id=":127_1" function="internal">
        <lane id=":127_1_0" index="0" allow="bicycle" speed="13.90" length="0.40" shape="1844.56,1407.21 1844.85,1406.94"/>
    </edge>
    <edge id=":127_2" function="internal">
        <lane id=":127_2_0" index="0" speed="13.90" length="5.17" shape="1844.85,1406.94 1845.75,1406.10 1846.86,1405.80 1847.90,1406.31 1848.86,1407.63"/>
    </edge>
    <edge id=":136_0" function="internal">
        <lane id=":136_0_0" index="0" speed="13.90" length="6.14" shape="1923.81,1467.25 1922.10,1466.44 1920.92,1466.54 1920.30,1467.53 1920.21,1469.42"/>
    </edge>
    <edge id=":136_1" function="internal">
        <lane id=":136_1_0" index="0" speed="13.90" length="10.45" shape="1923.81,1467.25 1921.25,1465.62 1919.42,1464.41 1917.62,1463.17 1915.14,1461.42"/>
    </edge>
    <edge id=":136_2" function="internal">
        <lane id=":136_2_0" index="0" speed="13.90" length="10.44" shape="1918.50,1459.14 1919.20,1462.10 1919.64,1464.24 1919.94,1466.40 1920.21,1469.42"/>
    </edge>
    <edge id=":136_3" function="internal">
        <lane id=":136_3_0" index="0" speed="13.90" length="2.80" shape="1918.50,1459.14 1918.79,1461.38 1918.59,1461.89"/>
    </edge>
    <edge id=":136_4" function="internal">
        <lane id=":136_4_0" index="0" speed="13.90" length="4.15" shape="1918.59,1461.89 1918.33,1462.51 1917.11,1462.52 1915.14,1461.42"/>
    </edge>
    <edge id=":138_0" function="internal">
        <lane id=":138_0_0" index="0" speed="13.90" length="0.10" shape="1853.06,1344.94 1853.06,1344.94"/>
    </edge>
    <edge id=":140_0" function="internal">
        <lane id=":140_0_0" index="0" speed="13.90" length="7.62" shape="203.89,351.89 209.58,346.83"/>
    </edge>
    <edge id=":140_1" function="internal">
        <lane id=":140_1_0" index="0" speed="13.90" length="7.18" shape="207.55,353.71 209.58,346.83"/>
    </edge>
    <edge id=":141_0" function="internal">
        <lane id=":141_0_0" index="0" speed="13.90" length="0.10" shape="333.10,222.67 333.10,222.67"/>
    </edge>
    <edge id=":142_0" function="internal">
        <lane id=":142_0_0" index="0" allow="bicycle" speed="13.90" length="5.17" shape="562.50,829.63 565.94,825.77"/>
    </edge>
    <edge id=":142_1" function="internal">
        <lane id=":142_1_0" index="0" allow="pedestrian" speed="13.90" length="5.16" shape="562.50,829.63 567.63,829.09"/>
    </edge>
    <edge id=":145_0" function="internal">
        <lane id=":145_0_0" index="0" speed="13.90" length="0.10" shape="785.48,420.35 785.48,420.35"/>
    </edge>
    <edge id=":146_0" function="internal">
        <lane id=":146_0_0" index="0" speed="13.90" length="7.15" shape="209.63,389.95 209.23,388.81 208.32,387.55 206.92,386.17 205.03,384.66"/>
    </edge>
    <edge id=":146_1" function="internal">
        <lane id=":146_1_0" index="0" speed="13.90" length="7.49" shape="209.63,389.95 208.54,382.54"/>
    </edge>
    <edge id=":147_0" function="internal">
        <lane id=":147_0_0" index="0" speed="13.90" length="2.42" shape="184.19,375.45 182.37,374.94 182.00,374.56"/>
    </edge>
    <edge id=":147_2" function="internal">
        <lane id=":147_2_0" index="0" speed="13.90" length="3.71" shape="182.00,374.56 181.55,374.10 181.72,372.94 182.89,371.45"/>
    </edge>
    <edge id=":147_1" function="internal">
        <lane id=":147_1_0" index="0" speed="13.90" length="6.97" shape="177.91,376.34 182.89,371.45"/>
    </edge>
    <edge id=":149_0" function="internal">
        <lane id=":149_0_0" index="0" allow="pedestrian" speed="13.90" length="0.10" shape="942.17,487.01 942.18,487.00"/>
    </edge>
    <edge id=":15_0" function="internal">
        <lane id=":15_0_0" index="0" speed="13.90" length="6.61" shape="1726.59,2259.94 1724.10,2266.07"/>
    </edge>
    <edge id=":15_1" function="internal">
        <lane id=":15_1_0" index="0" speed="13.90" length="2.24" shape="1721.47,2262.69 1723.19,2262.70 1723.64,2262.95"/>
    </edge>
    <edge id=":15_2" function="internal">
        <lane id=":15_2_0" index="0" speed="13.90" length="3.54" shape="1723.64,2262.95 1724.21,2263.27 1724.51,2264.39 1724.10,2266.07"/>
    </edge>
    <edge id=":151_0" function="internal">
        <lane id=":151_0_0" index="0" allow="pedestrian" speed="13.90" length="4.44" shape="895.43,546.03 894.73,546.77 894.47,547.68 894.65,548.75 895.28,549.98"/>
    </edge>
    <edge id=":151_1" function="internal">
        <lane id=":151_1_0" index="0" allow="pedestrian" speed="13.90" length="8.84" shape="895.43,546.03 888.13,551.01"/>
    </edge>
    <edge id=":151_2" function="internal">
        <lane id=":151_2_0" index="0" allow="pedestrian" speed="13.90" length="6.82" shape="892.53,543.74 895.28,549.98"/>
    </edge>
    <edge id=":151_3" function="internal">
        <lane id=":151_3_0" index="0" allow="pedestrian" speed="13.90" length="9.07" shape="892.53,543.74 892.65,545.55 891.96,547.36 890.45,549.19 888.13,551.01"/>
    </edge>
    <edge id=":151_4" function="internal">
        <lane id=":151_4_0" index="0" allow="pedestrian" speed="13.90" length="3.50" shape="886.58,547.67 889.75,547.70 890.08,547.75"/>
    </edge>
    <edge id=":151_5" function="internal">
        <lane id=":151_5_0" index="0" allow="pedestrian" speed="13.90" length="3.21" shape="886.58,547.67 889.30,547.76 889.74,547.98"/>
    </edge>
    <edge id=":151_6" function="internal">
        <lane id=":151_6_0" index="0" speed="13.90" length="5.83" shape="890.08,547.75 892.25,548.09 894.10,548.85 895.28,549.98"/>
    </edge>
    <edge id=":151_7" function="internal">
        <lane id=":151_7_0" index="0" speed="13.90" length="4.48" shape="889.74,547.98 890.47,548.35 890.08,549.43 888.13,551.01"/>
    </edge>
    <edge id=":152_0" function="internal">
        <lane id=":152_0_0" index="0" speed="13.90" length="5.27" shape="1066.66,681.28 1065.70,682.42 1065.41,683.53 1065.80,684.61 1066.86,685.65"/>
    </edge>
    <edge id=":152_1" function="internal">
        <lane id=":152_1_0" index="0" speed="13.90" length="6.94" shape="1066.66,681.28 1061.50,685.93"/>
    </edge>
    <edge id=":152_2" function="internal">
        <lane id=":152_2_0" index="0" speed="13.90" length="5.93" shape="1066.66,681.28 1065.35,682.16 1064.01,682.51 1062.64,682.31 1061.25,681.56"/>
    </edge>
    <edge id=":156_0" function="internal">
        <lane id=":156_0_0" index="0" speed="13.90" length="8.12" shape="379.65,825.84 376.27,818.46"/>
    </edge>
    <edge id=":156_1" function="internal">
        <lane id=":156_1_0" index="0" allow="pedestrian" speed="13.90" length="2.29" shape="379.65,825.84 378.90,824.17 378.94,823.72"/>
    </edge>
    <edge id=":156_6" function="internal">
        <lane id=":156_6_0" index="0" speed="13.90" length="3.72" shape="378.94,823.72 379.01,823.00 379.98,822.35 381.81,822.20"/>
    </edge>
    <edge id=":156_2" function="internal">
        <lane id=":156_2_0" index="0" speed="13.90" length="6.72" shape="371.94,821.90 374.22,821.71 375.70,821.08 376.38,820.00 376.27,818.46"/>
    </edge>
    <edge id=":156_3" function="internal">
        <lane id=":156_3_0" index="0" allow="pedestrian" speed="13.90" length="9.88" shape="371.94,821.90 381.81,822.20"/>
    </edge>
    <edge id=":156_4" function="internal">
        <lane id=":156_4_0" index="0" speed="13.90" length="8.17" shape="373.46,825.71 375.07,823.86 376.08,822.03 376.48,820.23 376.27,818.46"/>
    </edge>
    <edge id=":156_5" function="internal">
        <lane id=":156_5_0" index="0" allow="pedestrian" speed="13.90" length="9.32" shape="373.46,825.71 375.42,824.09 377.46,822.97 379.59,822.34 381.81,822.20"/>
    </edge>
    <edge id=":157_0" function="internal">
        <lane id=":157_0_0" index="0" speed="13.90" length="12.39" shape="367.64,788.61 366.59,785.45 365.48,782.82 364.26,780.24 362.85,777.21"/>
    </edge>
    <edge id=":157_1" function="internal">
        <lane id=":157_1_0" index="0" speed="13.90" length="12.39" shape="367.64,788.61 366.92,785.37 366.64,782.54 366.56,779.67 366.41,776.32"/>
    </edge>
    <edge id=":158_0" function="internal">
        <lane id=":158_0_0" index="0" speed="13.90" length="6.04" shape="406.81,861.34 405.26,860.42 404.05,860.38 403.16,861.22 402.60,862.93"/>
    </edge>
    <edge id=":158_1" function="internal">
        <lane id=":158_1_0" index="0" speed="13.90" length="7.95" shape="406.81,861.34 405.06,860.25 403.23,859.70 401.31,859.69 399.32,860.21"/>
    </edge>
    <edge id=":158_2" function="internal">
        <lane id=":158_2_0" index="0" speed="13.90" length="8.28" shape="406.81,861.34 400.62,855.83"/>
    </edge>
    <edge id=":158_3" function="internal">
        <lane id=":158_3_0" index="0" speed="13.90" length="9.09" shape="408.65,856.71 406.30,857.82 404.51,859.22 403.27,860.93 402.60,862.93"/>
    </edge>
    <edge id=":158_4" function="internal">
        <lane id=":158_4_0" index="0" speed="13.90" length="9.97" shape="408.65,856.71 399.32,860.21"/>
    </edge>
    <edge id=":158_5" function="internal">
        <lane id=":158_5_0" index="0" speed="13.90" length="8.54" shape="408.65,856.71 406.17,857.37 404.01,857.45 402.16,856.94 400.62,855.83"/>
    </edge>
    <edge id=":158_6" function="internal">
        <lane id=":158_6_0" index="0" speed="13.90" length="9.86" shape="405.95,853.65 402.60,862.93"/>
    </edge>
    <edge id=":158_7" function="internal">
        <lane id=":158_7_0" index="0" speed="13.90" length="9.33" shape="405.95,853.65 399.32,860.21"/>
    </edge>
    <edge id=":158_8" function="internal">
        <lane id=":158_8_0" index="0" speed="13.90" length="3.62" shape="405.95,853.65 404.66,855.66 403.69,856.41"/>
    </edge>
    <edge id=":158_9" function="internal">
        <lane id=":158_9_0" index="0" speed="13.90" length="3.44" shape="403.69,856.41 403.34,856.69 401.99,856.74 400.62,855.83"/>
    </edge>
    <edge id=":159_0" function="internal">
        <lane id=":159_0_0" index="0" speed="13.90" length="5.01" shape="329.42,878.90 324.48,879.72"/>
    </edge>
    <edge id=":159_1" function="internal">
        <lane id=":159_1_0" index="0" speed="13.90" length="6.50" shape="329.42,878.90 327.36,879.02 326.30,878.49 326.22,877.30 327.13,875.45"/>
    </edge>
    <edge id=":16_0" function="internal">
        <lane id=":16_0_0" index="0" speed="13.90" length="5.15" shape="1857.00,1955.03 1856.85,1956.47 1857.17,1957.60 1857.97,1958.42 1859.25,1958.93"/>
    </edge>
    <edge id=":16_1" function="internal">
        <lane id=":16_1_0" index="0" speed="13.90" length="6.49" shape="1857.00,1955.03 1854.85,1961.15"/>
    </edge>
    <edge id=":16_2" function="internal">
        <lane id=":16_2_0" index="0" speed="13.90" length="6.40" shape="1853.13,1957.08 1859.25,1958.93"/>
    </edge>
    <edge id=":16_3" function="internal">
        <lane id=":16_3_0" index="0" speed="13.90" length="1.44" shape="1853.13,1957.08 1854.39,1957.76"/>
    </edge>
    <edge id=":16_4" function="internal">
        <lane id=":16_4_0" index="0" speed="13.90" length="3.71" shape="1854.39,1957.76 1855.10,1958.67 1855.25,1959.80 1854.85,1961.15"/>
    </edge>
    <edge id=":161_0" function="internal">
        <lane id=":161_0_0" index="0" speed="13.90" length="7.39" shape="344.33,729.73 342.08,722.69"/>
    </edge>
    <edge id=":161_1" function="internal">
        <lane id=":161_1_0" index="0" speed="13.90" length="1.88" shape="344.33,729.73 344.03,728.14 344.10,727.89"/>
    </edge>
    <edge id=":161_4" function="internal">
        <lane id=":161_4_0" index="0" speed="13.90" length="3.68" shape="344.10,727.89 344.36,727.03 345.34,726.42 346.96,726.30"/>
    </edge>
    <edge id=":161_2" function="internal">
        <lane id=":161_2_0" index="0" speed="13.90" length="5.29" shape="339.58,726.29 341.05,725.97 341.96,725.27 342.30,724.18 342.08,722.69"/>
    </edge>
    <edge id=":161_3" function="internal">
        <lane id=":161_3_0" index="0" speed="13.90" length="7.38" shape="339.58,726.29 346.96,726.30"/>
    </edge>
    <edge id=":164_0" function="internal">
        <lane id=":164_0_0" index="0" allow="pedestrian" speed="13.90" length="5.23" shape="948.02,726.93 948.38,728.39 949.05,729.45 950.02,730.11 951.30,730.36"/>
    </edge>
    <edge id=":164_1" function="internal">
        <lane id=":164_1_0" index="0" allow="pedestrian" speed="13.90" length="6.22" shape="945.09,730.19 951.30,730.36"/>
    </edge>
    <edge id=":165_0" function="internal">
        <lane id=":165_0_0" index="0" allow="pedestrian" speed="13.90" length="5.24" shape="1055.28,737.41 1055.13,738.90 1055.45,740.08 1056.22,740.94 1057.46,741.49"/>
    </edge>
    <edge id=":165_1" function="internal">
        <lane id=":165_1_0" index="0" allow="pedestrian" speed="13.90" length="6.42" shape="1051.39,739.42 1057.46,741.49"/>
    </edge>
    <edge id=":169_0" function="internal">
        <lane id=":169_0_0" index="0" speed="13.90" length="7.51" shape="1366.06,2338.93 1371.75,2334.03"/>
    </edge>
    <edge id=":169_1" function="internal">
        <lane id=":169_1_0" index="0" speed="13.90" length="7.91" shape="1369.18,2341.51 1371.75,2334.03"/>
    </edge>
    <edge id=":171_0" function="internal">
        <lane id=":171_0_0" index="0" allow="bicycle" speed="13.90" length="7.65" shape="1892.51,1527.70 1893.42,1535.30"/>
    </edge>
    <edge id=":171_1" function="internal">
        <lane id=":171_1_0" index="0" allow="bicycle" speed="13.90" length="0.72" shape="1889.49,1534.16 1890.00,1533.65"/>
    </edge>
    <edge id=":171_2" function="internal">
        <lane id=":171_2_0" index="0" speed="13.90" length="5.99" shape="1890.00,1533.65 1891.01,1532.63 1892.16,1532.31 1892.97,1533.20 1893.42,1535.30"/>
    </edge>
    <edge id=":174_0" function="internal">
        <lane id=":174_0_0" index="0" allow="pedestrian" speed="13.90" length="0.22" shape="665.60,670.48 665.40,670.55"/>
    </edge>
    <edge id=":175_0" function="internal">
        <lane id=":175_0_0" index="0" allow="pedestrian" speed="13.90" length="0.22" shape="608.94,693.76 608.74,693.86"/>
    </edge>
    <edge id=":177_0" function="internal">
        <lane id=":177_0_0" index="0" allow="pedestrian" speed="13.90" length="0.98" shape="570.11,727.71 569.29,728.26"/>
    </edge>
    <edge id=":181_0" function="internal">
        <lane id=":181_0_0" index="0" speed="13.90" length="6.77" shape="389.84,842.77 386.18,837.07"/>
    </edge>
    <edge id=":181_1" function="internal">
        <lane id=":181_1_0" index="0" speed="13.90" length="1.87" shape="389.84,842.77 389.01,841.33 388.99,841.13"/>
    </edge>
    <edge id=":181_4" function="internal">
        <lane id=":181_4_0" index="0" speed="13.90" length="3.59" shape="388.99,841.13 388.92,840.16 389.55,839.25 390.92,838.62"/>
    </edge>
    <edge id=":181_2" function="internal">
        <lane id=":181_2_0" index="0" speed="13.90" length="5.16" shape="384.63,841.17 385.89,840.48 386.57,839.56 386.67,838.42 386.18,837.07"/>
    </edge>
    <edge id=":181_3" function="internal">
        <lane id=":181_3_0" index="0" speed="13.90" length="6.79" shape="384.63,841.17 390.92,838.62"/>
    </edge>
    <edge id=":182_0" function="internal">
        <lane id=":182_0_0" index="0" speed="13.90" length="0.10" shape="447.41,881.04 447.41,881.04"/>
    </edge>
    <edge id=":184_0" function="internal">
        <lane id=":184_0_0" index="0" speed="13.90" length="7.75" shape="504.05,896.29 507.82,903.07"/>
    </edge>
    <edge id=":184_1" function="internal">
        <lane id=":184_1_0" index="0" speed="13.90" length="6.91" shape="504.05,896.29 504.89,898.37 504.73,899.57 503.56,899.90 501.39,899.35"/>
    </edge>
    <edge id=":185_0" function="internal">
        <lane id=":185_0_0" index="0" speed="13.90" length="0.10" shape="488.75,894.70 488.75,894.70"/>
    </edge>
    <edge id=":186_0" function="internal">
        <lane id=":186_0_0" index="0" speed="13.90" length="5.57" shape="417.25,828.14 417.76,829.39 418.65,830.22 419.93,830.63 421.58,830.60"/>
    </edge>
    <edge id=":186_1" function="internal">
        <lane id=":186_1_0" index="0" speed="13.90" length="7.56" shape="417.25,828.14 419.90,835.22"/>
    </edge>
    <edge id=":186_2" function="internal">
        <lane id=":186_2_0" index="0" speed="13.90" length="7.82" shape="417.25,828.14 415.35,835.72"/>
    </edge>
    <edge id=":186_3" function="internal">
        <lane id=":186_3_0" index="0" speed="13.90" length="9.00" shape="412.79,832.50 421.58,830.60"/>
    </edge>
    <edge id=":186_4" function="internal">
        <lane id=":186_4_0" index="0" speed="13.90" length="1.80" shape="412.79,832.50 414.57,832.23"/>
    </edge>
    <edge id=":186_5" function="internal">
        <lane id=":186_5_0" index="0" speed="13.90" length="1.81" shape="412.79,832.50 414.58,832.22"/>
    </edge>
    <edge id=":186_6" function="internal">
        <lane id=":186_6_0" index="0" speed="13.90" length="6.56" shape="414.57,832.23 415.15,832.14 417.12,832.47 418.70,833.49 419.90,835.22"/>
    </edge>
    <edge id=":186_7" function="internal">
        <lane id=":186_7_0" index="0" speed="13.90" length="4.78" shape="414.58,832.22 414.86,832.17 415.98,832.60 416.14,833.78 415.35,835.72"/>
    </edge>
    <edge id=":189_0" function="internal">
        <lane id=":189_0_0" index="0" speed="13.90" length="0.10" shape="399.46,879.91 399.46,879.91"/>
    </edge>
    <edge id=":19_0" function="internal">
        <lane id=":19_0_0" index="0" speed="13.90" length="0.67" shape="1268.29,2638.62 1268.24,2639.29"/>
    </edge>
    <edge id=":190_0" function="internal">
        <lane id=":190_0_0" index="0" allow="pedestrian" speed="13.90" length="5.88" shape="1898.00,1580.18 1898.34,1581.97 1898.95,1583.34 1899.84,1584.28 1900.99,1584.79"/>
    </edge>
    <edge id=":190_1" function="internal">
        <lane id=":190_1_0" index="0" allow="pedestrian" speed="13.90" length="5.67" shape="1898.00,1580.18 1897.94,1581.85 1897.36,1582.85 1896.25,1583.18 1894.61,1582.83"/>
    </edge>
    <edge id=":198_0" function="internal">
        <lane id=":198_0_0" index="0" speed="13.90" length="0.10" shape="1879.33,1266.65 1879.33,1266.65"/>
    </edge>
    <edge id=":199_0" function="internal">
        <lane id=":199_0_0" index="0" speed="13.90" length="10.46" shape="1851.94,1292.93 1849.91,1295.15 1848.79,1297.00 1847.90,1299.04 1846.58,1301.80"/>
    </edge>
    <edge id=":199_1" function="internal">
        <lane id=":199_1_0" index="0" speed="13.90" length="10.44" shape="1851.94,1292.93 1849.69,1294.96 1847.97,1296.30 1846.18,1297.56 1843.71,1299.34"/>
    </edge>
    <edge id=":20_0" function="internal">
        <lane id=":20_0_0" index="0" speed="13.90" length="10.87" shape="1872.83,1853.13 1872.40,1856.21 1872.07,1858.51 1871.75,1860.82 1871.31,1863.89"/>
    </edge>
    <edge id=":20_1" function="internal">
        <lane id=":20_1_0" index="0" speed="13.90" length="10.14" shape="1872.83,1853.13 1872.20,1855.90 1871.16,1858.23 1869.70,1860.12 1867.83,1861.56"/>
    </edge>
    <edge id=":20_2" function="internal">
        <lane id=":20_2_0" index="0" speed="13.90" length="10.59" shape="1868.89,1853.93 1870.45,1856.60 1871.33,1858.66 1871.59,1860.85 1871.31,1863.89"/>
    </edge>
    <edge id=":20_3" function="internal">
        <lane id=":20_3_0" index="0" speed="13.90" length="3.15" shape="1868.89,1853.93 1869.99,1856.35 1870.03,1856.84"/>
    </edge>
    <edge id=":20_4" function="internal">
        <lane id=":20_4_0" index="0" speed="13.90" length="5.62" shape="1870.03,1856.84 1870.18,1858.43 1869.46,1860.17 1867.83,1861.56"/>
    </edge>
    <edge id=":201_0" function="internal">
        <lane id=":201_0_0" index="0" speed="13.90" length="2.37" shape="1735.94,1208.95 1735.76,1207.50 1736.12,1206.66"/>
    </edge>
    <edge id=":201_2" function="internal">
        <lane id=":201_2_0" index="0" speed="13.90" length="2.37" shape="1736.12,1206.66 1737.00,1206.44 1738.41,1206.84"/>
    </edge>
    <edge id=":201_1" function="internal">
        <lane id=":201_1_0" index="0" speed="13.90" length="1.70" shape="1737.04,1207.86 1738.41,1206.84"/>
    </edge>
    <edge id=":203_0" function="internal">
        <lane id=":203_0_0" index="0" speed="13.90" length="5.01" shape="1956.96,1297.69 1961.13,1300.46"/>
    </edge>
    <edge id=":203_1" function="internal">
        <lane id=":203_1_0" index="0" speed="13.90" length="5.20" shape="1956.96,1297.69 1957.88,1302.80"/>
    </edge>
    <edge id=":207_0" function="internal">
        <lane id=":207_0_0" index="0" speed="13.90" length="11.02" shape="1975.02,1500.11 1972.83,1497.90 1970.94,1496.47 1968.89,1495.22 1966.24,1493.53"/>
    </edge>
    <edge id=":207_1" function="internal">
        <lane id=":207_1_0" index="0" speed="13.90" length="10.97" shape="1973.19,1490.71 1972.93,1493.84 1971.69,1495.35 1969.46,1495.24 1966.24,1493.53"/>
    </edge>
    <edge id=":207_2" function="internal">
        <lane id=":207_2_0" index="0" speed="13.90" length="3.83" shape="1968.96,1490.93 1970.55,1493.96 1970.58,1494.37"/>
    </edge>
    <edge id=":207_3" function="internal">
        <lane id=":207_3_0" index="0" speed="13.90" length="5.89" shape="1970.58,1494.37 1970.63,1495.40 1969.19,1495.26 1966.24,1493.53"/>
    </edge>
    <edge id=":21_0" function="internal">
        <lane id=":21_0_0" index="0" speed="13.90" length="6.46" shape="1797.15,1937.04 1795.56,1938.32 1795.13,1939.43 1795.86,1940.36 1797.75,1941.13"/>
    </edge>
    <edge id=":21_1" function="internal">
        <lane id=":21_1_0" index="0" speed="13.90" length="7.36" shape="1797.15,1937.04 1790.95,1941.01"/>
    </edge>
    <edge id=":217_0" function="internal">
        <lane id=":217_0_0" index="0" allow="pedestrian" speed="13.90" length="0.10" shape="1895.50,1610.36 1895.50,1610.36"/>
    </edge>
    <edge id=":221_0" function="internal">
        <lane id=":221_0_0" index="0" allow="pedestrian" speed="13.90" length="0.10" shape="1910.41,1650.18 1910.41,1650.18"/>
    </edge>
    <edge id=":223_0" function="internal">
        <lane id=":223_0_0" index="0" speed="13.90" length="0.10" shape="1913.11,1656.02 1913.11,1656.02"/>
    </edge>
    <edge id=":226_0" function="internal">
        <lane id=":226_0_0" index="0" allow="pedestrian" speed="13.90" length="6.00" shape="1058.46,729.62 1056.95,729.21 1055.96,729.61 1055.47,730.84 1055.49,732.88"/>
    </edge>
    <edge id=":226_1" function="internal">
        <lane id=":226_1_0" index="0" allow="pedestrian" speed="13.90" length="9.62" shape="1058.46,729.62 1055.12,728.37 1052.72,728.16 1051.25,729.00 1050.72,730.88"/>
    </edge>
    <edge id=":226_2" function="internal">
        <lane id=":226_2_0" index="0" allow="bicycle" speed="13.90" length="11.20" shape="1058.46,729.62 1055.61,728.27 1053.40,727.22 1051.16,726.25 1048.21,725.11"/>
    </edge>
    <edge id=":226_3" function="internal">
        <lane id=":226_3_0" index="0" allow="pedestrian" speed="13.90" length="10.67" shape="1052.60,723.27 1051.85,725.86 1052.84,727.80 1054.43,729.88 1055.49,732.88"/>
    </edge>
    <edge id=":226_4" function="internal">
        <lane id=":226_4_0" index="0" allow="pedestrian" speed="13.90" length="7.84" shape="1052.60,723.27 1050.72,730.88"/>
    </edge>
    <edge id=":226_5" function="internal">
        <lane id=":226_5_0" index="0" allow="bicycle" speed="13.90" length="0.11" shape="1052.60,723.27 1052.53,723.36"/>
    </edge>
    <edge id=":226_6" function="internal">
        <lane id=":226_6_0" index="0" speed="13.90" length="5.09" shape="1052.53,723.36 1051.67,724.44 1050.62,725.14 1049.47,725.36 1048.21,725.11"/>
    </edge>
    <edge id=":230_0" function="internal">
        <lane id=":230_0_0" index="0" allow="pedestrian" speed="13.90" length="2.46" shape="529.35,949.61 528.98,948.03 529.19,947.22"/>
    </edge>
    <edge id=":230_3" function="internal">
        <lane id=":230_3_0" index="0" speed="13.90" length="3.09" shape="529.19,947.22 529.27,946.91 530.22,946.25 531.83,946.06"/>
    </edge>
    <edge id=":230_1" function="internal">
        <lane id=":230_1_0" index="0" allow="pedestrian" speed="13.90" length="6.02" shape="527.05,943.12 527.69,944.38 528.70,945.29 530.08,945.85 531.83,946.06"/>
    </edge>
    <edge id=":230_2" function="internal">
        <lane id=":230_2_0" index="0" allow="pedestrian" speed="13.90" length="6.85" shape="525.06,947.09 531.83,946.06"/>
    </edge>
    <edge id=":231_0" function="internal">
        <lane id=":231_0_0" index="0" allow="bicycle" speed="13.90" length="6.38" shape="540.88,948.62 538.71,942.62"/>
    </edge>
    <edge id=":231_1" function="internal">
        <lane id=":231_1_0" index="0" allow="bicycle" speed="13.90" length="5.49" shape="536.17,946.13 537.75,945.94 538.70,945.29 539.02,944.18 538.71,942.62"/>
    </edge>
    <edge id=":234_0" function="internal">
        <lane id=":234_0_0" index="0" speed="13.90" length="2.66" shape="416.05,136.40 414.51,137.58 413.80,137.68"/>
    </edge>
    <edge id=":234_2" function="internal">
        <lane id=":234_2_0" index="0" speed="13.90" length="3.56" shape="413.80,137.68 413.35,137.75 412.55,136.89 412.12,135.01"/>
    </edge>
    <edge id=":234_1" function="internal">
        <lane id=":234_1_0" index="0" speed="13.90" length="6.65" shape="411.04,141.40 411.69,140.40 412.09,139.00 412.23,137.20 412.12,135.01"/>
    </edge>
    <edge id=":235_0" function="internal">
        <lane id=":235_0_0" index="0" speed="13.90" length="0.63" shape="419.27,112.27 419.24,111.64"/>
    </edge>
    <edge id=":236_0" function="internal">
        <lane id=":236_0_0" index="0" allow="pedestrian" speed="13.90" length="0.10" shape="659.59,607.98 659.59,607.98"/>
    </edge>
    <edge id=":237_0" function="internal">
        <lane id=":237_0_0" index="0" allow="pedestrian" speed="13.90" length="0.45" shape="800.78,525.27 801.17,525.04"/>
    </edge>
    <edge id=":238_0" function="internal">
        <lane id=":238_0_0" index="0" speed="13.90" length="1.05" shape="668.78,613.21 668.06,612.44"/>
    </edge>
    <edge id=":243_0" function="internal">
        <lane id=":243_0_0" index="0" allow="pedestrian" speed="13.90" length="2.24" shape="819.25,513.80 818.04,513.27 817.38,512.62"/>
    </edge>
    <edge id=":243_2" function="internal">
        <lane id=":243_2_0" index="0" speed="13.90" length="2.62" shape="817.38,512.62 817.25,512.48 816.87,511.43 816.89,510.12"/>
    </edge>
    <edge id=":243_1" function="internal">
        <lane id=":243_1_0" index="0" allow="pedestrian" speed="13.90" length="4.89" shape="814.61,514.44 816.89,510.12"/>
    </edge>
    <edge id=":246_0" function="internal">
        <lane id=":246_0_0" index="0" allow="pedestrian" speed="13.90" length="0.10" shape="556.60,666.53 556.60,666.53"/>
    </edge>
    <edge id=":247_0" function="internal">
        <lane id=":247_0_0" index="0" allow="pedestrian" speed="13.90" length="0.10" shape="592.20,653.73 592.20,653.73"/>
    </edge>
    <edge id=":248_0" function="internal">
        <lane id=":248_0_0" index="0" speed="13.90" length="0.10" shape="511.61,171.62 511.59,171.64"/>
    </edge>
    <edge id=":250_0" function="internal">
        <lane id=":250_0_0" index="0" allow="pedestrian" speed="13.90" length="0.39" shape="560.67,218.66 560.45,218.35"/>
    </edge>
    <edge id=":254_0" function="internal">
        <lane id=":254_0_0" index="0" allow="pedestrian" speed="13.90" length="5.08" shape="740.01,725.55 738.73,726.11 737.96,726.94 737.70,728.05 737.96,729.43"/>
    </edge>
    <edge id=":254_1" function="internal">
        <lane id=":254_1_0" index="0" allow="bicycle" speed="13.90" length="6.38" shape="740.01,725.55 733.97,727.62"/>
    </edge>
    <edge id=":256_0" function="internal">
        <lane id=":256_0_0" index="0" speed="13.90" length="5.40" shape="701.26,745.44 702.04,746.59 703.06,747.17 704.32,747.20 705.81,746.67"/>
    </edge>
    <edge id=":256_1" function="internal">
        <lane id=":256_1_0" index="0" allow="pedestrian" speed="13.90" length="6.67" shape="701.26,745.44 705.00,750.96"/>
    </edge>
    <edge id=":259_0" function="internal">
        <lane id=":259_0_0" index="0" allow="pedestrian" speed="13.90" length="0.24" shape="690.46,720.10 690.54,720.33"/>
    </edge>
    <edge id=":262_0" function="internal">
        <lane id=":262_0_0" index="0" allow="bicycle" speed="13.90" length="15.02" shape="1866.33,1783.66 1866.01,1787.40 1865.97,1791.15 1866.07,1794.91 1866.14,1798.67"/>
    </edge>
    <edge id=":262_1" function="internal">
        <lane id=":262_1_0" index="0" allow="pedestrian" speed="13.90" length="15.02" shape="1866.33,1783.66 1865.64,1787.35 1864.70,1790.98 1863.64,1794.59 1862.60,1798.20"/>
    </edge>
    <edge id=":265_0" function="internal">
        <lane id=":265_0_0" index="0" speed="13.90" length="6.45" shape="354.93,759.29 352.51,753.31"/>
    </edge>
    <edge id=":265_1" function="internal">
        <lane id=":265_1_0" index="0" allow="pedestrian" speed="13.90" length="1.69" shape="354.93,759.29 354.55,757.91 354.59,757.65"/>
    </edge>
    <edge id=":265_4" function="internal">
        <lane id=":265_4_0" index="0" speed="13.90" length="3.44" shape="354.59,757.65 354.72,756.79 355.45,755.91 356.73,755.29"/>
    </edge>
    <edge id=":265_2" function="internal">
        <lane id=":265_2_0" index="0" speed="13.90" length="5.05" shape="350.59,757.25 351.84,756.64 352.58,755.79 352.80,754.67 352.51,753.31"/>
    </edge>
    <edge id=":265_3" function="internal">
        <lane id=":265_3_0" index="0" allow="pedestrian" speed="13.90" length="6.45" shape="350.59,757.25 356.73,755.29"/>
    </edge>
    <edge id=":267_0" function="internal">
        <lane id=":267_0_0" index="0" allow="pedestrian" speed="13.90" length="0.18" shape="689.95,668.99 690.07,668.85"/>
    </edge>
    <edge id=":271_0" function="internal">
        <lane id=":271_0_0" index="0" allow="bicycle" speed="13.90" length="5.87" shape="515.17,889.91 514.73,884.06"/>
    </edge>
    <edge id=":271_1" function="internal">
        <lane id=":271_1_0" index="0" allow="bicycle" speed="13.90" length="5.72" shape="510.79,885.77 512.30,886.55 513.46,886.52 514.27,885.69 514.73,884.06"/>
    </edge>
    <edge id=":276_0" function="internal">
        <lane id=":276_0_0" index="0" speed="13.90" length="0.10" shape="347.33,181.37 347.33,181.37"/>
    </edge>
    <edge id=":277_0" function="internal">
        <lane id=":277_0_0" index="0" speed="13.90" length="5.14" shape="359.36,191.69 360.58,192.48 361.75,192.76 362.87,192.50 363.96,191.72"/>
    </edge>
    <edge id=":277_1" function="internal">
        <lane id=":277_1_0" index="0" speed="13.90" length="6.24" shape="359.49,196.07 363.96,191.72"/>
    </edge>
    <edge id=":279_0" function="internal">
        <lane id=":279_0_0" index="0" allow="pedestrian" speed="13.90" length="0.10" shape="313.64,99.06 313.64,99.05"/>
    </edge>
    <edge id=":280_0" function="internal">
        <lane id=":280_0_0" index="0" speed="13.90" length="6.72" shape="1077.46,717.57 1081.98,722.54"/>
    </edge>
    <edge id=":280_1" function="internal">
        <lane id=":280_1_0" index="0" speed="13.90" length="6.36" shape="1077.46,717.57 1078.41,719.32 1078.38,720.51 1077.37,721.13 1075.38,721.18"/>
    </edge>
    <edge id=":281_0" function="internal">
        <lane id=":281_0_0" index="0" speed="13.90" length="0.10" shape="1057.14,716.29 1057.14,716.29"/>
    </edge>
    <edge id=":282_0" function="internal">
        <lane id=":282_0_0" index="0" speed="13.90" length="7.61" shape="988.06,649.74 993.93,654.58"/>
    </edge>
    <edge id=":282_1" function="internal">
        <lane id=":282_1_0" index="0" speed="13.90" length="7.24" shape="986.75,653.61 993.93,654.58"/>
    </edge>
    <edge id=":289_0" function="internal">
        <lane id=":289_0_0" index="0" allow="pedestrian" speed="13.90" length="0.10" shape="1915.51,1611.39 1915.51,1611.39"/>
    </edge>
    <edge id=":29_0" function="internal">
        <lane id=":29_0_0" index="0" allow="pedestrian" speed="13.90" length="0.10" shape="1845.59,1954.28 1845.59,1954.28"/>
    </edge>
    <edge id=":298_0" function="internal">
        <lane id=":298_0_0" index="0" allow="bicycle" speed="13.90" length="0.10" shape="1133.00,742.49 1133.00,742.49"/>
    </edge>
    <edge id=":3_0" function="internal">
        <lane id=":3_0_0" index="0" allow="pedestrian" speed="13.90" length="5.36" shape="1687.87,1135.31 1686.94,1136.38 1686.57,1137.52 1686.75,1138.75 1687.49,1140.06"/>
    </edge>
    <edge id=":3_1" function="internal">
        <lane id=":3_1_0" index="0" speed="13.90" length="6.52" shape="1687.87,1135.31 1683.11,1139.77"/>
    </edge>
    <edge id=":3_2" function="internal">
        <lane id=":3_2_0" index="0" allow="pedestrian" speed="13.90" length="6.53" shape="1683.50,1134.90 1687.49,1140.06"/>
    </edge>
    <edge id=":3_3" function="internal">
        <lane id=":3_3_0" index="0" speed="13.90" length="1.80" shape="1683.50,1134.90 1684.22,1136.12 1684.27,1136.50"/>
    </edge>
    <edge id=":3_4" function="internal">
        <lane id=":3_4_0" index="0" speed="13.90" length="3.64" shape="1684.27,1136.50 1684.39,1137.35 1684.02,1138.56 1683.11,1139.77"/>
    </edge>
    <edge id=":302_0" function="internal">
        <lane id=":302_0_0" index="0" allow="pedestrian" speed="13.90" length="0.10" shape="1057.64,689.29 1057.64,689.29"/>
    </edge>
    <edge id=":303_0" function="internal">
        <lane id=":303_0_0" index="0" speed="13.90" length="5.98" shape="1064.02,699.93 1063.46,701.34 1063.46,702.70 1064.04,703.99 1065.18,705.23"/>
    </edge>
    <edge id=":303_1" function="internal">
        <lane id=":303_1_0" index="0" allow="pedestrian" speed="13.90" length="7.07" shape="1064.02,699.93 1060.97,706.31"/>
    </edge>
    <edge id=":303_2" function="internal">
        <lane id=":303_2_0" index="0" speed="13.90" length="7.10" shape="1059.71,700.72 1065.18,705.23"/>
    </edge>
    <edge id=":303_3" function="internal">
        <lane id=":303_3_0" index="0" allow="pedestrian" speed="13.90" length="2.23" shape="1059.71,700.72 1060.77,701.85 1061.03,702.47"/>
    </edge>
    <edge id=":303_4" function="internal">
        <lane id=":303_4_0" index="0" speed="13.90" length="3.96" shape="1061.03,702.47 1061.33,703.16 1061.40,704.65 1060.97,706.31"/>
    </edge>
    <edge id=":304_0" function="internal">
        <lane id=":304_0_0" index="0" allow="pedestrian" speed="13.90" length="5.21" shape="950.04,716.20 948.58,716.35 947.60,716.94 947.10,717.96 947.07,719.43"/>
    </edge>
    <edge id=":304_1" function="internal">
        <lane id=":304_1_0" index="0" allow="bicycle" speed="13.90" length="6.76" shape="950.04,716.20 943.29,715.88"/>
    </edge>
    <edge id=":304_2" function="internal">
        <lane id=":304_2_0" index="0" allow="pedestrian" speed="13.90" length="5.66" shape="950.04,716.20 948.54,715.93 947.41,715.26 946.67,714.18 946.31,712.71"/>
    </edge>
    <edge id=":305_0" function="internal">
        <lane id=":305_0_0" index="0" allow="pedestrian" speed="13.90" length="6.85" shape="936.07,674.06 929.72,671.52"/>
    </edge>
    <edge id=":305_1" function="internal">
        <lane id=":305_1_0" index="0" speed="13.90" length="2.12" shape="936.07,674.06 935.15,672.81 934.92,672.30"/>
    </edge>
    <edge id=":305_4" function="internal">
        <lane id=":305_4_0" index="0" speed="13.90" length="2.99" shape="934.92,672.30 934.60,671.61 934.41,670.48 934.59,669.41"/>
    </edge>
    <edge id=":305_2" function="internal">
        <lane id=":305_2_0" index="0" allow="pedestrian" speed="13.90" length="5.62" shape="931.54,675.43 932.22,673.92 932.14,672.77 931.31,671.96 929.72,671.52"/>
    </edge>
    <edge id=":305_3" function="internal">
        <lane id=":305_3_0" index="0" speed="13.90" length="6.75" shape="931.54,675.43 934.59,669.41"/>
    </edge>
    <edge id=":306_0" function="internal">
        <lane id=":306_0_0" index="0" speed="13.90" length="5.56" shape="923.00,687.56 925.79,682.75"/>
    </edge>
    <edge id=":306_1" function="internal">
        <lane id=":306_1_0" index="0" speed="13.90" length="5.00" shape="923.00,687.56 927.77,686.06"/>
    </edge>
    <edge id=":309_0" function="internal">
        <lane id=":309_0_0" index="0" speed="13.90" length="0.75" shape="884.43,523.52 884.21,524.24"/>
    </edge>
    <edge id=":313_0" function="internal">
        <lane id=":313_0_0" index="0" allow="pedestrian" speed="13.90" length="0.10" shape="206.52,366.59 206.53,366.59"/>
    </edge>
    <edge id=":315_0" function="internal">
        <lane id=":315_0_0" index="0" speed="13.90" length="0.10" shape="437.11,115.57 437.11,115.57"/>
    </edge>
    <edge id=":317_0" function="internal">
        <lane id=":317_0_0" index="0" speed="13.90" length="9.19" shape="372.72,739.82 363.93,742.50"/>
    </edge>
    <edge id=":317_1" function="internal">
        <lane id=":317_1_0" index="0" speed="13.90" length="2.22" shape="372.72,739.82 370.75,740.16 370.54,740.09"/>
    </edge>
    <edge id=":317_4" function="internal">
        <lane id=":317_4_0" index="0" speed="13.90" length="4.14" shape="370.54,740.09 369.64,739.76 369.38,738.60 369.97,736.70"/>
    </edge>
    <edge id=":317_2" function="internal">
        <lane id=":317_2_0" index="0" speed="13.90" length="5.77" shape="367.12,745.37 367.22,743.65 366.73,742.60 365.63,742.22 363.93,742.50"/>
    </edge>
    <edge id=":317_3" function="internal">
        <lane id=":317_3_0" index="0" speed="13.90" length="9.13" shape="367.12,745.37 369.97,736.70"/>
    </edge>
    <edge id=":319_0" function="internal">
        <lane id=":319_0_0" index="0" speed="13.90" length="5.03" shape="1911.55,1586.68 1910.17,1586.78 1909.14,1587.29 1908.46,1588.20 1908.15,1589.53"/>
    </edge>
    <edge id=":319_1" function="internal">
        <lane id=":319_1_0" index="0" speed="13.90" length="6.39" shape="1908.73,1583.16 1908.15,1589.53"/>
    </edge>
    <edge id=":319_2" function="internal">
        <lane id=":319_2_0" index="0" speed="13.90" length="2.57" shape="1905.18,1585.73 1906.58,1586.25 1907.41,1586.94"/>
    </edge>
    <edge id=":319_3" function="internal">
        <lane id=":319_3_0" index="0" speed="13.90" length="2.77" shape="1907.41,1586.94 1907.54,1587.05 1908.07,1588.14 1908.15,1589.53"/>
    </edge>
    <edge id=":32_0" function="internal">
        <lane id=":32_0_0" index="0" speed="13.90" length="4.97" shape="1635.04,1082.75 1640.01,1082.85"/>
    </edge>
    <edge id=":32_1" function="internal">
        <lane id=":32_1_0" index="0" speed="13.90" length="5.00" shape="1635.04,1082.75 1638.20,1086.62"/>
    </edge>
    <edge id=":33_0" function="internal">
        <lane id=":33_0_0" index="0" speed="13.90" length="7.29" shape="1724.09,1188.74 1724.08,1191.34 1724.25,1193.39 1724.62,1194.88 1725.18,1195.82"/>
    </edge>
    <edge id=":33_1" function="internal">
        <lane id=":33_1_0" index="0" speed="13.90" length="7.74" shape="1720.21,1189.88 1725.18,1195.82"/>
    </edge>
    <edge id=":333_0" function="internal">
        <lane id=":333_0_0" index="0" speed="13.90" length="4.93" shape="1095.41,729.97 1100.20,728.83"/>
    </edge>
    <edge id=":333_1" function="internal">
        <lane id=":333_1_0" index="0" speed="13.90" length="4.93" shape="1095.41,729.97 1099.36,732.91"/>
    </edge>
    <edge id=":337_0" function="internal">
        <lane id=":337_0_0" index="0" speed="13.90" length="6.69" shape="340.70,718.09 339.08,711.59"/>
    </edge>
    <edge id=":337_1" function="internal">
        <lane id=":337_1_0" index="0" speed="13.90" length="1.55" shape="340.70,718.09 340.47,716.55"/>
    </edge>
    <edge id=":337_4" function="internal">
        <lane id=":337_4_0" index="0" speed="13.90" length="3.85" shape="340.47,716.55 340.83,715.46 341.78,714.81 343.31,714.60"/>
    </edge>
    <edge id=":337_2" function="internal">
        <lane id=":337_2_0" index="0" speed="13.90" length="4.95" shape="336.69,715.26 337.95,714.77 338.77,714.00 339.15,712.94 339.08,711.59"/>
    </edge>
    <edge id=":337_3" function="internal">
        <lane id=":337_3_0" index="0" speed="13.90" length="6.66" shape="336.69,715.26 343.31,714.60"/>
    </edge>
    <edge id=":338_0" function="internal">
        <lane id=":338_0_0" index="0" speed="13.90" length="5.85" shape="383.98,736.43 382.38,737.15 381.68,738.09 381.90,739.23 383.03,740.59"/>
    </edge>
    <edge id=":338_1" function="internal">
        <lane id=":338_1_0" index="0" speed="13.90" length="9.44" shape="383.98,736.43 374.95,739.15"/>
    </edge>
    <edge id=":338_2" function="internal">
        <lane id=":338_2_0" index="0" speed="13.90" length="9.39" shape="375.45,735.04 383.03,740.59"/>
    </edge>
    <edge id=":338_3" function="internal">
        <lane id=":338_3_0" index="0" speed="13.90" length="2.58" shape="375.45,735.04 377.07,736.28 377.28,736.78"/>
    </edge>
    <edge id=":338_4" function="internal">
        <lane id=":338_4_0" index="0" speed="13.90" length="3.89" shape="377.28,736.78 377.53,737.38 376.82,738.34 374.95,739.15"/>
    </edge>
    <edge id=":34_0" function="internal">
        <lane id=":34_0_0" index="0" speed="13.90" length="5.10" shape="448.95,58.63 450.13,59.40 451.26,59.57 452.31,59.15 453.30,58.14"/>
    </edge>
    <edge id=":34_1" function="internal">
        <lane id=":34_1_0" index="0" speed="13.90" length="5.11" shape="448.95,58.63 451.76,62.90"/>
    </edge>
    <edge id=":340_0" function="internal">
        <lane id=":340_0_0" index="0" speed="13.90" length="13.74" shape="357.22,718.03 354.02,716.48 351.11,714.87 348.35,713.04 345.58,710.82"/>
    </edge>
    <edge id=":340_1" function="internal">
        <lane id=":340_1_0" index="0" speed="13.90" length="3.66" shape="357.22,718.03 354.54,716.53 354.21,716.04"/>
    </edge>
    <edge id=":340_4" function="internal">
        <lane id=":340_4_0" index="0" speed="13.90" length="5.21" shape="354.21,716.04 353.77,715.40 354.92,714.65 357.96,714.28"/>
    </edge>
    <edge id=":340_2" function="internal">
        <lane id=":340_2_0" index="0" speed="13.90" length="7.00" shape="344.15,714.61 346.42,714.38 347.41,713.68 347.13,712.49 345.58,710.82"/>
    </edge>
    <edge id=":340_3" function="internal">
        <lane id=":340_3_0" index="0" speed="13.90" length="13.82" shape="344.15,714.61 347.71,714.60 351.06,714.54 354.40,714.43 357.96,714.28"/>
    </edge>
    <edge id=":341_0" function="internal">
        <lane id=":341_0_0" index="0" speed="13.90" length="9.79" shape="372.33,709.93 381.51,713.35"/>
    </edge>
    <edge id=":341_1" function="internal">
        <lane id=":341_1_0" index="0" speed="13.90" length="9.92" shape="371.60,713.68 381.51,713.35"/>
    </edge>
    <edge id=":342_0" function="internal">
        <lane id=":342_0_0" index="0" speed="13.90" length="7.84" shape="380.24,725.87 372.55,724.35"/>
    </edge>
    <edge id=":342_1" function="internal">
        <lane id=":342_1_0" index="0" speed="13.90" length="2.09" shape="380.24,725.87 378.49,725.45 378.28,725.25"/>
    </edge>
    <edge id=":342_4" function="internal">
        <lane id=":342_4_0" index="0" speed="13.90" length="3.85" shape="378.28,725.25 377.63,724.66 377.67,723.49 378.61,721.95"/>
    </edge>
    <edge id=":342_2" function="internal">
        <lane id=":342_2_0" index="0" speed="13.90" length="5.25" shape="374.16,728.42 374.69,727.03 374.60,725.89 373.89,725.00 372.55,724.35"/>
    </edge>
    <edge id=":342_3" function="internal">
        <lane id=":342_3_0" index="0" speed="13.90" length="7.85" shape="374.16,728.42 378.61,721.95"/>
    </edge>
    <edge id=":346_0" function="internal">
        <lane id=":346_0_0" index="0" speed="13.90" length="5.26" shape="368.70,731.70 370.11,732.02 371.33,731.86 372.36,731.24 373.20,730.14"/>
    </edge>
    <edge id=":346_1" function="internal">
        <lane id=":346_1_0" index="0" speed="13.90" length="6.48" shape="368.70,731.70 374.54,734.50"/>
    </edge>
    <edge id=":346_2" function="internal">
        <lane id=":346_2_0" index="0" speed="13.90" length="6.35" shape="370.36,735.82 373.20,730.14"/>
    </edge>
    <edge id=":346_3" function="internal">
        <lane id=":346_3_0" index="0" speed="13.90" length="1.43" shape="370.36,735.82 371.13,734.61"/>
    </edge>
    <edge id=":346_4" function="internal">
        <lane id=":346_4_0" index="0" speed="13.90" length="3.71" shape="371.13,734.61 372.08,733.99 373.22,733.95 374.54,734.50"/>
    </edge>
    <edge id=":35_0" function="internal">
        <lane id=":35_0_0" index="0" speed="13.90" length="0.36" shape="452.52,67.31 452.54,67.67"/>
    </edge>
    <edge id=":353_0" function="internal">
        <lane id=":353_0_0" index="0" allow="pedestrian" speed="13.90" length="2.74" shape="455.98,124.81 455.40,125.31 454.82,125.49 454.23,125.35 453.62,124.88"/>
    </edge>
    <edge id=":354_0" function="internal">
        <lane id=":354_0_0" index="0" allow="pedestrian" speed="13.90" length="5.00" shape="882.76,523.34 881.35,522.97 880.08,522.90 878.95,523.13 877.96,523.65"/>
    </edge>
    <edge id=":354_1" function="internal">
        <lane id=":354_1_0" index="0" allow="pedestrian" speed="13.90" length="5.68" shape="882.76,523.34 878.72,519.34"/>
    </edge>
    <edge id=":355_0" function="internal">
        <lane id=":355_0_0" index="0" allow="pedestrian" speed="13.90" length="3.06" shape="858.67,489.18 858.17,488.47 857.60,488.14 856.94,488.21 856.20,488.67"/>
    </edge>
    <edge id=":356_0" function="internal">
        <lane id=":356_0_0" index="0" speed="13.90" length="0.10" shape="436.38,828.71 436.38,828.71"/>
    </edge>
    <edge id=":357_0" function="internal">
        <lane id=":357_0_0" index="0" speed="13.90" length="9.34" shape="478.45,823.20 487.74,822.28"/>
    </edge>
    <edge id=":357_1" function="internal">
        <lane id=":357_1_0" index="0" speed="13.90" length="8.54" shape="478.45,823.20 481.38,823.35 482.53,824.02 481.92,825.20 479.53,826.90"/>
    </edge>
    <edge id=":358_0" function="internal">
        <lane id=":358_0_0" index="0" speed="13.90" length="5.31" shape="854.80,502.36 855.67,503.59 856.68,504.14 857.81,504.01 859.09,503.19"/>
    </edge>
    <edge id=":358_1" function="internal">
        <lane id=":358_1_0" index="0" speed="13.90" length="9.74" shape="854.80,502.36 859.91,510.65"/>
    </edge>
    <edge id=":358_2" function="internal">
        <lane id=":358_2_0" index="0" speed="13.90" length="8.54" shape="852.45,508.57 859.09,503.19"/>
    </edge>
    <edge id=":358_3" function="internal">
        <lane id=":358_3_0" index="0" speed="13.90" length="8.92" shape="852.45,508.57 854.40,507.55 856.29,507.55 858.13,508.59 859.91,510.65"/>
    </edge>
    <edge id=":358_4" function="internal">
        <lane id=":358_4_0" index="0" speed="13.90" length="3.52" shape="856.06,511.71 856.38,508.85 856.54,508.23"/>
    </edge>
    <edge id=":358_5" function="internal">
        <lane id=":358_5_0" index="0" speed="13.90" length="3.13" shape="856.06,511.71 856.43,509.32 856.87,508.76"/>
    </edge>
    <edge id=":358_6" function="internal">
        <lane id=":358_6_0" index="0" speed="13.90" length="5.74" shape="856.54,508.23 856.99,506.48 857.89,504.59 859.09,503.19"/>
    </edge>
    <edge id=":358_7" function="internal">
        <lane id=":358_7_0" index="0" speed="13.90" length="4.20" shape="856.87,508.76 857.20,508.34 858.36,508.78 859.91,510.65"/>
    </edge>
    <edge id=":359_0" function="internal">
        <lane id=":359_0_0" index="0" speed="13.90" length="7.39" shape="871.27,487.50 878.55,486.22"/>
    </edge>
    <edge id=":359_1" function="internal">
        <lane id=":359_1_0" index="0" speed="13.90" length="7.76" shape="872.69,491.31 878.55,486.22"/>
    </edge>
    <edge id=":363_0" function="internal">
        <lane id=":363_0_0" index="0" speed="13.90" length="6.09" shape="857.08,530.40 856.77,528.56 856.03,527.65 854.85,527.68 853.25,528.65"/>
    </edge>
    <edge id=":363_1" function="internal">
        <lane id=":363_1_0" index="0" speed="13.90" length="9.01" shape="857.08,530.40 856.40,521.42"/>
    </edge>
    <edge id=":363_2" function="internal">
        <lane id=":363_2_0" index="0" speed="13.90" length="9.02" shape="860.33,523.06 853.25,528.65"/>
    </edge>
    <edge id=":363_3" function="internal">
        <lane id=":363_3_0" index="0" speed="13.90" length="2.38" shape="860.33,523.06 858.79,523.97 858.20,523.99"/>
    </edge>
    <edge id=":363_4" function="internal">
        <lane id=":363_4_0" index="0" speed="13.90" length="3.53" shape="858.20,523.99 857.63,524.00 856.83,523.15 856.40,521.42"/>
    </edge>
    <edge id=":368_0" function="internal">
        <lane id=":368_0_0" index="0" speed="13.90" length="5.22" shape="1855.69,1210.75 1854.11,1205.77"/>
    </edge>
    <edge id=":368_1" function="internal">
        <lane id=":368_1_0" index="0" speed="13.90" length="10.43" shape="1855.69,1210.75 1854.09,1207.41 1854.03,1205.90 1855.51,1206.22 1858.53,1208.36"/>
    </edge>
    <edge id=":37_0" function="internal">
        <lane id=":37_0_0" index="0" speed="13.90" length="5.07" shape="803.23,436.15 802.33,437.25 801.95,438.36 802.08,439.50 802.72,440.66"/>
    </edge>
    <edge id=":37_1" function="internal">
        <lane id=":37_1_0" index="0" speed="13.90" length="7.14" shape="803.23,436.15 796.74,439.12"/>
    </edge>
    <edge id=":37_2" function="internal">
        <lane id=":37_2_0" index="0" speed="13.90" length="7.21" shape="798.14,435.09 802.72,440.66"/>
    </edge>
    <edge id=":37_3" function="internal">
        <lane id=":37_3_0" index="0" speed="13.90" length="1.50" shape="798.14,435.09 798.96,436.35"/>
    </edge>
    <edge id=":37_4" function="internal">
        <lane id=":37_4_0" index="0" speed="13.90" length="4.32" shape="798.96,436.35 799.10,436.55 799.18,437.71 798.39,438.57 796.74,439.12"/>
    </edge>
    <edge id=":371_0" function="internal">
        <lane id=":371_0_0" index="0" speed="13.90" length="5.12" shape="1829.08,1309.82 1828.03,1310.78 1827.58,1311.82 1827.72,1312.95 1828.47,1314.16"/>
    </edge>
    <edge id=":371_1" function="internal">
        <lane id=":371_1_0" index="0" speed="13.90" length="6.91" shape="1829.08,1309.82 1823.04,1313.17"/>
    </edge>
    <edge id=":371_2" function="internal">
        <lane id=":371_2_0" index="0" speed="13.90" length="6.94" shape="1823.93,1308.91 1828.47,1314.16"/>
    </edge>
    <edge id=":371_3" function="internal">
        <lane id=":371_3_0" index="0" speed="13.90" length="1.71" shape="1823.93,1308.91 1824.79,1310.20 1824.81,1310.36"/>
    </edge>
    <edge id=":371_4" function="internal">
        <lane id=":371_4_0" index="0" speed="13.90" length="3.70" shape="1824.81,1310.36 1824.93,1311.35 1824.35,1312.34 1823.04,1313.17"/>
    </edge>
    <edge id=":375_0" function="internal">
        <lane id=":375_0_0" index="0" speed="13.90" length="10.60" shape="1819.53,1256.52 1822.32,1257.84 1824.33,1258.89 1826.42,1259.63 1829.42,1260.02"/>
    </edge>
    <edge id=":375_1" function="internal">
        <lane id=":375_1_0" index="0" speed="13.90" length="10.58" shape="1818.85,1260.22 1821.91,1260.08 1824.14,1259.95 1826.37,1259.91 1829.42,1260.02"/>
    </edge>
    <edge id=":379_0" function="internal">
        <lane id=":379_0_0" index="0" speed="13.90" length="13.14" shape="1840.74,1322.81 1841.02,1326.22 1841.96,1329.15 1843.48,1331.90 1845.49,1334.75"/>
    </edge>
    <edge id=":379_1" function="internal">
        <lane id=":379_1_0" index="0" speed="13.90" length="12.82" shape="1837.36,1324.84 1839.56,1327.45 1841.51,1329.73 1843.42,1332.05 1845.49,1334.75"/>
    </edge>
    <edge id=":393_0" function="internal">
        <lane id=":393_0_0" index="0" allow="pedestrian" speed="13.90" length="0.35" shape="191.92,362.74 191.73,362.46"/>
    </edge>
    <edge id=":4_0" function="internal">
        <lane id=":4_0_0" index="0" speed="13.90" length="8.98" shape="1993.43,1327.42 1984.85,1324.75"/>
    </edge>
    <edge id=":4_1" function="internal">
        <lane id=":4_1_0" index="0" speed="13.90" length="3.76" shape="1993.43,1327.42 1992.44,1326.57 1991.69,1325.09 1991.51,1324.31"/>
    </edge>
    <edge id=":4_4" function="internal">
        <lane id=":4_4_0" index="0" speed="13.90" length="4.17" shape="1991.51,1324.31 1991.18,1322.96 1990.90,1320.20"/>
    </edge>
    <edge id=":4_2" function="internal">
        <lane id=":4_2_0" index="0" speed="13.90" length="7.53" shape="1986.93,1321.39 1988.79,1323.18 1990.07,1323.58 1990.77,1322.58 1990.90,1320.20"/>
    </edge>
    <edge id=":4_3" function="internal">
        <lane id=":4_3_0" index="0" speed="13.90" length="3.30" shape="1986.93,1321.39 1988.41,1323.46 1988.50,1324.21"/>
    </edge>
    <edge id=":4_5" function="internal">
        <lane id=":4_5_0" index="0" speed="13.90" length="4.32" shape="1988.50,1324.21 1988.56,1324.71 1987.37,1325.14 1984.85,1324.75"/>
    </edge>
    <edge id=":40_0" function="internal">
        <lane id=":40_0_0" index="0" speed="13.90" length="5.07" shape="1898.34,1670.87 1898.36,1672.27 1898.83,1673.30 1899.75,1673.96 1901.12,1674.26"/>
    </edge>
    <edge id=":40_1" function="internal">
        <lane id=":40_1_0" index="0" speed="13.90" length="6.19" shape="1898.34,1670.87 1897.51,1677.00"/>
    </edge>
    <edge id=":403_0" function="internal">
        <lane id=":403_0_0" index="0" speed="13.90" length="0.84" shape="398.18,887.32 398.26,888.16"/>
    </edge>
    <edge id=":409_0" function="internal">
        <lane id=":409_0_0" index="0" allow="pedestrian" speed="13.90" length="1.08" shape="896.50,546.50 896.10,546.24 895.82,546.06 895.65,545.95 895.59,545.91"/>
    </edge>
    <edge id=":412_0" function="internal">
        <lane id=":412_0_0" index="0" allow="pedestrian" speed="13.90" length="1.52" shape="923.01,574.02 923.16,574.38 923.21,574.74 923.17,575.11 923.04,575.48"/>
    </edge>
    <edge id=":42_0" function="internal">
        <lane id=":42_0_0" index="0" speed="13.90" length="5.01" shape="1002.16,660.85 1006.41,663.50"/>
    </edge>
    <edge id=":42_1" function="internal">
        <lane id=":42_1_0" index="0" speed="13.90" length="5.35" shape="1002.16,660.85 1003.46,666.04"/>
    </edge>
    <edge id=":421_0" function="internal">
        <lane id=":421_0_0" index="0" speed="13.90" length="6.40" shape="397.87,754.89 397.05,756.81 396.57,758.48 396.42,759.88 396.61,761.03"/>
    </edge>
    <edge id=":421_1" function="internal">
        <lane id=":421_1_0" index="0" speed="13.90" length="6.70" shape="393.65,755.03 396.61,761.03"/>
    </edge>
    <edge id=":422_0" function="internal">
        <lane id=":422_0_0" index="0" speed="13.90" length="11.49" shape="1570.79,1034.10 1572.85,1036.57 1574.45,1038.58 1576.22,1040.39 1578.80,1042.23"/>
    </edge>
    <edge id=":422_1" function="internal">
        <lane id=":422_1_0" index="0" speed="13.90" length="11.48" shape="1568.56,1037.07 1571.46,1038.43 1573.76,1039.50 1576.03,1040.64 1578.80,1042.23"/>
    </edge>
    <edge id=":43_0" function="internal">
        <lane id=":43_0_0" index="0" speed="13.90" length="5.11" shape="1054.59,692.46 1053.76,693.61 1053.53,694.72 1053.90,695.80 1054.87,696.83"/>
    </edge>
    <edge id=":43_1" function="internal">
        <lane id=":43_1_0" index="0" speed="13.90" length="6.81" shape="1054.59,692.46 1049.56,697.05"/>
    </edge>
    <edge id=":43_2" function="internal">
        <lane id=":43_2_0" index="0" speed="13.90" length="6.82" shape="1049.45,692.68 1054.87,696.83"/>
    </edge>
    <edge id=":43_3" function="internal">
        <lane id=":43_3_0" index="0" speed="13.90" length="1.71" shape="1049.45,692.68 1050.54,693.75 1050.60,693.93"/>
    </edge>
    <edge id=":43_4" function="internal">
        <lane id=":43_4_0" index="0" speed="13.90" length="3.63" shape="1050.60,693.93 1050.92,694.83 1050.59,695.93 1049.56,697.05"/>
    </edge>
    <edge id=":430_0" function="internal">
        <lane id=":430_0_0" index="0" allow="pedestrian" speed="13.90" length="0.93" shape="626.98,744.90 626.29,744.29"/>
    </edge>
    <edge id=":431_0" function="internal">
        <lane id=":431_0_0" index="0" allow="pedestrian" speed="13.90" length="1.79" shape="591.65,719.73 591.18,719.68 590.79,719.51 590.46,719.24 590.20,718.85"/>
    </edge>
    <edge id=":433_0" function="internal">
        <lane id=":433_0_0" index="0" allow="pedestrian" speed="13.90" length="1.81" shape="400.06,743.45 399.00,742.77 398.66,742.34"/>
    </edge>
    <edge id=":433_2" function="internal">
        <lane id=":433_2_0" index="0" speed="13.90" length="2.91" shape="398.66,742.34 398.32,741.91 398.01,740.85 398.07,739.59"/>
    </edge>
    <edge id=":433_1" function="internal">
        <lane id=":433_1_0" index="0" allow="pedestrian" speed="13.90" length="4.70" shape="395.23,743.04 396.29,742.54 397.11,741.80 397.71,740.82 398.07,739.59"/>
    </edge>
    <edge id=":435_0" function="internal">
        <lane id=":435_0_0" index="0" allow="pedestrian" speed="13.90" length="4.94" shape="437.12,821.90 436.12,826.74"/>
    </edge>
    <edge id=":435_1" function="internal">
        <lane id=":435_1_0" index="0" allow="pedestrian" speed="13.90" length="2.05" shape="433.10,823.65 434.28,824.00 434.95,824.47"/>
    </edge>
    <edge id=":435_2" function="internal">
        <lane id=":435_2_0" index="0" speed="13.90" length="2.62" shape="434.95,824.47 435.18,824.63 435.79,825.55 436.12,826.74"/>
    </edge>
    <edge id=":439_0" function="internal">
        <lane id=":439_0_0" index="0" speed="13.90" length="2.98" shape="602.24,706.96 601.96,706.17 601.51,705.71 600.87,705.58 600.06,705.79"/>
    </edge>
    <edge id=":44_0" function="internal">
        <lane id=":44_0_0" index="0" allow="pedestrian" speed="13.90" length="0.10" shape="587.11,712.76 587.11,712.76"/>
    </edge>
    <edge id=":442_0" function="internal">
        <lane id=":442_0_0" index="0" allow="pedestrian" speed="13.90" length="0.25" shape="233.65,421.89 233.54,421.66"/>
    </edge>
    <edge id=":443_0" function="internal">
        <lane id=":443_0_0" index="0" allow="pedestrian" speed="13.90" length="2.31" shape="372.66,210.43 371.58,211.38 370.74,211.64"/>
    </edge>
    <edge id=":443_2" function="internal">
        <lane id=":443_2_0" index="0" speed="13.90" length="2.84" shape="370.74,211.64 370.49,211.72 369.39,211.43 368.27,210.53"/>
    </edge>
    <edge id=":443_1" function="internal">
        <lane id=":443_1_0" index="0" allow="pedestrian" speed="13.90" length="5.16" shape="368.28,215.07 369.12,213.99 369.40,212.87 369.12,211.72 368.27,210.53"/>
    </edge>
    <edge id=":446_0" function="internal">
        <lane id=":446_0_0" index="0" allow="pedestrian" speed="13.90" length="0.10" shape="362.21,204.00 362.21,204.00"/>
    </edge>
    <edge id=":447_0" function="internal">
        <lane id=":447_0_0" index="0" speed="13.90" length="2.25" shape="359.02,200.88 358.18,199.78 357.97,198.95"/>
    </edge>
    <edge id=":447_3" function="internal">
        <lane id=":447_3_0" index="0" speed="13.90" length="2.79" shape="357.97,198.95 357.90,198.69 358.19,197.59 359.04,196.50"/>
    </edge>
    <edge id=":447_1" function="internal">
        <lane id=":447_1_0" index="0" speed="13.90" length="5.11" shape="354.52,196.52 355.65,197.33 356.78,197.59 357.91,197.32 359.04,196.50"/>
    </edge>
    <edge id=":447_2" function="internal">
        <lane id=":447_2_0" index="0" speed="13.90" length="6.27" shape="354.58,200.90 359.04,196.50"/>
    </edge>
    <edge id=":45_0" function="internal">
        <lane id=":45_0_0" index="0" allow="pedestrian" speed="13.90" length="0.10" shape="562.49,657.86 562.49,657.86"/>
    </edge>
    <edge id=":451_0" function="internal">
        <lane id=":451_0_0" index="0" speed="13.90" length="5.14" shape="394.39,155.86 395.54,156.72 396.65,156.96 397.72,156.59 398.77,155.61"/>
    </edge>
    <edge id=":451_1" function="internal">
        <lane id=":451_1_0" index="0" allow="pedestrian" speed="13.90" length="6.37" shape="394.39,155.86 399.03,160.23"/>
    </edge>
    <edge id=":451_2" function="internal">
        <lane id=":451_2_0" index="0" speed="13.90" length="6.37" shape="394.65,160.48 398.77,155.61"/>
    </edge>
    <edge id=":451_3" function="internal">
        <lane id=":451_3_0" index="0" allow="pedestrian" speed="13.90" length="1.62" shape="394.65,160.48 395.70,159.60 395.94,159.52"/>
    </edge>
    <edge id=":451_4" function="internal">
        <lane id=":451_4_0" index="0" speed="13.90" length="3.37" shape="395.94,159.52 396.78,159.27 397.89,159.48 399.03,160.23"/>
    </edge>
    <edge id=":461_0" function="internal">
        <lane id=":461_0_0" index="0" speed="13.90" length="2.66" shape="428.64,980.60 428.96,981.26 429.41,981.65 430.00,981.77 430.72,981.62"/>
    </edge>
    <edge id=":464_0" function="internal">
        <lane id=":464_0_0" index="0" speed="13.90" length="0.10" shape="398.13,765.31 398.13,765.31"/>
    </edge>
    <edge id=":465_0" function="internal">
        <lane id=":465_0_0" index="0" speed="13.90" length="0.10" shape="406.15,790.70 406.15,790.70"/>
    </edge>
    <edge id=":47_0" function="internal">
        <lane id=":47_0_0" index="0" allow="pedestrian" speed="13.90" length="7.17" shape="363.66,689.95 361.45,690.77 360.66,691.71 361.28,692.77 363.32,693.95"/>
    </edge>
    <edge id=":47_1" function="internal">
        <lane id=":47_1_0" index="0" allow="pedestrian" speed="13.90" length="9.65" shape="363.66,689.95 354.55,693.12"/>
    </edge>
    <edge id=":47_2" function="internal">
        <lane id=":47_2_0" index="0" allow="pedestrian" speed="13.90" length="8.86" shape="363.66,689.95 360.95,690.45 358.65,690.42 356.75,689.88 355.26,688.83"/>
    </edge>
    <edge id=":471_0" function="internal">
        <lane id=":471_0_0" index="0" speed="13.90" length="2.50" shape="334.15,691.48 333.80,689.23 333.88,689.02"/>
    </edge>
    <edge id=":471_2" function="internal">
        <lane id=":471_2_0" index="0" speed="13.90" length="4.48" shape="333.88,689.02 334.23,688.09 335.45,688.06 337.45,689.14"/>
    </edge>
    <edge id=":471_1" function="internal">
        <lane id=":471_1_0" index="0" speed="13.90" length="5.22" shape="332.86,686.65 337.45,689.14"/>
    </edge>
    <edge id=":473_0" function="internal">
        <lane id=":473_0_0" index="0" speed="13.90" length="0.10" shape="434.75,117.96 434.75,117.96"/>
    </edge>
    <edge id=":476_0" function="internal">
        <lane id=":476_0_0" index="0" allow="bicycle" speed="13.90" length="5.06" shape="339.05,760.66 340.35,760.15 341.15,759.35 341.46,758.26 341.26,756.87"/>
    </edge>
    <edge id=":476_1" function="internal">
        <lane id=":476_1_0" index="0" allow="pedestrian" speed="13.90" length="6.32" shape="339.05,760.66 345.14,758.98"/>
    </edge>
    <edge id=":478_0" function="internal">
        <lane id=":478_0_0" index="0" speed="13.90" length="5.66" shape="845.06,539.76 844.47,538.19 843.60,537.43 842.44,537.47 841.00,538.32"/>
    </edge>
    <edge id=":478_1" function="internal">
        <lane id=":478_1_0" index="0" speed="13.90" length="11.25" shape="845.06,539.76 844.30,536.69 843.58,534.34 842.73,532.03 841.59,529.08"/>
    </edge>
    <edge id=":478_2" function="internal">
        <lane id=":478_2_0" index="0" speed="13.90" length="9.77" shape="848.67,532.26 841.00,538.32"/>
    </edge>
    <edge id=":478_3" function="internal">
        <lane id=":478_3_0" index="0" speed="13.90" length="9.57" shape="848.67,532.26 846.54,533.40 844.65,533.25 843.00,531.80 841.59,529.08"/>
    </edge>
    <edge id=":478_4" function="internal">
        <lane id=":478_4_0" index="0" speed="13.90" length="10.98" shape="845.46,528.72 844.94,531.86 844.37,534.20 843.23,536.21 841.00,538.32"/>
    </edge>
    <edge id=":478_5" function="internal">
        <lane id=":478_5_0" index="0" speed="13.90" length="3.34" shape="845.46,528.72 844.74,531.40 844.35,531.81"/>
    </edge>
    <edge id=":478_6" function="internal">
        <lane id=":478_6_0" index="0" speed="13.90" length="4.83" shape="844.35,531.81 843.85,532.36 842.80,531.58 841.59,529.08"/>
    </edge>
    <edge id=":479_0" function="internal">
        <lane id=":479_0_0" index="0" speed="13.90" length="7.24" shape="839.70,524.14 836.82,517.49"/>
    </edge>
    <edge id=":479_1" function="internal">
        <lane id=":479_1_0" index="0" speed="13.90" length="2.48" shape="839.70,524.14 839.32,522.55 839.38,521.71"/>
    </edge>
    <edge id=":479_4" function="internal">
        <lane id=":479_4_0" index="0" speed="13.90" length="3.99" shape="839.38,521.71 839.42,521.03 840.02,519.58 841.10,518.22"/>
    </edge>
    <edge id=":479_2" function="internal">
        <lane id=":479_2_0" index="0" speed="13.90" length="6.05" shape="835.53,522.80 836.71,521.75 837.31,520.51 837.35,519.09 836.82,517.49"/>
    </edge>
    <edge id=":479_3" function="internal">
        <lane id=":479_3_0" index="0" speed="13.90" length="7.21" shape="835.53,522.80 841.10,518.22"/>
    </edge>
    <edge id=":48_0" function="internal">
        <lane id=":48_0_0" index="0" speed="13.90" length="0.10" shape="1906.92,1603.56 1906.92,1603.54"/>
    </edge>
    <edge id=":484_0" function="internal">
        <lane id=":484_0_0" index="0" speed="13.90" length="0.10" shape="701.33,729.53 701.33,729.53"/>
    </edge>
    <edge id=":485_0" function="internal">
        <lane id=":485_0_0" index="0" speed="13.90" length="0.10" shape="826.23,696.86 826.23,696.86"/>
    </edge>
    <edge id=":486_0" function="internal">
        <lane id=":486_0_0" index="0" speed="13.90" length="0.10" shape="629.66,760.08 629.66,760.08"/>
    </edge>
    <edge id=":488_0" function="internal">
        <lane id=":488_0_0" index="0" speed="13.90" length="0.10" shape="651.31,638.90 651.31,638.90"/>
    </edge>
    <edge id=":489_0" function="internal">
        <lane id=":489_0_0" index="0" speed="13.90" length="0.10" shape="596.18,663.31 596.18,663.31"/>
    </edge>
    <edge id=":49_0" function="internal">
        <lane id=":49_0_0" index="0" speed="13.90" length="0.10" shape="1900.14,1657.05 1900.14,1657.05"/>
    </edge>
    <edge id=":493_0" function="internal">
        <lane id=":493_0_0" index="0" speed="13.90" length="0.10" shape="511.95,695.59 511.95,695.59"/>
    </edge>
    <edge id=":497_0" function="internal">
        <lane id=":497_0_0" index="0" speed="13.90" length="5.01" shape="338.77,709.91 337.99,704.96"/>
    </edge>
    <edge id=":497_1" function="internal">
        <lane id=":497_1_0" index="0" speed="13.90" length="5.18" shape="342.24,707.92 337.99,704.96"/>
    </edge>
    <edge id=":503_0" function="internal">
        <lane id=":503_0_0" index="0" allow="bicycle" speed="13.90" length="6.14" shape="444.95,852.86 443.29,853.77 442.67,854.77 443.10,855.86 444.58,857.05"/>
    </edge>
    <edge id=":503_1" function="internal">
        <lane id=":503_1_0" index="0" allow="bicycle" speed="13.90" length="7.92" shape="441.00,850.48 441.06,852.43 441.68,854.17 442.85,855.71 444.58,857.05"/>
    </edge>
    <edge id=":503_2" function="internal">
        <lane id=":503_2_0" index="0" allow="bicycle" speed="13.90" length="1.10" shape="438.45,855.78 439.50,855.45"/>
    </edge>
    <edge id=":503_3" function="internal">
        <lane id=":503_3_0" index="0" speed="13.90" length="5.42" shape="439.50,855.45 439.63,855.41 441.05,855.50 442.69,856.04 444.58,857.05"/>
    </edge>
    <edge id=":515_0" function="internal">
        <lane id=":515_0_0" index="0" allow="pedestrian" speed="13.90" length="0.39" shape="393.17,718.74 393.12,718.35"/>
    </edge>
    <edge id=":517_0" function="internal">
        <lane id=":517_0_0" index="0" speed="13.90" length="0.10" shape="1940.29,1427.51 1940.29,1427.51"/>
    </edge>
    <edge id=":519_0" function="internal">
        <lane id=":519_0_0" index="0" speed="13.90" length="11.22" shape="1962.53,1318.89 1961.71,1315.85 1960.54,1313.74 1958.81,1311.99 1956.29,1310.01"/>
    </edge>
    <edge id=":519_1" function="internal">
        <lane id=":519_1_0" index="0" speed="13.90" length="11.57" shape="1965.90,1316.44 1963.11,1314.84 1960.95,1313.45 1958.85,1311.95 1956.29,1310.01"/>
    </edge>
    <edge id=":519_2" function="internal">
        <lane id=":519_2_0" index="0" speed="13.90" length="3.20" shape="1959.50,1307.72 1960.08,1310.24 1959.92,1310.83"/>
    </edge>
    <edge id=":519_3" function="internal">
        <lane id=":519_3_0" index="0" speed="13.90" length="4.50" shape="1959.92,1310.83 1959.74,1311.46 1958.48,1311.38 1956.29,1310.01"/>
    </edge>
    <edge id=":52_0" function="internal">
        <lane id=":52_0_0" index="0" speed="13.90" length="0.10" shape="1838.30,1373.11 1838.30,1373.11"/>
    </edge>
    <edge id=":522_0" function="internal">
        <lane id=":522_0_0" index="0" speed="13.90" length="0.65" shape="856.14,599.75 855.65,599.33"/>
    </edge>
    <edge id=":525_0" function="internal">
        <lane id=":525_0_0" index="0" speed="13.90" length="5.61" shape="843.90,510.61 844.51,512.14 845.39,512.88 846.55,512.85 847.98,512.03"/>
    </edge>
    <edge id=":525_1" function="internal">
        <lane id=":525_1_0" index="0" speed="13.90" length="8.66" shape="843.90,510.61 845.51,519.12"/>
    </edge>
    <edge id=":525_2" function="internal">
        <lane id=":525_2_0" index="0" speed="13.90" length="8.66" shape="841.52,517.79 847.98,512.03"/>
    </edge>
    <edge id=":525_3" function="internal">
        <lane id=":525_3_0" index="0" speed="13.90" length="2.28" shape="841.52,517.79 843.02,516.62 843.40,516.57"/>
    </edge>
    <edge id=":525_4" function="internal">
        <lane id=":525_4_0" index="0" speed="13.90" length="3.87" shape="843.40,516.57 844.18,516.45 845.01,517.29 845.51,519.12"/>
    </edge>
    <edge id=":527_0" function="internal">
        <lane id=":527_0_0" index="0" allow="bicycle" speed="13.90" length="5.34" shape="789.89,575.74 786.05,579.45"/>
    </edge>
    <edge id=":527_1" function="internal">
        <lane id=":527_1_0" index="0" speed="13.90" length="11.12" shape="789.89,575.74 787.24,577.41 785.09,578.51 782.86,579.47 780.00,580.77"/>
    </edge>
    <edge id=":529_0" function="internal">
        <lane id=":529_0_0" index="0" speed="13.90" length="5.57" shape="914.02,480.18 908.44,480.16"/>
    </edge>
    <edge id=":529_1" function="internal">
        <lane id=":529_1_0" index="0" speed="13.90" length="5.00" shape="912.19,476.85 908.44,480.16"/>
    </edge>
    <edge id=":53_0" function="internal">
        <lane id=":53_0_0" index="0" speed="13.90" length="0.10" shape="1830.33,1362.78 1830.33,1362.78"/>
    </edge>
    <edge id=":531_0" function="internal">
        <lane id=":531_0_0" index="0" allow="bicycle" speed="13.90" length="0.10" shape="1823.68,1344.83 1823.68,1344.83"/>
    </edge>
    <edge id=":533_0" function="internal">
        <lane id=":533_0_0" index="0" allow="bicycle" speed="13.90" length="0.10" shape="1834.91,1335.70 1834.91,1335.70"/>
    </edge>
    <edge id=":537_0" function="internal">
        <lane id=":537_0_0" index="0" speed="13.90" length="0.24" shape="921.40,644.89 921.22,644.73"/>
    </edge>
    <edge id=":54_0" function="internal">
        <lane id=":54_0_0" index="0" speed="13.90" length="5.09" shape="1894.23,1451.25 1893.09,1446.29"/>
    </edge>
    <edge id=":54_1" function="internal">
        <lane id=":54_1_0" index="0" speed="13.90" length="5.08" shape="1897.45,1448.89 1893.09,1446.29"/>
    </edge>
    <edge id=":541_0" function="internal">
        <lane id=":541_0_0" index="0" allow="pedestrian" speed="13.90" length="8.89" shape="697.58,664.58 688.72,665.19"/>
    </edge>
    <edge id=":541_1" function="internal">
        <lane id=":541_1_0" index="0" allow="pedestrian" speed="13.90" length="7.82" shape="690.22,668.74 692.17,667.03 692.56,665.87 691.41,665.25 688.72,665.19"/>
    </edge>
    <edge id=":545_0" function="internal">
        <lane id=":545_0_0" index="0" speed="13.90" length="0.10" shape="1919.41,1608.81 1919.41,1608.81"/>
    </edge>
    <edge id=":546_0" function="internal">
        <lane id=":546_0_0" index="0" allow="pedestrian" speed="13.90" length="0.10" shape="655.51,648.09 655.51,648.09"/>
    </edge>
    <edge id=":547_0" function="internal">
        <lane id=":547_0_0" index="0" allow="pedestrian" speed="13.90" length="0.10" shape="599.77,672.03 599.79,672.02"/>
    </edge>
    <edge id=":549_0" function="internal">
        <lane id=":549_0_0" index="0" allow="pedestrian" speed="13.90" length="0.87" shape="402.97,757.32 402.92,758.19"/>
    </edge>
    <edge id=":56_0" function="internal">
        <lane id=":56_0_0" index="0" allow="bicycle" speed="13.90" length="10.89" shape="1080.60,747.66 1084.40,748.46 1085.94,748.16 1085.20,746.79 1082.19,744.34"/>
    </edge>
    <edge id=":56_1" function="internal">
        <lane id=":56_1_0" index="0" allow="bicycle" speed="13.90" length="11.94" shape="1080.60,747.66 1083.80,748.42 1086.45,748.99 1089.02,749.77 1091.96,751.15"/>
    </edge>
    <edge id=":563_0" function="internal">
        <lane id=":563_0_0" index="0" allow="pedestrian" speed="13.90" length="0.10" shape="638.55,771.32 638.55,771.32"/>
    </edge>
    <edge id=":567_0" function="internal">
        <lane id=":567_0_0" index="0" speed="13.90" length="5.45" shape="351.22,749.79 350.54,748.52 349.58,747.71 348.36,747.36 346.87,747.46"/>
    </edge>
    <edge id=":567_1" function="internal">
        <lane id=":567_1_0" index="0" speed="13.90" length="6.50" shape="351.22,749.79 349.05,743.66"/>
    </edge>
    <edge id=":567_2" function="internal">
        <lane id=":567_2_0" index="0" speed="13.90" length="6.49" shape="353.16,745.85 346.87,747.46"/>
    </edge>
    <edge id=":567_3" function="internal">
        <lane id=":567_3_0" index="0" speed="13.90" length="1.59" shape="353.16,745.85 351.76,746.07 351.59,746.03"/>
    </edge>
    <edge id=":567_4" function="internal">
        <lane id=":567_4_0" index="0" speed="13.90" length="3.68" shape="351.59,746.03 350.61,745.78 349.71,744.97 349.05,743.66"/>
    </edge>
    <edge id=":568_0" function="internal">
        <lane id=":568_0_0" index="0" speed="13.90" length="6.09" shape="398.67,730.27 393.30,733.14"/>
    </edge>
    <edge id=":568_1" function="internal">
        <lane id=":568_1_0" index="0" speed="13.90" length="5.86" shape="398.67,730.27 397.54,730.40 396.24,730.21 394.77,729.68 393.14,728.83"/>
    </edge>
    <edge id=":57_0" function="internal">
        <lane id=":57_0_0" index="0" allow="bicycle" speed="13.90" length="4.97" shape="1684.17,1161.42 1683.23,1162.40 1682.82,1163.45 1682.93,1164.57 1683.56,1165.77"/>
    </edge>
    <edge id=":57_1" function="internal">
        <lane id=":57_1_0" index="0" allow="bicycle" speed="13.90" length="6.09" shape="1679.81,1160.96 1683.56,1165.77"/>
    </edge>
    <edge id=":570_0" function="internal">
        <lane id=":570_0_0" index="0" speed="13.90" length="8.54" shape="437.95,719.35 431.55,725.01"/>
    </edge>
    <edge id=":570_1" function="internal">
        <lane id=":570_1_0" index="0" speed="13.90" length="8.81" shape="437.95,719.35 429.45,721.69"/>
    </edge>
    <edge id=":574_0" function="internal">
        <lane id=":574_0_0" index="0" speed="13.90" length="0.10" shape="1778.72,1254.16 1778.72,1254.16"/>
    </edge>
    <edge id=":576_0" function="internal">
        <lane id=":576_0_0" index="0" speed="13.90" length="5.27" shape="1769.30,1241.73 1774.50,1242.57"/>
    </edge>
    <edge id=":576_1" function="internal">
        <lane id=":576_1_0" index="0" speed="13.90" length="5.01" shape="1769.30,1241.73 1772.23,1245.79"/>
    </edge>
    <edge id=":58_0" function="internal">
        <lane id=":58_0_0" index="0" speed="13.90" length="0.10" shape="255.24,306.65 255.24,306.65"/>
    </edge>
    <edge id=":593_0" function="internal">
        <lane id=":593_0_0" index="0" speed="13.90" length="6.45" shape="1885.63,1248.78 1881.39,1243.92"/>
    </edge>
    <edge id=":593_1" function="internal">
        <lane id=":593_1_0" index="0" speed="13.90" length="1.71" shape="1885.63,1248.78 1884.80,1247.61 1884.75,1247.34"/>
    </edge>
    <edge id=":593_4" function="internal">
        <lane id=":593_4_0" index="0" speed="13.90" length="3.43" shape="1884.75,1247.34 1884.58,1246.49 1884.98,1245.43 1886.00,1244.41"/>
    </edge>
    <edge id=":593_2" function="internal">
        <lane id=":593_2_0" index="0" speed="13.90" length="5.04" shape="1880.82,1248.27 1881.80,1247.29 1882.23,1246.24 1882.09,1245.12 1881.39,1243.92"/>
    </edge>
    <edge id=":593_3" function="internal">
        <lane id=":593_3_0" index="0" speed="13.90" length="6.46" shape="1880.82,1248.27 1886.00,1244.41"/>
    </edge>
    <edge id=":597_0" function="internal">
        <lane id=":597_0_0" index="0" speed="13.90" length="0.10" shape="1949.33,1304.71 1949.33,1304.71"/>
    </edge>
    <edge id=":60_0" function="internal">
        <lane id=":60_0_0" index="0" speed="13.90" length="5.07" shape="1902.60,1245.08 1901.73,1246.18 1901.44,1247.28 1901.74,1248.37 1902.61,1249.47"/>
    </edge>
    <edge id=":60_1" function="internal">
        <lane id=":60_1_0" index="0" speed="13.90" length="6.39" shape="1902.60,1245.08 1897.90,1249.41"/>
    </edge>
    <edge id=":60_2" function="internal">
        <lane id=":60_2_0" index="0" speed="13.90" length="6.39" shape="1898.02,1245.02 1902.61,1249.47"/>
    </edge>
    <edge id=":60_3" function="internal">
        <lane id=":60_3_0" index="0" speed="13.90" length="1.57" shape="1898.02,1245.02 1898.86,1246.14 1898.90,1246.31"/>
    </edge>
    <edge id=":60_4" function="internal">
        <lane id=":60_4_0" index="0" speed="13.90" length="3.50" shape="1898.90,1246.31 1899.12,1247.25 1898.80,1248.34 1897.90,1249.41"/>
    </edge>
    <edge id=":61_0" function="internal">
        <lane id=":61_0_0" index="0" speed="13.90" length="5.18" shape="1893.97,1257.30 1892.81,1256.46 1891.66,1256.17 1890.51,1256.42 1889.37,1257.21"/>
    </edge>
    <edge id=":61_1" function="internal">
        <lane id=":61_1_0" index="0" speed="13.90" length="6.33" shape="1893.97,1257.30 1889.49,1252.83"/>
    </edge>
    <edge id=":61_2" function="internal">
        <lane id=":61_2_0" index="0" speed="13.90" length="6.33" shape="1894.02,1252.91 1889.37,1257.21"/>
    </edge>
    <edge id=":61_3" function="internal">
        <lane id=":61_3_0" index="0" speed="13.90" length="1.59" shape="1894.02,1252.91 1892.84,1253.72 1892.69,1253.76"/>
    </edge>
    <edge id=":61_4" function="internal">
        <lane id=":61_4_0" index="0" speed="13.90" length="3.55" shape="1892.69,1253.76 1891.70,1253.98 1890.58,1253.68 1889.49,1252.83"/>
    </edge>
    <edge id=":615_0" function="internal">
        <lane id=":615_0_0" index="0" speed="13.90" length="0.24" shape="1827.09,1175.70 1826.94,1175.51"/>
    </edge>
    <edge id=":62_0" function="internal">
        <lane id=":62_0_0" index="0" speed="13.90" length="15.92" shape="1797.88,1320.32 1795.51,1317.23 1793.00,1314.04 1790.47,1310.86 1788.02,1307.83"/>
    </edge>
    <edge id=":62_1" function="internal">
        <lane id=":62_1_0" index="0" speed="13.90" length="15.68" shape="1797.88,1320.32 1795.76,1317.11 1793.95,1313.56 1792.49,1309.85 1791.41,1306.15"/>
    </edge>
    <edge id=":62_2" function="internal">
        <lane id=":62_2_0" index="0" speed="13.90" length="15.75" shape="1800.23,1317.23 1797.71,1316.58 1794.83,1314.80 1791.60,1311.88 1788.02,1307.83"/>
    </edge>
    <edge id=":62_3" function="internal">
        <lane id=":62_3_0" index="0" speed="13.90" length="3.30" shape="1800.23,1317.23 1797.36,1316.46 1797.11,1316.24"/>
    </edge>
    <edge id=":62_4" function="internal">
        <lane id=":62_4_0" index="0" speed="13.90" length="11.87" shape="1797.11,1316.24 1794.94,1314.36 1792.95,1310.92 1791.41,1306.15"/>
    </edge>
    <edge id=":621_0" function="internal">
        <lane id=":621_0_0" index="0" speed="13.90" length="8.79" shape="828.44,499.19 824.75,491.22"/>
    </edge>
    <edge id=":621_1" function="internal">
        <lane id=":621_1_0" index="0" speed="13.90" length="8.43" shape="824.53,499.64 824.75,491.22"/>
    </edge>
    <edge id=":622_0" function="internal">
        <lane id=":622_0_0" index="0" speed="13.90" length="7.97" shape="834.33,481.59 842.25,482.53"/>
    </edge>
    <edge id=":622_1" function="internal">
        <lane id=":622_1_0" index="0" speed="13.90" length="7.50" shape="834.33,481.59 840.53,485.82"/>
    </edge>
    <edge id=":622_2" function="internal">
        <lane id=":622_2_0" index="0" speed="13.90" length="5.15" shape="834.33,481.59 835.51,486.60"/>
    </edge>
    <edge id=":628_0" function="internal">
        <lane id=":628_0_0" index="0" speed="13.90" length="8.34" shape="869.90,608.00 862.87,603.51"/>
    </edge>
    <edge id=":628_1" function="internal">
        <lane id=":628_1_0" index="0" speed="13.90" length="8.32" shape="869.90,608.00 865.73,600.80"/>
    </edge>
    <edge id=":629_0" function="internal">
        <lane id=":629_0_0" index="0" speed="13.90" length="9.81" shape="863.38,596.00 858.74,587.35"/>
    </edge>
    <edge id=":629_1" function="internal">
        <lane id=":629_1_0" index="0" speed="13.90" length="9.67" shape="863.38,596.00 862.44,586.37"/>
    </edge>
    <edge id=":63_0" function="internal">
        <lane id=":63_0_0" index="0" speed="13.90" length="5.04" shape="1793.34,1271.15 1794.39,1272.07 1795.46,1272.42 1796.57,1272.20 1797.72,1271.42"/>
    </edge>
    <edge id=":63_1" function="internal">
        <lane id=":63_1_0" index="0" speed="13.90" length="7.00" shape="1793.34,1271.15 1797.76,1276.58"/>
    </edge>
    <edge id=":63_2" function="internal">
        <lane id=":63_2_0" index="0" speed="13.90" length="6.93" shape="1793.43,1276.86 1797.72,1271.42"/>
    </edge>
    <edge id=":63_3" function="internal">
        <lane id=":63_3_0" index="0" speed="13.90" length="1.98" shape="1793.43,1276.86 1794.44,1275.60 1794.78,1275.45"/>
    </edge>
    <edge id=":63_4" function="internal">
        <lane id=":63_4_0" index="0" speed="13.90" length="3.54" shape="1794.78,1275.45 1795.49,1275.14 1796.60,1275.46 1797.76,1276.58"/>
    </edge>
    <edge id=":633_0" function="internal">
        <lane id=":633_0_0" index="0" speed="13.90" length="6.72" shape="853.10,577.06 850.46,570.88"/>
    </edge>
    <edge id=":633_1" function="internal">
        <lane id=":633_1_0" index="0" speed="13.90" length="6.60" shape="848.92,577.30 850.46,570.88"/>
    </edge>
    <edge id=":647_0" function="internal">
        <lane id=":647_0_0" index="0" speed="13.90" length="3.03" shape="883.88,699.89 880.95,699.12"/>
    </edge>
    <edge id=":647_2" function="internal">
        <lane id=":647_2_0" index="0" speed="13.90" length="7.27" shape="880.95,699.12 880.35,698.96 879.18,698.03 880.35,697.10 883.88,696.17"/>
    </edge>
    <edge id=":647_1" function="internal">
        <lane id=":647_1_0" index="0" speed="13.90" length="5.22" shape="879.06,698.17 883.88,696.17"/>
    </edge>
    <edge id=":649_0" function="internal">
        <lane id=":649_0_0" index="0" speed="13.90" length="2.86" shape="742.06,598.97 739.25,598.44"/>
    </edge>
    <edge id=":649_1" function="internal">
        <lane id=":649_1_0" index="0" speed="13.90" length="5.21" shape="742.06,598.97 740.45,599.05 739.56,598.59 739.39,597.61 739.94,596.10"/>
    </edge>
    <edge id=":65_0" function="internal">
        <lane id=":65_0_0" index="0" allow="bicycle" speed="13.90" length="0.69" shape="1769.18,1304.72 1769.22,1304.03"/>
    </edge>
    <edge id=":65_2" function="internal">
        <lane id=":65_2_0" index="0" speed="13.90" length="5.63" shape="1769.22,1304.03 1769.31,1302.75 1769.96,1301.76 1771.15,1301.77 1772.86,1302.77"/>
    </edge>
    <edge id=":65_1" function="internal">
        <lane id=":65_1_0" index="0" allow="bicycle" speed="13.90" length="4.95" shape="1768.91,1299.78 1772.86,1302.77"/>
    </edge>
    <edge id=":654_0" function="internal">
        <lane id=":654_0_0" index="0" speed="13.90" length="0.10" shape="469.61,709.04 469.62,709.04"/>
    </edge>
    <edge id=":655_0" function="internal">
        <lane id=":655_0_0" index="0" speed="13.90" length="1.83" shape="462.28,711.20 462.00,713.01"/>
    </edge>
    <edge id=":655_1" function="internal">
        <lane id=":655_1_0" index="0" speed="13.90" length="2.42" shape="461.16,709.81 462.57,710.29 463.18,710.99"/>
    </edge>
    <edge id=":655_2" function="internal">
        <lane id=":655_2_0" index="0" speed="13.90" length="2.42" shape="463.18,710.99 462.99,711.89 462.00,713.01"/>
    </edge>
    <edge id=":66_0" function="internal">
        <lane id=":66_0_0" index="0" allow="bicycle" speed="13.90" length="5.54" shape="1952.96,1448.95 1952.19,1450.43 1951.86,1451.79 1951.96,1453.02 1952.50,1454.13"/>
    </edge>
    <edge id=":66_1" function="internal">
        <lane id=":66_1_0" index="0" allow="pedestrian" speed="13.90" length="5.40" shape="1952.96,1448.95 1951.95,1450.13 1950.88,1450.56 1949.77,1450.27 1948.61,1449.24"/>
    </edge>
    <edge id=":663_0" function="internal">
        <lane id=":663_0_0" index="0" speed="13.90" length="0.10" shape="788.73,559.87 788.72,559.87"/>
    </edge>
    <edge id=":667_0" function="internal">
        <lane id=":667_0_0" index="0" speed="13.90" length="0.10" shape="823.00,466.95 823.00,466.95"/>
    </edge>
    <edge id=":67_0" function="internal">
        <lane id=":67_0_0" index="0" allow="bicycle" speed="13.90" length="5.11" shape="1882.05,1466.81 1880.72,1467.29 1879.90,1468.08 1879.59,1469.17 1879.80,1470.57"/>
    </edge>
    <edge id=":67_1" function="internal">
        <lane id=":67_1_0" index="0" allow="bicycle" speed="13.90" length="5.97" shape="1877.67,1464.99 1879.80,1470.57"/>
    </edge>
    <edge id=":68_0" function="internal">
        <lane id=":68_0_0" index="0" allow="pedestrian" speed="13.90" length="5.07" shape="1899.72,1660.30 1899.74,1661.70 1900.21,1662.73 1901.13,1663.40 1902.50,1663.69"/>
    </edge>
    <edge id=":68_1" function="internal">
        <lane id=":68_1_0" index="0" speed="13.90" length="6.63" shape="1899.72,1660.30 1898.87,1666.87"/>
    </edge>
    <edge id=":68_2" function="internal">
        <lane id=":68_2_0" index="0" speed="13.90" length="5.61" shape="1899.72,1660.30 1899.33,1661.70 1898.56,1662.73 1897.41,1663.38 1895.89,1663.66"/>
    </edge>
    <edge id=":69_0" function="internal">
        <lane id=":69_0_0" index="0" speed="13.90" length="6.28" shape="1875.74,1715.42 1874.88,1721.64"/>
    </edge>
    <edge id=":69_1" function="internal">
        <lane id=":69_1_0" index="0" allow="pedestrian" speed="13.90" length="5.37" shape="1875.74,1715.42 1875.36,1716.64 1874.58,1717.56 1873.42,1718.16 1871.87,1718.46"/>
    </edge>
    <edge id=":691_0" function="internal">
        <lane id=":691_0_0" index="0" speed="13.90" length="0.10" shape="586.90,779.76 586.88,779.77"/>
    </edge>
    <edge id=":693_0" function="internal">
        <lane id=":693_0_0" index="0" speed="13.90" length="0.10" shape="441.57,844.82 441.57,844.82"/>
    </edge>
    <edge id=":694_0" function="internal">
        <lane id=":694_0_0" index="0" speed="13.90" length="5.01" shape="334.14,864.62 336.41,860.15"/>
    </edge>
    <edge id=":694_1" function="internal">
        <lane id=":694_1_0" index="0" speed="13.90" length="5.23" shape="334.14,864.62 339.14,863.07"/>
    </edge>
    <edge id=":695_0" function="internal">
        <lane id=":695_0_0" index="0" speed="13.90" length="0.10" shape="368.11,830.81 368.11,830.81"/>
    </edge>
    <edge id=":7_0" function="internal">
        <lane id=":7_0_0" index="0" speed="13.90" length="0.10" shape="1579.66,2608.32 1579.66,2608.32"/>
    </edge>
    <edge id=":70_0" function="internal">
        <lane id=":70_0_0" index="0" allow="bicycle" speed="13.90" length="6.04" shape="1847.59,1325.81 1852.16,1321.87"/>
    </edge>
    <edge id=":70_1" function="internal">
        <lane id=":70_1_0" index="0" speed="13.90" length="5.01" shape="1847.59,1325.81 1848.78,1325.13 1849.90,1325.00 1850.95,1325.41 1851.93,1326.37"/>
    </edge>
    <edge id=":702_0" function="internal">
        <lane id=":702_0_0" index="0" speed="13.90" length="0.10" shape="860.58,697.61 860.58,697.61"/>
    </edge>
    <edge id=":715_0" function="internal">
        <lane id=":715_0_0" index="0" allow="pedestrian" speed="13.90" length="2.92" shape="1818.19,1368.40 1818.76,1369.00 1819.36,1369.22 1819.98,1369.09 1820.63,1368.59"/>
    </edge>
    <edge id=":72_0" function="internal">
        <lane id=":72_0_0" index="0" speed="13.90" length="0.10" shape="1692.75,1154.67 1692.75,1154.67"/>
    </edge>
    <edge id=":728_0" function="internal">
        <lane id=":728_0_0" index="0" allow="pedestrian" speed="13.90" length="5.08" shape="392.88,704.88 392.67,703.48 392.09,702.45 391.16,701.79 389.86,701.50"/>
    </edge>
    <edge id=":728_1" function="internal">
        <lane id=":728_1_0" index="0" allow="pedestrian" speed="13.90" length="5.06" shape="392.88,704.88 393.05,703.50 393.63,702.52 394.61,701.96 396.00,701.81"/>
    </edge>
    <edge id=":733_0" function="internal">
        <lane id=":733_0_0" index="0" allow="pedestrian" speed="13.90" length="0.10" shape="388.86,139.11 388.86,139.11"/>
    </edge>
    <edge id=":74_0" function="internal">
        <lane id=":74_0_0" index="0" speed="13.90" length="5.19" shape="1890.50,1237.08 1891.54,1238.02 1892.64,1238.40 1893.81,1238.21 1895.04,1237.45"/>
    </edge>
    <edge id=":74_1" function="internal">
        <lane id=":74_1_0" index="0" speed="13.90" length="6.43" shape="1890.50,1237.08 1894.83,1241.83"/>
    </edge>
    <edge id=":74_2" function="internal">
        <lane id=":74_2_0" index="0" speed="13.90" length="6.44" shape="1889.98,1241.43 1895.04,1237.45"/>
    </edge>
    <edge id=":74_3" function="internal">
        <lane id=":74_3_0" index="0" speed="13.90" length="1.83" shape="1889.98,1241.43 1891.23,1240.74 1891.63,1240.69"/>
    </edge>
    <edge id=":74_4" function="internal">
        <lane id=":74_4_0" index="0" speed="13.90" length="3.56" shape="1891.63,1240.69 1892.46,1240.58 1893.66,1240.95 1894.83,1241.83"/>
    </edge>
    <edge id=":745_0" function="internal">
        <lane id=":745_0_0" index="0" allow="pedestrian" speed="13.90" length="0.21" shape="376.69,139.59 376.85,139.72"/>
    </edge>
    <edge id=":746_0" function="internal">
        <lane id=":746_0_0" index="0" allow="pedestrian" speed="13.90" length="0.10" shape="291.85,129.94 291.85,129.93"/>
    </edge>
    <edge id=":75_0" function="internal">
        <lane id=":75_0_0" index="0" speed="13.90" length="3.03" shape="1924.06,1214.94 1927.06,1214.54"/>
    </edge>
    <edge id=":75_1" function="internal">
        <lane id=":75_1_0" index="0" speed="13.90" length="5.22" shape="1924.06,1214.94 1925.60,1214.48 1926.57,1214.71 1926.97,1215.63 1926.80,1217.23"/>
    </edge>
    <edge id=":750_0" function="internal">
        <lane id=":750_0_0" index="0" allow="pedestrian" speed="13.90" length="0.10" shape="716.04,741.54 716.04,741.54"/>
    </edge>
    <edge id=":752_0" function="internal">
        <lane id=":752_0_0" index="0" allow="pedestrian" speed="13.90" length="1.03" shape="593.67,708.42 592.65,708.49"/>
    </edge>
    <edge id=":763_0" function="internal">
        <lane id=":763_0_0" index="0" allow="pedestrian" speed="13.90" length="0.49" shape="713.04,703.17 713.53,703.15"/>
    </edge>
    <edge id=":766_0" function="internal">
        <lane id=":766_0_0" index="0" speed="13.90" length="0.10" shape="427.08,849.97 427.08,849.97"/>
    </edge>
    <edge id=":783_0" function="internal">
        <lane id=":783_0_0" index="0" speed="13.90" length="0.10" shape="1145.40,767.14 1145.40,767.14"/>
    </edge>
    <edge id=":805_0" function="internal">
        <lane id=":805_0_0" index="0" allow="bicycle" speed="13.90" length="12.18" shape="822.09,486.42 820.20,483.78 818.10,482.02 815.69,480.52 812.89,478.68"/>
    </edge>
    <edge id=":805_1" function="internal">
        <lane id=":805_1_0" index="0" speed="13.90" length="12.17" shape="822.09,486.42 820.44,483.56 818.95,481.21 817.40,478.91 815.57,476.15"/>
    </edge>
    <edge id=":809_0" function="internal">
        <lane id=":809_0_0" index="0" allow="pedestrian" speed="13.90" length="5.88" shape="852.40,600.91 846.57,600.13"/>
    </edge>
    <edge id=":809_1" function="internal">
        <lane id=":809_1_0" index="0" allow="bicycle" speed="13.90" length="5.70" shape="852.40,600.91 848.84,596.46"/>
    </edge>
    <edge id=":812_0" function="internal">
        <lane id=":812_0_0" index="0" speed="13.90" length="0.10" shape="878.82,506.90 878.82,506.90"/>
    </edge>
    <edge id=":831_0" function="internal">
        <lane id=":831_0_0" index="0" allow="pedestrian" speed="13.90" length="5.03" shape="788.34,582.33 783.72,584.34"/>
    </edge>
    <edge id=":831_1" function="internal">
        <lane id=":831_1_0" index="0" allow="pedestrian" speed="13.90" length="5.23" shape="785.92,579.60 783.72,584.34"/>
    </edge>
    <edge id=":839_0" function="internal">
        <lane id=":839_0_0" index="0" allow="pedestrian" speed="13.90" length="0.10" shape="647.22,629.94 647.22,629.94"/>
    </edge>
    <edge id=":842_0" function="internal">
        <lane id=":842_0_0" index="0" allow="pedestrian" speed="13.90" length="0.10" shape="700.56,743.96 700.56,743.96"/>
    </edge>
    <edge id=":847_0" function="internal">
        <lane id=":847_0_0" index="0" allow="pedestrian" speed="13.90" length="0.24" shape="628.23,746.96 628.12,746.75"/>
    </edge>
    <edge id=":85_0" function="internal">
        <lane id=":85_0_0" index="0" speed="13.90" length="9.47" shape="459.67,110.85 450.43,108.80"/>
    </edge>
    <edge id=":85_1" function="internal">
        <lane id=":85_1_0" index="0" speed="13.90" length="3.59" shape="459.67,110.85 457.29,109.52 456.82,108.80"/>
    </edge>
    <edge id=":85_4" function="internal">
        <lane id=":85_4_0" index="0" speed="13.90" length="4.45" shape="456.82,108.80 456.59,108.44 457.56,107.59 460.22,106.98"/>
    </edge>
    <edge id=":85_2" function="internal">
        <lane id=":85_2_0" index="0" speed="13.90" length="8.47" shape="452.70,104.96 453.37,106.21 454.84,106.97 457.13,107.22 460.22,106.98"/>
    </edge>
    <edge id=":85_3" function="internal">
        <lane id=":85_3_0" index="0" speed="13.90" length="2.72" shape="452.70,104.96 452.76,106.33 452.40,107.42 452.26,107.56"/>
    </edge>
    <edge id=":85_5" function="internal">
        <lane id=":85_5_0" index="0" speed="13.90" length="2.25" shape="452.26,107.56 451.62,108.24 450.43,108.80"/>
    </edge>
    <edge id=":86_0" function="internal">
        <lane id=":86_0_0" index="0" speed="13.90" length="0.10" shape="1661.62,2414.11 1661.62,2414.11"/>
    </edge>
    <edge id=":865_0" function="internal">
        <lane id=":865_0_0" index="0" allow="pedestrian" speed="13.90" length="0.10" shape="1912.55,1660.79 1912.55,1660.79"/>
    </edge>
    <edge id=":867_0" function="internal">
        <lane id=":867_0_0" index="0" allow="pedestrian" speed="13.90" length="2.55" shape="1919.99,1603.26 1919.96,1602.56 1919.72,1602.03 1919.26,1601.68 1918.59,1601.50"/>
    </edge>
    <edge id=":87_0" function="internal">
        <lane id=":87_0_0" index="0" speed="13.90" length="0.10" shape="1648.72,2444.65 1648.72,2444.65"/>
    </edge>
    <edge id=":872_0" function="internal">
        <lane id=":872_0_0" index="0" speed="13.90" length="0.10" shape="425.21,102.59 425.21,102.59"/>
    </edge>
    <edge id=":874_0" function="internal">
        <lane id=":874_0_0" index="0" allow="pedestrian" speed="13.90" length="0.10" shape="418.03,143.11 418.03,143.11"/>
    </edge>
    <edge id=":880_0" function="internal">
        <lane id=":880_0_0" index="0" speed="13.90" length="0.10" shape="404.95,157.62 404.95,157.62"/>
    </edge>
    <edge id=":881_0" function="internal">
        <lane id=":881_0_0" index="0" allow="pedestrian" speed="13.90" length="0.13" shape="396.91,163.59 396.82,163.68"/>
    </edge>
    <edge id=":883_0" function="internal">
        <lane id=":883_0_0" index="0" allow="pedestrian" speed="13.90" length="0.10" shape="432.92,110.33 432.92,110.33"/>
    </edge>
    <edge id=":89_0" function="internal">
        <lane id=":89_0_0" index="0" speed="13.90" length="6.06" shape="1523.77,2750.24 1522.14,2750.21 1520.79,2750.65 1519.71,2751.56 1518.91,2752.95"/>
    </edge>
    <edge id=":89_1" function="internal">
        <lane id=":89_1_0" index="0" speed="13.90" length="7.06" shape="1521.63,2746.43 1518.91,2752.95"/>
    </edge>
    <edge id=":89_2" function="internal">
        <lane id=":89_2_0" index="0" speed="13.90" length="2.38" shape="1516.79,2749.12 1518.22,2749.58 1518.86,2750.19"/>
    </edge>
    <edge id=":89_3" function="internal">
        <lane id=":89_3_0" index="0" speed="13.90" length="2.91" shape="1518.86,2750.19 1519.05,2750.37 1519.28,2751.49 1518.91,2752.95"/>
    </edge>
    <edge id=":892_0" function="internal">
        <lane id=":892_0_0" index="0" speed="13.90" length="0.36" shape="435.46,120.50 435.58,120.16"/>
    </edge>
    <edge id=":91_0" function="internal">
        <lane id=":91_0_0" index="0" speed="13.90" length="5.39" shape="694.20,703.35 694.26,704.89 694.82,705.89 695.87,706.36 697.42,706.28"/>
    </edge>
    <edge id=":91_1" function="internal">
        <lane id=":91_1_0" index="0" allow="pedestrian" speed="13.90" length="6.03" shape="694.20,703.35 693.05,709.27"/>
    </edge>
    <edge id=":918_0" function="internal">
        <lane id=":918_0_0" index="0" speed="13.90" length="0.10" shape="342.40,193.64 342.40,193.64"/>
    </edge>
    <edge id=":919_0" function="internal">
        <lane id=":919_0_0" index="0" allow="pedestrian" speed="13.90" length="0.55" shape="335.72,201.09 335.63,201.63"/>
    </edge>
    <edge id=":92_0" function="internal">
        <lane id=":92_0_0" index="0" allow="pedestrian" speed="13.90" length="3.45" shape="631.25,769.80 630.75,770.20 630.61,770.84 630.84,771.71 631.42,772.82"/>
    </edge>
    <edge id=":92_1" function="internal">
        <lane id=":92_1_0" index="0" allow="bicycle" speed="13.90" length="4.37" shape="631.25,769.80 627.25,771.55"/>
    </edge>
    <edge id=":93_0" function="internal">
        <lane id=":93_0_0" index="0" speed="13.90" length="0.37" shape="632.33,774.27 632.56,774.56"/>
    </edge>
    <edge id=":931_0" function="internal">
        <lane id=":931_0_0" index="0" allow="bicycle" speed="13.90" length="0.10" shape="705.94,739.13 705.94,739.13"/>
    </edge>
    <edge id=":946_0" function="internal">
        <lane id=":946_0_0" index="0" allow="pedestrian" speed="13.90" length="0.10" shape="989.76,640.72 989.76,640.72"/>
    </edge>
    <edge id=":95_0" function="internal">
        <lane id=":95_0_0" index="0" allow="bicycle" speed="13.90" length="0.10" shape="1896.60,1271.01 1896.60,1271.01"/>
    </edge>
    <edge id=":953_0" function="internal">
        <lane id=":953_0_0" index="0" allow="bicycle" speed="13.90" length="0.10" shape="631.38,769.75 631.38,769.75"/>
    </edge>
    <edge id=":961_0" function="internal">
        <lane id=":961_0_0" index="0" speed="13.90" length="0.10" shape="461.99,136.24 461.99,136.24"/>
    </edge>
    <edge id=":963_0" function="internal">
        <lane id=":963_0_0" index="0" allow="pedestrian" speed="13.90" length="1.12" shape="808.93,476.09 808.12,475.33"/>
    </edge>
    <edge id=":97_0" function="internal">
        <lane id=":97_0_0" index="0" allow="bicycle" speed="13.90" length="0.10" shape="1857.71,1238.39 1857.71,1238.39"/>
    </edge>

    <edge id="106949581" from="432" to="433" priority="-1" type="footway" spreadType="center" shape="406.61,746.53 402.81,744.70 400.19,743.51 397.57,742.29">
        <lane id="106949581_0" index="0" allow="pedestrian" speed="13.90" length="7.24" shape="406.61,746.53 402.81,744.70 400.19,743.51 400.06,743.45"/>
    </edge>
    <edge id="108722992" from="156" to="435" priority="-1" type="footway" spreadType="center" shape="377.29,821.98 384.98,822.36 403.79,824.49 407.05,823.88 416.06,822.72 425.90,822.53 435.76,824.07">
        <lane id="108722992_0" index="0" allow="pedestrian" speed="13.90" length="51.63" shape="381.81,822.20 384.98,822.36 403.79,824.49 407.05,823.88 416.06,822.72 425.90,822.53 433.10,823.65"/>
    </edge>
    <edge id="108724012" from="431" to="44" priority="-1" type="footway" spreadType="center">
        <lane id="108724012_0" index="0" allow="pedestrian" speed="13.90" length="6.83" shape="590.20,718.85 587.11,712.76"/>
    </edge>
    <edge id="108724013" from="438" to="439" priority="-1" type="footway" spreadType="center" shape="603.63,719.55 603.17,711.81 601.87,705.04">
        <lane id="108724013_0" index="0" allow="pedestrian" speed="13.90" length="12.69" shape="603.63,719.55 603.17,711.81 602.24,706.96"/>
    </edge>
    <edge id="108724015" from="177" to="435" priority="-1" type="footway" spreadType="center" shape="569.79,728.12 543.53,735.75 510.68,756.57 457.80,788.82 435.76,824.07">
        <lane id="108724015_0" index="0" allow="pedestrian" speed="13.90" length="166.68" shape="569.29,728.26 543.53,735.75 510.68,756.57 457.80,788.82 437.12,821.90"/>
    </edge>
    <edge id="11136804" from="44" to="45" priority="-1" type="footway" spreadType="center">
        <lane id="11136804_0" index="0" allow="pedestrian" speed="13.90" length="60.17" shape="587.11,712.76 562.49,657.86"/>
    </edge>
    <edge id="11136806" from="45" to="47" priority="-1" type="footway" spreadType="center" shape="562.49,657.86 554.30,637.31 528.20,646.54 407.36,689.90 403.29,680.53 385.91,683.84 378.82,686.04 357.83,691.46">
        <lane id="11136806_0" index="0" allow="pedestrian" speed="13.90" length="229.17" shape="562.49,657.86 554.30,637.31 528.20,646.54 407.36,689.90 403.29,680.53 385.91,683.84 378.82,686.04 363.66,689.95"/>
    </edge>
    <edge id="11136827" from="48" to="49" priority="-1" type="secondary" spreadType="center" shape="1906.92,1603.54 1903.07,1636.13 1900.14,1657.05">
        <lane id="11136827_0" index="0" speed="13.90" length="53.94" shape="1906.92,1603.54 1903.07,1636.13 1900.14,1657.05"/>
    </edge>
    <edge id="11136830" from="21" to="51" priority="-1" type="residential" spreadType="center" shape="1792.81,1939.77 1784.28,1945.47 1687.44,2004.02 1678.56,2009.16 1643.40,2030.56 1598.89,2053.92 1483.77,2100.74 1461.33,2112.28 1447.89,2122.91 1436.02,2146.25 1400.77,2248.61 1391.18,2276.77 1378.13,2314.99">
        <lane id="11136830_0" index="0" speed="13.90" length="592.61" shape="1790.95,1941.01 1784.28,1945.47 1687.44,2004.02 1678.56,2009.16 1643.40,2030.56 1598.89,2053.92 1483.77,2100.74 1461.33,2112.28 1447.89,2122.91 1436.02,2146.25 1400.77,2248.61 1391.18,2276.77 1378.61,2313.57"/>
    </edge>
    <edge id="11136841" from="52" to="53" priority="-1" type="primary" spreadType="center">
        <lane id="11136841_0" index="0" speed="13.90" length="13.05" shape="1838.30,1373.11 1830.33,1362.78"/>
    </edge>
    <edge id="11136843" from="54" to="52" priority="-1" type="primary" spreadType="center">
        <lane id="11136843_0" index="0" speed="13.90" length="91.42" shape="1893.09,1446.29 1838.30,1373.11"/>
    </edge>
    <edge id="11136856" from="56" to="57" priority="-1" type="cycleway" spreadType="center" shape="1090.48,750.33 1105.71,758.79 1129.97,774.70 1156.35,791.87 1186.51,808.08 1249.08,849.17 1309.03,880.12 1312.86,883.58 1340.36,902.54 1363.30,919.05 1390.89,940.48 1417.82,965.37 1432.14,982.14 1468.81,1013.79 1482.00,1023.95 1501.08,1039.65 1529.94,1054.43 1552.99,1062.55 1591.77,1070.04 1612.04,1080.28 1627.17,1095.66 1639.36,1111.46 1647.97,1122.77 1681.77,1163.31">
        <lane id="11136856_0" index="0" allow="bicycle" speed="13.90" length="727.60" shape="1091.96,751.15 1105.71,758.79 1129.97,774.70 1156.35,791.87 1186.51,808.08 1249.08,849.17 1309.03,880.12 1312.86,883.58 1340.36,902.54 1363.30,919.05 1390.89,940.48 1417.82,965.37 1432.14,982.14 1468.81,1013.79 1482.00,1023.95 1501.08,1039.65 1529.94,1054.43 1552.99,1062.55 1591.77,1070.04 1612.04,1080.28 1627.17,1095.66 1639.36,1111.46 1647.97,1122.77 1679.81,1160.96"/>
    </edge>
    <edge id="121519704" from="442" to="443" priority="-1" type="footway" spreadType="center" shape="233.59,421.78 224.93,398.88 223.85,357.45 231.77,348.58 241.77,336.70 264.57,313.15 271.26,306.83 349.46,232.86 370.52,212.95">
        <lane id="121519704_0" index="0" allow="pedestrian" speed="13.90" length="268.74" shape="233.54,421.66 224.93,398.88 223.85,357.45 231.77,348.58 241.77,336.70 264.57,313.15 271.26,306.83 349.46,232.86 368.28,215.07"/>
    </edge>
    <edge id="125742554" from="444" to="276" priority="-1" type="unclassified" spreadType="center" shape="238.26,100.11 287.38,136.04 347.33,181.37">
        <lane id="125742554_0" index="0" speed="13.90" length="136.02" shape="238.26,100.11 287.38,136.04 347.33,181.37"/>
    </edge>
    <edge id="125742556" from="446" to="447" priority="-1" type="footway" spreadType="center">
        <lane id="125742556_0" index="0" allow="pedestrian" speed="13.90" length="4.46" shape="362.21,204.00 359.02,200.88"/>
    </edge>
    <edge id="132894498" from="447" to="277" priority="-1" type="tertiary" spreadType="center">
        <lane id="132894498_0" index="0" speed="13.90" length="0.62" shape="359.04,196.50 359.49,196.07"/>
    </edge>
    <edge id="132894499" from="277" to="451" priority="-1" type="tertiary" spreadType="center" shape="361.84,193.81 387.09,168.88 396.72,158.18">
        <lane id="132894499_0" index="0" speed="13.90" length="43.82" shape="363.96,191.72 387.09,168.88 394.65,160.48"/>
    </edge>
    <edge id="135763710" from="3" to="453" priority="-1" type="unclassified" spreadType="center">
        <lane id="135763710_0" index="0" speed="13.90" length="1.42" shape="1683.11,1139.77 1682.12,1140.79"/>
    </edge>
    <edge id="135763713" from="454" to="3" priority="-1" type="footway" spreadType="center">
        <lane id="135763713_0" index="0" allow="pedestrian" speed="13.90" length="66.60" shape="1641.93,1082.86 1683.50,1134.90"/>
    </edge>
    <edge id="135763715" from="456" to="457" priority="-1" type="footway" spreadType="center">
        <lane id="135763715_0" index="0" allow="pedestrian" speed="13.90" length="46.80" shape="1696.28,1151.86 1724.06,1189.52"/>
    </edge>
    <edge id="136106807" from="111" to="319" priority="-1" type="secondary" spreadType="center">
        <lane id="136106807_0" index="0" speed="13.90" length="31.90" shape="1911.66,1551.39 1908.73,1583.16"/>
    </edge>
    <edge id="136700005" from="403" to="461" priority="-1" type="residential" spreadType="center" shape="398.11,887.75 403.93,903.25 429.15,982.19">
        <lane id="136700005_0" index="0" speed="13.90" length="97.33" shape="398.26,888.16 403.93,903.25 428.64,980.60"/>
    </edge>
    <edge id="141050972" from="181" to="186" priority="-1" type="primary" spreadType="center" shape="387.74,840.00 390.32,838.79 396.94,836.87 403.97,834.96 417.89,831.08">
        <lane id="141050972_0" index="0" speed="13.90" length="22.71" shape="390.92,838.62 396.94,836.87 403.97,834.96 412.79,832.50"/>
    </edge>
    <edge id="141050975" from="464" to="465" priority="-1" type="secondary" spreadType="center">
        <lane id="141050975_0" index="0" speed="13.90" length="26.63" shape="398.13,765.31 406.15,790.70"/>
    </edge>
    <edge id="141050980" from="465" to="186" priority="-1" type="secondary" spreadType="center" shape="406.15,790.70 411.51,807.79 414.34,817.33 416.06,822.72 417.89,831.08">
        <lane id="141050980_0" index="0" speed="13.90" length="39.07" shape="406.15,790.70 411.51,807.79 414.34,817.33 416.06,822.72 417.25,828.14"/>
    </edge>
    <edge id="142677522" from="468" to="147" priority="-1" type="tertiary" spreadType="center">
        <lane id="142677522_0" index="0" speed="13.90" length="86.46" shape="115.56,436.23 177.91,376.34"/>
    </edge>
    <edge id="142677525" from="310" to="471" priority="-1" type="tertiary" spreadType="center" shape="215.21,411.94 222.77,426.26 294.42,556.96 319.09,633.43 332.66,685.88">
        <lane id="142677525_0" index="0" speed="13.90" length="299.91" shape="215.52,412.52 222.77,426.26 294.42,556.96 319.09,633.43 332.86,686.65"/>
    </edge>
    <edge id="142677527" from="315" to="473" priority="-1" type="tertiary" spreadType="center">
        <lane id="142677527_0" index="0" speed="13.90" length="3.36" shape="437.11,115.57 434.75,117.96"/>
    </edge>
    <edge id="142677528" from="451" to="234" priority="-1" type="tertiary" spreadType="center" shape="396.72,158.18 405.79,146.77 412.61,139.79">
        <lane id="142677528_0" index="0" speed="13.90" length="18.80" shape="398.77,155.61 405.79,146.77 411.04,141.40"/>
    </edge>
    <edge id="142677533" from="476" to="477" priority="-1" type="cycleway" spreadType="center" shape="342.15,759.93 338.99,749.07 337.25,743.59 331.68,726.82 330.60,722.63 328.84,717.05">
        <lane id="142677533_0" index="0" allow="bicycle" speed="13.90" length="41.73" shape="341.26,756.87 338.99,749.07 337.25,743.59 331.68,726.82 330.60,722.63 328.84,717.05"/>
    </edge>
    <edge id="142678628" from="478" to="479" priority="-1" type="tertiary" spreadType="center">
        <lane id="142678628_0" index="0" speed="13.90" length="5.29" shape="841.59,529.08 839.70,524.14"/>
    </edge>
    <edge id="142692910" from="480" to="481" priority="-1" type="residential" spreadType="center" shape="1144.46,745.14 1159.03,729.26 1227.00,676.94 1253.58,650.00">
        <lane id="142692910_0" index="0" speed="13.90" length="145.17" shape="1144.46,745.14 1159.03,729.26 1227.00,676.94 1253.58,650.00"/>
    </edge>
    <edge id="142692911" from="333" to="422" priority="-1" type="residential" spreadType="center" shape="1095.41,729.97 1102.54,728.27 1108.85,729.19 1113.81,731.00 1133.00,742.49 1136.97,743.28 1144.46,745.14 1164.81,753.32 1320.52,859.19 1354.04,881.24 1422.49,926.10 1505.84,985.42 1515.04,991.28 1544.99,1013.20 1564.22,1026.83 1577.32,1041.33">
        <lane id="142692911_0" index="0" speed="13.90" length="564.08" shape="1100.20,728.83 1102.54,728.27 1108.85,729.19 1113.81,731.00 1133.00,742.49 1136.97,743.28 1144.46,745.14 1164.81,753.32 1320.52,859.19 1354.04,881.24 1422.49,926.10 1505.84,985.42 1515.04,991.28 1544.99,1013.20 1564.22,1026.83 1570.79,1034.10"/>
    </edge>
    <edge id="142692918" from="484" to="485" priority="-1" type="primary" spreadType="center" shape="701.33,729.53 728.60,717.75 756.21,708.26 766.92,704.61 789.89,698.97 808.73,697.14 826.23,696.86">
        <lane id="142692918_0" index="0" speed="13.90" length="130.30" shape="701.33,729.53 728.60,717.75 756.21,708.26 766.92,704.61 789.89,698.97 808.73,697.14 826.23,696.86"/>
    </edge>
    <edge id="142770547" from="486" to="484" priority="-1" type="primary" spreadType="center">
        <lane id="142770547_0" index="0" speed="13.90" length="77.91" shape="629.66,760.08 701.33,729.53"/>
    </edge>
    <edge id="142770548" from="488" to="489" priority="-1" type="secondary" spreadType="center">
        <lane id="142770548_0" index="0" speed="13.90" length="60.29" shape="651.31,638.90 596.18,663.31"/>
    </edge>
    <edge id="142770549" from="337" to="340" priority="-1" type="secondary" spreadType="center">
        <lane id="142770549_0" index="0" speed="13.90" length="0.84" shape="343.31,714.60 344.15,714.61"/>
    </edge>
    <edge id="142770551" from="489" to="493" priority="-1" type="secondary" spreadType="center" shape="596.18,663.31 570.41,673.54 561.84,677.13 511.95,695.59">
        <lane id="142770551_0" index="0" speed="13.90" length="90.21" shape="596.18,663.31 570.41,673.54 561.84,677.13 511.95,695.59"/>
    </edge>
    <edge id="142770553" from="471" to="341" priority="-1" type="tertiary" spreadType="center" shape="332.66,685.88 348.11,696.39 359.03,703.79 379.67,713.32">
        <lane id="142770553_0" index="0" speed="13.90" length="40.74" shape="337.45,689.14 348.11,696.39 359.03,703.79 372.33,709.93"/>
    </edge>
    <edge id="142770554" from="340" to="497" priority="-1" type="tertiary" spreadType="center">
        <lane id="142770554_0" index="0" speed="13.90" length="4.42" shape="345.58,710.82 342.24,707.92"/>
    </edge>
    <edge id="142770555" from="161" to="346" priority="-1" type="secondary" spreadType="center" shape="343.08,726.05 352.88,726.67 360.46,728.65 371.71,732.81">
        <lane id="142770555_0" index="0" speed="13.90" length="22.55" shape="346.96,726.30 352.88,726.67 360.46,728.65 368.70,731.70"/>
    </edge>
    <edge id="142770556" from="337" to="497" priority="-1" type="tertiary" spreadType="center">
        <lane id="142770556_0" index="0" speed="13.90" length="1.71" shape="339.08,711.59 338.77,709.91"/>
    </edge>
    <edge id="142770557" from="435" to="503" priority="-1" type="footway" spreadType="center" shape="435.76,824.07 436.38,828.71 439.23,832.09 440.42,839.38 441.57,844.82 440.58,854.58">
        <lane id="142770557_0" index="0" allow="pedestrian" speed="13.90" length="25.04" shape="436.12,826.74 436.38,828.71 439.23,832.09 440.42,839.38 441.57,844.82 441.00,850.48"/>
    </edge>
    <edge id="142770559" from="504" to="476" priority="-1" type="footway" spreadType="center">
        <lane id="142770559_0" index="0" allow="pedestrian" speed="13.90" length="25.25" shape="314.48,766.49 339.05,760.66"/>
    </edge>
    <edge id="142770561" from="506" to="503" priority="-1" type="footway" spreadType="center" shape="364.80,821.79 362.71,823.20 368.11,830.81 370.89,834.92 372.49,838.35 373.69,841.53 375.12,844.76 376.38,848.78 379.40,861.77 381.00,867.34 383.02,876.43 391.61,876.07 399.46,879.91 408.31,882.47 410.82,881.48 418.45,870.54 422.01,865.45 429.74,860.74 434.04,858.27 440.58,854.58">
        <lane id="142770561_0" index="0" allow="pedestrian" speed="13.90" length="126.48" shape="363.49,822.67 362.71,823.20 368.11,830.81 370.89,834.92 372.49,838.35 373.69,841.53 375.12,844.76 376.38,848.78 379.40,861.77 381.00,867.34 383.02,876.43 391.61,876.07 399.46,879.91 408.31,882.47 410.82,881.48 418.45,870.54 422.01,865.45 429.74,860.74 434.04,858.27 438.45,855.78"/>
    </edge>
    <edge id="142770562" from="506" to="156" priority="-1" type="footway" spreadType="center">
        <lane id="142770562_0" index="0" allow="pedestrian" speed="13.90" length="5.14" shape="366.80,821.82 371.94,821.90"/>
    </edge>
    <edge id="142770563" from="47" to="511" priority="-1" type="footway" spreadType="center" shape="357.83,691.46 348.11,696.39 346.75,697.45 341.39,699.52 336.76,701.32">
        <lane id="142770563_0" index="0" allow="pedestrian" speed="13.90" length="19.66" shape="354.55,693.12 348.11,696.39 346.75,697.45 341.39,699.52 336.76,701.32"/>
    </edge>
    <edge id="142770564" from="512" to="513" priority="-1" type="footway" spreadType="center" shape="403.79,824.49 388.96,831.66 383.89,832.77 379.01,835.10 372.49,838.35">
        <lane id="142770564_0" index="0" allow="pedestrian" speed="13.90" length="34.36" shape="403.79,824.49 388.96,831.66 383.89,832.77 379.01,835.10 372.49,838.35"/>
    </edge>
    <edge id="142770573" from="433" to="515" priority="-1" type="footway" spreadType="center" shape="397.57,742.29 398.46,737.54 396.57,730.86 394.33,723.02 393.12,718.55">
        <lane id="142770573_0" index="0" allow="pedestrian" speed="13.90" length="21.62" shape="398.07,739.59 398.46,737.54 396.57,730.86 394.33,723.02 393.17,718.74"/>
    </edge>
    <edge id="142928778" from="1" to="517" priority="-1" type="tertiary" spreadType="center" shape="1935.47,1445.69 1937.88,1436.58 1940.29,1427.51">
        <lane id="142928778_0" index="0" speed="13.90" length="14.21" shape="1936.65,1441.24 1937.88,1436.58 1940.29,1427.51"/>
    </edge>
    <edge id="142928779" from="517" to="519" priority="-1" type="tertiary" spreadType="center" shape="1940.29,1427.51 1955.21,1371.30 1957.42,1364.03 1963.46,1343.05 1964.63,1329.75 1961.59,1314.05">
        <lane id="142928779_0" index="0" speed="13.90" length="112.00" shape="1940.29,1427.51 1955.21,1371.30 1957.42,1364.03 1963.46,1343.05 1964.63,1329.75 1962.53,1318.89"/>
    </edge>
    <edge id="142928795" from="169" to="51" priority="-1" type="residential" spreadType="center" shape="1371.09,2336.03 1375.27,2323.45 1378.13,2314.99">
        <lane id="142928795_0" index="0" speed="13.90" length="18.58" shape="1371.75,2334.03 1375.27,2323.45 1377.65,2316.41"/>
    </edge>
    <edge id="142944325" from="522" to="523" priority="-1" type="secondary" spreadType="center" shape="855.85,599.59 847.80,589.07 839.87,576.98 831.74,564.63 825.89,560.51 820.68,559.53 812.80,560.07">
        <lane id="142944325_0" index="0" speed="13.90" length="62.52" shape="855.65,599.33 847.80,589.07 839.87,576.98 831.74,564.63 825.89,560.51 820.68,559.53 812.80,560.07"/>
    </edge>
    <edge id="142944330" from="479" to="525" priority="-1" type="secondary" spreadType="center">
        <lane id="142944330_0" index="0" speed="13.90" length="0.59" shape="841.10,518.22 841.52,517.79"/>
    </edge>
    <edge id="142944399" from="478" to="527" priority="-1" type="secondary" spreadType="center" shape="844.17,535.82 835.45,542.71 812.80,560.07 788.49,576.70">
        <lane id="142944399_0" index="0" speed="13.90" length="63.37" shape="841.00,538.32 835.45,542.71 812.80,560.07 789.89,575.74"/>
    </edge>
    <edge id="142944527" from="528" to="529" priority="-1" type="secondary" spreadType="center" shape="1032.56,367.43 964.45,432.19 934.02,457.25 906.01,482.40">
        <lane id="142944527_0" index="0" speed="13.90" length="162.74" shape="1032.56,367.43 964.45,432.19 934.02,457.25 912.19,476.85"/>
    </edge>
    <edge id="14432948" from="58" to="59" priority="-1" type="unclassified" spreadType="center" shape="255.24,306.65 246.99,300.45 149.09,231.50 145.50,228.98 134.95,222.33 107.93,202.98 99.18,196.41 71.59,176.94 53.62,164.42 30.68,148.06 0.00,126.66">
        <lane id="14432948_0" index="0" speed="13.90" length="312.35" shape="255.24,306.65 246.99,300.45 149.09,231.50 145.50,228.98 134.95,222.33 107.93,202.98 99.18,196.41 71.59,176.94 53.62,164.42 30.68,148.06 0.00,126.66"/>
    </edge>
    <edge id="15090398" from="60" to="61" priority="-1" type="primary" spreadType="center" shape="1900.28,1247.28 1895.69,1251.39 1891.64,1255.08">
        <lane id="15090398_0" index="0" speed="13.90" length="5.23" shape="1897.90,1249.41 1895.69,1251.39 1894.02,1252.91"/>
    </edge>
    <edge id="15090399" from="62" to="63" priority="-1" type="primary" spreadType="center" shape="1793.44,1314.49 1788.98,1296.18 1789.09,1288.15 1790.87,1281.21 1795.39,1273.55">
        <lane id="15090399_0" index="0" speed="13.90" length="30.50" shape="1791.41,1306.15 1788.98,1296.18 1789.09,1288.15 1790.87,1281.21 1793.43,1276.86"/>
    </edge>
    <edge id="15090412" from="64" to="65" priority="-1" type="path" spreadType="center" shape="1808.86,1356.00 1807.08,1357.78 1799.31,1360.44 1793.24,1356.12 1778.87,1328.56 1769.25,1306.08 1768.91,1299.78">
        <lane id="15090412_0" index="0" speed="13.90" length="74.06" shape="1808.14,1356.72 1807.08,1357.78 1799.31,1360.44 1793.24,1356.12 1778.87,1328.56 1769.25,1306.08 1769.18,1304.72"/>
    </edge>
    <edge id="15090420" from="66" to="67" priority="-1" type="footway" spreadType="center" shape="1950.98,1452.03 1937.88,1436.58 1931.24,1430.21 1929.41,1438.40 1927.79,1443.81 1927.25,1450.90 1928.47,1463.68 1929.67,1470.95 1927.79,1476.04 1920.65,1475.00 1915.14,1471.76 1904.73,1464.31 1898.86,1465.71 1893.33,1466.75 1890.01,1465.19 1878.87,1467.46">
        <lane id="15090420_0" index="0" allow="pedestrian" speed="13.90" length="122.44" shape="1948.61,1449.24 1937.88,1436.58 1931.24,1430.21 1929.41,1438.40 1927.79,1443.81 1927.25,1450.90 1928.47,1463.68 1929.67,1470.95 1927.79,1476.04 1920.65,1475.00 1915.14,1471.76 1904.73,1464.31 1898.86,1465.71 1893.33,1466.75 1890.01,1465.19 1882.05,1466.81"/>
    </edge>
    <edge id="15090427" from="68" to="69" priority="-1" type="path" spreadType="center" shape="1899.31,1663.47 1889.39,1664.03 1887.41,1667.42 1879.57,1694.07 1876.47,1710.20 1875.36,1718.17">
        <lane id="15090427_0" index="0" speed="13.90" length="59.90" shape="1895.89,1663.66 1889.39,1664.03 1887.41,1667.42 1879.57,1694.07 1876.47,1710.20 1875.74,1715.42"/>
    </edge>
    <edge id="15090570" from="70" to="71" priority="-1" type="cycleway" spreadType="center" shape="1850.04,1323.90 1858.36,1315.93 1901.45,1282.25 1905.60,1278.48">
        <lane id="15090570_0" index="0" allow="bicycle" speed="13.90" length="68.89" shape="1852.16,1321.87 1858.36,1315.93 1901.45,1282.25 1905.60,1278.48"/>
    </edge>
    <edge id="15090571" from="72" to="33" priority="-1" type="primary" spreadType="center">
        <lane id="15090571_0" index="0" speed="13.90" length="44.66" shape="1692.75,1154.67 1720.21,1189.88"/>
    </edge>
    <edge id="15665061" from="74" to="75" priority="-1" type="primary" spreadType="center" shape="1892.52,1239.53 1900.64,1232.83 1925.25,1214.03">
        <lane id="15665061_0" index="0" speed="13.90" length="36.74" shape="1895.04,1237.45 1900.64,1232.83 1924.06,1214.94"/>
    </edge>
    <edge id="157044150" from="64" to="531" priority="-1" type="path" spreadType="center">
        <lane id="157044150_0" index="0" speed="13.90" length="17.54" shape="1809.67,1355.39 1823.68,1344.83"/>
    </edge>
    <edge id="157044151" from="531" to="533" priority="-1" type="cycleway" spreadType="center">
        <lane id="157044151_0" index="0" allow="bicycle" speed="13.90" length="14.47" shape="1823.68,1344.83 1834.91,1335.70"/>
    </edge>
    <edge id="157044152" from="533" to="70" priority="-1" type="cycleway" spreadType="center">
        <lane id="157044152_0" index="0" allow="bicycle" speed="13.90" length="16.07" shape="1834.91,1335.70 1847.59,1325.81"/>
    </edge>
    <edge id="158491026" from="105" to="537" priority="-1" type="secondary" spreadType="center">
        <lane id="158491026_0" index="0" speed="13.90" length="18.99" shape="934.67,658.47 921.40,644.89"/>
    </edge>
    <edge id="158491027" from="305" to="105" priority="-1" type="secondary" spreadType="center" shape="933.66,672.06 935.42,667.05 936.25,660.09">
        <lane id="158491027_0" index="0" speed="13.90" length="4.71" shape="934.59,669.41 935.42,667.05 935.68,664.86"/>
    </edge>
    <edge id="158491031" from="305" to="541" priority="-1" type="footway" spreadType="center" shape="933.66,672.06 924.68,670.82 904.98,661.95 888.00,654.00 883.30,653.24 852.05,653.12 826.24,653.89 759.25,659.55 716.78,662.64 695.66,664.77">
        <lane id="158491031_0" index="0" allow="pedestrian" speed="13.90" length="236.37" shape="929.72,671.52 924.68,670.82 904.98,661.95 888.00,654.00 883.30,653.24 852.05,653.12 826.24,653.89 759.25,659.55 716.78,662.64 697.58,664.58"/>
    </edge>
    <edge id="161896248" from="221" to="543" priority="-1" type="footway" spreadType="center" shape="1910.41,1650.18 1913.57,1650.41 1915.00,1650.87 1918.29,1652.88 1920.70,1655.08 1924.68,1658.16 1929.38,1659.85 1951.17,1661.52 1960.42,1667.72">
        <lane id="161896248_0" index="0" allow="pedestrian" speed="13.90" length="54.81" shape="1910.41,1650.18 1913.57,1650.41 1915.00,1650.87 1918.29,1652.88 1920.70,1655.08 1924.68,1658.16 1929.38,1659.85 1951.17,1661.52 1960.42,1667.72"/>
    </edge>
    <edge id="161896250" from="289" to="545" priority="-1" type="footway" spreadType="center" shape="1915.51,1611.39 1919.02,1611.53 1919.41,1608.81">
        <lane id="161896250_0" index="0" allow="pedestrian" speed="13.90" length="6.26" shape="1915.51,1611.39 1919.02,1611.53 1919.41,1608.81"/>
    </edge>
    <edge id="164247492" from="546" to="547" priority="-1" type="footway" spreadType="center">
        <lane id="164247492_0" index="0" allow="pedestrian" speed="13.90" length="60.66" shape="655.51,648.09 599.77,672.03"/>
    </edge>
    <edge id="164247494" from="547" to="549" priority="-1" type="footway" spreadType="center" shape="599.79,672.02 529.68,700.03 463.46,723.32 411.80,739.52 406.61,746.53 402.82,757.75">
        <lane id="164247494_0" index="0" allow="pedestrian" speed="13.90" length="219.95" shape="599.79,672.02 529.68,700.03 463.46,723.32 411.80,739.52 406.61,746.53 402.97,757.32"/>
    </edge>
    <edge id="165298185" from="451" to="443" priority="-1" type="footway" spreadType="center" shape="396.72,158.18 401.48,162.40 407.11,169.84 370.52,212.95">
        <lane id="165298185_0" index="0" allow="pedestrian" speed="13.90" length="65.85" shape="399.03,160.23 401.48,162.40 407.11,169.84 372.66,210.43"/>
    </edge>
    <edge id="165298187" from="552" to="58" priority="-1" type="footway" spreadType="center" shape="264.57,313.15 261.44,311.38 255.24,306.65">
        <lane id="165298187_0" index="0" allow="pedestrian" speed="13.90" length="11.39" shape="264.57,313.15 261.44,311.38 255.24,306.65"/>
    </edge>
    <edge id="166060658" from="393" to="555" priority="-1" type="footway" spreadType="center" shape="191.84,362.59 185.41,355.10 184.02,353.23">
        <lane id="166060658_0" index="0" allow="pedestrian" speed="13.90" length="12.03" shape="191.73,362.46 185.41,355.10 184.02,353.23"/>
    </edge>
    <edge id="166060659" from="443" to="446" priority="-1" type="footway" spreadType="center">
        <lane id="166060659_0" index="0" allow="pedestrian" speed="13.90" length="8.91" shape="368.27,210.53 362.21,204.00"/>
    </edge>
    <edge id="166060660" from="313" to="559" priority="-1" type="footway" spreadType="center" shape="206.53,366.59 200.57,368.90 197.35,368.17 194.14,373.85 193.95,376.93">
        <lane id="166060660_0" index="0" allow="pedestrian" speed="13.90" length="19.30" shape="206.53,366.59 200.57,368.90 197.35,368.17 194.14,373.85 193.95,376.93"/>
    </edge>
    <edge id="169194882" from="15" to="86" priority="-1" type="secondary" spreadType="center" shape="1725.63,2262.16 1721.16,2273.61 1715.23,2289.99 1661.62,2414.11">
        <lane id="169194882_0" index="0" speed="13.90" length="160.72" shape="1724.10,2266.07 1721.16,2273.61 1715.23,2289.99 1661.62,2414.11"/>
    </edge>
    <edge id="169959217" from="142" to="563" priority="-1" type="footway" spreadType="center" shape="558.42,831.69 619.30,814.50 634.07,809.12 642.16,796.78 643.84,785.81 638.55,771.32">
        <lane id="169959217_0" index="0" allow="pedestrian" speed="13.90" length="110.69" shape="567.63,829.09 619.30,814.50 634.07,809.12 642.16,796.78 643.84,785.81 638.55,771.32"/>
    </edge>
    <edge id="178710557" from="147" to="140" priority="-1" type="tertiary" spreadType="center" shape="179.56,374.75 191.84,362.59 207.98,348.25">
        <lane id="178710557_0" index="0" speed="13.90" length="28.71" shape="182.89,371.45 191.84,362.59 203.89,351.89"/>
    </edge>
    <edge id="178715132" from="317" to="567" priority="-1" type="secondary" spreadType="center">
        <lane id="178715132_0" index="0" speed="13.90" length="11.28" shape="363.93,742.50 353.16,745.85"/>
    </edge>
    <edge id="186279947" from="568" to="342" priority="-1" type="secondary" spreadType="center" shape="396.57,730.86 389.89,726.91 375.84,725.40">
        <lane id="186279947_0" index="0" speed="13.90" length="13.48" shape="393.14,728.83 389.89,726.91 380.24,725.87"/>
    </edge>
    <edge id="186279949" from="570" to="421" priority="-1" type="secondary" spreadType="center" shape="436.02,719.86 427.24,729.98 413.43,734.24 408.48,737.85 405.31,741.82 402.81,744.70 395.89,758.99">
        <lane id="186279949_0" index="0" speed="13.90" length="47.38" shape="431.55,725.01 427.24,729.98 413.43,734.24 408.48,737.85 405.31,741.82 402.81,744.70 397.87,754.89"/>
    </edge>
    <edge id="186282281" from="104" to="282" priority="-1" type="primary" spreadType="center" shape="950.43,675.14 975.85,658.03 985.73,653.66 992.27,653.32">
        <lane id="186282281_0" index="0" speed="13.90" length="38.94" shape="953.36,673.17 975.85,658.03 985.73,653.66 986.75,653.61"/>
    </edge>
    <edge id="186624430" from="574" to="63" priority="-1" type="primary" spreadType="center" shape="1778.72,1254.16 1787.59,1264.39 1795.39,1273.55">
        <lane id="186624430_0" index="0" speed="13.90" length="22.42" shape="1778.72,1254.16 1787.59,1264.39 1793.34,1271.15"/>
    </edge>
    <edge id="186624431" from="576" to="101" priority="-1" type="primary" spreadType="center">
        <lane id="186624431_0" index="0" speed="13.90" length="5.53" shape="1774.50,1242.57 1779.75,1244.30"/>
    </edge>
    <edge id="186624432" from="576" to="574" priority="-1" type="primary" spreadType="center">
        <lane id="186624432_0" index="0" speed="13.90" length="10.59" shape="1772.23,1245.79 1778.72,1254.16"/>
    </edge>
    <edge id="186624433" from="201" to="576" priority="-1" type="primary" spreadType="center" shape="1738.66,1207.14 1757.49,1229.33 1765.32,1237.54 1768.11,1240.48">
        <lane id="186624433_0" index="0" speed="13.90" length="46.61" shape="1738.41,1206.84 1757.49,1229.33 1765.32,1237.54 1769.30,1241.73"/>
    </edge>
    <edge id="186624434" from="199" to="379" priority="-1" type="primary" spreadType="center" shape="1850.67,1294.14 1842.78,1308.90 1840.89,1316.25 1840.74,1322.97 1841.87,1328.00 1844.51,1333.43">
        <lane id="186624434_0" index="0" speed="13.90" length="22.20" shape="1846.58,1301.80 1842.78,1308.90 1840.89,1316.25 1840.74,1322.81"/>
    </edge>
    <edge id="186624435" from="101" to="375" priority="-1" type="primary" spreadType="center" shape="1774.76,1242.66 1780.19,1245.36 1785.67,1247.25 1806.10,1252.18 1814.84,1254.55 1827.65,1259.92">
        <lane id="186624435_0" index="0" speed="13.90" length="36.77" shape="1784.15,1246.73 1785.67,1247.25 1806.10,1252.18 1814.84,1254.55 1819.53,1256.52"/>
    </edge>
    <edge id="186624436" from="62" to="201" priority="-1" type="primary" spreadType="center" shape="1793.44,1314.49 1781.57,1299.90 1775.46,1287.73 1754.67,1242.33 1735.98,1209.03">
        <lane id="186624436_0" index="0" speed="13.90" length="112.05" shape="1788.02,1307.83 1781.57,1299.90 1775.46,1287.73 1754.67,1242.33 1735.94,1208.95"/>
    </edge>
    <edge id="186624437" from="375" to="122" priority="-1" type="primary" spreadType="center" shape="1827.65,1259.92 1843.90,1260.83 1855.23,1259.88">
        <lane id="186624437_0" index="0" speed="13.90" length="28.63" shape="1829.42,1260.02 1843.90,1260.83 1857.98,1259.65"/>
    </edge>
    <edge id="186624438" from="123" to="368" priority="-1" type="tertiary" spreadType="center">
        <lane id="186624438_0" index="0" speed="13.90" length="18.77" shape="1864.84,1227.14 1855.69,1210.75"/>
    </edge>
    <edge id="186624439" from="61" to="593" priority="-1" type="tertiary" spreadType="center">
        <lane id="186624439_0" index="0" speed="13.90" length="5.59" shape="1889.49,1252.83 1885.63,1248.78"/>
    </edge>
    <edge id="186624440" from="593" to="123" priority="-1" type="tertiary" spreadType="center" shape="1883.35,1246.39 1876.58,1237.85 1862.03,1222.11">
        <lane id="186624440_0" index="0" speed="13.90" length="18.42" shape="1881.39,1243.92 1876.58,1237.85 1869.34,1230.01"/>
    </edge>
    <edge id="186624441" from="519" to="597" priority="-1" type="tertiary" spreadType="center">
        <lane id="186624441_0" index="0" speed="13.90" length="8.75" shape="1956.29,1310.01 1949.33,1304.71"/>
    </edge>
    <edge id="186624442" from="4" to="519" priority="-1" type="tertiary" spreadType="center" shape="1991.22,1326.36 1977.61,1322.92 1961.59,1314.05">
        <lane id="186624442_0" index="0" speed="13.90" length="20.86" shape="1984.85,1324.75 1977.61,1322.92 1965.90,1316.44"/>
    </edge>
    <edge id="186624443" from="203" to="519" priority="-1" type="tertiary" spreadType="center" shape="1956.15,1296.98 1957.80,1302.56 1961.59,1314.05">
        <lane id="186624443_0" index="0" speed="13.90" length="5.18" shape="1957.88,1302.80 1959.50,1307.72"/>
    </edge>
    <edge id="186624445" from="75" to="603" priority="-1" type="primary" spreadType="center" shape="1926.18,1215.39 1961.10,1181.72 1994.59,1146.07">
        <lane id="186624445_0" index="0" speed="13.90" length="96.20" shape="1927.06,1214.54 1961.10,1181.72 1994.59,1146.07"/>
    </edge>
    <edge id="186649515" from="379" to="138" priority="-1" type="primary" spreadType="center" shape="1844.51,1333.43 1850.73,1341.83 1853.06,1344.94">
        <lane id="186649515_0" index="0" speed="13.90" length="12.69" shape="1845.49,1334.75 1850.73,1341.83 1853.06,1344.94"/>
    </edge>
    <edge id="186649517" from="593" to="74" priority="-1" type="primary" spreadType="center">
        <lane id="186649517_0" index="0" speed="13.90" length="4.97" shape="1886.00,1244.41 1889.98,1241.43"/>
    </edge>
    <edge id="186649518" from="61" to="198" priority="-1" type="primary" spreadType="center">
        <lane id="186649518_0" index="0" speed="13.90" length="13.78" shape="1889.37,1257.21 1879.33,1266.65"/>
    </edge>
    <edge id="186649519" from="122" to="593" priority="-1" type="primary" spreadType="center" shape="1855.23,1259.88 1866.54,1256.87 1875.41,1252.28 1883.35,1246.39">
        <lane id="186649519_0" index="0" speed="13.90" length="20.67" shape="1862.73,1257.89 1866.54,1256.87 1875.41,1252.28 1880.82,1248.27"/>
    </edge>
    <edge id="186649520" from="199" to="371" priority="-1" type="primary" spreadType="center" shape="1850.67,1294.14 1835.50,1305.47 1826.38,1311.65">
        <lane id="186649520_0" index="0" speed="13.90" length="18.00" shape="1843.71,1299.34 1835.50,1305.47 1829.08,1309.82"/>
    </edge>
    <edge id="186649521" from="368" to="615" priority="-1" type="tertiary" spreadType="center" shape="1850.95,1202.25 1836.51,1186.18 1827.01,1175.61">
        <lane id="186649521_0" index="0" speed="13.90" length="40.43" shape="1854.11,1205.77 1836.51,1186.18 1827.09,1175.70"/>
    </edge>
    <edge id="186649522" from="615" to="617" priority="-1" type="tertiary" spreadType="center" shape="1827.01,1175.61 1815.42,1157.93 1807.29,1141.30 1802.27,1127.72 1795.90,1109.16 1783.73,1065.14">
        <lane id="186649522_0" index="0" speed="13.90" length="119.30" shape="1826.94,1175.51 1815.42,1157.93 1807.29,1141.30 1802.27,1127.72 1795.90,1109.16 1783.73,1065.14"/>
    </edge>
    <edge id="186713401" from="303" to="280" priority="-1" type="primary" spreadType="center" shape="1062.32,702.81 1073.97,712.67 1080.35,721.64">
        <lane id="186713401_0" index="0" speed="13.90" length="17.53" shape="1065.18,705.23 1073.97,712.67 1077.46,717.57"/>
    </edge>
    <edge id="186713402" from="479" to="621" priority="-1" type="tertiary" spreadType="center" shape="838.45,520.88 832.80,509.16 825.75,493.03">
        <lane id="186713402_0" index="0" speed="13.90" length="20.13" shape="836.82,517.49 832.80,509.16 828.44,499.19"/>
    </edge>
    <edge id="186713403" from="622" to="525" priority="-1" type="tertiary" spreadType="center" shape="832.88,479.72 839.59,497.26 841.71,501.79 844.85,514.45">
        <lane id="186713403_0" index="0" speed="13.90" length="25.50" shape="835.51,486.60 839.59,497.26 841.71,501.79 843.90,510.61"/>
    </edge>
    <edge id="186713404" from="622" to="358" priority="-1" type="tertiary" spreadType="center" shape="832.88,479.72 850.31,493.62 856.41,505.50">
        <lane id="186713404_0" index="0" speed="13.90" length="22.34" shape="840.53,485.82 850.31,493.62 854.80,502.36"/>
    </edge>
    <edge id="186713405" from="525" to="478" priority="-1" type="tertiary" spreadType="center" shape="844.85,514.45 845.76,520.92 845.55,528.23 844.17,535.82">
        <lane id="186713405_0" index="0" speed="13.90" length="9.62" shape="845.51,519.12 845.76,520.92 845.55,528.23 845.46,528.72"/>
    </edge>
    <edge id="186713406" from="628" to="629" priority="-1" type="secondary" spreadType="center">
        <lane id="186713406_0" index="0" speed="13.90" length="5.35" shape="865.73,600.80 863.38,596.00"/>
    </edge>
    <edge id="186713407" from="363" to="358" priority="-1" type="secondary" spreadType="center" shape="856.89,525.77 856.05,518.24 856.01,512.62 856.41,505.50">
        <lane id="186713407_0" index="0" speed="13.90" length="9.73" shape="856.40,521.42 856.05,518.24 856.01,512.62 856.06,511.71"/>
    </edge>
    <edge id="186713409" from="629" to="633" priority="-1" type="tertiary" spreadType="center">
        <lane id="186713409_0" index="0" speed="13.90" length="11.73" shape="858.74,587.35 853.10,577.06"/>
    </edge>
    <edge id="186713410" from="629" to="363" priority="-1" type="secondary" spreadType="center" shape="862.56,594.33 862.32,578.99 859.66,555.79 857.42,538.69 856.89,525.77">
        <lane id="186713410_0" index="0" speed="13.90" length="56.28" shape="862.44,586.37 862.32,578.99 859.66,555.79 857.42,538.69 857.08,530.40"/>
    </edge>
    <edge id="186713411" from="537" to="628" priority="-1" type="secondary" spreadType="center" shape="921.32,644.80 900.99,629.42 871.83,609.94 868.65,606.75">
        <lane id="186713411_0" index="0" speed="13.90" length="63.18" shape="921.22,644.73 900.99,629.42 871.83,609.94 869.90,608.00"/>
    </edge>
    <edge id="186713412" from="119" to="282" priority="-1" type="secondary" spreadType="center" shape="885.97,547.70 888.05,551.07 894.91,562.19 900.55,570.46 907.74,579.41 915.17,586.83 921.22,592.28 976.61,640.05 979.69,642.62 992.27,653.32">
        <lane id="186713412_0" index="0" speed="13.90" length="141.09" shape="888.19,551.29 894.91,562.19 900.55,570.46 907.74,579.41 915.17,586.83 921.22,592.28 976.61,640.05 979.69,642.62 988.06,649.74"/>
    </edge>
    <edge id="186713415" from="363" to="478" priority="-1" type="secondary" spreadType="center">
        <lane id="186713415_0" index="0" speed="13.90" length="5.84" shape="853.25,528.65 848.67,532.26"/>
    </edge>
    <edge id="186713417" from="525" to="358" priority="-1" type="secondary" spreadType="center">
        <lane id="186713417_0" index="0" speed="13.90" length="5.66" shape="847.98,512.03 852.45,508.57"/>
    </edge>
    <edge id="186713418" from="306" to="104" priority="-1" type="primary" spreadType="center" shape="920.40,688.22 931.13,685.07 936.58,683.02 940.45,681.55 950.43,675.14">
        <lane id="186713418_0" index="0" speed="13.90" length="21.95" shape="927.77,686.06 931.13,685.07 936.58,683.02 940.45,681.55 947.59,676.96"/>
    </edge>
    <edge id="186713419" from="113" to="647" priority="-1" type="primary" spreadType="center" shape="996.22,707.99 951.40,706.08 945.62,705.85 902.73,703.62 874.47,698.03">
        <lane id="186713419_0" index="0" speed="13.90" length="104.52" shape="987.94,707.64 951.40,706.08 945.62,705.85 902.73,703.62 883.88,699.89"/>
    </edge>
    <edge id="186713420" from="527" to="649" priority="-1" type="secondary" spreadType="center" shape="788.49,576.70 740.60,599.67">
        <lane id="186713420_0" index="0" speed="13.90" length="42.08" shape="780.00,580.77 742.06,598.97"/>
    </edge>
    <edge id="186713421" from="568" to="338" priority="-1" type="secondary" spreadType="center" shape="396.57,730.86 392.06,734.00 379.86,737.67">
        <lane id="186713421_0" index="0" speed="13.90" length="9.94" shape="393.30,733.14 392.06,734.00 383.98,736.43"/>
    </edge>
    <edge id="186713422" from="570" to="568" priority="-1" type="secondary" spreadType="center">
        <lane id="186713422_0" index="0" speed="13.90" length="31.95" shape="429.45,721.69 398.67,730.27"/>
    </edge>
    <edge id="186713423" from="654" to="655" priority="-1" type="secondary" spreadType="center">
        <lane id="186713423_0" index="0" speed="13.90" length="7.65" shape="469.62,709.04 462.28,711.20"/>
    </edge>
    <edge id="186713425" from="493" to="654" priority="-1" type="secondary" spreadType="center">
        <lane id="186713425_0" index="0" speed="13.90" length="44.43" shape="511.95,695.59 469.61,709.04"/>
    </edge>
    <edge id="186713426" from="655" to="570" priority="-1" type="secondary" spreadType="center" shape="462.00,713.01 436.02,719.86">
        <lane id="186713426_0" index="0" speed="13.90" length="24.88" shape="462.00,713.01 437.95,719.35"/>
    </edge>
    <edge id="186713427" from="649" to="488" priority="-1" type="secondary" spreadType="center" shape="739.93,598.16 732.46,601.27 723.07,606.32 684.69,623.87 679.46,626.24 651.31,638.90">
        <lane id="186713427_0" index="0" speed="13.90" length="96.83" shape="739.25,598.44 732.46,601.27 723.07,606.32 684.69,623.87 679.46,626.24 651.31,638.90"/>
    </edge>
    <edge id="186713428" from="649" to="663" priority="-1" type="secondary" spreadType="center" shape="738.92,596.86 788.73,559.87">
        <lane id="186713428_0" index="0" speed="13.90" length="60.77" shape="739.94,596.10 788.73,559.87"/>
    </edge>
    <edge id="186713429" from="421" to="464" priority="-1" type="secondary" spreadType="center">
        <lane id="186713429_0" index="0" speed="13.90" length="4.54" shape="396.61,761.03 398.13,765.31"/>
    </edge>
    <edge id="186714394" from="37" to="667" priority="-1" type="tertiary" spreadType="center">
        <lane id="186714394_0" index="0" speed="13.90" length="33.20" shape="802.72,440.66 823.00,466.95"/>
    </edge>
    <edge id="186714395" from="667" to="622" priority="-1" type="tertiary" spreadType="center">
        <lane id="186714395_0" index="0" speed="13.90" length="18.52" shape="823.00,466.95 834.33,481.59"/>
    </edge>
    <edge id="186714396" from="663" to="479" priority="-1" type="secondary" spreadType="center" shape="788.73,559.87 813.07,541.16 829.67,526.65 838.45,520.88">
        <lane id="186714396_0" index="0" speed="13.90" length="59.77" shape="788.72,559.87 813.07,541.16 829.67,526.65 835.53,522.80"/>
    </edge>
    <edge id="186722706" from="359" to="673" priority="-1" type="secondary" spreadType="center" shape="876.95,487.56 911.53,458.76 927.32,446.42 962.04,411.71 977.90,394.69">
        <lane id="186722706_0" index="0" speed="13.90" length="135.31" shape="878.55,486.22 911.53,458.76 927.32,446.42 962.04,411.71 977.90,394.69"/>
    </edge>
    <edge id="189764300" from="597" to="61" priority="-1" type="tertiary" spreadType="center" shape="1949.33,1304.71 1901.77,1264.73 1891.64,1255.08">
        <lane id="189764300_0" index="0" speed="13.90" length="72.91" shape="1949.33,1304.71 1901.77,1264.73 1893.97,1257.30"/>
    </edge>
    <edge id="189764301" from="676" to="152" priority="-1" type="residential" spreadType="center">
        <lane id="189764301_0" index="0" speed="13.90" length="35.64" shape="1093.33,657.64 1066.66,681.28"/>
    </edge>
    <edge id="189775477" from="145" to="37" priority="-1" type="tertiary" spreadType="center">
        <lane id="189775477_0" index="0" speed="13.90" length="19.43" shape="785.48,420.35 798.14,435.09"/>
    </edge>
    <edge id="190163832" from="680" to="681" priority="-1" type="unclassified" spreadType="center" shape="1986.42,1136.20 1979.34,1132.39 1972.33,1129.76 1965.55,1129.60 1959.06,1131.06 1943.21,1135.89 1931.94,1140.52 1919.19,1148.44 1910.87,1156.22 1902.31,1165.08 1896.95,1173.78 1893.15,1182.04 1871.03,1203.27 1862.00,1211.15">
        <lane id="190163832_0" index="0" speed="13.90" length="158.39" shape="1986.42,1136.20 1979.34,1132.39 1972.33,1129.76 1965.55,1129.60 1959.06,1131.06 1943.21,1135.89 1931.94,1140.52 1919.19,1148.44 1910.87,1156.22 1902.31,1165.08 1896.95,1173.78 1893.15,1182.04 1871.03,1203.27 1862.00,1211.15"/>
    </edge>
    <edge id="190290772" from="146" to="140" priority="-1" type="tertiary" spreadType="center" shape="209.32,387.80 207.66,376.53 206.53,366.59 207.98,348.25">
        <lane id="190290772_0" index="0" speed="13.90" length="29.00" shape="208.54,382.54 207.66,376.53 206.53,366.59 207.55,353.71"/>
    </edge>
    <edge id="19410366" from="76" to="34" priority="-1" type="unclassified" spreadType="center" shape="390.10,0.00 400.39,13.03 438.51,49.60 451.39,60.75">
        <lane id="19410366_0" index="0" speed="13.90" length="83.23" shape="390.10,0.00 400.39,13.03 438.51,49.60 448.95,58.63"/>
    </edge>
    <edge id="19728276" from="78" to="79" priority="-1" type="unclassified" spreadType="center" shape="709.93,75.22 708.38,82.70 674.28,115.91 639.68,149.90 633.47,155.98 626.15,163.25 598.46,190.72 589.21,199.11 583.80,204.00 570.93,213.24">
        <lane id="19728276_0" index="0" speed="13.90" length="197.38" shape="709.93,75.22 708.38,82.70 674.28,115.91 639.68,149.90 633.47,155.98 626.15,163.25 598.46,190.72 589.21,199.11 583.80,204.00 570.93,213.24"/>
    </edge>
    <edge id="19728366" from="80" to="81" priority="-1" type="unclassified" spreadType="center" shape="677.94,325.55 688.78,317.73 738.32,270.56 789.55,222.52">
        <lane id="19728366_0" index="0" speed="13.90" length="152.00" shape="677.94,325.55 688.78,317.73 738.32,270.56 789.55,222.52"/>
    </edge>
    <edge id="19728446" from="82" to="83" priority="-1" type="unclassified" spreadType="center" shape="911.53,458.76 903.12,449.87 855.93,397.09 850.85,391.52 738.32,270.56 641.93,165.24 633.47,155.98">
        <lane id="19728446_0" index="0" speed="13.90" length="411.10" shape="911.53,458.76 903.12,449.87 855.93,397.09 850.85,391.52 738.32,270.56 641.93,165.24 633.47,155.98"/>
    </edge>
    <edge id="19729394" from="35" to="85" priority="-1" type="unclassified" spreadType="center" shape="452.55,67.49 451.44,87.53 450.99,95.28 453.23,107.96">
        <lane id="19729394_0" index="0" speed="13.90" length="37.48" shape="452.54,67.67 451.44,87.53 450.99,95.28 452.70,104.96"/>
    </edge>
    <edge id="199230909" from="684" to="337" priority="-1" type="secondary" spreadType="center" shape="289.94,726.07 328.84,717.05 339.65,714.58">
        <lane id="199230909_0" index="0" speed="13.90" length="47.98" shape="289.94,726.07 328.84,717.05 336.69,715.26"/>
    </edge>
    <edge id="199230912" from="497" to="471" priority="-1" type="tertiary" spreadType="center" shape="337.63,703.90 336.76,701.32 332.66,685.88">
        <lane id="199230912_0" index="0" speed="13.90" length="14.02" shape="337.99,704.96 336.76,701.32 334.15,691.48"/>
    </edge>
    <edge id="199239119" from="647" to="306" priority="-1" type="primary" spreadType="center" shape="874.47,698.03 907.33,691.54 920.40,688.22">
        <lane id="199239119_0" index="0" speed="13.90" length="40.06" shape="883.88,696.17 907.33,691.54 923.00,687.56"/>
    </edge>
    <edge id="199239120" from="357" to="691" priority="-1" type="primary" spreadType="center" shape="486.08,822.98 506.83,814.24 586.90,779.76">
        <lane id="199239120_0" index="0" speed="13.90" length="107.90" shape="487.74,822.28 506.83,814.24 586.90,779.76"/>
    </edge>
    <edge id="199239121" from="357" to="693" priority="-1" type="primary" spreadType="center" shape="486.08,822.98 466.12,834.93 457.55,838.16 441.57,844.82">
        <lane id="199239121_0" index="0" speed="13.90" length="42.10" shape="479.53,826.90 466.12,834.93 457.55,838.16 441.57,844.82"/>
    </edge>
    <edge id="199500674" from="694" to="695" priority="-1" type="secondary" spreadType="center" shape="333.49,865.62 340.08,853.28 368.11,830.81">
        <lane id="199500674_0" index="0" speed="13.90" length="43.72" shape="336.41,860.15 340.08,853.28 368.11,830.81"/>
    </edge>
    <edge id="199500675" from="159" to="694" priority="-1" type="primary" spreadType="center">
        <lane id="199500675_0" index="0" speed="13.90" length="12.91" shape="327.13,875.45 334.14,864.62"/>
    </edge>
    <edge id="199500677" from="159" to="699" priority="-1" type="primary" spreadType="center" shape="324.32,879.80 314.46,884.86 300.90,891.72 294.46,896.03">
        <lane id="199500677_0" index="0" speed="13.90" length="34.20" shape="324.48,879.72 314.46,884.86 300.90,891.72 294.46,896.03"/>
    </edge>
    <edge id="199500678" from="184" to="230" priority="-1" type="residential" spreadType="center" shape="506.74,901.32 517.26,918.35 524.86,936.13 527.95,945.99">
        <lane id="199500678_0" index="0" speed="13.90" length="44.63" shape="507.82,903.07 517.26,918.35 524.86,936.13 527.05,943.12"/>
    </edge>
    <edge id="199752604" from="702" to="647" priority="-1" type="primary" spreadType="center">
        <lane id="199752604_0" index="0" speed="13.90" length="18.49" shape="860.58,697.61 879.06,698.17"/>
    </edge>
    <edge id="199752605" from="485" to="702" priority="-1" type="primary" spreadType="center">
        <lane id="199752605_0" index="0" speed="13.90" length="34.36" shape="826.23,696.86 860.58,697.61"/>
    </edge>
    <edge id="199753406" from="691" to="486" priority="-1" type="primary" spreadType="center" shape="586.90,779.76 625.43,761.94 629.66,760.08">
        <lane id="199753406_0" index="0" speed="13.90" length="47.09" shape="586.88,779.77 625.43,761.94 629.66,760.08"/>
    </edge>
    <edge id="199780796" from="694" to="181" priority="-1" type="primary" spreadType="center" shape="333.49,865.62 347.71,859.21 375.12,844.76 387.74,840.00">
        <lane id="199780796_0" index="0" speed="13.90" length="50.56" shape="339.14,863.07 347.71,859.21 375.12,844.76 384.63,841.17"/>
    </edge>
    <edge id="199799715" from="185" to="182" priority="-1" type="residential" spreadType="center" shape="488.75,894.70 470.72,888.74 447.41,881.04">
        <lane id="199799715_0" index="0" speed="13.90" length="43.54" shape="488.75,894.70 470.72,888.74 447.41,881.04"/>
    </edge>
    <edge id="199799716" from="567" to="161" priority="-1" type="secondary" spreadType="center">
        <lane id="199799716_0" index="0" speed="13.90" length="14.71" shape="349.05,743.66 344.33,729.73"/>
    </edge>
    <edge id="210393401" from="115" to="715" priority="-1" type="steps" spreadType="center">
        <lane id="210393401_0" index="0" speed="13.90" length="7.56" shape="1813.79,1362.26 1818.19,1368.40"/>
    </edge>
    <edge id="210393402" from="715" to="717" priority="-1" type="footway" spreadType="center">
        <lane id="210393402_0" index="0" allow="pedestrian" speed="13.90" length="2.72" shape="1820.63,1368.59 1822.54,1366.65"/>
    </edge>
    <edge id="210393406" from="718" to="719" priority="-1" type="cycleway" spreadType="center" shape="1910.02,1256.42 1908.15,1258.55 1906.60,1260.32 1901.77,1264.73 1889.38,1271.44 1858.36,1315.93">
        <lane id="210393406_0" index="0" allow="bicycle" speed="13.90" length="80.05" shape="1910.02,1256.42 1908.15,1258.55 1906.60,1260.32 1901.77,1264.73 1889.38,1271.44 1858.36,1315.93"/>
    </edge>
    <edge id="214920906" from="235" to="721" priority="-1" type="unclassified" spreadType="center" shape="419.32,111.95 418.51,108.73 417.50,104.73 414.66,97.91 413.24,95.06 353.17,46.23">
        <lane id="214920906_0" index="0" speed="13.90" length="95.11" shape="419.24,111.64 418.51,108.73 417.50,104.73 414.66,97.91 413.24,95.06 353.17,46.23"/>
    </edge>
    <edge id="214920908" from="473" to="234" priority="-1" type="tertiary" spreadType="center">
        <lane id="214920908_0" index="0" speed="13.90" length="26.26" shape="434.75,117.96 416.05,136.40"/>
    </edge>
    <edge id="217609175" from="47" to="442" priority="-1" type="footway" spreadType="center" shape="357.83,691.46 350.25,683.68 344.17,676.25 341.59,669.67 340.75,667.35 302.75,551.70 261.19,469.95 233.59,421.78">
        <lane id="217609175_0" index="0" allow="pedestrian" speed="13.90" length="295.15" shape="355.26,688.83 350.25,683.68 344.17,676.25 341.59,669.67 340.75,667.35 302.75,551.70 261.19,469.95 233.65,421.89"/>
    </edge>
    <edge id="217688657" from="47" to="727" priority="-1" type="footway" spreadType="center">
        <lane id="217688657_0" index="0" allow="pedestrian" speed="13.90" length="14.77" shape="363.32,693.95 376.76,700.07"/>
    </edge>
    <edge id="217688658" from="728" to="246" priority="-1" type="footway" spreadType="center" shape="392.82,701.70 430.16,702.96 476.75,691.38 531.94,674.96 556.60,666.53">
        <lane id="217688658_0" index="0" allow="pedestrian" speed="13.90" length="165.83" shape="396.00,701.81 430.16,702.96 476.75,691.38 531.94,674.96 556.60,666.53"/>
    </edge>
    <edge id="219735495" from="730" to="731" priority="-1" type="footway" spreadType="center" shape="326.73,203.15 331.78,205.86 335.42,202.90">
        <lane id="219735495_0" index="0" allow="pedestrian" speed="13.90" length="10.42" shape="326.73,203.15 331.78,205.86 335.42,202.90"/>
    </edge>
    <edge id="219735496" from="732" to="733" priority="-1" type="footway" spreadType="center" shape="132.14,405.80 153.98,382.97 184.02,353.23 210.73,326.26 233.81,302.52 243.14,294.80 250.85,286.84 288.11,245.73 326.73,203.15 343.38,186.56 346.52,183.26 347.33,181.37 350.48,178.08 362.66,164.32 382.12,144.45 388.86,139.11">
        <lane id="219735496_0" index="0" allow="pedestrian" speed="13.90" length="370.55" shape="132.14,405.80 153.98,382.97 184.02,353.23 210.73,326.26 233.81,302.52 243.14,294.80 250.85,286.84 288.11,245.73 326.73,203.15 343.38,186.56 346.52,183.26 347.33,181.37 350.48,178.08 362.66,164.32 382.12,144.45 388.86,139.11"/>
    </edge>
    <edge id="219735498" from="734" to="447" priority="-1" type="footway" spreadType="center" shape="343.38,186.56 351.44,193.56 356.77,198.68">
        <lane id="219735498_0" index="0" allow="pedestrian" speed="13.90" length="14.94" shape="343.38,186.56 351.44,193.56 354.52,196.52"/>
    </edge>
    <edge id="219735499" from="736" to="737" priority="-1" type="footway" spreadType="center" shape="250.85,286.84 257.55,293.00 262.99,298.41 267.78,304.46 271.26,306.83">
        <lane id="219735499_0" index="0" allow="pedestrian" speed="13.90" length="28.70" shape="250.85,286.84 257.55,293.00 262.99,298.41 267.78,304.46 271.26,306.83"/>
    </edge>
    <edge id="224116549" from="738" to="243" priority="-1" type="footway" spreadType="center" shape="826.14,516.16 822.02,514.57 816.43,513.01">
        <lane id="224116549_0" index="0" allow="pedestrian" speed="13.90" length="7.29" shape="826.14,516.16 822.02,514.57 819.25,513.80"/>
    </edge>
    <edge id="22468207" from="86" to="87" priority="-1" type="secondary" spreadType="center" shape="1661.62,2414.11 1653.25,2433.91 1648.72,2444.65">
        <lane id="22468207_0" index="0" speed="13.90" length="33.15" shape="1661.62,2414.11 1653.25,2433.91 1648.72,2444.65"/>
    </edge>
    <edge id="22468208" from="87" to="89" priority="-1" type="secondary" spreadType="center" shape="1648.72,2444.65 1627.29,2497.57 1579.66,2608.32 1520.25,2749.71">
        <lane id="22468208_0" index="0" speed="13.90" length="327.46" shape="1648.72,2444.65 1627.29,2497.57 1579.66,2608.32 1521.63,2746.43"/>
    </edge>
    <edge id="225908922" from="733" to="741" priority="-1" type="footway" spreadType="center" shape="388.86,139.11 396.93,133.37 416.70,110.81">
        <lane id="225908922_0" index="0" allow="pedestrian" speed="13.90" length="39.90" shape="388.86,139.11 396.93,133.37 416.70,110.81"/>
    </edge>
    <edge id="23474311" from="90" to="91" priority="-1" type="footway" spreadType="center" shape="684.03,675.85 685.55,680.90 690.66,688.07 692.95,695.72 694.37,701.60 693.84,706.97">
        <lane id="23474311_0" index="0" allow="pedestrian" speed="13.90" length="27.49" shape="684.72,678.13 685.55,680.90 690.66,688.07 692.95,695.72 694.37,701.60 694.20,703.35"/>
    </edge>
    <edge id="23577411" from="92" to="93" priority="-1" type="footway" spreadType="center">
        <lane id="23577411_0" index="0" allow="pedestrian" speed="13.90" length="1.71" shape="631.42,772.82 632.33,774.27"/>
    </edge>
    <edge id="23739695" from="94" to="95" priority="-1" type="cycleway" spreadType="center" shape="2018.77,1339.60 2010.28,1341.63 2006.28,1341.17 1975.61,1332.63 1964.63,1329.75 1953.40,1325.16 1942.86,1309.48 1905.60,1278.48 1896.60,1271.01">
        <lane id="23739695_0" index="0" allow="bicycle" speed="13.90" length="147.14" shape="2018.77,1339.60 2010.28,1341.63 2006.28,1341.17 1975.61,1332.63 1964.63,1329.75 1953.40,1325.16 1942.86,1309.48 1905.60,1278.48 1896.60,1271.01"/>
    </edge>
    <edge id="23739844" from="95" to="97" priority="-1" type="cycleway" spreadType="center">
        <lane id="23739844_0" index="0" allow="bicycle" speed="13.90" length="50.76" shape="1896.60,1271.01 1857.71,1238.39"/>
    </edge>
    <edge id="23739864" from="98" to="99" priority="-1" type="cycleway" spreadType="center" shape="1833.67,1226.91 1830.27,1227.15 1825.98,1233.79 1825.11,1240.38 1831.41,1247.20 1839.71,1250.69 1851.71,1249.00 1860.19,1245.06 1865.72,1240.08 1867.97,1239.01 1870.14,1239.23 1874.30,1239.70 1876.58,1237.85 1878.87,1236.20 1881.66,1234.91 1885.63,1231.15">
        <lane id="23739864_0" index="0" allow="bicycle" speed="13.90" length="88.32" shape="1833.67,1226.91 1830.27,1227.15 1825.98,1233.79 1825.11,1240.38 1831.41,1247.20 1839.71,1250.69 1851.71,1249.00 1860.19,1245.06 1865.72,1240.08 1867.97,1239.01 1870.14,1239.23 1874.30,1239.70 1876.58,1237.85 1878.87,1236.20 1881.66,1234.91 1885.63,1231.15"/>
    </edge>
    <edge id="23739865" from="100" to="101" priority="-1" type="cycleway" spreadType="center" shape="1830.27,1227.15 1815.43,1233.55 1806.29,1238.91 1787.40,1243.43 1774.76,1242.66">
        <lane id="23739865_0" index="0" allow="bicycle" speed="13.90" length="48.54" shape="1830.27,1227.15 1815.43,1233.55 1806.29,1238.91 1787.40,1243.43 1785.05,1243.29"/>
    </edge>
    <edge id="23739997" from="70" to="103" priority="-1" type="steps" spreadType="center">
        <lane id="23739997_0" index="0" speed="13.90" length="9.16" shape="1851.93,1326.37 1857.51,1333.64"/>
    </edge>
    <edge id="23774652" from="104" to="105" priority="-1" type="secondary" spreadType="center" shape="950.43,675.14 943.31,667.18 936.25,660.09">
        <lane id="23774652_0" index="0" speed="13.90" length="12.50" shape="948.18,672.62 943.31,667.18 939.64,663.49"/>
    </edge>
    <edge id="23854402" from="106" to="54" priority="-1" type="secondary" spreadType="center" shape="1913.45,1530.79 1909.07,1509.86 1906.20,1495.79 1902.77,1480.73 1898.86,1465.71 1892.32,1445.26">
        <lane id="23854402_0" index="0" speed="13.90" length="73.24" shape="1911.68,1522.32 1909.07,1509.86 1906.20,1495.79 1902.77,1480.73 1898.86,1465.71 1894.23,1451.25"/>
    </edge>
    <edge id="23854408" from="108" to="109" priority="-1" type="primary" spreadType="center">
        <lane id="23854408_0" index="0" speed="13.90" length="68.93" shape="1860.91,1355.38 1904.64,1408.66"/>
    </edge>
    <edge id="23854412" from="106" to="111" priority="-1" type="secondary" spreadType="center">
        <lane id="23854412_0" index="0" speed="13.90" length="24.33" shape="1913.77,1527.15 1911.66,1551.39"/>
    </edge>
    <edge id="23866766" from="112" to="113" priority="-1" type="primary" spreadType="center" shape="1047.56,712.73 1034.51,709.25 996.22,707.99">
        <lane id="23866766_0" index="0" speed="13.90" length="47.35" shape="1047.56,712.73 1034.51,709.25 1000.69,708.14"/>
    </edge>
    <edge id="23872457" from="114" to="115" priority="-1" type="footway" spreadType="center">
        <lane id="23872457_0" index="0" allow="pedestrian" speed="13.90" length="7.48" shape="1807.08,1357.78 1813.36,1361.86"/>
    </edge>
    <edge id="238754831" from="141" to="447" priority="-1" type="tertiary" spreadType="center">
        <lane id="238754831_0" index="0" speed="13.90" length="30.58" shape="333.10,222.67 354.58,200.90"/>
    </edge>
    <edge id="23947828" from="42" to="113" priority="-1" type="secondary" spreadType="center" shape="1000.40,659.51 1006.83,673.24 1008.37,679.00 1008.57,682.74 1008.26,687.03 1005.96,693.51 1003.10,698.25 996.22,707.99">
        <lane id="23947828_0" index="0" speed="13.90" length="41.83" shape="1003.46,666.04 1006.83,673.24 1008.37,679.00 1008.57,682.74 1008.26,687.03 1005.96,693.51 1003.10,698.25 998.80,704.34"/>
    </edge>
    <edge id="23947919" from="118" to="119" priority="-1" type="secondary" spreadType="center" shape="865.55,518.94 872.22,527.85 885.97,547.70">
        <lane id="23947919_0" index="0" speed="13.90" length="21.29" shape="867.43,521.45 872.22,527.85 879.80,538.79"/>
    </edge>
    <edge id="23948475" from="53" to="121" priority="-1" type="primary" spreadType="center">
        <lane id="23948475_0" index="0" speed="13.90" length="25.14" shape="1830.33,1362.78 1814.70,1343.09"/>
    </edge>
    <edge id="23948477" from="122" to="123" priority="-1" type="tertiary" spreadType="center" shape="1855.23,1259.88 1861.08,1254.31 1865.36,1248.91 1867.97,1239.01 1866.64,1232.89 1862.03,1222.11">
        <lane id="23948477_0" index="0" speed="13.90" length="24.67" shape="1860.85,1254.53 1861.08,1254.31 1865.36,1248.91 1867.97,1239.01 1866.64,1232.89 1866.26,1232.01"/>
    </edge>
    <edge id="23950597" from="124" to="125" priority="-1" type="cycleway" spreadType="center">
        <lane id="23950597_0" index="0" allow="bicycle" speed="13.90" length="12.93" shape="1823.84,1368.03 1832.00,1378.06"/>
    </edge>
    <edge id="23950598" from="125" to="127" priority="-1" type="cycleway" spreadType="center" shape="1832.07,1378.15 1838.27,1388.36 1847.02,1404.19">
        <lane id="23950598_0" index="0" allow="bicycle" speed="13.90" length="27.34" shape="1832.13,1378.24 1838.27,1388.36 1845.77,1401.93"/>
    </edge>
    <edge id="23963379" from="97" to="129" priority="-1" type="cycleway" spreadType="center" shape="1857.71,1238.39 1846.82,1230.17 1833.67,1226.91 1828.72,1223.16 1823.69,1205.71 1822.63,1196.46">
        <lane id="23963379_0" index="0" allow="bicycle" speed="13.90" length="60.87" shape="1857.71,1238.39 1846.82,1230.17 1833.67,1226.91 1828.72,1223.16 1823.69,1205.71 1822.63,1196.46"/>
    </edge>
    <edge id="24005934" from="130" to="131" priority="-1" type="footway" spreadType="center" shape="1002.79,606.88 1002.81,638.14 996.20,639.74 989.76,640.72 979.69,642.62 972.54,646.65 960.60,653.67 948.15,663.14 943.31,667.18">
        <lane id="24005934_0" index="0" allow="pedestrian" speed="13.90" length="98.83" shape="1002.79,606.88 1002.81,638.14 996.20,639.74 989.76,640.72 979.69,642.62 972.54,646.65 960.60,653.67 948.15,663.14 943.31,667.18"/>
    </edge>
    <edge id="24005968" from="132" to="133" priority="-1" type="footway" spreadType="center" shape="943.31,667.18 940.40,670.90 936.38,674.42">
        <lane id="24005968_0" index="0" allow="pedestrian" speed="13.90" length="10.07" shape="943.31,667.18 940.40,670.90 936.38,674.42"/>
    </edge>
    <edge id="24232612" from="109" to="1" priority="-1" type="primary" spreadType="center" shape="1901.66,1405.03 1929.41,1438.40 1935.47,1445.69">
        <lane id="24232612_0" index="0" speed="13.90" length="38.58" shape="1907.86,1412.49 1929.41,1438.40 1932.53,1442.15"/>
    </edge>
    <edge id="24232613" from="136" to="106" priority="-1" type="secondary" spreadType="center" shape="1919.84,1464.74 1920.65,1475.00 1920.00,1495.50 1918.43,1509.90 1913.45,1530.79">
        <lane id="24232613_0" index="0" speed="13.90" length="53.42" shape="1920.21,1469.42 1920.65,1475.00 1920.00,1495.50 1918.43,1509.90 1915.46,1522.38"/>
    </edge>
    <edge id="24232614" from="138" to="108" priority="-1" type="primary" spreadType="center" shape="1853.06,1344.94 1857.92,1351.40 1860.91,1355.38">
        <lane id="24232614_0" index="0" speed="13.90" length="13.06" shape="1853.06,1344.94 1857.92,1351.40 1860.91,1355.38"/>
    </edge>
    <edge id="24288829" from="140" to="141" priority="-1" type="tertiary" spreadType="center" shape="207.98,348.25 220.94,336.75 255.24,306.65 262.99,298.41 333.10,222.67">
        <lane id="24288829_0" index="0" speed="13.90" length="175.34" shape="209.58,346.83 220.94,336.75 255.24,306.65 262.99,298.41 333.10,222.67"/>
    </edge>
    <edge id="243415892" from="744" to="745" priority="-1" type="footway" spreadType="center" shape="270.94,66.35 314.96,97.11 376.77,139.65">
        <lane id="243415892_0" index="0" allow="pedestrian" speed="13.90" length="128.63" shape="270.94,66.35 314.96,97.11 376.69,139.59"/>
    </edge>
    <edge id="243415894" from="746" to="747" priority="-1" type="footway" spreadType="center">
        <lane id="243415894_0" index="0" allow="pedestrian" speed="13.90" length="7.57" shape="291.85,129.93 287.38,136.04"/>
    </edge>
    <edge id="243415895" from="745" to="451" priority="-1" type="footway" spreadType="center" shape="376.77,139.65 382.12,144.45 390.07,151.58 396.72,158.18">
        <lane id="243415895_0" index="0" allow="pedestrian" speed="13.90" length="23.85" shape="376.85,139.72 382.12,144.45 390.07,151.58 394.39,155.86"/>
    </edge>
    <edge id="24379536" from="142" to="143" priority="-1" type="cycleway" spreadType="center" shape="558.42,831.69 595.98,802.13 629.89,770.36 625.43,761.94">
        <lane id="24379536_0" index="0" allow="bicycle" speed="13.90" length="94.23" shape="565.94,825.77 595.98,802.13 629.89,770.36 625.43,761.94"/>
    </edge>
    <edge id="24407070" from="85" to="145" priority="-1" type="tertiary" spreadType="center" shape="453.23,107.96 463.06,106.58 472.03,107.44 481.51,111.33 493.33,118.59 502.95,126.29 571.18,190.81 583.80,204.00 688.78,317.73 785.48,420.35">
        <lane id="24407070_0" index="0" speed="13.90" length="456.26" shape="460.22,106.98 463.06,106.58 472.03,107.44 481.51,111.33 493.33,118.59 502.95,126.29 571.18,190.81 583.80,204.00 688.78,317.73 785.48,420.35"/>
    </edge>
    <edge id="24407072" from="146" to="147" priority="-1" type="tertiary" spreadType="center" shape="209.32,387.80 198.64,379.99 193.95,376.93 179.56,374.75">
        <lane id="24407072_0" index="0" speed="13.90" length="23.38" shape="205.03,384.66 198.64,379.99 193.95,376.93 184.19,375.45"/>
    </edge>
    <edge id="24408149" from="148" to="149" priority="-1" type="steps" spreadType="center">
        <lane id="24408149_0" index="0" speed="13.90" length="18.41" shape="955.78,474.60 942.17,487.01"/>
    </edge>
    <edge id="24408152" from="149" to="151" priority="-1" type="footway" spreadType="center" shape="942.18,487.00 912.87,512.77 893.33,527.56 890.45,533.45 891.18,539.10 893.58,547.35">
        <lane id="24408152_0" index="0" allow="pedestrian" speed="13.90" length="80.62" shape="942.18,487.00 912.87,512.77 893.33,527.56 890.45,533.45 891.18,539.10 892.53,543.74"/>
    </edge>
    <edge id="24410094" from="152" to="153" priority="-1" type="residential" spreadType="center" shape="1064.06,683.59 1076.83,692.98 1130.22,729.70 1136.97,743.28">
        <lane id="24410094_0" index="0" speed="13.90" length="92.33" shape="1066.86,685.65 1076.83,692.98 1130.22,729.70 1136.97,743.28"/>
    </edge>
    <edge id="24433342" from="3" to="57" priority="-1" type="footway" spreadType="center" shape="1685.47,1137.36 1696.28,1151.86 1692.75,1154.67 1681.77,1163.31">
        <lane id="24433342_0" index="0" allow="pedestrian" speed="13.90" length="30.14" shape="1687.49,1140.06 1696.28,1151.86 1692.75,1154.67 1684.17,1161.42"/>
    </edge>
    <edge id="24483192" from="156" to="157" priority="-1" type="secondary" spreadType="center">
        <lane id="24483192_0" index="0" speed="13.90" length="31.07" shape="376.27,818.46 367.64,788.61"/>
    </edge>
    <edge id="24483197" from="158" to="159" priority="-1" type="primary" spreadType="center" shape="403.39,858.63 381.00,867.34 351.23,874.64 341.63,876.73 324.32,879.80">
        <lane id="24483197_0" index="0" speed="13.90" length="72.54" shape="399.32,860.21 381.00,867.34 351.23,874.64 341.63,876.73 329.42,878.90"/>
    </edge>
    <edge id="24483344" from="160" to="161" priority="-1" type="secondary" spreadType="center" shape="146.34,765.58 171.40,761.87 231.72,748.50 331.68,726.82 343.08,726.05">
        <lane id="24483344_0" index="0" speed="13.90" length="197.32" shape="146.34,765.58 171.40,761.87 231.72,748.50 331.68,726.82 339.58,726.29"/>
    </edge>
    <edge id="24505980" from="113" to="104" priority="-1" type="secondary" spreadType="center" shape="996.22,707.99 986.18,702.43 981.12,699.19 974.85,695.46 958.85,682.88 950.43,675.14">
        <lane id="24505980_0" index="0" speed="13.90" length="44.76" shape="988.97,703.98 986.18,702.43 981.12,699.19 974.85,695.46 958.85,682.88 953.03,677.53"/>
    </edge>
    <edge id="24505985" from="164" to="165" priority="-1" type="footway" spreadType="center" shape="948.44,730.26 987.48,731.59 1024.46,733.88 1040.14,735.75 1050.10,738.89 1054.52,740.71">
        <lane id="24505985_0" index="0" allow="pedestrian" speed="13.90" length="100.87" shape="951.30,730.36 987.48,731.59 1024.46,733.88 1040.14,735.75 1050.10,738.89 1051.39,739.42"/>
    </edge>
    <edge id="24595614" from="19" to="89" priority="-1" type="residential" spreadType="center" shape="1268.19,2638.95 1271.16,2659.30 1274.33,2666.70 1279.19,2677.92 1299.99,2698.68 1321.09,2713.04 1338.01,2718.64 1520.25,2749.71">
        <lane id="24595614_0" index="0" speed="13.90" length="294.59" shape="1268.24,2639.29 1271.16,2659.30 1274.33,2666.70 1279.19,2677.92 1299.99,2698.68 1321.09,2713.04 1338.01,2718.64 1516.79,2749.12"/>
    </edge>
    <edge id="24595622" from="6" to="169" priority="-1" type="residential" spreadType="center" shape="1291.22,2563.53 1335.61,2437.62 1341.44,2421.06 1371.09,2336.03">
        <lane id="24595622_0" index="0" speed="13.90" length="226.35" shape="1294.20,2555.08 1335.61,2437.62 1341.44,2421.06 1369.18,2341.51"/>
    </edge>
    <edge id="24595627" from="67" to="171" priority="-1" type="cycleway" spreadType="center" shape="1878.87,1467.46 1887.18,1495.34 1892.87,1529.88">
        <lane id="24595627_0" index="0" allow="bicycle" speed="13.90" length="58.64" shape="1879.80,1470.57 1887.18,1495.34 1892.51,1527.70"/>
    </edge>
    <edge id="24595673" from="65" to="124" priority="-1" type="cycleway" spreadType="center" shape="1768.91,1299.78 1776.85,1305.79 1822.54,1366.65 1823.84,1368.03">
        <lane id="24595673_0" index="0" allow="bicycle" speed="13.90" length="83.01" shape="1772.86,1302.77 1776.85,1305.79 1822.54,1366.65 1823.84,1368.03"/>
    </edge>
    <edge id="24852489" from="174" to="175" priority="-1" type="footway" spreadType="center">
        <lane id="24852489_0" index="0" allow="pedestrian" speed="13.90" length="61.04" shape="665.40,670.55 608.94,693.76"/>
    </edge>
    <edge id="24852490" from="175" to="177" priority="-1" type="footway" spreadType="center" shape="608.84,693.80 586.46,706.83 569.79,728.12">
        <lane id="24852490_0" index="0" allow="pedestrian" speed="13.90" length="52.31" shape="608.74,693.86 586.46,706.83 570.11,727.71"/>
    </edge>
    <edge id="25738392" from="178" to="89" priority="-1" type="residential" spreadType="center" shape="1713.54,2779.70 1652.22,2769.53 1520.25,2749.71">
        <lane id="25738392_0" index="0" speed="13.90" length="192.05" shape="1713.54,2779.70 1652.22,2769.53 1523.77,2750.24"/>
    </edge>
    <edge id="25866655" from="158" to="181" priority="-1" type="residential" spreadType="center" shape="403.39,858.63 400.03,855.23 392.28,846.00 387.74,840.00">
        <lane id="25866655_0" index="0" speed="13.90" length="16.95" shape="400.62,855.83 400.03,855.23 392.28,846.00 389.84,842.77"/>
    </edge>
    <edge id="25866659" from="182" to="158" priority="-1" type="residential" spreadType="center" shape="447.41,881.04 429.60,874.52 418.45,870.54 403.39,858.63">
        <lane id="25866659_0" index="0" speed="13.90" length="45.64" shape="447.41,881.04 429.60,874.52 418.45,870.54 406.81,861.34"/>
    </edge>
    <edge id="26626731" from="184" to="185" priority="-1" type="residential" spreadType="center">
        <lane id="26626731_0" index="0" speed="13.90" length="13.47" shape="501.39,899.35 488.75,894.70"/>
    </edge>
    <edge id="26975623" from="186" to="184" priority="-1" type="residential" spreadType="center" shape="417.89,831.08 427.08,849.97 434.04,858.27 438.94,865.06 445.33,869.28 451.96,870.68 484.26,880.23 498.74,886.35 506.74,901.32">
        <lane id="26975623_0" index="0" speed="13.90" length="110.72" shape="419.90,835.22 427.08,849.97 434.04,858.27 438.94,865.06 445.33,869.28 451.96,870.68 484.26,880.23 498.74,886.35 504.05,896.29"/>
    </edge>
    <edge id="27064186" from="158" to="189" priority="-1" type="residential" spreadType="center">
        <lane id="27064186_0" index="0" speed="13.90" length="17.27" shape="402.60,862.93 399.46,879.91"/>
    </edge>
    <edge id="27128185" from="190" to="127" priority="-1" type="footway" spreadType="center" shape="1898.41,1584.20 1889.66,1581.05 1880.03,1575.83 1868.56,1569.19 1853.10,1555.06 1832.61,1530.52 1814.08,1444.56 1847.02,1404.19">
        <lane id="27128185_0" index="0" allow="pedestrian" speed="13.90" length="218.52" shape="1894.61,1582.83 1889.66,1581.05 1880.03,1575.83 1868.56,1569.19 1853.10,1555.06 1832.61,1530.52 1814.08,1444.56 1844.56,1407.21"/>
    </edge>
    <edge id="27128192" from="192" to="193" priority="-1" type="steps" spreadType="center">
        <lane id="27128192_0" index="0" speed="13.90" length="13.79" shape="1827.64,1397.14 1838.27,1388.36"/>
    </edge>
    <edge id="27128194" from="192" to="195" priority="-1" type="footway" spreadType="center" shape="1827.05,1397.63 1812.23,1406.10 1814.08,1444.56">
        <lane id="27128194_0" index="0" allow="pedestrian" speed="13.90" length="54.81" shape="1826.38,1398.01 1812.23,1406.10 1814.08,1444.56"/>
    </edge>
    <edge id="27243906" from="196" to="197" priority="-1" type="steps" spreadType="center">
        <lane id="27243906_0" index="0" speed="13.90" length="16.20" shape="1901.45,1282.25 1889.38,1271.44"/>
    </edge>
    <edge id="27461598" from="198" to="199" priority="-1" type="primary" spreadType="center" shape="1879.33,1266.65 1855.57,1289.47 1850.67,1294.14">
        <lane id="27461598_0" index="0" speed="13.90" length="37.96" shape="1879.33,1266.65 1855.57,1289.47 1851.94,1292.93"/>
    </edge>
    <edge id="28262107" from="33" to="201" priority="-1" type="primary" spreadType="center">
        <lane id="28262107_0" index="0" speed="13.90" length="16.90" shape="1725.18,1195.82 1737.04,1207.86"/>
    </edge>
    <edge id="283487666" from="750" to="751" priority="-1" type="footway" spreadType="center">
        <lane id="283487666_0" index="0" allow="pedestrian" speed="13.90" length="24.85" shape="716.04,741.54 738.37,730.64"/>
    </edge>
    <edge id="283487668" from="752" to="753" priority="-1" type="footway" spreadType="center">
        <lane id="283487668_0" index="0" allow="pedestrian" speed="13.90" length="6.41" shape="592.65,708.49 586.46,706.83"/>
    </edge>
    <edge id="283487670" from="541" to="174" priority="-1" type="footway" spreadType="center" shape="695.66,664.77 686.34,665.33 676.88,667.54 665.50,670.51">
        <lane id="283487670_0" index="0" allow="pedestrian" speed="13.90" length="23.75" shape="688.72,665.19 686.34,665.33 676.88,667.54 665.60,670.48"/>
    </edge>
    <edge id="283487673" from="439" to="752" priority="-1" type="steps" spreadType="center">
        <lane id="283487673_0" index="0" speed="13.90" length="6.91" shape="600.06,705.79 593.67,708.42"/>
    </edge>
    <edge id="283487675" from="256" to="750" priority="-1" type="steps" spreadType="center">
        <lane id="283487675_0" index="0" speed="13.90" length="11.45" shape="705.81,746.67 716.04,741.54"/>
    </edge>
    <edge id="283487677" from="267" to="541" priority="-1" type="footway" spreadType="center">
        <lane id="283487677_0" index="0" allow="pedestrian" speed="13.90" length="0.18" shape="690.07,668.85 690.22,668.74"/>
    </edge>
    <edge id="283487678" from="91" to="763" priority="-1" type="steps" spreadType="center" shape="693.84,706.97 704.90,704.85 713.28,703.12">
        <lane id="283487678_0" index="0" speed="13.90" length="15.93" shape="697.42,706.28 704.90,704.85 713.04,703.17"/>
    </edge>
    <edge id="283487681" from="763" to="765" priority="-1" type="footway" spreadType="center" shape="713.28,703.12 723.64,704.18 728.60,717.75">
        <lane id="283487681_0" index="0" allow="pedestrian" speed="13.90" length="24.62" shape="713.53,703.15 723.64,704.18 728.60,717.75"/>
    </edge>
    <edge id="284139902" from="766" to="158" priority="-1" type="primary" spreadType="center">
        <lane id="284139902_0" index="0" speed="13.90" length="19.63" shape="427.08,849.97 408.65,856.71"/>
    </edge>
    <edge id="291737406" from="461" to="230" priority="-1" type="residential" spreadType="center" shape="429.15,982.19 522.04,948.24 527.95,945.99">
        <lane id="291737406_0" index="0" speed="13.90" length="100.47" shape="430.72,981.62 522.04,948.24 525.06,947.09"/>
    </edge>
    <edge id="292276096" from="319" to="48" priority="-1" type="secondary" spreadType="center" shape="1908.42,1586.47 1907.22,1600.13 1906.92,1603.54">
        <lane id="292276096_0" index="0" speed="13.90" length="14.09" shape="1908.15,1589.53 1907.22,1600.13 1906.92,1603.56"/>
    </edge>
    <edge id="30040906" from="60" to="203" priority="-1" type="tertiary" spreadType="center" shape="1900.28,1247.28 1910.02,1256.42 1956.15,1296.98">
        <lane id="30040906_0" index="0" speed="13.90" length="72.66" shape="1902.61,1249.47 1910.02,1256.42 1956.96,1297.69"/>
    </edge>
    <edge id="30040907" from="203" to="4" priority="-1" type="tertiary" spreadType="center" shape="1956.15,1296.98 1980.70,1314.16 1991.22,1326.36">
        <lane id="30040907_0" index="0" speed="13.90" length="33.43" shape="1961.13,1300.46 1980.70,1314.16 1986.93,1321.39"/>
    </edge>
    <edge id="30504565" from="1" to="207" priority="-1" type="primary" spreadType="center" shape="1935.47,1445.69 1961.12,1478.19 1973.66,1498.57">
        <lane id="30504565_0" index="0" speed="13.90" length="51.05" shape="1938.76,1449.86 1961.12,1478.19 1968.96,1490.93"/>
    </edge>
    <edge id="30661804" from="57" to="65" priority="-1" type="cycleway" spreadType="center" shape="1681.77,1163.31 1688.14,1172.05 1718.71,1212.87 1747.41,1255.79 1768.91,1299.78">
        <lane id="30661804_0" index="0" allow="bicycle" speed="13.90" length="159.37" shape="1683.56,1165.77 1688.14,1172.05 1718.71,1212.87 1747.41,1255.79 1768.91,1299.78"/>
    </edge>
    <edge id="30799062" from="136" to="54" priority="-1" type="primary" spreadType="center">
        <lane id="30799062_0" index="0" speed="13.90" length="21.68" shape="1915.14,1461.42 1897.45,1448.89"/>
    </edge>
    <edge id="309630679" from="549" to="773" priority="-1" type="footway" spreadType="center" shape="402.82,757.75 404.75,766.11 412.79,790.07 421.63,815.52 425.90,822.53">
        <lane id="309630679_0" index="0" allow="pedestrian" speed="13.90" length="68.55" shape="402.92,758.19 404.75,766.11 412.79,790.07 421.63,815.52 425.90,822.53"/>
    </edge>
    <edge id="316353728" from="774" to="354" priority="-1" type="footway" spreadType="center" shape="893.33,527.56 884.23,523.85 881.50,522.90 880.41,521.86">
        <lane id="316353728_0" index="0" allow="pedestrian" speed="13.90" length="11.39" shape="893.33,527.56 884.23,523.85 882.76,523.34"/>
    </edge>
    <edge id="31641305" from="7" to="213" priority="-1" type="residential" spreadType="center">
        <lane id="31641305_0" index="0" speed="13.90" length="163.98" shape="1579.66,2608.32 1741.47,2634.92"/>
    </edge>
    <edge id="329928472" from="279" to="746" priority="-1" type="footway" spreadType="center">
        <lane id="329928472_0" index="0" allow="pedestrian" speed="13.90" length="37.80" shape="313.64,99.05 291.85,129.94"/>
    </edge>
    <edge id="330587450" from="92" to="503" priority="-1" type="cycleway" spreadType="center" shape="629.89,770.36 590.48,788.16 580.20,796.34 483.81,837.61 440.58,854.58">
        <lane id="330587450_0" index="0" allow="bicycle" speed="13.90" length="200.08" shape="627.25,771.55 590.48,788.16 580.20,796.34 483.81,837.61 444.95,852.86"/>
    </edge>
    <edge id="33276054" from="214" to="171" priority="-1" type="footway" spreadType="center" shape="1853.10,1555.06 1858.59,1577.00 1863.94,1587.60 1871.74,1593.69 1880.03,1575.83 1885.76,1549.96 1886.65,1540.60 1888.13,1535.89 1892.87,1529.88">
        <lane id="33276054_0" index="0" allow="pedestrian" speed="13.90" length="107.11" shape="1853.10,1555.06 1858.59,1577.00 1863.94,1587.60 1871.74,1593.69 1880.03,1575.83 1885.76,1549.96 1886.65,1540.60 1888.13,1535.89 1889.49,1534.16"/>
    </edge>
    <edge id="33276090" from="216" to="217" priority="-1" type="footway" spreadType="center" shape="1871.74,1593.69 1871.59,1596.71 1872.88,1600.13 1876.14,1604.25 1879.91,1607.94 1883.50,1609.62 1895.50,1610.36">
        <lane id="33276090_0" index="0" allow="pedestrian" speed="13.90" length="33.19" shape="1871.74,1593.69 1871.59,1596.71 1872.88,1600.13 1876.14,1604.25 1879.91,1607.94 1883.50,1609.62 1895.50,1610.36"/>
    </edge>
    <edge id="33276172" from="218" to="219" priority="-1" type="footway" spreadType="center" shape="1890.43,1649.09 1888.98,1648.75 1887.02,1648.02 1884.79,1646.86 1882.56,1645.92 1879.62,1645.45 1877.00,1645.98 1873.43,1647.85 1870.55,1650.44 1868.24,1655.04 1863.07,1665.75 1862.00,1680.15 1863.53,1689.43 1864.90,1698.80 1870.32,1708.93 1876.47,1710.20">
        <lane id="33276172_0" index="0" allow="pedestrian" speed="13.90" length="89.46" shape="1889.72,1648.92 1888.98,1648.75 1887.02,1648.02 1884.79,1646.86 1882.56,1645.92 1879.62,1645.45 1877.00,1645.98 1873.43,1647.85 1870.55,1650.44 1868.24,1655.04 1863.07,1665.75 1862.00,1680.15 1863.53,1689.43 1864.90,1698.80 1870.32,1708.93 1876.47,1710.20"/>
    </edge>
    <edge id="33276173" from="218" to="221" priority="-1" type="footway" spreadType="center">
        <lane id="33276173_0" index="0" allow="pedestrian" speed="13.90" length="19.28" shape="1891.16,1649.13 1910.41,1650.18"/>
    </edge>
    <edge id="33276174" from="222" to="223" priority="-1" type="footway" spreadType="center">
        <lane id="33276174_0" index="0" allow="pedestrian" speed="13.90" length="5.63" shape="1913.57,1650.41 1913.11,1656.02"/>
    </edge>
    <edge id="33276175" from="68" to="225" priority="-1" type="footway" spreadType="center" shape="1899.31,1663.47 1911.98,1664.36 1960.42,1667.72 2050.24,1674.65 2065.63,1675.49">
        <lane id="33276175_0" index="0" allow="pedestrian" speed="13.90" length="163.56" shape="1902.50,1663.69 1911.98,1664.36 1960.42,1667.72 2050.24,1674.65 2065.63,1675.49"/>
    </edge>
    <edge id="3404421" from="0" to="1" priority="-1" type="tertiary" spreadType="center" shape="1947.00,1481.30 1935.50,1463.50 1934.11,1456.43 1935.47,1445.69">
        <lane id="3404421_0" index="0" speed="13.90" length="25.56" shape="1942.47,1474.28 1935.50,1463.50 1934.11,1456.43 1934.80,1450.96"/>
    </edge>
    <edge id="340675955" from="333" to="783" priority="-1" type="primary" spreadType="center">
        <lane id="340675955_0" index="0" speed="13.90" length="57.37" shape="1099.36,732.91 1145.40,767.14"/>
    </edge>
    <edge id="340675956" from="783" to="422" priority="-1" type="primary" spreadType="center" shape="1145.40,767.14 1257.30,832.63 1315.22,871.63 1347.24,893.19 1374.59,913.12 1385.47,921.34 1412.80,945.17 1427.99,957.91 1450.36,974.80 1463.88,983.74 1496.45,1002.01 1577.32,1041.33">
        <lane id="340675956_0" index="0" speed="13.90" length="503.41" shape="1145.40,767.14 1257.30,832.63 1315.22,871.63 1347.24,893.19 1374.59,913.12 1385.47,921.34 1412.80,945.17 1427.99,957.91 1450.36,974.80 1463.88,983.74 1496.45,1002.01 1568.56,1037.07"/>
    </edge>
    <edge id="340675975" from="304" to="254" priority="-1" type="cycleway" spreadType="center" shape="946.65,716.06 908.19,714.03 842.89,711.16 826.41,710.59 812.13,710.95 800.12,712.16 782.45,714.80 775.40,716.53 752.15,722.53 747.16,723.56 736.93,726.40">
        <lane id="340675975_0" index="0" allow="bicycle" speed="13.90" length="205.01" shape="943.29,715.88 908.19,714.03 842.89,711.16 826.41,710.59 812.13,710.95 800.12,712.16 782.45,714.80 775.40,716.53 752.15,722.53 747.16,723.56 740.01,725.55"/>
    </edge>
    <edge id="340675976" from="788" to="789" priority="-1" type="steps" spreadType="center">
        <lane id="340675976_0" index="0" speed="13.90" length="7.85" shape="1050.72,730.98 1049.70,738.76"/>
    </edge>
    <edge id="34209556" from="226" to="165" priority="-1" type="footway" spreadType="center" shape="1050.84,726.08 1055.35,731.65 1055.76,735.29 1054.52,740.71">
        <lane id="34209556_0" index="0" allow="pedestrian" speed="13.90" length="4.60" shape="1055.49,732.88 1055.76,735.29 1055.28,737.41"/>
    </edge>
    <edge id="34225053" from="228" to="66" priority="-1" type="cycleway" spreadType="center" shape="1980.70,1314.16 1977.61,1322.92 1975.61,1332.63 1981.23,1353.54 1985.12,1362.35 1978.06,1381.29 1962.24,1424.02 1958.51,1440.34 1950.98,1452.03">
        <lane id="34225053_0" index="0" allow="bicycle" speed="13.90" length="143.25" shape="1980.70,1314.16 1977.61,1322.92 1975.61,1332.63 1981.23,1353.54 1985.12,1362.35 1978.06,1381.29 1962.24,1424.02 1958.51,1440.34 1952.96,1448.95"/>
    </edge>
    <edge id="34386694" from="230" to="231" priority="-1" type="footway" spreadType="center">
        <lane id="34386694_0" index="0" allow="pedestrian" speed="13.90" length="4.34" shape="531.83,946.06 536.17,946.13"/>
    </edge>
    <edge id="344502097" from="790" to="791" priority="-1" type="footway" spreadType="center" shape="1862.00,1680.15 1858.88,1684.39 1853.35,1695.80 1854.43,1706.39 1853.24,1712.45 1853.41,1729.80 1853.07,1740.21 1852.73,1750.97 1851.07,1769.87 1851.38,1784.03 1846.08,1804.26 1843.34,1811.14 1833.69,1829.91 1826.60,1842.72 1818.68,1855.31 1812.40,1865.28 1803.26,1871.98 1796.24,1881.78 1792.50,1887.02 1786.89,1897.03 1785.63,1898.67 1781.20,1904.66 1771.24,1912.32 1762.81,1919.68 1737.91,1942.23 1714.48,1968.34 1710.73,1975.91">
        <lane id="344502097_0" index="0" allow="pedestrian" speed="13.90" length="348.85" shape="1862.00,1680.15 1858.88,1684.39 1853.35,1695.80 1854.43,1706.39 1853.24,1712.45 1853.41,1729.80 1853.07,1740.21 1852.73,1750.97 1851.07,1769.87 1851.38,1784.03 1846.08,1804.26 1843.34,1811.14 1833.69,1829.91 1826.60,1842.72 1818.68,1855.31 1812.40,1865.28 1803.26,1871.98 1796.24,1881.78 1792.50,1887.02 1786.89,1897.03 1785.63,1898.67 1781.20,1904.66 1771.24,1912.32 1762.81,1919.68 1737.91,1942.23 1714.48,1968.34 1710.73,1975.91"/>
    </edge>
    <edge id="344502098" from="792" to="793" priority="-1" type="footway" spreadType="center" shape="1812.40,1865.28 1820.36,1861.63 1830.40,1860.21 1842.02,1860.39">
        <lane id="344502098_0" index="0" allow="pedestrian" speed="13.90" length="30.52" shape="1812.40,1865.28 1820.36,1861.63 1830.40,1860.21 1842.02,1860.39"/>
    </edge>
    <edge id="344502099" from="794" to="795" priority="-1" type="footway" spreadType="center" shape="1818.68,1855.31 1824.15,1855.17 1832.79,1852.43 1839.57,1848.31 1845.24,1845.27 1851.38,1839.57">
        <lane id="344502099_0" index="0" allow="pedestrian" speed="13.90" length="37.28" shape="1818.68,1855.31 1824.15,1855.17 1832.79,1852.43 1839.57,1848.31 1845.24,1845.27 1851.38,1839.57"/>
    </edge>
    <edge id="344502100" from="796" to="797" priority="-1" type="footway" spreadType="center" shape="1785.63,1898.67 1786.99,1903.66 1795.45,1917.09">
        <lane id="344502100_0" index="0" allow="pedestrian" speed="13.90" length="21.04" shape="1785.63,1898.67 1786.99,1903.66 1795.45,1917.09"/>
    </edge>
    <edge id="344502101" from="798" to="799" priority="-1" type="footway" spreadType="center" shape="1803.26,1871.98 1808.58,1876.86 1821.27,1887.96">
        <lane id="344502101_0" index="0" allow="pedestrian" speed="13.90" length="24.08" shape="1803.26,1871.98 1808.58,1876.86 1821.27,1887.96"/>
    </edge>
    <edge id="344502102" from="69" to="801" priority="-1" type="footway" spreadType="center" shape="1875.36,1718.17 1869.78,1718.64 1859.65,1730.31 1853.07,1740.21">
        <lane id="344502102_0" index="0" allow="pedestrian" speed="13.90" length="29.44" shape="1871.87,1718.46 1869.78,1718.64 1859.65,1730.31 1853.07,1740.21"/>
    </edge>
    <edge id="344502103" from="802" to="803" priority="-1" type="footway" spreadType="center" shape="1863.53,1689.43 1866.08,1691.88 1870.18,1694.23 1879.57,1694.07">
        <lane id="344502103_0" index="0" allow="pedestrian" speed="13.90" length="17.65" shape="1863.53,1689.43 1866.08,1691.88 1870.18,1694.23 1879.57,1694.07"/>
    </edge>
    <edge id="350033476" from="621" to="805" priority="-1" type="tertiary" spreadType="center">
        <lane id="350033476_0" index="0" speed="13.90" length="5.48" shape="824.75,491.22 822.09,486.42"/>
    </edge>
    <edge id="350033480" from="806" to="621" priority="-1" type="tertiary_link" spreadType="center" shape="813.07,541.16 818.74,522.89 822.02,514.57 823.23,509.29 823.62,504.58 825.75,493.03">
        <lane id="350033480_0" index="0" speed="13.90" length="43.24" shape="813.07,541.16 818.74,522.89 822.02,514.57 823.23,509.29 823.62,504.58 824.53,499.64"/>
    </edge>
    <edge id="350033482" from="808" to="809" priority="-1" type="footway" spreadType="center">
        <lane id="350033482_0" index="0" allow="pedestrian" speed="13.90" length="21.43" shape="871.83,609.94 852.40,600.91"/>
    </edge>
    <edge id="350033484" from="622" to="359" priority="-1" type="tertiary_link" spreadType="center" shape="832.88,479.72 852.92,485.73 857.76,487.36 876.95,487.56">
        <lane id="350033484_0" index="0" speed="13.90" length="29.77" shape="842.25,482.53 852.92,485.73 857.76,487.36 871.27,487.50"/>
    </edge>
    <edge id="350033485" from="812" to="118" priority="-1" type="secondary" spreadType="center" shape="878.82,506.90 873.33,512.14 865.55,518.94">
        <lane id="350033485_0" index="0" speed="13.90" length="14.62" shape="878.82,506.90 873.33,512.14 868.04,516.76"/>
    </edge>
    <edge id="35416014" from="89" to="233" priority="-1" type="secondary" spreadType="center" shape="1520.25,2749.71 1506.62,2782.54 1468.18,2872.19 1454.51,2903.54 1444.60,2927.60">
        <lane id="35416014_0" index="0" speed="13.90" length="189.81" shape="1518.91,2752.95 1506.62,2782.54 1468.18,2872.19 1454.51,2903.54 1444.60,2927.60"/>
    </edge>
    <edge id="362973377" from="93" to="815" priority="-1" type="steps" spreadType="center">
        <lane id="362973377_0" index="0" speed="13.90" length="15.93" shape="632.56,774.56 643.84,785.81"/>
    </edge>
    <edge id="363104436" from="103" to="817" priority="-1" type="footway" spreadType="center">
        <lane id="363104436_0" index="0" allow="pedestrian" speed="13.90" length="8.94" shape="1857.32,1335.79 1850.73,1341.83"/>
    </edge>
    <edge id="363104439" from="121" to="62" priority="-1" type="primary" spreadType="center" shape="1814.70,1343.09 1802.24,1326.03 1793.44,1314.49">
        <lane id="363104439_0" index="0" speed="13.90" length="28.31" shape="1814.70,1343.09 1802.24,1326.03 1797.88,1320.32"/>
    </edge>
    <edge id="363112756" from="567" to="821" priority="-1" type="secondary" spreadType="center" shape="350.12,746.80 338.99,749.07 334.26,750.11 293.91,758.97 274.80,763.18 268.24,764.61 240.36,770.74 222.44,774.68 149.54,790.69 108.89,799.62 105.29,800.13">
        <lane id="363112756_0" index="0" speed="13.90" length="247.27" shape="346.87,747.46 338.99,749.07 334.26,750.11 293.91,758.97 274.80,763.18 268.24,764.61 240.36,770.74 222.44,774.68 149.54,790.69 108.89,799.62 105.29,800.13"/>
    </edge>
    <edge id="363112761" from="728" to="823" priority="-1" type="footway" spreadType="center" shape="392.82,701.70 380.05,700.85 376.76,700.07 378.82,686.04">
        <lane id="363112761_0" index="0" allow="pedestrian" speed="13.90" length="27.39" shape="389.86,701.50 380.05,700.85 376.76,700.07 378.82,686.04"/>
    </edge>
    <edge id="363112762" from="515" to="728" priority="-1" type="footway" spreadType="center" shape="393.12,718.55 393.03,713.55 392.82,701.70">
        <lane id="363112762_0" index="0" allow="pedestrian" speed="13.90" length="13.47" shape="393.12,718.35 393.03,713.55 392.88,704.88"/>
    </edge>
    <edge id="363112763" from="476" to="265" priority="-1" type="footway" spreadType="center">
        <lane id="363112763_0" index="0" allow="pedestrian" speed="13.90" length="5.71" shape="345.14,758.98 350.59,757.25"/>
    </edge>
    <edge id="363130338" from="355" to="829" priority="-1" type="footway" spreadType="center" shape="857.76,487.36 850.31,493.62 841.71,501.79 832.80,509.16 826.14,516.16 829.67,526.65 835.45,542.71 838.55,552.49">
        <lane id="363130338_0" index="0" allow="pedestrian" speed="13.90" length="79.18" shape="856.20,488.67 850.31,493.62 841.71,501.79 832.80,509.16 826.14,516.16 829.67,526.65 835.45,542.71 838.55,552.49"/>
    </edge>
    <edge id="363130342" from="354" to="831" priority="-1" type="footway" spreadType="center" shape="880.41,521.86 872.22,527.85 861.21,536.65 857.42,538.69 846.61,546.59 838.55,552.49 819.63,565.50 779.10,587.30">
        <lane id="363130342_0" index="0" allow="pedestrian" speed="13.90" length="107.39" shape="877.96,523.65 872.22,527.85 861.21,536.65 857.42,538.69 846.61,546.59 838.55,552.49 819.63,565.50 788.34,582.33"/>
    </edge>
    <edge id="364563587" from="832" to="833" priority="-1" type="footway" spreadType="center">
        <lane id="364563587_0" index="0" allow="pedestrian" speed="13.90" length="11.41" shape="1682.29,1993.84 1687.44,2004.02"/>
    </edge>
    <edge id="3655718" from="2" to="3" priority="-1" type="unclassified" spreadType="center">
        <lane id="3655718_0" index="0" speed="13.90" length="24.43" shape="1706.44,1119.44 1687.87,1135.31"/>
    </edge>
    <edge id="36795286" from="234" to="235" priority="-1" type="unclassified" spreadType="center" shape="412.61,139.79 412.10,134.86 417.56,123.75 419.32,111.95">
        <lane id="36795286_0" index="0" speed="13.90" length="24.14" shape="412.12,135.01 412.10,134.86 417.56,123.75 419.27,112.27"/>
    </edge>
    <edge id="368989698" from="834" to="529" priority="-1" type="cycleway" spreadType="center">
        <lane id="368989698_0" index="0" allow="bicycle" speed="13.90" length="23.86" shape="937.01,473.82 914.02,480.18"/>
    </edge>
    <edge id="368989705" from="529" to="812" priority="-1" type="secondary" spreadType="center" shape="906.01,482.40 890.29,496.87 878.82,506.90">
        <lane id="368989705_0" index="0" speed="13.90" length="39.91" shape="908.44,480.16 890.29,496.87 878.82,506.90"/>
    </edge>
    <edge id="37046847" from="236" to="237" priority="-1" type="footway" spreadType="center" shape="659.59,607.98 648.74,602.38 668.28,588.56 697.28,576.71 714.34,568.72 761.82,544.08 784.33,531.98 800.99,525.18">
        <lane id="37046847_0" index="0" allow="pedestrian" speed="13.90" length="183.13" shape="659.59,607.98 648.74,602.38 668.28,588.56 697.28,576.71 714.34,568.72 761.82,544.08 784.33,531.98 800.78,525.27"/>
    </edge>
    <edge id="37046848" from="238" to="236" priority="-1" type="steps" spreadType="center">
        <lane id="37046848_0" index="0" speed="13.90" length="9.57" shape="668.06,612.44 659.59,607.98"/>
    </edge>
    <edge id="37046849" from="240" to="241" priority="-1" type="footway" spreadType="center" shape="697.28,576.71 678.33,608.24 684.69,623.87">
        <lane id="37046849_0" index="0" allow="pedestrian" speed="13.90" length="53.66" shape="697.28,576.71 678.33,608.24 684.69,623.87"/>
    </edge>
    <edge id="37046850" from="237" to="243" priority="-1" type="footway" spreadType="center">
        <lane id="37046850_0" index="0" allow="pedestrian" speed="13.90" length="17.12" shape="801.17,525.04 814.61,514.44"/>
    </edge>
    <edge id="370478532" from="247" to="839" priority="-1" type="footway" spreadType="center">
        <lane id="370478532_0" index="0" allow="pedestrian" speed="13.90" length="59.94" shape="592.20,653.73 647.22,629.94"/>
    </edge>
    <edge id="370478534" from="839" to="238" priority="-1" type="footway" spreadType="center" shape="647.22,629.94 671.15,618.52 668.55,612.70">
        <lane id="370478534_0" index="0" allow="pedestrian" speed="13.90" length="32.34" shape="647.22,629.94 671.15,618.52 668.78,613.21"/>
    </edge>
    <edge id="370478546" from="842" to="256" priority="-1" type="footway" spreadType="center">
        <lane id="370478546_0" index="0" allow="pedestrian" speed="13.90" length="1.64" shape="700.56,743.96 701.26,745.44"/>
    </edge>
    <edge id="370478548" from="259" to="842" priority="-1" type="footway" spreadType="center">
        <lane id="370478548_0" index="0" allow="pedestrian" speed="13.90" length="25.67" shape="690.54,720.33 700.56,743.96"/>
    </edge>
    <edge id="370478549" from="563" to="847" priority="-1" type="footway" spreadType="center">
        <lane id="370478549_0" index="0" allow="pedestrian" speed="13.90" length="26.46" shape="638.55,771.32 628.23,746.96"/>
    </edge>
    <edge id="370478551" from="847" to="430" priority="-1" type="footway" spreadType="center">
        <lane id="370478551_0" index="0" allow="pedestrian" speed="13.90" length="2.16" shape="628.12,746.75 626.98,744.90"/>
    </edge>
    <edge id="37062512" from="244" to="245" priority="-1" type="footway" spreadType="center" shape="528.20,646.54 531.44,654.31 554.28,662.98 556.60,666.53 561.84,677.13">
        <lane id="37062512_0" index="0" allow="pedestrian" speed="13.90" length="48.91" shape="528.20,646.54 531.44,654.31 554.28,662.98 556.60,666.53 561.84,677.13"/>
    </edge>
    <edge id="37062514" from="246" to="247" priority="-1" type="footway" spreadType="center" shape="556.60,666.53 566.65,663.09 592.20,653.73">
        <lane id="37062514_0" index="0" allow="pedestrian" speed="13.90" length="37.83" shape="556.60,666.53 566.65,663.09 592.20,653.73"/>
    </edge>
    <edge id="37076926" from="248" to="249" priority="-1" type="steps" spreadType="center">
        <lane id="37076926_0" index="0" speed="13.90" length="7.96" shape="511.59,171.64 516.89,165.69"/>
    </edge>
    <edge id="37076927" from="250" to="251" priority="-1" type="footway" spreadType="center" shape="560.54,218.52 554.24,207.18 559.82,201.79">
        <lane id="37076927_0" index="0" allow="pedestrian" speed="13.90" length="19.04" shape="560.45,218.35 554.24,207.18 558.74,202.83"/>
    </edge>
    <edge id="371475034" from="850" to="231" priority="-1" type="cycleway" spreadType="center" shape="658.18,1334.79 652.00,1295.16 651.45,1288.00 630.83,1180.99 625.39,1160.19 623.55,1152.73 619.22,1137.81 597.43,1092.49 590.39,1079.28 539.96,946.20">
        <lane id="371475034_0" index="0" allow="bicycle" speed="13.90" length="405.97" shape="658.18,1334.79 652.00,1295.16 651.45,1288.00 630.83,1180.99 625.39,1160.19 623.55,1152.73 619.22,1137.81 597.43,1092.49 590.39,1079.28 540.88,948.62"/>
    </edge>
    <edge id="37211227" from="252" to="253" priority="-1" type="footway" spreadType="center">
        <lane id="37211227_0" index="0" allow="pedestrian" speed="13.90" length="13.58" shape="1776.52,1934.33 1784.28,1945.47"/>
    </edge>
    <edge id="37211530" from="254" to="255" priority="-1" type="footway" spreadType="center" shape="736.93,726.40 738.37,730.64 743.27,730.92 796.44,736.31">
        <lane id="37211530_0" index="0" allow="pedestrian" speed="13.90" length="59.63" shape="737.96,729.43 738.37,730.64 743.27,730.92 796.44,736.31"/>
    </edge>
    <edge id="37211583" from="256" to="164" priority="-1" type="footway" spreadType="center" shape="702.59,748.29 710.90,757.49 718.87,761.58 730.04,762.69 741.55,760.79 796.44,736.31 808.35,733.32 821.97,730.61 851.53,727.95 860.49,727.54 879.27,728.88 922.17,729.68 948.44,730.26">
        <lane id="37211583_0" index="0" allow="pedestrian" speed="13.90" length="250.22" shape="705.00,750.96 710.90,757.49 718.87,761.58 730.04,762.69 741.55,760.79 796.44,736.31 808.35,733.32 821.97,730.61 851.53,727.95 860.49,727.54 879.27,728.88 922.17,729.68 945.09,730.19"/>
    </edge>
    <edge id="37211584" from="91" to="259" priority="-1" type="footway" spreadType="center" shape="693.84,706.97 691.91,712.60 689.93,718.04 690.49,720.22">
        <lane id="37211584_0" index="0" allow="pedestrian" speed="13.90" length="11.44" shape="693.05,709.27 691.91,712.60 689.93,718.04 690.46,720.10"/>
    </edge>
    <edge id="37357053" from="6" to="169" priority="-1" type="footway" spreadType="center" shape="1291.22,2563.53 1289.29,2540.53 1306.72,2488.16 1321.82,2455.57 1341.11,2396.52 1360.24,2342.29 1371.09,2336.03">
        <lane id="37357053_0" index="0" allow="pedestrian" speed="13.90" length="231.58" shape="1290.47,2554.60 1289.29,2540.53 1306.72,2488.16 1321.82,2455.57 1341.11,2396.52 1360.24,2342.29 1366.06,2338.93"/>
    </edge>
    <edge id="37357054" from="262" to="51" priority="-1" type="footway" spreadType="center" shape="1866.11,1785.26 1851.38,1839.57 1842.02,1860.39 1839.04,1867.03 1821.27,1887.96 1810.39,1902.07 1795.45,1917.09 1776.52,1934.33 1710.73,1975.91 1682.29,1993.84 1638.10,2021.70 1552.44,2062.07 1470.77,2094.35 1436.31,2121.71 1428.61,2142.96 1378.97,2279.86 1378.13,2314.99">
        <lane id="37357054_0" index="0" allow="pedestrian" speed="13.90" length="757.02" shape="1862.60,1798.20 1851.38,1839.57 1842.02,1860.39 1839.04,1867.03 1821.27,1887.96 1810.39,1902.07 1795.45,1917.09 1776.52,1934.33 1710.73,1975.91 1682.29,1993.84 1638.10,2021.70 1552.44,2062.07 1470.77,2094.35 1436.31,2121.71 1428.61,2142.96 1378.97,2279.86 1378.17,2313.42"/>
    </edge>
    <edge id="37413814" from="157" to="265" priority="-1" type="secondary" spreadType="center">
        <lane id="37413814_0" index="0" speed="13.90" length="19.59" shape="362.85,777.21 354.93,759.29"/>
    </edge>
    <edge id="37413818" from="90" to="267" priority="-1" type="steps" spreadType="center">
        <lane id="37413818_0" index="0" speed="13.90" length="6.68" shape="685.58,674.05 689.95,668.99"/>
    </edge>
    <edge id="3757059" from="4" to="5" priority="-1" type="residential" spreadType="center" shape="1991.22,1326.36 1990.64,1315.03 2051.50,1139.30">
        <lane id="3757059_0" index="0" speed="13.90" length="191.15" shape="1990.90,1320.20 1990.64,1315.03 2051.50,1139.30"/>
    </edge>
    <edge id="380884246" from="49" to="68" priority="-1" type="secondary" spreadType="center">
        <lane id="380884246_0" index="0" speed="13.90" length="3.28" shape="1900.14,1657.05 1899.72,1660.30"/>
    </edge>
    <edge id="381749912" from="695" to="156" priority="-1" type="secondary" spreadType="center" shape="368.11,830.81 371.09,828.02 377.29,821.98">
        <lane id="381749912_0" index="0" speed="13.90" length="7.39" shape="368.11,830.81 371.09,828.02 373.46,825.71"/>
    </edge>
    <edge id="381750335" from="693" to="766" priority="-1" type="primary" spreadType="center">
        <lane id="381750335_0" index="0" speed="13.90" length="15.38" shape="441.57,844.82 427.08,849.97"/>
    </edge>
    <edge id="381750336" from="186" to="356" priority="-1" type="primary" spreadType="center" shape="417.89,831.08 430.62,829.43 436.38,828.71">
        <lane id="381750336_0" index="0" speed="13.90" length="14.92" shape="421.58,830.60 430.62,829.43 436.38,828.71"/>
    </edge>
    <edge id="381750340" from="503" to="271" priority="-1" type="cycleway" spreadType="center" shape="440.58,854.58 452.29,861.82 480.10,870.08 499.23,877.70 514.16,888.13">
        <lane id="381750340_0" index="0" allow="bicycle" speed="13.90" length="72.77" shape="444.58,857.05 452.29,861.82 480.10,870.08 499.23,877.70 510.79,885.77"/>
    </edge>
    <edge id="38330171" from="268" to="269" priority="-1" type="footway" spreadType="center">
        <lane id="38330171_0" index="0" allow="pedestrian" speed="13.90" length="1.36" shape="362.66,164.32 363.80,165.06"/>
    </edge>
    <edge id="38584744" from="231" to="271" priority="-1" type="cycleway" spreadType="center" shape="539.96,946.20 528.59,913.49 514.16,888.13">
        <lane id="38584744_0" index="0" allow="bicycle" speed="13.90" length="57.97" shape="538.71,942.62 528.59,913.49 515.17,889.91"/>
    </edge>
    <edge id="38684649" from="271" to="142" priority="-1" type="cycleway" spreadType="center" shape="514.16,888.13 516.91,868.33 524.64,848.79 558.42,831.69">
        <lane id="38684649_0" index="0" allow="bicycle" speed="13.90" length="79.32" shape="514.73,884.06 516.91,868.33 524.64,848.79 562.50,829.63"/>
    </edge>
    <edge id="39097375" from="274" to="230" priority="-1" type="residential" spreadType="center" shape="606.80,1166.41 604.34,1158.14 599.97,1144.13 578.55,1089.28 530.71,953.11 527.95,945.99">
        <lane id="39097375_0" index="0" speed="13.90" length="230.27" shape="606.80,1166.41 604.34,1158.14 599.97,1144.13 578.55,1089.28 530.71,953.11 529.35,949.61"/>
    </edge>
    <edge id="392657902" from="68" to="40" priority="-1" type="secondary" spreadType="center">
        <lane id="392657902_0" index="0" speed="13.90" length="4.03" shape="1898.87,1666.87 1898.34,1670.87"/>
    </edge>
    <edge id="392657903" from="223" to="865" priority="-1" type="steps" spreadType="center">
        <lane id="392657903_0" index="0" speed="13.90" length="4.80" shape="1913.11,1656.02 1912.55,1660.79"/>
    </edge>
    <edge id="392657904" from="545" to="867" priority="-1" type="steps" spreadType="center">
        <lane id="392657904_0" index="0" speed="13.90" length="5.58" shape="1919.41,1608.81 1919.99,1603.26"/>
    </edge>
    <edge id="392657905" from="865" to="869" priority="-1" type="footway" spreadType="center">
        <lane id="392657905_0" index="0" allow="pedestrian" speed="13.90" length="3.62" shape="1912.55,1660.79 1911.98,1664.36"/>
    </edge>
    <edge id="392657906" from="867" to="871" priority="-1" type="footway" spreadType="center">
        <lane id="392657906_0" index="0" allow="pedestrian" speed="13.90" length="11.45" shape="1918.59,1601.50 1907.22,1600.13"/>
    </edge>
    <edge id="39343150" from="276" to="277" priority="-1" type="unclassified" spreadType="center">
        <lane id="39343150_0" index="0" speed="13.90" length="15.85" shape="347.33,181.37 359.36,191.69"/>
    </edge>
    <edge id="398288600" from="872" to="873" priority="-1" type="steps" spreadType="center">
        <lane id="398288600_0" index="0" speed="13.90" length="10.07" shape="425.21,102.59 418.92,110.45"/>
    </edge>
    <edge id="398288602" from="874" to="875" priority="-1" type="footway" spreadType="center">
        <lane id="398288602_0" index="0" allow="pedestrian" speed="13.90" length="3.30" shape="418.03,143.11 420.79,144.92"/>
    </edge>
    <edge id="398288604" from="876" to="877" priority="-1" type="steps" spreadType="center">
        <lane id="398288604_0" index="0" speed="13.90" length="10.00" shape="406.08,159.15 398.05,165.11"/>
    </edge>
    <edge id="398288608" from="878" to="879" priority="-1" type="footway" spreadType="center">
        <lane id="398288608_0" index="0" allow="pedestrian" speed="13.90" length="1.76" shape="418.20,145.42 419.65,146.42"/>
    </edge>
    <edge id="398288609" from="880" to="881" priority="-1" type="steps" spreadType="center">
        <lane id="398288609_0" index="0" speed="13.90" length="10.01" shape="404.95,157.62 396.91,163.59"/>
    </edge>
    <edge id="398288611" from="882" to="883" priority="-1" type="steps" spreadType="center">
        <lane id="398288611_0" index="0" speed="13.90" length="10.00" shape="433.69,120.30 432.92,110.33"/>
    </edge>
    <edge id="398288616" from="884" to="885" priority="-1" type="footway" spreadType="center">
        <lane id="398288616_0" index="0" allow="pedestrian" speed="13.90" length="1.65" shape="420.15,145.77 421.43,146.81"/>
    </edge>
    <edge id="398288623" from="886" to="874" priority="-1" type="steps" spreadType="center">
        <lane id="398288623_0" index="0" speed="13.90" length="10.19" shape="409.74,137.18 418.03,143.11"/>
    </edge>
    <edge id="398288626" from="888" to="885" priority="-1" type="steps" spreadType="center">
        <lane id="398288626_0" index="0" speed="13.90" length="8.52" shape="429.82,154.44 423.56,148.67"/>
    </edge>
    <edge id="398288634" from="878" to="891" priority="-1" type="steps" spreadType="center">
        <lane id="398288634_0" index="0" speed="13.90" length="8.71" shape="415.76,143.70 408.68,138.63"/>
    </edge>
    <edge id="398288635" from="892" to="893" priority="-1" type="steps" spreadType="center">
        <lane id="398288635_0" index="0" speed="13.90" length="8.66" shape="435.58,120.16 434.92,111.53"/>
    </edge>
    <edge id="398288639" from="881" to="877" priority="-1" type="footway" spreadType="center" shape="396.91,163.59 392.74,167.87 398.05,165.11">
        <lane id="398288639_0" index="0" allow="pedestrian" speed="13.90" length="11.83" shape="396.82,163.68 392.74,167.87 398.05,165.11"/>
    </edge>
    <edge id="398288646" from="882" to="892" priority="-1" type="footway" spreadType="center" shape="433.69,120.30 434.24,124.04 435.58,120.16">
        <lane id="398288646_0" index="0" allow="pedestrian" speed="13.90" length="7.52" shape="433.69,120.30 434.24,124.04 435.46,120.50"/>
    </edge>
    <edge id="398288649" from="876" to="880" priority="-1" type="footway" spreadType="center" shape="406.08,159.15 410.18,154.73 404.95,157.62">
        <lane id="398288649_0" index="0" allow="pedestrian" speed="13.90" length="12.00" shape="406.08,159.15 410.18,154.73 404.95,157.62"/>
    </edge>
    <edge id="398288653" from="900" to="901" priority="-1" type="footway" spreadType="center" shape="405.70,142.75 408.68,138.63 409.74,137.18 413.45,132.06">
        <lane id="398288653_0" index="0" allow="pedestrian" speed="13.90" length="13.20" shape="405.70,142.75 408.68,138.63 409.74,137.18 413.45,132.06"/>
    </edge>
    <edge id="398314986" from="902" to="903" priority="-1" type="steps" spreadType="center">
        <lane id="398314986_0" index="0" speed="13.90" length="8.50" shape="425.90,101.06 431.02,94.28"/>
    </edge>
    <edge id="398314987" from="904" to="903" priority="-1" type="footway" spreadType="center">
        <lane id="398314987_0" index="0" allow="pedestrian" speed="13.90" length="0.16" shape="432.93,91.77 432.83,91.89"/>
    </edge>
    <edge id="398314997" from="906" to="907" priority="-1" type="footway" spreadType="center" shape="425.26,159.39 429.82,154.44 434.45,149.43">
        <lane id="398314997_0" index="0" allow="pedestrian" speed="13.90" length="13.55" shape="425.26,159.39 429.82,154.44 434.45,149.43"/>
    </edge>
    <edge id="398315002" from="883" to="893" priority="-1" type="footway" spreadType="center" shape="432.92,110.33 433.41,105.21 434.82,110.19">
        <lane id="398315002_0" index="0" allow="pedestrian" speed="13.90" length="10.32" shape="432.92,110.33 433.41,105.21 434.82,110.19"/>
    </edge>
    <edge id="39878485" from="278" to="279" priority="-1" type="footway" spreadType="center">
        <lane id="39878485_0" index="0" allow="pedestrian" speed="13.90" length="2.35" shape="314.96,97.11 313.64,99.06"/>
    </edge>
    <edge id="40016242" from="280" to="281" priority="-1" type="primary" spreadType="center" shape="1080.35,721.64 1070.03,720.68 1061.33,718.07 1057.14,716.29">
        <lane id="40016242_0" index="0" speed="13.90" length="19.01" shape="1075.38,721.18 1070.03,720.68 1061.33,718.07 1057.14,716.29"/>
    </edge>
    <edge id="40016270" from="282" to="42" priority="-1" type="primary" spreadType="center">
        <lane id="40016270_0" index="0" speed="13.90" length="10.34" shape="993.93,654.58 1002.16,660.85"/>
    </edge>
    <edge id="40016286" from="226" to="285" priority="-1" type="footway" spreadType="center">
        <lane id="40016286_0" index="0" allow="pedestrian" speed="13.90" length="0.10" shape="1050.72,730.88 1050.72,730.98"/>
    </edge>
    <edge id="40016484" from="20" to="16" priority="-1" type="secondary" spreadType="center" shape="1871.99,1859.12 1859.93,1943.24 1856.21,1958.22">
        <lane id="40016484_0" index="0" speed="13.90" length="92.31" shape="1871.31,1863.89 1859.93,1943.24 1857.00,1955.03"/>
    </edge>
    <edge id="40020050" from="217" to="289" priority="-1" type="footway" spreadType="center">
        <lane id="40020050_0" index="0" allow="pedestrian" speed="13.90" length="20.04" shape="1895.50,1610.36 1915.51,1611.39"/>
    </edge>
    <edge id="4005338" from="6" to="7" priority="-1" type="residential" spreadType="center" shape="1291.22,2563.53 1503.20,2597.05 1579.66,2608.32">
        <lane id="4005338_0" index="0" speed="13.90" length="288.48" shape="1294.60,2564.06 1503.20,2597.05 1579.66,2608.32"/>
    </edge>
    <edge id="4005339" from="8" to="9" priority="-1" type="residential" spreadType="center" shape="1627.29,2497.57 1600.05,2492.50 1519.58,2532.65 1510.94,2544.23 1503.20,2597.05">
        <lane id="4005339_0" index="0" speed="13.90" length="184.05" shape="1625.90,2497.31 1600.05,2492.50 1519.58,2532.65 1510.94,2544.23 1503.20,2597.05"/>
    </edge>
    <edge id="4005340" from="8" to="11" priority="-1" type="residential" spreadType="center">
        <lane id="4005340_0" index="0" speed="13.90" length="132.96" shape="1628.66,2497.91 1757.75,2529.78"/>
    </edge>
    <edge id="4005341" from="12" to="13" priority="-1" type="footway" spreadType="center" shape="1622.07,2186.53 1635.52,2176.09 1695.24,2144.83 1760.21,2111.33 1765.38,2111.55 1775.66,2115.86 1786.70,2120.55 1881.78,2163.29">
        <lane id="4005341_0" index="0" allow="pedestrian" speed="13.90" length="290.09" shape="1622.07,2186.53 1635.52,2176.09 1695.24,2144.83 1760.21,2111.33 1765.38,2111.55 1775.66,2115.86 1786.70,2120.55 1881.78,2163.29"/>
    </edge>
    <edge id="4005342" from="14" to="15" priority="-1" type="residential" spreadType="center" shape="1483.77,2100.74 1492.99,2115.61 1525.41,2160.51 1544.52,2175.16 1573.07,2179.44 1604.10,2182.93 1622.07,2186.53 1677.73,2217.27 1704.90,2260.74 1711.69,2262.86 1716.69,2263.30 1725.63,2262.16">
        <lane id="4005342_0" index="0" speed="13.90" length="307.18" shape="1483.77,2100.74 1492.99,2115.61 1525.41,2160.51 1544.52,2175.16 1573.07,2179.44 1604.10,2182.93 1622.07,2186.53 1677.73,2217.27 1704.90,2260.74 1711.69,2262.86 1716.69,2263.30 1721.47,2262.69"/>
    </edge>
    <edge id="4005347" from="16" to="15" priority="-1" type="secondary" spreadType="center" shape="1856.21,1958.22 1841.46,1989.99 1786.70,2120.55 1725.63,2262.16">
        <lane id="4005347_0" index="0" speed="13.90" length="325.18" shape="1854.85,1961.15 1841.46,1989.99 1786.70,2120.55 1726.59,2259.94"/>
    </edge>
    <edge id="4005348" from="6" to="19" priority="-1" type="residential" spreadType="center" shape="1291.22,2563.53 1277.65,2606.01 1273.01,2622.16 1268.19,2638.95">
        <lane id="4005348_0" index="0" speed="13.90" length="75.65" shape="1290.35,2566.27 1277.65,2606.01 1273.01,2622.16 1268.29,2638.62"/>
    </edge>
    <edge id="4005349" from="20" to="21" priority="-1" type="residential" spreadType="center" shape="1871.99,1859.12 1864.57,1863.47 1858.43,1867.08 1836.03,1904.27 1825.04,1915.51 1814.97,1925.80 1792.81,1939.77">
        <lane id="4005349_0" index="0" speed="13.90" length="105.50" shape="1867.83,1861.56 1864.57,1863.47 1858.43,1867.08 1836.03,1904.27 1825.04,1915.51 1814.97,1925.80 1797.15,1937.04"/>
    </edge>
    <edge id="4005352" from="22" to="23" priority="-1" type="unclassified" spreadType="center" shape="1354.04,881.24 1397.65,837.09 1478.37,768.48 1543.52,715.95">
        <lane id="4005352_0" index="0" speed="13.90" length="251.69" shape="1354.04,881.24 1397.65,837.09 1478.37,768.48 1543.52,715.95"/>
    </edge>
    <edge id="40129888" from="0" to="136" priority="-1" type="primary" spreadType="center" shape="1947.00,1481.30 1929.67,1470.95 1919.84,1464.74">
        <lane id="40129888_0" index="0" speed="13.90" length="18.77" shape="1939.83,1477.02 1929.67,1470.95 1923.81,1467.25"/>
    </edge>
    <edge id="4015563" from="24" to="25" priority="-1" type="residential" spreadType="center" shape="1715.23,2289.99 1730.45,2294.37 1802.24,2315.63 1839.72,2324.34">
        <lane id="4015563_0" index="0" speed="13.90" length="127.45" shape="1716.90,2290.47 1730.45,2294.37 1802.24,2315.63 1839.72,2324.34"/>
    </edge>
    <edge id="4018063" from="16" to="27" priority="-1" type="residential" spreadType="center" shape="1856.21,1958.22 1973.47,1985.81 1982.01,1987.83">
        <lane id="4018063_0" index="0" speed="13.90" length="126.12" shape="1859.25,1958.93 1973.47,1985.81 1982.01,1987.83"/>
    </edge>
    <edge id="4018064" from="21" to="29" priority="-1" type="residential" spreadType="center">
        <lane id="4018064_0" index="0" speed="13.90" length="49.61" shape="1797.75,1941.13 1845.59,1954.28"/>
    </edge>
    <edge id="4018065" from="29" to="16" priority="-1" type="footway" spreadType="center">
        <lane id="4018065_0" index="0" allow="pedestrian" speed="13.90" length="8.04" shape="1845.59,1954.28 1853.13,1957.08"/>
    </edge>
    <edge id="40351640" from="34" to="293" priority="-1" type="unclassified" spreadType="center" shape="451.39,60.75 456.14,54.28 472.01,33.27 487.86,12.56">
        <lane id="40351640_0" index="0" speed="13.90" length="57.20" shape="453.30,58.14 456.14,54.28 472.01,33.27 487.86,12.56"/>
    </edge>
    <edge id="403762246" from="910" to="911" priority="-1" type="footway" spreadType="center">
        <lane id="403762246_0" index="0" allow="pedestrian" speed="13.90" length="10.23" shape="1900.64,1232.83 1907.89,1240.05"/>
    </edge>
    <edge id="406178800" from="912" to="913" priority="-1" type="unclassified" spreadType="center">
        <lane id="406178800_0" index="0" speed="13.90" length="107.07" shape="1515.04,991.28 1605.91,934.66"/>
    </edge>
    <edge id="407520160" from="914" to="915" priority="-1" type="footway" spreadType="center" shape="1828.72,1223.16 1813.84,1218.70 1804.85,1217.92 1793.92,1217.04">
        <lane id="407520160_0" index="0" allow="pedestrian" speed="13.90" length="35.52" shape="1828.72,1223.16 1813.84,1218.70 1804.85,1217.92 1793.92,1217.04"/>
    </edge>
    <edge id="407524730" from="66" to="207" priority="-1" type="cycleway" spreadType="center" shape="1950.98,1452.03 1972.67,1481.95 1973.66,1498.57">
        <lane id="407524730_0" index="0" allow="bicycle" speed="13.90" length="43.14" shape="1952.50,1454.13 1972.67,1481.95 1973.19,1490.71"/>
    </edge>
    <edge id="407882481" from="918" to="919" priority="-1" type="steps" spreadType="center">
        <lane id="407882481_0" index="0" speed="13.90" length="10.01" shape="342.40,193.64 335.72,201.09"/>
    </edge>
    <edge id="407882482" from="322" to="918" priority="-1" type="footway" spreadType="center" shape="343.87,195.02 345.91,191.18 342.40,193.64">
        <lane id="407882482_0" index="0" allow="pedestrian" speed="13.90" length="8.63" shape="343.87,195.02 345.91,191.18 342.40,193.64"/>
    </edge>
    <edge id="407882486" from="919" to="323" priority="-1" type="footway" spreadType="center" shape="335.72,201.09 335.42,202.90 337.19,202.47">
        <lane id="407882486_0" index="0" allow="pedestrian" speed="13.90" length="2.92" shape="335.63,201.63 335.42,202.90 337.01,202.51"/>
    </edge>
    <edge id="408813814" from="924" to="872" priority="-1" type="footway" spreadType="center">
        <lane id="408813814_0" index="0" allow="pedestrian" speed="13.90" length="2.83" shape="427.07,100.46 425.21,102.59"/>
    </edge>
    <edge id="410338942" from="165" to="56" priority="-1" type="footway" spreadType="center" shape="1054.52,740.71 1071.13,745.11 1090.48,750.33">
        <lane id="410338942_0" index="0" allow="pedestrian" speed="13.90" length="23.94" shape="1057.46,741.49 1071.13,745.11 1080.60,747.66"/>
    </edge>
    <edge id="410338943" from="928" to="298" priority="-1" type="cycleway" spreadType="center" shape="1066.38,695.94 1105.78,723.65 1128.88,736.56 1133.00,742.49">
        <lane id="410338943_0" index="0" allow="bicycle" speed="13.90" length="81.85" shape="1066.38,695.94 1105.78,723.65 1128.88,736.56 1133.00,742.49"/>
    </edge>
    <edge id="410356265" from="254" to="931" priority="-1" type="cycleway" spreadType="center">
        <lane id="410356265_0" index="0" allow="bicycle" speed="13.90" length="30.30" shape="733.97,727.62 705.94,739.13"/>
    </edge>
    <edge id="410621277" from="40" to="20" priority="-1" type="secondary" spreadType="center">
        <lane id="410621277_0" index="0" speed="13.90" length="177.85" shape="1897.51,1677.00 1872.83,1853.13"/>
    </edge>
    <edge id="410621281" from="69" to="262" priority="-1" type="path" spreadType="center">
        <lane id="410621281_0" index="0" speed="13.90" length="62.61" shape="1874.88,1721.64 1866.33,1783.66"/>
    </edge>
    <edge id="410621285" from="262" to="20" priority="-1" type="cycleway" spreadType="center" shape="1866.11,1785.26 1866.25,1849.49 1871.99,1859.12">
        <lane id="410621285_0" index="0" allow="bicycle" speed="13.90" length="55.98" shape="1866.14,1798.67 1866.25,1849.49 1868.89,1853.93"/>
    </edge>
    <edge id="410646191" from="304" to="164" priority="-1" type="footway" spreadType="center">
        <lane id="410646191_0" index="0" allow="pedestrian" speed="13.90" length="7.57" shape="947.07,719.43 948.02,726.93"/>
    </edge>
    <edge id="410646192" from="56" to="226" priority="-1" type="cycleway" spreadType="center" shape="1090.48,750.33 1067.86,733.98 1050.84,726.08">
        <lane id="410646192_0" index="0" allow="bicycle" speed="13.90" length="28.04" shape="1082.19,744.34 1067.86,733.98 1058.46,729.62"/>
    </edge>
    <edge id="410646193" from="226" to="304" priority="-1" type="cycleway" spreadType="center" shape="1050.84,726.08 1042.32,722.94 1031.98,720.72 1022.90,719.21 946.65,716.06">
        <lane id="410646193_0" index="0" allow="bicycle" speed="13.90" length="98.98" shape="1048.21,725.11 1042.32,722.94 1031.98,720.72 1022.90,719.21 950.04,716.20"/>
    </edge>
    <edge id="410674714" from="944" to="945" priority="-1" type="footway" spreadType="center">
        <lane id="410674714_0" index="0" allow="pedestrian" speed="13.90" length="19.88" shape="1810.39,1902.07 1825.04,1915.51"/>
    </edge>
    <edge id="413101018" from="946" to="302" priority="-1" type="footway" spreadType="center" shape="989.76,640.72 1000.26,649.70 1041.43,678.91 1057.64,689.29">
        <lane id="413101018_0" index="0" allow="pedestrian" speed="13.90" length="83.54" shape="989.76,640.72 1000.26,649.70 1041.43,678.91 1057.64,689.29"/>
    </edge>
    <edge id="413418696" from="308" to="949" priority="-1" type="secondary" spreadType="center">
        <lane id="413418696_0" index="0" speed="13.90" length="16.31" shape="949.95,453.73 934.02,457.25"/>
    </edge>
    <edge id="41503533" from="281" to="112" priority="-1" type="primary" spreadType="center">
        <lane id="41503533_0" index="0" speed="13.90" length="10.22" shape="1057.14,716.29 1047.56,712.73"/>
    </edge>
    <edge id="41505827" from="296" to="297" priority="-1" type="footway" spreadType="center" shape="1505.84,985.42 1502.07,990.34 1496.45,1002.01 1482.00,1023.95">
        <lane id="41505827_0" index="0" allow="pedestrian" speed="13.90" length="45.42" shape="1505.84,985.42 1502.07,990.34 1496.45,1002.01 1482.00,1023.95"/>
    </edge>
    <edge id="41505828" from="298" to="299" priority="-1" type="cycleway" spreadType="center" shape="1133.00,742.49 1140.30,752.66 1206.87,790.73 1275.80,835.40 1318.05,863.32 1362.14,893.42 1425.42,938.39 1484.44,978.99 1502.07,990.34">
        <lane id="41505828_0" index="0" allow="bicycle" speed="13.90" length="445.61" shape="1133.00,742.49 1140.30,752.66 1206.87,790.73 1275.80,835.40 1318.05,863.32 1362.14,893.42 1425.42,938.39 1484.44,978.99 1502.07,990.34"/>
    </edge>
    <edge id="41572149" from="300" to="301" priority="-1" type="footway" spreadType="center" shape="1320.52,859.19 1318.05,863.32 1315.22,871.63 1309.03,880.12">
        <lane id="41572149_0" index="0" allow="pedestrian" speed="13.90" length="24.10" shape="1320.52,859.19 1318.05,863.32 1315.22,871.63 1309.03,880.12"/>
    </edge>
    <edge id="41575523" from="302" to="303" priority="-1" type="footway" spreadType="center" shape="1057.64,689.29 1066.38,695.94 1062.32,702.81">
        <lane id="41575523_0" index="0" allow="pedestrian" speed="13.90" length="15.62" shape="1057.64,689.29 1066.38,695.94 1064.02,699.93"/>
    </edge>
    <edge id="41676175" from="304" to="305" priority="-1" type="footway" spreadType="center" shape="946.65,716.06 945.62,705.85 945.06,701.81 942.10,687.84 940.45,681.55 938.04,677.00 936.38,674.42 935.35,673.22 933.66,672.06">
        <lane id="41676175_0" index="0" allow="pedestrian" speed="13.90" length="40.44" shape="946.31,712.71 945.62,705.85 945.06,701.81 942.10,687.84 940.45,681.55 938.04,677.00 936.38,674.42 936.07,674.06"/>
    </edge>
    <edge id="41676176" from="306" to="305" priority="-1" type="secondary" spreadType="center" shape="920.40,688.22 928.91,679.59 933.66,672.06">
        <lane id="41676176_0" index="0" speed="13.90" length="9.36" shape="925.79,682.75 928.91,679.59 931.54,675.43"/>
    </edge>
    <edge id="420216316" from="950" to="4" priority="-1" type="tertiary" spreadType="center" shape="2124.70,1399.86 2068.64,1367.79 2044.64,1353.24 2030.81,1345.53 2018.77,1339.60 1991.22,1326.36">
        <lane id="420216316_0" index="0" speed="13.90" length="150.02" shape="2124.70,1399.86 2068.64,1367.79 2044.64,1353.24 2030.81,1345.53 2018.77,1339.60 1993.43,1327.42"/>
    </edge>
    <edge id="4218926" from="32" to="33" priority="-1" type="unclassified" spreadType="center" shape="1635.13,1082.83 1641.93,1082.86 1661.01,1083.45 1675.44,1089.03 1693.46,1102.15 1701.31,1110.24 1707.24,1118.76 1712.38,1128.77 1718.99,1142.97 1725.01,1164.37 1724.06,1189.52 1723.60,1194.22">
        <lane id="4218926_0" index="0" speed="13.90" length="153.96" shape="1640.01,1082.85 1641.93,1082.86 1661.01,1083.45 1675.44,1089.03 1693.46,1102.15 1701.31,1110.24 1707.24,1118.76 1712.38,1128.77 1718.99,1142.97 1725.01,1164.37 1724.09,1188.74"/>
    </edge>
    <edge id="426778172" from="931" to="953" priority="-1" type="cycleway" spreadType="center">
        <lane id="426778172_0" index="0" allow="bicycle" speed="13.90" length="80.60" shape="705.94,739.13 631.38,769.75"/>
    </edge>
    <edge id="426778173" from="953" to="92" priority="-1" type="cycleway" spreadType="center">
        <lane id="426778173_0" index="0" allow="bicycle" speed="13.90" length="0.14" shape="631.38,769.75 631.25,769.80"/>
    </edge>
    <edge id="43292244" from="308" to="309" priority="-1" type="secondary_link" spreadType="center" shape="956.27,452.33 937.01,473.82 911.14,496.28 898.28,506.85 889.44,515.00 884.23,523.85">
        <lane id="43292244_0" index="0" speed="13.90" length="95.20" shape="951.95,457.15 937.01,473.82 911.14,496.28 898.28,506.85 889.44,515.00 884.43,523.52"/>
    </edge>
    <edge id="43374244" from="310" to="146" priority="-1" type="tertiary" spreadType="center" shape="215.21,411.94 210.74,397.57 209.32,387.80">
        <lane id="43374244_0" index="0" speed="13.90" length="22.10" shape="215.02,411.32 210.74,397.57 209.63,389.95"/>
    </edge>
    <edge id="43374246" from="312" to="313" priority="-1" type="footway" spreadType="center" shape="223.85,357.45 214.28,363.40 206.53,366.59">
        <lane id="43374246_0" index="0" allow="pedestrian" speed="13.90" length="19.66" shape="223.85,357.45 214.28,363.40 206.52,366.59"/>
    </edge>
    <edge id="43860438" from="85" to="315" priority="-1" type="tertiary" spreadType="center" shape="453.23,107.96 441.44,111.48 437.11,115.57">
        <lane id="43860438_0" index="0" speed="13.90" length="15.34" shape="450.43,108.80 441.44,111.48 437.11,115.57"/>
    </edge>
    <edge id="43866090" from="157" to="317" priority="-1" type="secondary" spreadType="center" shape="367.18,787.01 365.97,770.27 365.72,752.43 367.93,741.26">
        <lane id="43866090_0" index="0" speed="13.90" length="31.11" shape="366.41,776.32 365.97,770.27 365.72,752.43 367.12,745.37"/>
    </edge>
    <edge id="44141559" from="318" to="319" priority="-1" type="residential" spreadType="center">
        <lane id="44141559_0" index="0" speed="13.90" length="109.85" shape="2021.15,1594.09 1911.55,1586.68"/>
    </edge>
    <edge id="44288422" from="320" to="321" priority="-1" type="footway" spreadType="center" shape="353.97,181.77 357.03,184.55 363.05,190.01 383.17,208.30">
        <lane id="44288422_0" index="0" allow="pedestrian" speed="13.90" length="39.45" shape="353.97,181.77 357.03,184.55 363.05,190.01 383.17,208.30"/>
    </edge>
    <edge id="44288425" from="322" to="323" priority="-1" type="steps" spreadType="center">
        <lane id="44288425_0" index="0" speed="13.90" length="9.00" shape="343.87,195.02 337.86,201.72"/>
    </edge>
    <edge id="44288440" from="324" to="325" priority="-1" type="footway" spreadType="center" shape="410.18,154.73 418.65,147.74 419.65,146.42 420.15,145.77 420.79,144.92 421.71,143.71 434.24,124.04">
        <lane id="44288440_0" index="0" allow="pedestrian" speed="13.90" length="39.36" shape="410.18,154.73 418.65,147.74 419.65,146.42 420.15,145.77 420.79,144.92 421.71,143.71 434.24,124.04"/>
    </edge>
    <edge id="44288442" from="326" to="327" priority="-1" type="footway" spreadType="center" shape="359.95,174.35 357.59,177.28 353.97,181.77 345.91,191.18">
        <lane id="44288442_0" index="0" allow="pedestrian" speed="13.90" length="20.49" shape="359.05,175.47 357.59,177.28 353.97,181.77 345.91,191.18"/>
    </edge>
    <edge id="44288443" from="328" to="329" priority="-1" type="footway" spreadType="center">
        <lane id="44288443_0" index="0" allow="pedestrian" speed="13.90" length="37.04" shape="392.74,167.87 363.05,190.01"/>
    </edge>
    <edge id="44288444" from="326" to="269" priority="-1" type="steps" spreadType="center">
        <lane id="44288444_0" index="0" speed="13.90" length="5.20" shape="360.91,173.28 364.38,169.41"/>
    </edge>
    <edge id="457945350" from="956" to="957" priority="-1" type="footway" spreadType="center">
        <lane id="457945350_0" index="0" allow="pedestrian" speed="13.90" length="8.11" shape="1428.61,2142.96 1436.02,2146.25"/>
    </edge>
    <edge id="480007674" from="353" to="959" priority="-1" type="footway" spreadType="center" shape="454.84,126.13 445.81,116.88 441.44,111.48 434.98,105.06 434.35,101.85 429.55,96.14">
        <lane id="480007674_0" index="0" allow="pedestrian" speed="13.90" length="37.97" shape="453.62,124.88 445.81,116.88 441.44,111.48 434.98,105.06 434.35,101.85 429.55,96.14"/>
    </edge>
    <edge id="480007675" from="960" to="961" priority="-1" type="steps" spreadType="center">
        <lane id="480007675_0" index="0" speed="13.90" length="3.57" shape="459.18,134.03 461.99,136.24"/>
    </edge>
    <edge id="480007677" from="243" to="963" priority="-1" type="footway" spreadType="center" shape="816.43,513.01 817.28,507.68 817.16,500.37 817.06,497.57 816.76,493.41 815.49,489.48 812.38,483.07 808.67,475.56">
        <lane id="480007677_0" index="0" allow="pedestrian" speed="13.90" length="35.79" shape="816.89,510.12 817.28,507.68 817.16,500.37 817.06,497.57 816.76,493.41 815.49,489.48 812.38,483.07 808.93,476.09"/>
    </edge>
    <edge id="480651721" from="961" to="248" priority="-1" type="pedestrian" spreadType="center" shape="461.99,136.24 508.46,174.13 509.22,174.14 511.61,171.62">
        <lane id="480651721_0" index="0" speed="13.90" length="64.19" shape="461.99,136.24 508.46,174.13 509.22,174.14 511.61,171.62"/>
    </edge>
    <edge id="480873119" from="37" to="967" priority="-1" type="unclassified" spreadType="center">
        <lane id="480873119_0" index="0" speed="13.90" length="11.78" shape="796.74,439.12 785.17,441.35"/>
    </edge>
    <edge id="480873120" from="628" to="522" priority="-1" type="secondary" spreadType="center">
        <lane id="480873120_0" index="0" speed="13.90" length="7.71" shape="862.87,603.51 856.14,599.75"/>
    </edge>
    <edge id="48120041" from="280" to="333" priority="-1" type="primary" spreadType="center">
        <lane id="48120041_0" index="0" speed="13.90" length="15.35" shape="1081.98,722.54 1095.41,729.97"/>
    </edge>
    <edge id="48410268" from="109" to="136" priority="-1" type="secondary" spreadType="center" shape="1901.66,1405.03 1917.32,1454.23 1919.84,1464.74">
        <lane id="48410268_0" index="0" speed="13.90" length="46.99" shape="1904.60,1414.27 1917.32,1454.23 1918.50,1459.14"/>
    </edge>
    <edge id="486864290" from="527" to="831" priority="-1" type="cycleway" spreadType="center">
        <lane id="486864290_0" index="0" allow="bicycle" speed="13.90" length="0.20" shape="786.05,579.45 785.92,579.60"/>
    </edge>
    <edge id="486864291" from="831" to="546" priority="-1" type="footway" spreadType="center" shape="779.10,587.30 755.83,602.18 732.38,615.62 713.06,623.95 655.51,648.09">
        <lane id="486864291_0" index="0" allow="pedestrian" speed="13.90" length="143.58" shape="783.72,584.34 755.83,602.18 732.38,615.62 713.06,623.95 655.51,648.09"/>
    </edge>
    <edge id="486864292" from="265" to="567" priority="-1" type="secondary" spreadType="center">
        <lane id="486864292_0" index="0" speed="13.90" length="3.75" shape="352.51,753.31 351.22,749.79"/>
    </edge>
    <edge id="486864293" from="265" to="433" priority="-1" type="footway" spreadType="center" shape="353.61,756.29 358.25,754.80 361.82,753.67 365.72,752.43 369.77,751.14 384.07,746.59 388.14,745.30 393.44,743.61 397.57,742.29">
        <lane id="486864293_0" index="0" allow="pedestrian" speed="13.90" length="40.40" shape="356.73,755.29 358.25,754.80 361.82,753.67 365.72,752.43 369.77,751.14 384.07,746.59 388.14,745.30 393.44,743.61 395.23,743.04"/>
    </edge>
    <edge id="486864294" from="341" to="655" priority="-1" type="secondary" spreadType="center" shape="379.67,713.32 393.03,713.55 417.27,712.91 432.78,711.17 461.50,709.79">
        <lane id="486864294_0" index="0" speed="13.90" length="79.79" shape="381.51,713.35 393.03,713.55 417.27,712.91 432.78,711.17 461.16,709.81"/>
    </edge>
    <edge id="486870072" from="809" to="633" priority="-1" type="cycleway" spreadType="center" shape="850.51,600.03 844.71,587.62 850.76,572.80">
        <lane id="486870072_0" index="0" allow="bicycle" speed="13.90" length="20.90" shape="848.84,596.46 844.71,587.62 848.92,577.30"/>
    </edge>
    <edge id="486870073" from="809" to="983" priority="-1" type="footway" spreadType="center" shape="850.51,600.03 838.82,600.34 809.02,606.36 787.28,610.67 768.75,613.31 732.38,615.62">
        <lane id="486870073_0" index="0" allow="pedestrian" speed="13.90" length="115.48" shape="846.57,600.13 838.82,600.34 809.02,606.36 787.28,610.67 768.75,613.31 732.38,615.62"/>
    </edge>
    <edge id="486870074" from="633" to="478" priority="-1" type="tertiary" spreadType="center" shape="850.76,572.80 846.61,546.59 844.17,535.82">
        <lane id="486870074_0" index="0" speed="13.90" length="31.59" shape="850.46,570.88 846.61,546.59 845.06,539.76"/>
    </edge>
    <edge id="486870075" from="119" to="151" priority="-1" type="cycleway" spreadType="center">
        <lane id="486870075_0" index="0" allow="bicycle" speed="13.90" length="0.20" shape="886.38,547.68 886.58,547.67"/>
    </edge>
    <edge id="486870076" from="151" to="946" priority="-1" type="footway" spreadType="center" shape="893.58,547.35 905.67,566.09 919.65,582.51 926.09,587.97 981.78,632.95 989.76,640.72">
        <lane id="486870076_0" index="0" allow="pedestrian" speed="13.90" length="131.90" shape="895.28,549.98 905.67,566.09 919.65,582.51 926.09,587.97 981.78,632.95 989.76,640.72"/>
    </edge>
    <edge id="486870077" from="151" to="991" priority="-1" type="footway" spreadType="center">
        <lane id="486870077_0" index="0" allow="pedestrian" speed="13.90" length="0.10" shape="888.13,551.01 888.05,551.07"/>
    </edge>
    <edge id="487385461" from="963" to="250" priority="-1" type="footway" spreadType="center" shape="808.67,475.56 793.35,469.10 610.09,271.86 591.25,251.56 560.54,218.52">
        <lane id="487385461_0" index="0" allow="pedestrian" speed="13.90" length="357.88" shape="808.12,475.33 793.35,469.10 610.09,271.86 591.25,251.56 560.67,218.66"/>
    </edge>
    <edge id="487385463" from="805" to="995" priority="-1" type="cycleway" spreadType="center" shape="821.20,484.80 808.67,475.56 803.35,468.26 797.14,461.22 673.47,329.61 612.97,264.76 573.84,223.17 534.82,182.38 516.89,165.69 508.90,158.26 492.40,143.71 477.63,132.29 465.25,125.83">
        <lane id="487385463_0" index="0" allow="bicycle" speed="13.90" length="496.55" shape="812.89,478.68 808.67,475.56 803.35,468.26 797.14,461.22 673.47,329.61 612.97,264.76 573.84,223.17 534.82,182.38 516.89,165.69 508.90,158.26 492.40,143.71 477.63,132.29 465.25,125.83"/>
    </edge>
    <edge id="487385465" from="805" to="85" priority="-1" type="tertiary" spreadType="center" shape="821.20,484.80 814.12,473.91 785.17,441.35 736.68,388.70 677.94,325.55 576.75,219.08 570.93,213.24 559.82,201.79 520.41,161.15 500.88,141.30 474.07,118.87 465.95,113.66 453.23,107.96">
        <lane id="487385465_0" index="0" speed="13.90" length="511.09" shape="815.57,476.15 814.12,473.91 785.17,441.35 736.68,388.70 677.94,325.55 576.75,219.08 570.93,213.24 559.82,201.79 520.41,161.15 500.88,141.30 474.07,118.87 465.95,113.66 459.67,110.85"/>
    </edge>
    <edge id="48979205" from="161" to="337" priority="-1" type="secondary" spreadType="center">
        <lane id="48979205_0" index="0" speed="13.90" length="4.81" shape="342.08,722.69 340.70,718.09"/>
    </edge>
    <edge id="48979206" from="338" to="317" priority="-1" type="secondary" spreadType="center">
        <lane id="48979206_0" index="0" speed="13.90" length="2.33" shape="374.95,739.15 372.72,739.82"/>
    </edge>
    <edge id="48979207" from="340" to="341" priority="-1" type="secondary" spreadType="center">
        <lane id="48979207_0" index="0" speed="13.90" length="13.65" shape="357.96,714.28 371.60,713.68"/>
    </edge>
    <edge id="48979208" from="342" to="340" priority="-1" type="secondary" spreadType="center" shape="375.84,725.40 367.11,722.60 358.49,718.63 349.96,714.64">
        <lane id="48979208_0" index="0" speed="13.90" length="16.61" shape="372.55,724.35 367.11,722.60 358.49,718.63 357.22,718.03"/>
    </edge>
    <edge id="48979209" from="342" to="345" priority="-1" type="secondary" spreadType="center" shape="375.84,725.40 381.73,718.06 393.03,713.55">
        <lane id="48979209_0" index="0" speed="13.90" length="17.15" shape="378.61,721.95 381.73,718.06 393.03,713.55"/>
    </edge>
    <edge id="48979219" from="346" to="338" priority="-1" type="secondary" spreadType="center">
        <lane id="48979219_0" index="0" speed="13.90" length="1.06" shape="374.54,734.50 375.45,735.04"/>
    </edge>
    <edge id="48979223" from="346" to="342" priority="-1" type="secondary" spreadType="center">
        <lane id="48979223_0" index="0" speed="13.90" length="1.98" shape="373.20,730.14 374.16,728.42"/>
    </edge>
    <edge id="50241075" from="350" to="251" priority="-1" type="footway" spreadType="center">
        <lane id="50241075_0" index="0" allow="pedestrian" speed="13.90" length="14.30" shape="571.18,190.81 560.90,200.75"/>
    </edge>
    <edge id="50241076" from="352" to="353" priority="-1" type="footway" spreadType="center" shape="472.03,107.44 465.95,113.66 463.00,116.70 454.84,126.13">
        <lane id="50241076_0" index="0" allow="pedestrian" speed="13.90" length="23.66" shape="472.03,107.44 465.95,113.66 463.00,116.70 455.98,124.81"/>
    </edge>
    <edge id="50241077" from="354" to="355" priority="-1" type="footway" spreadType="center" shape="880.41,521.86 878.83,519.49 873.33,512.14 868.53,505.73 863.67,499.24 857.76,487.36">
        <lane id="50241077_0" index="0" allow="pedestrian" speed="13.90" length="36.35" shape="878.72,519.34 873.33,512.14 868.53,505.73 863.67,499.24 858.67,489.18"/>
    </edge>
    <edge id="5056539" from="34" to="35" priority="-1" type="unclassified" spreadType="center">
        <lane id="5056539_0" index="0" speed="13.90" length="4.48" shape="451.76,62.90 452.52,67.31"/>
    </edge>
    <edge id="51196062" from="356" to="357" priority="-1" type="primary" spreadType="center" shape="436.38,828.71 449.79,826.88 468.69,823.49 486.08,822.98">
        <lane id="51196062_0" index="0" speed="13.90" length="42.50" shape="436.38,828.71 449.79,826.88 468.69,823.49 478.45,823.20"/>
    </edge>
    <edge id="51200768" from="358" to="359" priority="-1" type="secondary" spreadType="center" shape="856.41,505.50 863.67,499.24 876.95,487.56">
        <lane id="51200768_0" index="0" speed="13.90" length="18.06" shape="859.09,503.19 863.67,499.24 872.69,491.31"/>
    </edge>
    <edge id="51200769" from="358" to="118" priority="-1" type="tertiary" spreadType="center">
        <lane id="51200769_0" index="0" speed="13.90" length="6.72" shape="859.91,510.65 863.69,516.21"/>
    </edge>
    <edge id="51200770" from="118" to="363" priority="-1" type="secondary" spreadType="center">
        <lane id="51200770_0" index="0" speed="13.90" length="3.51" shape="863.08,520.89 860.33,523.06"/>
    </edge>
    <edge id="51200771" from="43" to="365" priority="-1" type="residential" spreadType="center">
        <lane id="51200771_0" index="0" speed="13.90" length="19.37" shape="1049.56,697.05 1034.51,709.25"/>
    </edge>
    <edge id="51200772" from="43" to="303" priority="-1" type="primary" spreadType="center">
        <lane id="51200772_0" index="0" speed="13.90" length="6.21" shape="1054.87,696.83 1059.71,700.72"/>
    </edge>
    <edge id="51201763" from="368" to="74" priority="-1" type="tertiary" spreadType="center" shape="1850.95,1202.25 1862.00,1211.15 1885.63,1231.15 1892.52,1239.53">
        <lane id="51201763_0" index="0" speed="13.90" length="43.09" shape="1858.53,1208.36 1862.00,1211.15 1885.63,1231.15 1890.50,1237.08"/>
    </edge>
    <edge id="51201764" from="63" to="371" priority="-1" type="primary" spreadType="center" shape="1795.39,1273.55 1816.74,1300.86 1826.38,1311.65">
        <lane id="51201764_0" index="0" speed="13.90" length="41.61" shape="1797.76,1276.58 1816.74,1300.86 1823.93,1308.91"/>
    </edge>
    <edge id="51201765" from="75" to="60" priority="-1" type="primary" spreadType="center" shape="1927.50,1216.38 1907.89,1240.05 1900.28,1247.28">
        <lane id="51201765_0" index="0" speed="13.90" length="36.94" shape="1926.80,1217.23 1907.89,1240.05 1902.60,1245.08"/>
    </edge>
    <edge id="51201766" from="63" to="375" priority="-1" type="primary" spreadType="center" shape="1795.39,1273.55 1804.78,1264.99 1810.29,1262.52 1818.37,1260.24 1827.65,1259.92">
        <lane id="51201766_0" index="0" speed="13.90" length="24.47" shape="1797.72,1271.42 1804.78,1264.99 1810.29,1262.52 1818.37,1260.24 1818.85,1260.22"/>
    </edge>
    <edge id="51201767" from="74" to="60" priority="-1" type="tertiary" spreadType="center">
        <lane id="51201767_0" index="0" speed="13.90" length="4.51" shape="1894.83,1241.83 1898.02,1245.02"/>
    </edge>
    <edge id="51201768" from="371" to="379" priority="-1" type="primary" spreadType="center">
        <lane id="51201768_0" index="0" speed="13.90" length="13.90" shape="1828.47,1314.16 1837.36,1324.84"/>
    </edge>
    <edge id="5216855" from="36" to="37" priority="-1" type="unclassified" spreadType="center" shape="974.59,275.57 911.11,332.63 879.04,363.39 850.85,391.52 800.92,438.32">
        <lane id="5216855_0" index="0" speed="13.90" length="234.88" shape="974.59,275.57 911.11,332.63 879.04,363.39 850.85,391.52 803.23,436.15"/>
    </edge>
    <edge id="53140896" from="380" to="207" priority="-1" type="primary" spreadType="center" shape="2036.93,1570.12 2019.19,1550.03 1994.21,1521.72 1973.66,1498.57">
        <lane id="53140896_0" index="0" speed="13.90" length="93.46" shape="2036.93,1570.12 2019.19,1550.03 1994.21,1521.72 1975.02,1500.11"/>
    </edge>
    <edge id="53163139" from="207" to="0" priority="-1" type="primary" spreadType="center" shape="1973.66,1498.57 1959.20,1488.74 1947.00,1481.30">
        <lane id="53163139_0" index="0" speed="13.90" length="20.94" shape="1966.24,1493.53 1959.20,1488.74 1948.59,1482.27"/>
    </edge>
    <edge id="53171593" from="303" to="226" priority="-1" type="footway" spreadType="center" shape="1062.32,702.81 1057.14,716.29 1053.68,721.55 1050.84,726.08">
        <lane id="53171593_0" index="0" allow="pedestrian" speed="13.90" length="19.02" shape="1060.97,706.31 1057.14,716.29 1053.68,721.55 1052.60,723.27"/>
    </edge>
    <edge id="53599425" from="127" to="67" priority="-1" type="cycleway" spreadType="center" shape="1847.02,1404.19 1859.00,1426.54 1878.87,1467.46">
        <lane id="53599425_0" index="0" allow="bicycle" speed="13.90" length="64.21" shape="1848.86,1407.63 1859.00,1426.54 1877.67,1464.99"/>
    </edge>
    <edge id="53599427" from="190" to="319" priority="-1" type="footway" spreadType="center">
        <lane id="53599427_0" index="0" allow="pedestrian" speed="13.90" length="4.29" shape="1900.99,1584.79 1905.18,1585.73"/>
    </edge>
    <edge id="53599428" from="171" to="190" priority="-1" type="cycleway" spreadType="center">
        <lane id="53599428_0" index="0" allow="bicycle" speed="13.90" length="45.11" shape="1893.42,1535.30 1898.00,1580.18"/>
    </edge>
    <edge id="57019287" from="392" to="393" priority="-1" type="footway" spreadType="center" shape="197.35,368.17 194.43,367.42 191.84,362.59">
        <lane id="57019287_0" index="0" allow="pedestrian" speed="13.90" length="8.32" shape="197.35,368.17 194.43,367.42 191.92,362.74"/>
    </edge>
    <edge id="61098005" from="394" to="395" priority="-1" type="footway" spreadType="center" shape="1721.16,2273.61 1718.56,2273.39 1714.65,2272.28">
        <lane id="61098005_0" index="0" allow="pedestrian" speed="13.90" length="6.67" shape="1721.16,2273.61 1718.56,2273.39 1714.65,2272.28"/>
    </edge>
    <edge id="61098014" from="396" to="397" priority="-1" type="footway" spreadType="center" shape="1708.42,2282.46 1712.55,2281.47 1713.81,2275.80 1714.65,2272.28 1715.91,2266.90 1716.69,2263.30">
        <lane id="61098014_0" index="0" allow="pedestrian" speed="13.90" length="22.88" shape="1708.42,2282.46 1712.55,2281.47 1713.81,2275.80 1714.65,2272.28 1715.91,2266.90 1716.69,2263.30"/>
    </edge>
    <edge id="61578529" from="152" to="399" priority="-1" type="residential" spreadType="center" shape="1064.06,683.59 1009.12,644.01 1002.81,638.14">
        <lane id="61578529_0" index="0" speed="13.90" length="72.87" shape="1061.25,681.56 1009.12,644.01 1002.81,638.14"/>
    </edge>
    <edge id="62091589" from="152" to="43" priority="-1" type="residential" spreadType="center" shape="1064.06,683.59 1061.64,685.81 1057.64,689.29 1052.33,694.80">
        <lane id="62091589_0" index="0" speed="13.90" length="9.52" shape="1061.50,685.93 1057.64,689.29 1054.59,692.46"/>
    </edge>
    <edge id="73474894" from="189" to="403" priority="-1" type="residential" spreadType="center">
        <lane id="73474894_0" index="0" speed="13.90" length="7.52" shape="399.46,879.91 398.18,887.32"/>
    </edge>
    <edge id="73474895" from="186" to="158" priority="-1" type="secondary" spreadType="center" shape="417.89,831.08 413.82,838.52 410.26,845.29 403.39,858.63">
        <lane id="73474895_0" index="0" speed="13.90" length="20.25" shape="415.35,835.72 413.82,838.52 410.26,845.29 405.95,853.65"/>
    </edge>
    <edge id="73474902" from="181" to="156" priority="-1" type="residential" spreadType="center" shape="387.74,840.00 383.89,832.77 377.29,821.98">
        <lane id="73474902_0" index="0" speed="13.90" length="12.99" shape="386.18,837.07 383.89,832.77 379.65,825.84"/>
    </edge>
    <edge id="75459569" from="408" to="409" priority="-1" type="steps" spreadType="center">
        <lane id="75459569_0" index="0" speed="13.90" length="19.08" shape="912.57,556.79 896.50,546.50"/>
    </edge>
    <edge id="75459574" from="409" to="151" priority="-1" type="footway" spreadType="center">
        <lane id="75459574_0" index="0" allow="pedestrian" speed="13.90" length="0.20" shape="895.59,545.91 895.43,546.03"/>
    </edge>
    <edge id="75459593" from="412" to="413" priority="-1" type="footway" spreadType="center" shape="923.40,574.74 919.65,582.51 915.17,586.83">
        <lane id="75459593_0" index="0" allow="pedestrian" speed="13.90" length="14.03" shape="923.04,575.48 919.65,582.51 915.17,586.83"/>
    </edge>
    <edge id="75459599" from="408" to="412" priority="-1" type="steps" spreadType="center">
        <lane id="75459599_0" index="0" speed="13.90" length="16.54" shape="915.09,559.50 923.01,574.02"/>
    </edge>
    <edge id="75574936" from="309" to="119" priority="-1" type="secondary_link" spreadType="center" shape="884.23,523.85 883.99,527.96 883.58,531.67 882.86,535.22 883.70,539.67 885.97,547.70">
        <lane id="75574936_0" index="0" speed="13.90" length="13.10" shape="884.21,524.24 883.99,527.96 883.58,531.67 882.86,535.22 883.23,537.20"/>
    </edge>
    <edge id="79014036" from="317" to="346" priority="-1" type="secondary" spreadType="center">
        <lane id="79014036_0" index="0" speed="13.90" length="0.96" shape="369.97,736.70 370.36,735.82"/>
    </edge>
    <edge id="79014037" from="338" to="421" priority="-1" type="secondary" spreadType="center" shape="379.86,737.67 388.14,745.30 395.89,758.99">
        <lane id="79014037_0" index="0" speed="13.90" length="18.14" shape="383.03,740.59 388.14,745.30 393.65,755.03"/>
    </edge>
    <edge id="8131790" from="24" to="39" priority="-1" type="residential" spreadType="center" shape="1715.23,2289.99 1709.32,2286.15 1708.42,2282.46 1704.90,2260.74">
        <lane id="8131790_0" index="0" speed="13.90" length="31.11" shape="1713.77,2289.04 1709.32,2286.15 1708.42,2282.46 1704.90,2260.74"/>
    </edge>
    <edge id="8132225" from="40" to="41" priority="-1" type="residential" spreadType="center">
        <lane id="8132225_0" index="0" speed="13.90" length="158.35" shape="1901.12,1674.26 2059.10,1685.07"/>
    </edge>
    <edge id="8286112" from="42" to="43" priority="-1" type="primary" spreadType="center" shape="1000.40,659.51 1041.13,686.57 1052.33,694.80">
        <lane id="8286112_0" index="0" speed="13.90" length="52.02" shape="1006.41,663.50 1041.13,686.57 1049.45,692.68"/>
    </edge>
    <edge id="82932009" from="422" to="32" priority="-1" type="primary" spreadType="center" shape="1577.32,1041.33 1594.00,1051.47 1612.26,1063.86 1626.09,1074.67 1635.13,1082.83">
        <lane id="82932009_0" index="0" speed="13.90" length="69.46" shape="1578.80,1042.23 1594.00,1051.47 1612.26,1063.86 1626.09,1074.67 1635.04,1082.75"/>
    </edge>
    <edge id="82932012" from="32" to="72" priority="-1" type="primary" spreadType="center" shape="1635.13,1082.83 1682.12,1140.79 1692.75,1154.67">
        <lane id="82932012_0" index="0" speed="13.90" length="87.22" shape="1638.20,1086.62 1682.12,1140.79 1692.75,1154.67"/>
    </edge>
    <edge id="82932016" from="371" to="62" priority="-1" type="primary" spreadType="center" shape="1826.38,1311.65 1817.54,1315.68 1808.63,1317.51 1800.23,1317.23 1793.44,1314.49">
        <lane id="82932016_0" index="0" speed="13.90" length="23.54" shape="1823.04,1313.17 1817.54,1315.68 1808.63,1317.51 1800.23,1317.23"/>
    </edge>
    <edge id="87506241" from="2" to="429" priority="-1" type="unclassified" spreadType="center" shape="1707.24,1118.76 1741.75,1080.21 1775.02,1053.19">
        <lane id="87506241_0" index="0" speed="13.90" length="93.55" shape="1707.94,1117.97 1741.75,1080.21 1775.02,1053.19"/>
    </edge>
    <edge id="99413363" from="430" to="431" priority="-1" type="footway" spreadType="center" shape="626.73,744.49 617.24,740.14 610.26,735.45 606.11,728.56 603.63,719.55 590.65,719.74">
        <lane id="99413363_0" index="0" allow="pedestrian" speed="13.90" length="47.73" shape="626.29,744.29 617.24,740.14 610.26,735.45 606.11,728.56 603.63,719.55 591.65,719.73"/>
    </edge>

    <junction id="0" type="priority" x="1947.00" y="1481.30" incLanes="53163139_0" intLanes=":0_0_0 :0_1_0" shape="1947.76,1483.64 1949.43,1480.91 1943.81,1473.42 1941.12,1475.15 1940.65,1475.64 1939.01,1478.39">
        <request index="0" response="00" foes="00" cont="0"/>
        <request index="1" response="00" foes="00" cont="0"/>
    </junction>
    <junction id="1" type="priority" x="1935.47" y="1445.69" incLanes="24232612_0 3404421_0" intLanes=":1_0_0 :1_1_0 :1_2_0 :1_4_0" shape="1937.51,1450.85 1940.02,1448.87 1938.19,1441.65 1935.10,1440.83 1933.76,1441.13 1931.30,1443.17 1933.21,1450.76 1936.39,1451.16">
        <request index="0" response="0000" foes="0100" cont="0"/>
        <request index="1" response="0000" foes="1100" cont="0"/>
        <request index="2" response="0011" foes="0011" cont="0"/>
        <request index="3" response="0010" foes="0010" cont="1"/>
    </junction>
    <junction id="100" type="unregulated" x="1830.27" y="1227.15" incLanes="" intLanes="" shape="1829.64,1225.68 1830.90,1228.62"/>
    <junction id="101" type="priority" x="1774.76" y="1242.66" incLanes="23739865_0 186624431_0" intLanes=":101_0_0 :101_1_0" shape="1783.43,1248.17 1784.87,1245.28 1784.95,1244.88 1785.14,1241.69 1780.25,1242.78 1779.26,1245.82">
        <request index="0" response="00" foes="10" cont="0"/>
        <request index="1" response="01" foes="01" cont="0"/>
    </junction>
    <junction id="103" type="priority" x="1858.40" y="1334.80" incLanes="23739997_0" intLanes=":103_0_0" shape="1858.78,1332.66 1856.24,1334.61 1858.40,1336.97">
        <request index="0" response="0" foes="0" cont="0"/>
    </junction>
    <junction id="104" type="priority" x="950.43" y="675.14" incLanes="24505980_0 186713418_0" intLanes=":104_0_0 :104_4_0 :104_2_0 :104_3_0" shape="951.94,678.71 954.11,676.35 954.25,674.50 952.46,671.84 949.37,671.56 946.99,673.69 946.72,675.62 948.45,678.31">
        <request index="0" response="1100" foes="1100" cont="0"/>
        <request index="1" response="1000" foes="1000" cont="1"/>
        <request index="2" response="0000" foes="0001" cont="0"/>
        <request index="3" response="0000" foes="0011" cont="0"/>
    </junction>
    <junction id="105" type="priority" x="936.25" y="660.09" incLanes="23774652_0 158491027_0" intLanes=":105_0_0 :105_1_0" shape="938.51,664.62 940.77,662.37 935.81,657.35 933.52,659.59 934.09,664.67 937.27,665.05">
        <request index="0" response="10" foes="10" cont="0"/>
        <request index="1" response="00" foes="01" cont="0"/>
    </junction>
    <junction id="106" type="priority" x="1913.45" y="1530.79" incLanes="24232613_0" intLanes=":106_0_0 :106_1_0" shape="1917.01,1522.75 1913.90,1522.01 1913.24,1522.00 1910.11,1522.65 1912.17,1527.02 1915.36,1527.29">
        <request index="0" response="00" foes="00" cont="0"/>
        <request index="1" response="00" foes="00" cont="0"/>
    </junction>
    <junction id="108" type="priority" x="1860.91" y="1355.38" incLanes="24232614_0" intLanes=":108_0_0" shape="1859.64,1356.36 1862.12,1354.33 1862.22,1354.46 1859.66,1356.38">
        <request index="0" response="0" foes="0" cont="0"/>
    </junction>
    <junction id="109" type="priority" x="1901.66" y="1405.03" incLanes="23854408_0" intLanes=":109_0_0 :109_1_0" shape="1903.08,1414.76 1906.13,1413.78 1906.63,1413.51 1909.09,1411.46 1905.88,1407.65 1903.40,1409.68">
        <request index="0" response="00" foes="00" cont="0"/>
        <request index="1" response="00" foes="00" cont="0"/>
    </junction>
    <junction id="11" type="unregulated" x="1757.75" y="2529.78" incLanes="4005340_0" intLanes="" shape="1758.13,2528.23 1757.37,2531.33"/>
    <junction id="111" type="priority" x="1911.66" y="1551.39" incLanes="23854412_0" intLanes=":111_0_0" shape="1913.25,1551.53 1910.07,1551.25 1913.25,1551.54">
        <request index="0" response="0" foes="0" cont="0"/>
    </junction>
    <junction id="112" type="priority" x="1047.56" y="712.73" incLanes="41503533_0" intLanes=":112_0_0" shape="1047.07,714.26 1048.19,711.26 1047.90,711.16 1047.07,714.26">
        <request index="0" response="0" foes="0" cont="0"/>
    </junction>
    <junction id="113" type="priority" x="996.22" y="707.99" incLanes="23866766_0 23947828_0" intLanes=":113_0_0 :113_1_0 :113_4_0 :113_5_0" shape="1000.63,709.74 1000.74,706.54 1000.10,705.26 997.49,703.42 989.75,702.58 988.20,705.38 988.01,706.04 987.87,709.24">
        <request index="0" response="0000" foes="0100" cont="0"/>
        <request index="1" response="0000" foes="1100" cont="0"/>
        <request index="2" response="0011" foes="0011" cont="1"/>
        <request index="3" response="0010" foes="0010" cont="1"/>
    </junction>
    <junction id="114" type="unregulated" x="1807.08" y="1357.78" incLanes="" intLanes="" shape="1806.21,1359.12 1807.95,1356.44"/>
    <junction id="115" type="priority" x="1813.61" y="1362.02" incLanes="23872457_0" intLanes=":115_0_0" shape="1812.49,1363.20 1815.09,1361.33 1814.23,1360.51 1812.49,1363.20">
        <request index="0" response="0" foes="0" cont="0"/>
    </junction>
    <junction id="118" type="priority" x="865.55" y="518.94" incLanes="350033485_0 51200769_0" intLanes=":118_0_0 :118_1_0 :118_2_0 :118_4_0" shape="866.15,522.41 868.71,520.50 869.09,517.97 866.99,515.56 865.01,515.31 862.37,517.11 862.09,519.63 864.07,522.14">
        <request index="0" response="0000" foes="0100" cont="0"/>
        <request index="1" response="0000" foes="1100" cont="0"/>
        <request index="2" response="0011" foes="0011" cont="0"/>
        <request index="3" response="0010" foes="0010" cont="1"/>
    </junction>
    <junction id="119" type="priority" x="885.97" y="547.70" incLanes="75574936_0 23947919_0" intLanes=":119_0_0 :119_1_0 :119_2_0 :119_3_0" shape="886.82,552.13 889.55,550.45 890.26,549.10 890.11,545.91 884.78,536.76 881.69,537.64 881.11,537.88 878.48,539.70">
        <request index="0" response="0000" foes="0100" cont="0"/>
        <request index="1" response="0000" foes="1100" cont="0"/>
        <request index="2" response="0011" foes="0011" cont="0"/>
        <request index="3" response="0010" foes="0010" cont="0"/>
    </junction>
    <junction id="12" type="unregulated" x="1622.07" y="2186.53" incLanes="" intLanes="" shape="1623.05,2187.79 1621.09,2185.27"/>
    <junction id="121" type="priority" x="1814.70" y="1343.09" incLanes="23948475_0" intLanes=":121_0_0" shape="1813.42,1344.05 1815.93,1342.06 1816.02,1342.18 1813.43,1344.07">
        <request index="0" response="0" foes="0" cont="0"/>
    </junction>
    <junction id="122" type="priority" x="1855.23" y="1259.88" incLanes="186624437_0" intLanes=":122_0_0 :122_1_0" shape="1863.14,1259.43 1862.31,1256.34 1861.95,1255.69 1859.74,1253.37 1857.84,1258.06 1858.11,1261.24">
        <request index="0" response="00" foes="00" cont="0"/>
        <request index="1" response="00" foes="00" cont="0"/>
    </junction>
    <junction id="123" type="priority" x="1862.03" y="1222.11" incLanes="23948477_0 186624440_0" intLanes=":123_0_0 :123_1_0" shape="1864.79,1232.64 1867.73,1231.38 1868.16,1231.10 1870.51,1228.93 1866.24,1226.36 1863.44,1227.92">
        <request index="0" response="00" foes="10" cont="0"/>
        <request index="1" response="01" foes="01" cont="0"/>
    </junction>
    <junction id="124" type="priority" x="1823.84" y="1368.03" incLanes="24595673_0" intLanes=":124_0_0" shape="1822.64,1369.08 1825.12,1367.07 1824.96,1366.89 1822.64,1369.08">
        <request index="0" response="0" foes="0" cont="0"/>
    </junction>
    <junction id="125" type="priority" x="1832.07" y="1378.15" incLanes="23950597_0" intLanes=":125_0_0" shape="1830.76,1379.07 1833.49,1377.41 1833.24,1377.06 1830.76,1379.07">
        <request index="0" response="0" foes="0" cont="0"/>
    </junction>
    <junction id="127" type="priority" x="1847.02" y="1404.19" incLanes="23950598_0 27128185_0" intLanes=":127_0_0 :127_2_0" shape="1847.45,1408.38 1850.27,1406.87 1847.17,1401.16 1844.37,1402.70 1843.32,1406.20 1845.79,1408.22">
        <request index="0" response="00" foes="10" cont="0"/>
        <request index="1" response="01" foes="01" cont="1"/>
    </junction>
    <junction id="129" type="unregulated" x="1822.63" y="1196.46" incLanes="23963379_0" intLanes="" shape="1821.04,1196.64 1824.22,1196.28"/>
    <junction id="13" type="unregulated" x="1881.78" y="2163.29" incLanes="4005341_0" intLanes="" shape="1882.44,2161.83 1881.12,2164.75"/>
    <junction id="130" type="unregulated" x="1002.79" y="606.88" incLanes="" intLanes="" shape="1001.19,606.88 1004.39,606.88"/>
    <junction id="131" type="unregulated" x="943.31" y="667.18" incLanes="24005934_0" intLanes="" shape="944.34,668.41 942.28,665.95"/>
    <junction id="132" type="unregulated" x="943.31" y="667.18" incLanes="" intLanes="" shape="942.05,666.19 944.57,668.17"/>
    <junction id="133" type="unregulated" x="936.38" y="674.42" incLanes="24005968_0" intLanes="" shape="937.43,675.62 935.33,673.22"/>
    <junction id="136" type="priority" x="1919.84" y="1464.74" incLanes="40129888_0 48410268_0" intLanes=":136_0_0 :136_1_0 :136_2_0 :136_4_0" shape="1918.61,1469.55 1921.80,1469.29 1922.95,1468.60 1924.66,1465.89 1920.05,1458.77 1916.94,1459.52 1916.07,1460.11 1914.22,1462.72">
        <request index="0" response="0000" foes="0100" cont="0"/>
        <request index="1" response="0000" foes="1100" cont="0"/>
        <request index="2" response="0011" foes="0011" cont="0"/>
        <request index="3" response="0010" foes="0010" cont="1"/>
    </junction>
    <junction id="138" type="priority" x="1853.06" y="1344.94" incLanes="186649515_0" intLanes=":138_0_0" shape="1851.78,1345.90 1854.34,1343.98 1851.78,1345.90">
        <request index="0" response="0" foes="0" cont="0"/>
    </junction>
    <junction id="14" type="unregulated" x="1483.77" y="2100.74" incLanes="" intLanes="" shape="1482.41,2101.58 1485.13,2099.90"/>
    <junction id="140" type="priority" x="207.98" y="348.25" incLanes="178710557_0 190290772_0" intLanes=":140_0_0 :140_1_0" shape="210.65,348.02 208.52,345.63 202.82,350.69 204.95,353.08 205.95,353.58 209.14,353.83">
        <request index="0" response="00" foes="10" cont="0"/>
        <request index="1" response="01" foes="01" cont="0"/>
    </junction>
    <junction id="141" type="priority" x="333.10" y="222.67" incLanes="24288829_0" intLanes=":141_0_0" shape="334.22,223.81 331.94,221.56 334.29,223.74">
        <request index="0" response="0" foes="0" cont="0"/>
    </junction>
    <junction id="142" type="priority" x="558.42" y="831.69" incLanes="38684649_0" intLanes=":142_0_0 :142_1_0" shape="568.06,830.63 567.19,827.55 566.93,827.03 564.95,824.52 561.77,828.20 563.22,831.05">
        <request index="0" response="00" foes="00" cont="0"/>
        <request index="1" response="00" foes="00" cont="0"/>
    </junction>
    <junction id="143" type="unregulated" x="625.43" y="761.94" incLanes="24379536_0" intLanes="" shape="624.02,762.69 626.84,761.19"/>
    <junction id="145" type="priority" x="785.48" y="420.35" incLanes="24407070_0" intLanes=":145_0_0" shape="784.23,421.35 786.66,419.27 784.35,421.49">
        <request index="0" response="0" foes="0" cont="0"/>
    </junction>
    <junction id="146" type="priority" x="209.32" y="387.80" incLanes="43374244_0" intLanes=":146_0_0 :146_1_0" shape="208.05,390.18 211.22,389.72 210.13,382.30 206.96,382.77 205.97,383.37 204.08,385.95">
        <request index="0" response="00" foes="00" cont="0"/>
        <request index="1" response="00" foes="00" cont="0"/>
    </junction>
    <junction id="147" type="priority" x="179.56" y="374.75" incLanes="24407072_0 142677522_0" intLanes=":147_2_0 :147_1_0" shape="183.95,377.03 184.43,373.87 184.02,372.59 181.76,370.32 176.80,375.18 179.02,377.49">
        <request index="0" response="10" foes="10" cont="1"/>
        <request index="1" response="00" foes="01" cont="0"/>
    </junction>
    <junction id="148" type="unregulated" x="955.78" y="474.60" incLanes="" intLanes="" shape="954.70,473.42 956.86,475.78"/>
    <junction id="149" type="priority" x="942.18" y="487.00" incLanes="24408149_0" intLanes=":149_0_0" shape="943.25,488.19 941.10,485.82 943.24,488.20">
        <request index="0" response="0" foes="0" cont="0"/>
    </junction>
    <junction id="15" type="priority" x="1725.63" y="2262.16" incLanes="4005347_0 4005342_0" intLanes=":15_0_0 :15_2_0" shape="1728.05,2260.58 1725.12,2259.31 1721.27,2261.10 1721.67,2264.28 1722.61,2265.49 1725.60,2266.65">
        <request index="0" response="00" foes="10" cont="0"/>
        <request index="1" response="01" foes="01" cont="1"/>
    </junction>
    <junction id="151" type="priority" x="893.58" y="547.35" incLanes="75459574_0 24408152_0 486870075_0" intLanes=":151_0_0 :151_1_0 :151_2_0 :151_3_0 :151_6_0 :151_7_0" shape="893.93,550.85 896.62,549.11 896.52,547.21 894.66,544.61 894.07,543.29 890.99,544.19 886.30,546.08 886.45,549.28 887.16,549.74 888.94,552.40">
        <request index="0" response="000000" foes="010100" cont="0"/>
        <request index="1" response="000000" foes="111100" cont="0"/>
        <request index="2" response="010011" foes="010011" cont="0"/>
        <request index="3" response="110010" foes="110010" cont="0"/>
        <request index="4" response="000011" foes="001111" cont="1"/>
        <request index="5" response="000010" foes="001010" cont="1"/>
    </junction>
    <junction id="152" type="priority" x="1064.06" y="683.59" incLanes="189764301_0" intLanes=":152_0_0 :152_1_0 :152_2_0" shape="1065.92,686.94 1067.81,684.36 1067.73,682.48 1065.60,680.08 1062.18,680.27 1060.31,682.86 1060.42,684.75 1062.59,687.11">
        <request index="0" response="000" foes="000" cont="0"/>
        <request index="1" response="000" foes="000" cont="0"/>
        <request index="2" response="000" foes="000" cont="0"/>
    </junction>
    <junction id="153" type="unregulated" x="1136.97" y="743.28" incLanes="24410094_0" intLanes="" shape="1138.40,742.57 1135.54,743.99"/>
    <junction id="156" type="priority" x="377.29" y="821.98" incLanes="73474902_0 142770562_0 381749912_0" intLanes=":156_0_0 :156_6_0 :156_2_0 :156_3_0 :156_4_0 :156_5_0" shape="378.29,826.68 381.02,825.01 381.73,823.80 381.89,820.61 377.81,818.02 374.74,818.91 371.96,820.30 371.92,823.50 372.34,824.57 374.57,826.86">
        <request index="0" response="001100" foes="111100" cont="0"/>
        <request index="1" response="001000" foes="101000" cont="1"/>
        <request index="2" response="000000" foes="010001" cont="0"/>
        <request index="3" response="000000" foes="110011" cont="0"/>
        <request index="4" response="001101" foes="001101" cont="0"/>
        <request index="5" response="001011" foes="001011" cont="0"/>
    </junction>
    <junction id="157" type="priority" x="367.18" y="787.01" incLanes="24483192_0" intLanes=":157_0_0 :157_1_0" shape="366.11,789.06 369.18,788.17 368.00,776.21 364.81,776.44 364.31,776.56 361.39,777.85">
        <request index="0" response="00" foes="00" cont="0"/>
        <request index="1" response="00" foes="00" cont="0"/>
    </junction>
    <junction id="158" type="priority" x="403.39" y="858.63" incLanes="25866659_0 284139902_0 73474895_0" intLanes=":158_0_0 :158_1_0 :158_2_0 :158_3_0 :158_4_0 :158_5_0 :158_6_0 :158_7_0 :158_9_0" shape="405.82,862.59 407.80,860.08 409.20,858.21 408.10,855.21 407.37,854.39 404.53,852.92 401.76,854.71 399.49,856.96 398.74,858.72 399.90,861.71 401.02,862.64 404.17,863.22">
        <request index="0" response="000000000" foes="001001000" cont="0"/>
        <request index="1" response="000000000" foes="011011000" cont="0"/>
        <request index="2" response="000000000" foes="111111000" cont="0"/>
        <request index="3" response="001000111" foes="001000111" cont="0"/>
        <request index="4" response="011000110" foes="011000110" cont="0"/>
        <request index="5" response="111000100" foes="111000100" cont="0"/>
        <request index="6" response="000000111" foes="000111111" cont="0"/>
        <request index="7" response="000000110" foes="000110110" cont="0"/>
        <request index="8" response="000000100" foes="000100100" cont="1"/>
    </junction>
    <junction id="159" type="priority" x="324.32" y="879.80" incLanes="24483197_0" intLanes=":159_0_0 :159_1_0" shape="329.70,880.47 329.14,877.32 328.47,876.32 325.79,874.59 323.75,878.30 325.21,881.14">
        <request index="0" response="00" foes="00" cont="0"/>
        <request index="1" response="00" foes="00" cont="0"/>
    </junction>
    <junction id="16" type="priority" x="1856.21" y="1958.22" incLanes="40016484_0 4018065_0" intLanes=":16_0_0 :16_1_0 :16_2_0 :16_4_0" shape="1858.88,1960.49 1859.61,1957.38 1858.56,1955.41 1855.45,1954.64 1853.68,1955.58 1852.57,1958.58 1853.40,1960.48 1856.30,1961.83">
        <request index="0" response="0000" foes="0100" cont="0"/>
        <request index="1" response="0000" foes="1100" cont="0"/>
        <request index="2" response="0011" foes="0011" cont="0"/>
        <request index="3" response="0010" foes="0010" cont="1"/>
    </junction>
    <junction id="160" type="unregulated" x="146.34" y="765.58" incLanes="" intLanes="" shape="146.57,767.16 146.11,764.00"/>
    <junction id="161" type="priority" x="343.08" y="726.05" incLanes="199799716_0 24483344_0" intLanes=":161_0_0 :161_4_0 :161_2_0 :161_3_0" shape="342.81,730.25 345.84,729.22 346.86,727.89 347.06,724.70 343.61,722.23 340.54,723.15 339.48,724.69 339.69,727.88">
        <request index="0" response="1100" foes="1100" cont="0"/>
        <request index="1" response="1000" foes="1000" cont="1"/>
        <request index="2" response="0000" foes="0001" cont="0"/>
        <request index="3" response="0000" foes="0011" cont="0"/>
    </junction>
    <junction id="164" type="priority" x="948.44" y="730.26" incLanes="410646191_0 37211583_0" intLanes=":164_0_0 :164_1_0" shape="951.25,731.96 951.36,728.76 949.61,726.73 946.43,727.13 945.12,728.59 945.05,731.79">
        <request index="0" response="00" foes="10" cont="0"/>
        <request index="1" response="01" foes="01" cont="0"/>
    </junction>
    <junction id="165" type="priority" x="1054.52" y="740.71" incLanes="34209556_0 24505985_0" intLanes=":165_0_0 :165_1_0" shape="1057.06,743.04 1057.87,739.94 1056.84,737.76 1053.72,737.05 1051.99,737.94 1050.78,740.90">
        <request index="0" response="00" foes="10" cont="0"/>
        <request index="1" response="01" foes="01" cont="0"/>
    </junction>
    <junction id="169" type="priority" x="1371.09" y="2336.03" incLanes="37357053_0 24595622_0" intLanes=":169_0_0 :169_1_0" shape="1373.27,2334.53 1370.24,2333.52 1365.26,2337.54 1366.86,2340.32 1367.67,2340.98 1370.69,2342.04">
        <request index="0" response="00" foes="10" cont="0"/>
        <request index="1" response="01" foes="01" cont="0"/>
    </junction>
    <junction id="171" type="priority" x="1892.87" y="1529.88" incLanes="24595627_0 33276054_0" intLanes=":171_0_0 :171_2_0" shape="1891.83,1535.47 1895.01,1535.14 1894.09,1527.44 1890.93,1527.96 1888.24,1533.17 1890.75,1535.15">
        <request index="0" response="00" foes="10" cont="0"/>
        <request index="1" response="01" foes="01" cont="1"/>
    </junction>
    <junction id="174" type="priority" x="665.50" y="670.51" incLanes="283487670_0" intLanes=":174_0_0" shape="666.01,672.03 665.20,668.93 664.79,669.07 666.01,672.03">
        <request index="0" response="0" foes="0" cont="0"/>
    </junction>
    <junction id="175" type="priority" x="608.84" y="693.80" incLanes="24852489_0" intLanes=":175_0_0" shape="609.55,695.24 608.33,692.28 607.94,692.47 609.55,695.24">
        <request index="0" response="0" foes="0" cont="0"/>
    </junction>
    <junction id="177" type="priority" x="569.79" y="728.12" incLanes="24852490_0" intLanes=":177_0_0" shape="571.37,728.70 568.85,726.73 569.74,729.80">
        <request index="0" response="0" foes="0" cont="0"/>
    </junction>
    <junction id="178" type="unregulated" x="1713.54" y="2779.70" incLanes="" intLanes="" shape="1713.80,2778.12 1713.28,2781.28"/>
    <junction id="181" type="priority" x="387.74" y="840.00" incLanes="25866655_0 199780796_0" intLanes=":181_0_0 :181_4_0 :181_2_0 :181_3_0" shape="388.56,843.74 391.11,841.81 391.61,840.08 390.23,837.15 387.59,836.32 384.77,837.82 384.07,839.67 385.20,842.67">
        <request index="0" response="1100" foes="1100" cont="0"/>
        <request index="1" response="1000" foes="1000" cont="1"/>
        <request index="2" response="0000" foes="0001" cont="0"/>
        <request index="3" response="0000" foes="0011" cont="0"/>
    </junction>
    <junction id="182" type="priority" x="447.41" y="881.04" incLanes="199799715_0" intLanes=":182_0_0" shape="446.88,882.55 447.89,879.51 447.98,879.55 446.88,882.55">
        <request index="0" response="0" foes="0" cont="0"/>
    </junction>
    <junction id="184" type="priority" x="506.74" y="901.32" incLanes="26975623_0" intLanes=":184_0_0 :184_1_0" shape="506.46,903.91 509.18,902.23 505.46,895.54 502.64,897.04 501.94,897.85 500.83,900.85">
        <request index="0" response="00" foes="00" cont="0"/>
        <request index="1" response="00" foes="00" cont="0"/>
    </junction>
    <junction id="185" type="priority" x="488.75" y="894.70" incLanes="26626731_0" intLanes=":185_0_0" shape="488.17,896.19 489.28,893.19 488.27,896.23">
        <request index="0" response="0" foes="0" cont="0"/>
    </junction>
    <junction id="186" type="priority" x="417.89" y="831.08" incLanes="141050980_0 141050972_0" intLanes=":186_0_0 :186_1_0 :186_2_0 :186_3_0 :186_6_0 :186_7_0" shape="418.46,835.91 421.34,834.52 421.79,832.19 421.38,829.01 418.81,827.80 415.68,828.48 412.36,830.96 413.22,834.04 413.95,834.96 416.75,836.49">
        <request index="0" response="000000" foes="001000" cont="0"/>
        <request index="1" response="000000" foes="011000" cont="0"/>
        <request index="2" response="000000" foes="111000" cont="0"/>
        <request index="3" response="000111" foes="000111" cont="0"/>
        <request index="4" response="000110" foes="000110" cont="1"/>
        <request index="5" response="000100" foes="000100" cont="1"/>
    </junction>
    <junction id="189" type="priority" x="399.46" y="879.91" incLanes="27064186_0" intLanes=":189_0_0" shape="401.03,880.20 397.89,879.62 401.04,880.18">
        <request index="0" response="0" foes="0" cont="0"/>
    </junction>
    <junction id="19" type="priority" x="1268.19" y="2638.95" incLanes="4005348_0" intLanes=":19_0_0" shape="1266.66,2639.52 1269.82,2639.06 1266.75,2638.18">
        <request index="0" response="0" foes="0" cont="0"/>
    </junction>
    <junction id="190" type="priority" x="1898.41" y="1584.20" incLanes="53599428_0" intLanes=":190_0_0 :190_1_0" shape="1900.64,1586.35 1901.35,1583.23 1899.59,1580.02 1896.41,1580.34 1895.15,1581.33 1894.07,1584.34">
        <request index="0" response="00" foes="00" cont="0"/>
        <request index="1" response="00" foes="00" cont="0"/>
    </junction>
    <junction id="192" type="unregulated" x="1827.05" y="1397.63" incLanes="" intLanes="" shape="1828.66,1398.37 1826.62,1395.91 1825.59,1396.62 1827.18,1399.40"/>
    <junction id="193" type="unregulated" x="1838.27" y="1388.36" incLanes="27128192_0" intLanes="" shape="1837.25,1387.13 1839.29,1389.59"/>
    <junction id="195" type="unregulated" x="1814.08" y="1444.56" incLanes="27128194_0" intLanes="" shape="1815.68,1444.48 1812.48,1444.64"/>
    <junction id="196" type="unregulated" x="1901.45" y="1282.25" incLanes="" intLanes="" shape="1902.52,1281.06 1900.38,1283.44"/>
    <junction id="197" type="unregulated" x="1889.38" y="1271.44" incLanes="27243906_0" intLanes="" shape="1888.31,1272.63 1890.45,1270.25"/>
    <junction id="198" type="priority" x="1879.33" y="1266.65" incLanes="186649518_0" intLanes=":198_0_0" shape="1880.42,1267.82 1878.23,1265.49 1880.44,1267.80">
        <request index="0" response="0" foes="0" cont="0"/>
    </junction>
    <junction id="199" type="priority" x="1850.67" y="1294.14" incLanes="27461598_0" intLanes=":199_0_0 :199_1_0" shape="1853.05,1294.09 1850.84,1291.77 1842.76,1298.05 1844.67,1300.62 1845.17,1301.04 1847.99,1302.55">
        <request index="0" response="00" foes="00" cont="0"/>
        <request index="1" response="00" foes="00" cont="0"/>
    </junction>
    <junction id="2" type="unregulated" x="1707.24" y="1118.76" incLanes="" intLanes="" shape="1709.14,1119.04 1706.75,1116.91 1705.40,1118.23 1707.48,1120.66"/>
    <junction id="20" type="priority" x="1871.99" y="1859.12" incLanes="410621277_0 410621285_0" intLanes=":20_0_0 :20_1_0 :20_2_0 :20_4_0" shape="1874.41,1853.35 1871.24,1852.91 1870.27,1853.11 1867.52,1854.75 1867.02,1860.18 1868.64,1862.94 1869.72,1863.66 1872.89,1864.12">
        <request index="0" response="0000" foes="0100" cont="0"/>
        <request index="1" response="0000" foes="1100" cont="0"/>
        <request index="2" response="0011" foes="0011" cont="0"/>
        <request index="3" response="0010" foes="0010" cont="1"/>
    </junction>
    <junction id="201" type="priority" x="1737.46" y="1208.28" incLanes="186624436_0 28262107_0" intLanes=":201_2_0 :201_1_0" shape="1734.69,1210.00 1739.63,1205.81 1738.18,1206.73 1735.90,1208.98">
        <request index="0" response="10" foes="10" cont="1"/>
        <request index="1" response="00" foes="01" cont="0"/>
    </junction>
    <junction id="203" type="priority" x="1956.15" y="1296.98" incLanes="30040906_0" intLanes=":203_0_0 :203_1_0" shape="1956.35,1303.26 1959.42,1302.35 1960.21,1301.77 1962.05,1299.15 1958.01,1296.49 1955.90,1298.89">
        <request index="0" response="00" foes="00" cont="0"/>
        <request index="1" response="00" foes="00" cont="0"/>
    </junction>
    <junction id="207" type="priority" x="1973.66" y="1498.57" incLanes="53140896_0 407524730_0 30504565_0" intLanes=":207_0_0 :207_1_0 :207_3_0" shape="1973.83,1501.17 1976.22,1499.04 1974.79,1490.62 1971.59,1490.81 1970.32,1490.09 1967.60,1491.77 1967.14,1492.21 1965.34,1494.85">
        <request index="0" response="000" foes="110" cont="0"/>
        <request index="1" response="101" foes="101" cont="0"/>
        <request index="2" response="001" foes="011" cont="1"/>
    </junction>
    <junction id="21" type="priority" x="1792.81" y="1939.77" incLanes="4005349_0" intLanes=":21_0_0 :21_1_0" shape="1797.33,1942.67 1798.18,1939.59 1798.00,1938.39 1796.29,1935.68 1790.07,1939.68 1791.84,1942.34">
        <request index="0" response="00" foes="00" cont="0"/>
        <request index="1" response="00" foes="00" cont="0"/>
    </junction>
    <junction id="213" type="unregulated" x="1741.47" y="2634.92" incLanes="31641305_0" intLanes="" shape="1741.73,2633.34 1741.21,2636.50"/>
    <junction id="214" type="unregulated" x="1853.10" y="1555.06" incLanes="" intLanes="" shape="1851.55,1555.45 1854.65,1554.67"/>
    <junction id="216" type="unregulated" x="1871.74" y="1593.69" incLanes="" intLanes="" shape="1870.14,1593.61 1873.34,1593.77"/>
    <junction id="217" type="priority" x="1895.50" y="1610.36" incLanes="33276090_0" intLanes=":217_0_0" shape="1895.42,1611.96 1895.58,1608.76 1895.40,1611.96">
        <request index="0" response="0" foes="0" cont="0"/>
    </junction>
    <junction id="218" type="unregulated" x="1890.43" y="1649.09" incLanes="" intLanes="" shape="1891.07,1650.73 1891.25,1647.53 1890.09,1647.37 1889.35,1650.48"/>
    <junction id="219" type="unregulated" x="1876.47" y="1710.20" incLanes="33276172_0" intLanes="" shape="1876.79,1708.63 1876.15,1711.77"/>
    <junction id="22" type="unregulated" x="1354.04" y="881.24" incLanes="" intLanes="" shape="1355.18,882.36 1352.90,880.12"/>
    <junction id="221" type="priority" x="1910.41" y="1650.18" incLanes="33276173_0" intLanes=":221_0_0" shape="1910.29,1651.78 1910.52,1648.58 1910.33,1651.78">
        <request index="0" response="0" foes="0" cont="0"/>
    </junction>
    <junction id="222" type="unregulated" x="1913.57" y="1650.41" incLanes="" intLanes="" shape="1911.98,1650.28 1915.16,1650.54"/>
    <junction id="223" type="priority" x="1913.11" y="1656.02" incLanes="33276174_0" intLanes=":223_0_0" shape="1914.70,1656.18 1911.51,1655.92 1911.52,1655.80 1914.70,1656.18">
        <request index="0" response="0" foes="0" cont="0"/>
    </junction>
    <junction id="225" type="unregulated" x="2065.63" y="1675.49" incLanes="33276175_0" intLanes="" shape="2065.72,1673.89 2065.54,1677.09"/>
    <junction id="226" type="priority" x="1050.84" y="726.08" incLanes="410646192_0 53171593_0" intLanes=":226_0_0 :226_1_0 :226_2_0 :226_3_0 :226_4_0 :226_6_0" shape="1054.00,733.99 1056.97,731.77 1057.79,731.07 1059.13,728.17 1053.96,724.12 1051.24,722.42 1048.77,723.61 1047.66,726.61 1049.12,730.94 1052.32,731.02">
        <request index="0" response="000000" foes="001000" cont="0"/>
        <request index="1" response="000000" foes="011000" cont="0"/>
        <request index="2" response="000000" foes="111000" cont="0"/>
        <request index="3" response="000111" foes="000111" cont="0"/>
        <request index="4" response="000110" foes="000110" cont="0"/>
        <request index="5" response="000100" foes="000100" cont="1"/>
    </junction>
    <junction id="228" type="unregulated" x="1980.70" y="1314.16" incLanes="" intLanes="" shape="1979.19,1313.63 1982.21,1314.69"/>
    <junction id="23" type="unregulated" x="1543.52" y="715.95" incLanes="4005352_0" intLanes="" shape="1542.52,714.70 1544.52,717.20"/>
    <junction id="230" type="priority" x="527.95" y="945.99" incLanes="39097375_0 199500678_0 291737406_0" intLanes=":230_3_0 :230_1_0 :230_2_0" shape="527.86,950.19 530.84,949.03 531.80,947.66 531.86,944.46 528.58,942.64 525.52,943.60 524.49,945.59 525.63,948.58">
        <request index="0" response="010" foes="110" cont="1"/>
        <request index="1" response="000" foes="101" cont="0"/>
        <request index="2" response="011" foes="011" cont="0"/>
    </junction>
    <junction id="231" type="priority" x="539.96" y="946.20" incLanes="371475034_0 34386694_0" intLanes=":231_0_0 :231_1_0" shape="539.38,949.18 542.37,948.05 540.23,942.09 537.20,943.14 536.20,944.53 536.14,947.73">
        <request index="0" response="10" foes="10" cont="0"/>
        <request index="1" response="00" foes="01" cont="0"/>
    </junction>
    <junction id="233" type="unregulated" x="1444.60" y="2927.60" incLanes="35416014_0" intLanes="" shape="1446.08,2928.21 1443.12,2926.99"/>
    <junction id="234" type="priority" x="412.61" y="139.79" incLanes="214920908_0 142677528_0" intLanes=":234_2_0 :234_1_0" shape="417.17,137.54 414.93,135.26 413.89,134.85 410.52,135.15 409.89,140.28 412.18,142.52">
        <request index="0" response="10" foes="10" cont="1"/>
        <request index="1" response="00" foes="01" cont="0"/>
    </junction>
    <junction id="235" type="priority" x="419.32" y="111.95" incLanes="36795286_0" intLanes=":235_0_0" shape="420.79,111.25 417.69,112.03 420.86,112.50">
        <request index="0" response="0" foes="0" cont="0"/>
    </junction>
    <junction id="236" type="priority" x="659.59" y="607.98" incLanes="37046848_0" intLanes=":236_0_0" shape="658.84,609.39 660.33,606.56 658.86,609.40">
        <request index="0" response="0" foes="0" cont="0"/>
    </junction>
    <junction id="237" type="priority" x="800.99" y="525.18" incLanes="37046847_0" intLanes=":237_0_0" shape="802.16,526.30 800.18,523.78 801.39,526.75">
        <request index="0" response="0" foes="0" cont="0"/>
    </junction>
    <junction id="238" type="priority" x="668.55" y="612.70" incLanes="370478534_0" intLanes=":238_0_0" shape="667.31,613.86 670.24,612.55 668.81,611.03 667.31,613.86">
        <request index="0" response="0" foes="0" cont="0"/>
    </junction>
    <junction id="24" type="unregulated" x="1715.23" y="2289.99" incLanes="" intLanes="" shape="1716.46,2292.01 1717.34,2288.93 1714.64,2287.70 1712.90,2290.38"/>
    <junction id="240" type="unregulated" x="697.28" y="576.71" incLanes="" intLanes="" shape="695.91,575.89 698.65,577.53"/>
    <junction id="241" type="unregulated" x="684.69" y="623.87" incLanes="37046849_0" intLanes="" shape="686.17,623.27 683.21,624.47"/>
    <junction id="243" type="priority" x="816.43" y="513.01" incLanes="224116549_0 37046850_0" intLanes=":243_2_0 :243_1_0" shape="818.82,515.34 819.68,512.26 818.47,510.37 815.31,509.87 813.62,513.18 815.60,515.70">
        <request index="0" response="10" foes="10" cont="1"/>
        <request index="1" response="00" foes="01" cont="0"/>
    </junction>
    <junction id="244" type="unregulated" x="528.20" y="646.54" incLanes="" intLanes="" shape="526.72,647.16 529.68,645.92"/>
    <junction id="245" type="unregulated" x="561.84" y="677.13" incLanes="37062512_0" intLanes="" shape="563.27,676.42 560.41,677.84"/>
    <junction id="246" type="priority" x="556.60" y="666.53" incLanes="217688658_0" intLanes=":246_0_0" shape="557.12,668.04 556.08,665.02 557.12,668.04">
        <request index="0" response="0" foes="0" cont="0"/>
    </junction>
    <junction id="247" type="priority" x="592.20" y="653.73" incLanes="37062514_0" intLanes=":247_0_0" shape="592.88,655.18 591.61,652.24 592.71,655.25">
        <request index="0" response="0" foes="0" cont="0"/>
    </junction>
    <junction id="248" type="priority" x="511.61" y="171.62" incLanes="480651721_0" intLanes=":248_0_0" shape="512.79,172.70 510.40,170.57 512.79,172.70">
        <request index="0" response="0" foes="0" cont="0"/>
    </junction>
    <junction id="249" type="unregulated" x="516.89" y="165.69" incLanes="37076926_0" intLanes="" shape="515.70,164.63 518.08,166.75"/>
    <junction id="25" type="unregulated" x="1839.72" y="2324.34" incLanes="4015563_0" intLanes="" shape="1840.08,2322.78 1839.36,2325.90"/>
    <junction id="250" type="priority" x="560.54" y="218.52" incLanes="487385461_0" intLanes=":250_0_0" shape="559.50,219.75 561.84,217.57 559.05,219.13">
        <request index="0" response="0" foes="0" cont="0"/>
    </junction>
    <junction id="251" type="unregulated" x="559.82" y="201.79" incLanes="50241075_0 37076927_0" intLanes="" shape="562.01,201.90 559.79,199.60 557.63,201.68 559.85,203.98"/>
    <junction id="252" type="unregulated" x="1776.52" y="1934.33" incLanes="" intLanes="" shape="1775.21,1935.24 1777.83,1933.42"/>
    <junction id="253" type="unregulated" x="1784.28" y="1945.47" incLanes="37211227_0" intLanes="" shape="1785.59,1944.56 1782.97,1946.38"/>
    <junction id="254" type="priority" x="736.93" y="726.40" incLanes="340675975_0" intLanes=":254_0_0 :254_1_0" shape="736.45,729.95 739.48,728.92 740.43,727.09 739.58,724.00 733.36,726.14 734.58,729.10">
        <request index="0" response="00" foes="00" cont="0"/>
        <request index="1" response="00" foes="00" cont="0"/>
    </junction>
    <junction id="255" type="unregulated" x="796.44" y="736.31" incLanes="37211530_0" intLanes="" shape="796.60,734.72 796.28,737.90"/>
    <junction id="256" type="priority" x="702.59" y="748.29" incLanes="370478546_0" intLanes=":256_0_0 :256_1_0" shape="703.82,752.04 706.19,749.89 706.53,748.10 705.09,745.24 702.70,744.76 699.81,746.12">
        <request index="0" response="00" foes="00" cont="0"/>
        <request index="1" response="00" foes="00" cont="0"/>
    </junction>
    <junction id="259" type="priority" x="690.49" y="720.22" incLanes="37211584_0" intLanes=":259_0_0" shape="689.06,720.96 692.01,719.71 688.91,720.50">
        <request index="0" response="0" foes="0" cont="0"/>
    </junction>
    <junction id="262" type="priority" x="1866.11" y="1785.26" incLanes="410621281_0" intLanes=":262_0_0 :262_1_0" shape="1864.54,1798.68 1867.74,1798.67 1867.92,1783.88 1864.75,1783.45 1861.05,1797.79 1864.14,1798.62">
        <request index="0" response="00" foes="00" cont="0"/>
        <request index="1" response="00" foes="00" cont="0"/>
    </junction>
    <junction id="265" type="priority" x="353.61" y="756.29" incLanes="37413814_0 363112763_0" intLanes=":265_0_0 :265_4_0 :265_2_0 :265_3_0" shape="353.47,759.93 356.40,758.64 357.22,756.81 356.24,753.76 354.02,752.76 351.01,753.86 350.10,755.73 351.07,758.78">
        <request index="0" response="1100" foes="1100" cont="0"/>
        <request index="1" response="1000" foes="1000" cont="1"/>
        <request index="2" response="0000" foes="0001" cont="0"/>
        <request index="3" response="0000" foes="0011" cont="0"/>
    </junction>
    <junction id="267" type="priority" x="690.07" y="668.85" incLanes="37413818_0" intLanes=":267_0_0" shape="691.16,670.03 689.27,667.45 688.74,667.94 691.16,670.03">
        <request index="0" response="0" foes="0" cont="0"/>
    </junction>
    <junction id="268" type="unregulated" x="362.66" y="164.32" incLanes="" intLanes="" shape="361.79,165.66 363.53,162.98"/>
    <junction id="269" type="unregulated" x="366.62" y="166.90" incLanes="38330171_0 44288444_0" intLanes="" shape="364.67,163.72 362.93,166.40 363.18,168.34 365.57,170.47"/>
    <junction id="27" type="unregulated" x="1982.01" y="1987.83" incLanes="4018063_0" intLanes="" shape="1982.38,1986.27 1981.64,1989.39"/>
    <junction id="271" type="priority" x="514.16" y="888.13" incLanes="38584744_0 381750340_0" intLanes=":271_0_0 :271_1_0" shape="513.78,890.70 516.56,889.12 516.31,884.28 513.14,883.84 511.70,884.46 509.87,887.09">
        <request index="0" response="10" foes="10" cont="0"/>
        <request index="1" response="00" foes="01" cont="0"/>
    </junction>
    <junction id="274" type="unregulated" x="606.80" y="1166.41" incLanes="" intLanes="" shape="608.33,1165.95 605.27,1166.87"/>
    <junction id="276" type="priority" x="347.33" y="181.37" incLanes="125742554_0" intLanes=":276_0_0" shape="346.33,182.62 348.41,180.19 348.26,180.06 346.33,182.62">
        <request index="0" response="0" foes="0" cont="0"/>
    </junction>
    <junction id="277" type="priority" x="361.84" y="193.81" incLanes="39343150_0 132894498_0" intLanes=":277_0_0 :277_1_0" shape="365.08,192.86 362.83,190.58 360.40,190.47 358.32,192.90 358.38,194.92 360.60,197.22">
        <request index="0" response="00" foes="10" cont="0"/>
        <request index="1" response="01" foes="01" cont="0"/>
    </junction>
    <junction id="278" type="unregulated" x="314.96" y="97.11" incLanes="" intLanes="" shape="313.64,96.21 316.28,98.01"/>
    <junction id="279" type="priority" x="313.64" y="99.05" incLanes="39878485_0" intLanes=":279_0_0" shape="314.96,99.96 312.31,98.16 314.95,99.97">
        <request index="0" response="0" foes="0" cont="0"/>
    </junction>
    <junction id="280" type="priority" x="1080.35" y="721.64" incLanes="186713401_0" intLanes=":280_0_0 :280_1_0" shape="1081.21,723.94 1082.76,721.14 1078.76,716.65 1076.15,718.50 1075.53,719.58 1075.23,722.77">
        <request index="0" response="00" foes="00" cont="0"/>
        <request index="1" response="00" foes="00" cont="0"/>
    </junction>
    <junction id="281" type="priority" x="1057.14" y="716.29" incLanes="40016242_0" intLanes=":281_0_0" shape="1056.47,717.74 1057.72,714.80 1056.63,717.81">
        <request index="0" response="0" foes="0" cont="0"/>
    </junction>
    <junction id="282" type="priority" x="992.27" y="653.32" incLanes="186713412_0 186282281_0" intLanes=":282_0_0 :282_1_0" shape="992.96,655.86 994.90,653.31 989.10,648.52 987.02,650.96 986.67,652.01 986.84,655.20">
        <request index="0" response="00" foes="10" cont="0"/>
        <request index="1" response="01" foes="01" cont="0"/>
    </junction>
    <junction id="285" type="unregulated" x="1050.72" y="730.98" incLanes="40016286_0" intLanes="" shape="1052.32,731.02 1049.12,730.94"/>
    <junction id="289" type="priority" x="1915.51" y="1611.39" incLanes="40020050_0" intLanes=":289_0_0" shape="1915.44,1612.99 1915.57,1609.79 1915.43,1612.99">
        <request index="0" response="0" foes="0" cont="0"/>
    </junction>
    <junction id="29" type="priority" x="1845.59" y="1954.28" incLanes="4018064_0" intLanes=":29_0_0" shape="1845.10,1955.80 1846.21,1952.80 1845.95,1952.72 1845.10,1955.80">
        <request index="0" response="0" foes="0" cont="0"/>
    </junction>
    <junction id="293" type="unregulated" x="487.86" y="12.56" incLanes="40351640_0" intLanes="" shape="486.59,11.59 489.13,13.53"/>
    <junction id="296" type="unregulated" x="1505.84" y="985.42" incLanes="" intLanes="" shape="1504.57,984.45 1507.11,986.39"/>
    <junction id="297" type="unregulated" x="1482.00" y="1023.95" incLanes="41505827_0" intLanes="" shape="1483.34,1024.83 1480.66,1023.07"/>
    <junction id="298" type="priority" x="1133.00" y="742.49" incLanes="410338943_0" intLanes=":298_0_0" shape="1131.70,743.42 1134.30,741.55 1131.69,743.41">
        <request index="0" response="0" foes="0" cont="0"/>
    </junction>
    <junction id="299" type="unregulated" x="1502.07" y="990.34" incLanes="41505828_0" intLanes="" shape="1502.94,988.99 1501.20,991.69"/>
    <junction id="3" type="priority" x="1685.47" y="1137.36" incLanes="3655718_0 135763713_0" intLanes=":3_0_0 :3_1_0 :3_2_0 :3_4_0" shape="1686.20,1141.02 1688.77,1139.11 1688.91,1136.53 1686.83,1134.09 1684.75,1133.90 1682.25,1135.89 1681.97,1138.65 1684.26,1140.89">
        <request index="0" response="0000" foes="0100" cont="0"/>
        <request index="1" response="0000" foes="1100" cont="0"/>
        <request index="2" response="0011" foes="0011" cont="0"/>
        <request index="3" response="0010" foes="0010" cont="1"/>
    </junction>
    <junction id="300" type="unregulated" x="1320.52" y="859.19" incLanes="" intLanes="" shape="1319.15,858.37 1321.89,860.01"/>
    <junction id="301" type="unregulated" x="1309.03" y="880.12" incLanes="41572149_0" intLanes="" shape="1310.32,881.06 1307.74,879.18"/>
    <junction id="302" type="priority" x="1057.64" y="689.29" incLanes="413101018_0" intLanes=":302_0_0" shape="1056.72,690.60 1058.66,688.06 1058.45,687.91 1056.72,690.60">
        <request index="0" response="0" foes="0" cont="0"/>
    </junction>
    <junction id="303" type="priority" x="1062.32" y="702.81" incLanes="41575523_0 51200772_0" intLanes=":303_0_0 :303_1_0 :303_2_0 :303_4_0" shape="1064.15,706.46 1066.22,704.01 1065.40,700.74 1062.64,699.12 1060.71,699.47 1058.71,701.97 1059.48,705.74 1062.47,706.89">
        <request index="0" response="0000" foes="0100" cont="0"/>
        <request index="1" response="0000" foes="1100" cont="0"/>
        <request index="2" response="0011" foes="0011" cont="0"/>
        <request index="3" response="0010" foes="0010" cont="1"/>
    </junction>
    <junction id="304" type="priority" x="946.65" y="716.06" incLanes="410646193_0" intLanes=":304_0_0 :304_1_0 :304_2_0" shape="945.49,719.63 948.66,719.22 949.97,717.80 950.10,714.60 947.90,712.55 944.72,712.87 943.37,714.28 943.20,717.48">
        <request index="0" response="000" foes="000" cont="0"/>
        <request index="1" response="000" foes="000" cont="0"/>
        <request index="2" response="000" foes="000" cont="0"/>
    </junction>
    <junction id="305" type="priority" x="933.66" y="672.06" incLanes="41676175_0 41676176_0" intLanes=":305_0_0 :305_4_0 :305_2_0 :305_3_0" shape="935.13,675.43 937.02,672.71 936.10,669.94 933.08,668.88 929.93,669.93 929.50,673.10 930.18,674.57 932.89,676.28">
        <request index="0" response="1100" foes="1100" cont="0"/>
        <request index="1" response="1000" foes="1000" cont="1"/>
        <request index="2" response="0000" foes="0001" cont="0"/>
        <request index="3" response="0000" foes="0011" cont="0"/>
    </junction>
    <junction id="306" type="priority" x="920.40" y="688.22" incLanes="199239119_0" intLanes=":306_0_0 :306_1_0" shape="928.22,687.59 927.32,684.52 926.93,683.88 924.65,681.63 922.60,686.01 923.39,689.11">
        <request index="0" response="00" foes="00" cont="0"/>
        <request index="1" response="00" foes="00" cont="0"/>
    </junction>
    <junction id="308" type="unregulated" x="956.27" y="452.33" incLanes="" intLanes="" shape="949.60,452.17 950.29,455.29 950.76,456.08 953.14,458.22"/>
    <junction id="309" type="priority" x="884.23" y="523.85" incLanes="43292244_0" intLanes=":309_0_0" shape="885.80,524.33 883.05,522.71 882.61,524.14 885.80,524.33">
        <request index="0" response="0" foes="0" cont="0"/>
    </junction>
    <junction id="310" type="unregulated" x="215.21" y="411.94" incLanes="" intLanes="" shape="214.10,413.27 216.93,411.77 216.54,410.84 213.49,411.79"/>
    <junction id="312" type="unregulated" x="223.85" y="357.45" incLanes="" intLanes="" shape="223.01,356.09 224.69,358.81"/>
    <junction id="313" type="priority" x="206.53" y="366.59" incLanes="43374246_0" intLanes=":313_0_0" shape="207.13,368.07 205.91,365.11 207.12,368.08">
        <request index="0" response="0" foes="0" cont="0"/>
    </junction>
    <junction id="315" type="priority" x="437.11" y="115.57" incLanes="43860438_0" intLanes=":315_0_0" shape="438.19,116.75 435.99,114.43 438.27,116.67">
        <request index="0" response="0" foes="0" cont="0"/>
    </junction>
    <junction id="317" type="priority" x="367.93" y="741.26" incLanes="48979206_0 43866090_0" intLanes=":317_0_0 :317_4_0 :317_2_0 :317_3_0" shape="373.18,741.35 372.26,738.29 371.43,737.35 368.51,736.04 363.46,740.98 364.41,744.03 365.55,745.06 368.69,745.68">
        <request index="0" response="1100" foes="1100" cont="0"/>
        <request index="1" response="1000" foes="1000" cont="1"/>
        <request index="2" response="0000" foes="0001" cont="0"/>
        <request index="3" response="0000" foes="0011" cont="0"/>
    </junction>
    <junction id="318" type="unregulated" x="2021.15" y="1594.09" incLanes="" intLanes="" shape="2021.26,1592.49 2021.04,1595.69"/>
    <junction id="319" type="priority" x="1908.42" y="1586.47" incLanes="44141559_0 136106807_0 53599427_0" intLanes=":319_0_0 :319_1_0 :319_3_0" shape="1911.44,1588.28 1911.66,1585.09 1910.32,1583.31 1907.13,1583.01 1905.53,1584.17 1904.82,1587.30 1906.56,1589.39 1909.75,1589.67">
        <request index="0" response="000" foes="110" cont="0"/>
        <request index="1" response="101" foes="101" cont="0"/>
        <request index="2" response="001" foes="011" cont="1"/>
    </junction>
    <junction id="32" type="priority" x="1635.13" y="1082.83" incLanes="82932009_0" intLanes=":32_0_0 :32_1_0" shape="1636.96,1087.63 1639.44,1085.61 1640.00,1084.45 1640.01,1081.25 1636.11,1081.56 1633.97,1083.93">
        <request index="0" response="00" foes="00" cont="0"/>
        <request index="1" response="00" foes="00" cont="0"/>
    </junction>
    <junction id="320" type="unregulated" x="353.97" y="181.77" incLanes="" intLanes="" shape="352.89,182.95 355.05,180.59"/>
    <junction id="321" type="unregulated" x="383.17" y="208.30" incLanes="44288422_0" intLanes="" shape="384.25,207.12 382.09,209.48"/>
    <junction id="322" type="unregulated" x="343.87" y="195.02" incLanes="" intLanes="" shape="345.28,195.77 342.46,194.27 342.68,193.95 345.06,196.09"/>
    <junction id="323" type="unregulated" x="337.19" y="202.47" incLanes="44288425_0 407882486_0" intLanes="" shape="339.05,202.79 336.67,200.65 337.33,201.17 336.59,204.26"/>
    <junction id="324" type="unregulated" x="410.18" y="154.73" incLanes="" intLanes="" shape="411.20,155.96 409.16,153.50"/>
    <junction id="325" type="unregulated" x="434.24" y="124.04" incLanes="44288440_0" intLanes="" shape="432.89,123.18 435.59,124.90"/>
    <junction id="326" type="unregulated" x="359.95" y="174.35" incLanes="" intLanes="" shape="362.10,174.35 359.71,172.22 357.81,174.46 360.30,176.47"/>
    <junction id="327" type="unregulated" x="345.91" y="191.18" incLanes="44288442_0" intLanes="" shape="347.13,192.22 344.69,190.14"/>
    <junction id="328" type="unregulated" x="392.74" y="167.87" incLanes="" intLanes="" shape="391.78,166.59 393.70,169.15"/>
    <junction id="329" type="unregulated" x="363.05" y="190.01" incLanes="44288443_0" intLanes="" shape="364.01,191.29 362.09,188.73"/>
    <junction id="33" type="priority" x="1723.60" y="1194.22" incLanes="4218926_0 15090571_0" intLanes=":33_0_0 :33_1_0" shape="1724.04,1196.94 1726.32,1194.70 1725.68,1188.89 1722.49,1188.58 1721.48,1188.89 1718.95,1190.86">
        <request index="0" response="00" foes="10" cont="0"/>
        <request index="1" response="01" foes="01" cont="0"/>
    </junction>
    <junction id="333" type="priority" x="1095.41" y="729.97" incLanes="48120041_0" intLanes=":333_0_0 :333_1_0" shape="1098.41,734.19 1100.32,731.63 1100.57,730.38 1099.83,727.27 1096.12,728.53 1094.57,731.34">
        <request index="0" response="00" foes="00" cont="0"/>
        <request index="1" response="00" foes="00" cont="0"/>
    </junction>
    <junction id="337" type="priority" x="339.65" y="714.58" incLanes="48979205_0 199230909_0" intLanes=":337_0_0 :337_4_0 :337_2_0 :337_3_0" shape="339.17,718.55 342.23,717.63 343.30,716.20 343.32,713.00 340.66,711.29 337.51,711.89 336.33,713.70 337.04,716.82">
        <request index="0" response="1100" foes="1100" cont="0"/>
        <request index="1" response="1000" foes="1000" cont="1"/>
        <request index="2" response="0000" foes="0001" cont="0"/>
        <request index="3" response="0000" foes="0011" cont="0"/>
    </junction>
    <junction id="338" type="priority" x="379.86" y="737.67" incLanes="186713421_0 48979219_0" intLanes=":338_0_0 :338_1_0 :338_2_0 :338_4_0" shape="381.94,741.76 384.11,739.41 384.44,737.96 383.52,734.90 376.27,733.67 374.63,736.42 374.49,737.62 375.41,740.68">
        <request index="0" response="0000" foes="0100" cont="0"/>
        <request index="1" response="0000" foes="1100" cont="0"/>
        <request index="2" response="0011" foes="0011" cont="0"/>
        <request index="3" response="0010" foes="0010" cont="1"/>
    </junction>
    <junction id="34" type="priority" x="451.39" y="60.75" incLanes="19410366_0" intLanes=":34_0_0 :34_1_0" shape="450.18,63.17 453.34,62.63 454.59,59.09 452.01,57.20 449.99,57.42 447.90,59.84">
        <request index="0" response="00" foes="00" cont="0"/>
        <request index="1" response="00" foes="00" cont="0"/>
    </junction>
    <junction id="340" type="priority" x="349.96" y="714.64" incLanes="48979208_0 142770549_0" intLanes=":340_0_0 :340_4_0 :340_2_0 :340_3_0" shape="356.54,719.48 357.89,716.58 358.03,715.88 357.89,712.69 346.63,709.62 344.53,712.03 344.16,713.01 344.14,716.21">
        <request index="0" response="1100" foes="1100" cont="0"/>
        <request index="1" response="1000" foes="1000" cont="1"/>
        <request index="2" response="0000" foes="0001" cont="0"/>
        <request index="3" response="0000" foes="0011" cont="0"/>
    </junction>
    <junction id="341" type="priority" x="379.67" y="713.32" incLanes="142770553_0 48979207_0" intLanes=":341_0_0 :341_1_0" shape="381.48,714.95 381.53,711.75 373.00,708.48 371.66,711.38 371.53,712.08 371.67,715.28">
        <request index="0" response="00" foes="10" cont="0"/>
        <request index="1" response="01" foes="01" cont="0"/>
    </junction>
    <junction id="342" type="priority" x="375.84" y="725.40" incLanes="186279947_0 48979223_0" intLanes=":342_0_0 :342_4_0 :342_2_0 :342_3_0" shape="380.07,727.46 380.41,724.28 379.86,722.95 377.36,720.95 373.04,722.82 372.06,725.87 372.76,727.64 375.56,729.20">
        <request index="0" response="1100" foes="1100" cont="0"/>
        <request index="1" response="1000" foes="1000" cont="1"/>
        <request index="2" response="0000" foes="0001" cont="0"/>
        <request index="3" response="0000" foes="0011" cont="0"/>
    </junction>
    <junction id="345" type="unregulated" x="393.03" y="713.55" incLanes="48979209_0" intLanes="" shape="392.44,712.06 393.62,715.04"/>
    <junction id="346" type="priority" x="371.71" y="732.81" incLanes="142770555_0 79014036_0" intLanes=":346_0_0 :346_1_0 :346_2_0 :346_4_0" shape="373.72,735.87 375.36,733.13 374.59,730.92 371.80,729.36 369.25,730.20 368.14,733.20 368.90,735.17 371.82,736.47">
        <request index="0" response="0000" foes="0100" cont="0"/>
        <request index="1" response="0000" foes="1100" cont="0"/>
        <request index="2" response="0011" foes="0011" cont="0"/>
        <request index="3" response="0010" foes="0010" cont="1"/>
    </junction>
    <junction id="35" type="priority" x="452.55" y="67.49" incLanes="5056539_0" intLanes=":35_0_0" shape="454.10,67.04 450.94,67.58 454.14,67.76">
        <request index="0" response="0" foes="0" cont="0"/>
    </junction>
    <junction id="350" type="unregulated" x="571.18" y="190.81" incLanes="" intLanes="" shape="570.07,189.66 572.29,191.96"/>
    <junction id="352" type="unregulated" x="472.03" y="107.44" incLanes="" intLanes="" shape="470.89,106.32 473.17,108.56"/>
    <junction id="353" type="priority" x="454.84" y="126.13" incLanes="50241076_0" intLanes=":353_0_0" shape="457.19,125.86 454.77,123.77 452.48,126.00">
        <request index="0" response="0" foes="0" cont="0"/>
    </junction>
    <junction id="354" type="priority" x="880.41" y="521.86" incLanes="316353728_0" intLanes=":354_0_0 :354_1_0" shape="881.58,524.62 883.94,522.05 880.05,518.45 877.39,520.23 877.02,522.36 878.91,524.94">
        <request index="0" response="00" foes="00" cont="0"/>
        <request index="1" response="00" foes="00" cont="0"/>
    </junction>
    <junction id="355" type="priority" x="857.76" y="487.36" incLanes="50241077_0" intLanes=":355_0_0" shape="857.23,489.89 860.10,488.47 855.17,487.44 857.23,489.89">
        <request index="0" response="0" foes="0" cont="0"/>
    </junction>
    <junction id="356" type="priority" x="436.38" y="828.71" incLanes="381750336_0" intLanes=":356_0_0" shape="436.59,830.30 436.16,827.13 436.58,830.30">
        <request index="0" response="0" foes="0" cont="0"/>
    </junction>
    <junction id="357" type="priority" x="486.08" y="822.98" incLanes="51196062_0" intLanes=":357_0_0 :357_1_0" shape="488.36,823.76 487.12,820.81 478.40,821.60 478.49,824.80 478.71,825.53 480.35,828.28">
        <request index="0" response="00" foes="00" cont="0"/>
        <request index="1" response="00" foes="00" cont="0"/>
    </junction>
    <junction id="358" type="priority" x="856.41" y="505.50" incLanes="186713404_0 186713417_0 186713407_0" intLanes=":358_0_0 :358_1_0 :358_2_0 :358_3_0 :358_6_0 :358_7_0" shape="858.59,511.55 861.23,509.75 860.13,504.40 858.04,501.98 856.22,501.63 853.37,503.09 851.47,507.30 853.43,509.83 854.46,511.62 857.66,511.80">
        <request index="0" response="000000" foes="010100" cont="0"/>
        <request index="1" response="000000" foes="111100" cont="0"/>
        <request index="2" response="010011" foes="010011" cont="0"/>
        <request index="3" response="110010" foes="110010" cont="0"/>
        <request index="4" response="000011" foes="001111" cont="1"/>
        <request index="5" response="000010" foes="001010" cont="1"/>
    </junction>
    <junction id="359" type="priority" x="876.95" y="487.56" incLanes="350033484_0 51200768_0" intLanes=":359_0_0 :359_1_0" shape="879.58,487.45 877.53,484.99 871.29,485.90 871.26,489.10 871.63,490.11 873.74,492.51">
        <request index="0" response="00" foes="10" cont="0"/>
        <request index="1" response="01" foes="01" cont="0"/>
    </junction>
    <junction id="36" type="unregulated" x="974.59" y="275.57" incLanes="" intLanes="" shape="973.52,274.38 975.66,276.76"/>
    <junction id="363" type="priority" x="856.89" y="525.77" incLanes="186713410_0 51200770_0" intLanes=":363_0_0 :363_1_0 :363_2_0 :363_4_0" shape="855.48,530.47 858.68,530.34 861.32,524.31 859.34,521.80 857.99,521.24 854.81,521.59 852.26,527.39 854.24,529.90">
        <request index="0" response="0000" foes="0100" cont="0"/>
        <request index="1" response="0000" foes="1100" cont="0"/>
        <request index="2" response="0011" foes="0011" cont="0"/>
        <request index="3" response="0010" foes="0010" cont="1"/>
    </junction>
    <junction id="365" type="unregulated" x="1034.51" y="709.25" incLanes="51200771_0" intLanes="" shape="1035.52,710.49 1033.50,708.01"/>
    <junction id="368" type="priority" x="1850.95" y="1202.25" incLanes="186624438_0" intLanes=":368_0_0 :368_1_0" shape="1854.30,1211.53 1857.09,1209.97 1857.53,1209.60 1859.53,1207.11 1855.30,1204.70 1852.92,1206.84">
        <request index="0" response="00" foes="00" cont="0"/>
        <request index="1" response="00" foes="00" cont="0"/>
    </junction>
    <junction id="37" type="priority" x="800.92" y="438.32" incLanes="5216855_0 189775477_0" intLanes=":37_0_0 :37_1_0 :37_2_0 :37_4_0" shape="801.46,441.64 803.99,439.68 804.33,437.32 802.14,434.98 799.36,434.05 796.93,436.13 796.44,437.55 797.04,440.70">
        <request index="0" response="0000" foes="0100" cont="0"/>
        <request index="1" response="0000" foes="1100" cont="0"/>
        <request index="2" response="0011" foes="0011" cont="0"/>
        <request index="3" response="0010" foes="0010" cont="1"/>
    </junction>
    <junction id="371" type="priority" x="1826.38" y="1311.65" incLanes="186649520_0 51201764_0" intLanes=":371_0_0 :371_1_0 :371_2_0 :371_4_0" shape="1827.24,1315.18 1829.70,1313.14 1829.98,1311.14 1828.19,1308.49 1825.13,1307.84 1822.74,1309.98 1822.37,1311.72 1823.70,1314.63">
        <request index="0" response="0000" foes="0100" cont="0"/>
        <request index="1" response="0000" foes="1100" cont="0"/>
        <request index="2" response="0011" foes="0011" cont="0"/>
        <request index="3" response="0010" foes="0010" cont="1"/>
    </junction>
    <junction id="375" type="priority" x="1827.65" y="1259.92" incLanes="186624435_0 51201766_0" intLanes=":375_0_0 :375_1_0" shape="1829.33,1261.62 1829.51,1258.42 1820.15,1255.04 1818.91,1257.99 1818.80,1258.62 1818.91,1261.82">
        <request index="0" response="00" foes="10" cont="0"/>
        <request index="1" response="01" foes="01" cont="0"/>
    </junction>
    <junction id="379" type="priority" x="1844.51" y="1333.43" incLanes="186624434_0 51201768_0" intLanes=":379_0_0 :379_1_0" shape="1844.21,1335.71 1846.78,1333.80 1842.36,1322.06 1839.22,1323.51 1838.59,1323.82 1836.13,1325.86">
        <request index="0" response="00" foes="10" cont="0"/>
        <request index="1" response="01" foes="01" cont="0"/>
    </junction>
    <junction id="380" type="unregulated" x="2036.93" y="1570.12" incLanes="" intLanes="" shape="2038.13,1569.06 2035.73,1571.18"/>
    <junction id="39" type="unregulated" x="1704.90" y="2260.74" incLanes="8131790_0" intLanes="" shape="1703.32,2261.00 1706.48,2260.48"/>
    <junction id="392" type="unregulated" x="197.35" y="368.17" incLanes="" intLanes="" shape="197.75,366.62 196.95,369.72"/>
    <junction id="393" type="priority" x="191.84" y="362.59" incLanes="57019287_0" intLanes=":393_0_0" shape="190.51,363.50 193.33,361.99 192.94,361.42 190.51,363.50">
        <request index="0" response="0" foes="0" cont="0"/>
    </junction>
    <junction id="394" type="unregulated" x="1721.16" y="2273.61" incLanes="" intLanes="" shape="1721.29,2272.02 1721.03,2275.20"/>
    <junction id="395" type="unregulated" x="1714.65" y="2272.28" incLanes="61098005_0" intLanes="" shape="1714.21,2273.82 1715.09,2270.74"/>
    <junction id="396" type="unregulated" x="1708.42" y="2282.46" incLanes="" intLanes="" shape="1708.79,2284.02 1708.05,2280.90"/>
    <junction id="397" type="unregulated" x="1716.69" y="2263.30" incLanes="61098014_0" intLanes="" shape="1715.13,2262.96 1718.25,2263.64"/>
    <junction id="399" type="unregulated" x="1002.81" y="638.14" incLanes="61578529_0" intLanes="" shape="1001.72,639.31 1003.90,636.97"/>
    <junction id="4" type="priority" x="1991.22" y="1326.36" incLanes="420216316_0 30040907_0" intLanes=":4_0_0 :4_4_0 :4_2_0 :4_5_0" shape="1992.74,1328.86 1994.12,1325.98 1992.50,1320.12 1989.31,1320.28 1988.14,1320.34 1985.72,1322.43 1985.24,1323.20 1984.46,1326.30">
        <request index="0" response="0000" foes="1000" cont="0"/>
        <request index="1" response="0100" foes="0100" cont="1"/>
        <request index="2" response="0000" foes="0010" cont="0"/>
        <request index="3" response="0001" foes="0001" cont="1"/>
    </junction>
    <junction id="40" type="priority" x="1897.93" y="1674.04" incLanes="392657902_0" intLanes=":40_0_0 :40_1_0" shape="1901.01,1675.85 1901.23,1672.66 1899.93,1671.07 1896.76,1670.66 1895.93,1676.78 1899.10,1677.22">
        <request index="0" response="00" foes="00" cont="0"/>
        <request index="1" response="00" foes="00" cont="0"/>
    </junction>
    <junction id="403" type="priority" x="398.11" y="887.75" incLanes="73474894_0" intLanes=":403_0_0" shape="396.76,888.72 399.76,887.59 396.61,887.05">
        <request index="0" response="0" foes="0" cont="0"/>
    </junction>
    <junction id="408" type="unregulated" x="914.18" y="557.82" incLanes="" intLanes="" shape="913.69,560.26 916.50,558.73 913.43,555.44 911.71,558.14"/>
    <junction id="409" type="priority" x="895.59" y="545.91" incLanes="75459569_0" intLanes=":409_0_0" shape="895.64,547.84 897.37,545.15 893.78,545.24 895.64,547.84">
        <request index="0" response="0" foes="0" cont="0"/>
    </junction>
    <junction id="41" type="unregulated" x="2059.10" y="1685.07" incLanes="8132225_0" intLanes="" shape="2059.21,1683.47 2058.99,1686.67"/>
    <junction id="412" type="priority" x="923.40" y="574.74" incLanes="75459599_0" intLanes=":412_0_0" shape="924.41,573.25 921.60,574.78 924.48,576.18">
        <request index="0" response="0" foes="0" cont="0"/>
    </junction>
    <junction id="413" type="unregulated" x="915.17" y="586.83" incLanes="75459593_0" intLanes="" shape="916.28,587.98 914.06,585.68"/>
    <junction id="42" type="priority" x="1000.40" y="659.51" incLanes="40016270_0" intLanes=":42_0_0 :42_1_0" shape="1002.01,666.72 1004.91,665.36 1005.52,664.83 1007.29,662.17 1003.13,659.58 1001.19,662.12">
        <request index="0" response="00" foes="00" cont="0"/>
        <request index="1" response="00" foes="00" cont="0"/>
    </junction>
    <junction id="421" type="priority" x="395.89" y="758.99" incLanes="186279949_0 79014037_0" intLanes=":421_0_0 :421_1_0" shape="395.11,761.57 398.12,760.50 399.31,755.59 396.43,754.20 395.04,754.24 392.26,755.82">
        <request index="0" response="00" foes="10" cont="0"/>
        <request index="1" response="01" foes="01" cont="0"/>
    </junction>
    <junction id="422" type="priority" x="1577.32" y="1041.33" incLanes="142692911_0 340675956_0" intLanes=":422_0_0 :422_1_0" shape="1577.97,1043.60 1579.63,1040.86 1571.98,1033.03 1569.60,1035.17 1569.26,1035.63 1567.86,1038.51">
        <request index="0" response="00" foes="10" cont="0"/>
        <request index="1" response="01" foes="01" cont="0"/>
    </junction>
    <junction id="429" type="unregulated" x="1775.02" y="1053.19" incLanes="87506241_0" intLanes="" shape="1774.01,1051.95 1776.03,1054.43"/>
    <junction id="43" type="priority" x="1052.33" y="694.80" incLanes="62091589_0 8286112_0" intLanes=":43_0_0 :43_1_0 :43_2_0 :43_4_0" shape="1053.87,698.08 1055.87,695.59 1055.74,693.57 1053.44,691.35 1050.40,691.40 1048.50,693.97 1048.55,695.81 1050.56,698.29">
        <request index="0" response="0000" foes="0100" cont="0"/>
        <request index="1" response="0000" foes="1100" cont="0"/>
        <request index="2" response="0011" foes="0011" cont="0"/>
        <request index="3" response="0010" foes="0010" cont="1"/>
    </junction>
    <junction id="430" type="priority" x="626.73" y="744.49" incLanes="370478551_0" intLanes=":430_0_0" shape="625.62,745.74 628.35,744.07 626.95,742.83 625.62,745.74">
        <request index="0" response="0" foes="0" cont="0"/>
    </junction>
    <junction id="431" type="priority" x="590.65" y="719.74" incLanes="99413363_0" intLanes=":431_0_0" shape="591.67,721.33 591.63,718.13 588.77,719.57">
        <request index="0" response="0" foes="0" cont="0"/>
    </junction>
    <junction id="432" type="unregulated" x="406.61" y="746.53" incLanes="" intLanes="" shape="407.30,745.09 405.92,747.97"/>
    <junction id="433" type="priority" x="397.57" y="742.29" incLanes="106949581_0 486864293_0" intLanes=":433_2_0 :433_1_0" shape="399.38,744.90 400.73,742.00 399.65,739.89 396.50,739.30 394.74,741.51 395.72,744.56">
        <request index="0" response="10" foes="10" cont="1"/>
        <request index="1" response="00" foes="01" cont="0"/>
    </junction>
    <junction id="435" type="priority" x="435.76" y="824.07" incLanes="108724015_0 108722992_0" intLanes=":435_0_0 :435_2_0" shape="434.53,826.95 437.70,826.53 438.47,822.75 435.76,821.05 433.34,822.07 432.85,825.23">
        <request index="0" response="00" foes="10" cont="0"/>
        <request index="1" response="01" foes="01" cont="1"/>
    </junction>
    <junction id="438" type="unregulated" x="603.63" y="719.55" incLanes="" intLanes="" shape="605.23,719.46 602.03,719.64"/>
    <junction id="439" type="priority" x="601.87" y="705.04" incLanes="108724013_0" intLanes=":439_0_0" shape="600.67,707.27 603.81,706.66 599.45,704.31 600.67,707.27">
        <request index="0" response="0" foes="0" cont="0"/>
    </junction>
    <junction id="44" type="priority" x="587.11" y="712.76" incLanes="108724012_0" intLanes=":44_0_0" shape="585.66,713.43 588.51,711.99 588.59,712.16 585.67,713.47">
        <request index="0" response="0" foes="0" cont="0"/>
    </junction>
    <junction id="442" type="priority" x="233.59" y="421.78" incLanes="217609175_0" intLanes=":442_0_0" shape="232.27,422.69 235.04,421.10 232.05,422.23">
        <request index="0" response="0" foes="0" cont="0"/>
    </junction>
    <junction id="443" type="priority" x="370.52" y="212.95" incLanes="165298185_0 121519704_0" intLanes=":443_2_0 :443_1_0" shape="373.88,211.47 371.44,209.40 369.45,209.44 367.10,211.62 367.18,213.91 369.38,216.23">
        <request index="0" response="10" foes="10" cont="1"/>
        <request index="1" response="00" foes="01" cont="0"/>
    </junction>
    <junction id="444" type="unregulated" x="238.26" y="100.11" incLanes="" intLanes="" shape="237.32,101.40 239.20,98.82"/>
    <junction id="446" type="priority" x="362.21" y="204.00" incLanes="166060659_0" intLanes=":446_0_0" shape="361.00,205.05 363.34,202.87 361.13,205.18">
        <request index="0" response="0" foes="0" cont="0"/>
    </junction>
    <junction id="447" type="priority" x="356.77" y="198.68" incLanes="125742556_0 219735498_0 238754831_0" intLanes=":447_3_0 :447_1_0 :447_2_0" shape="357.90,202.03 360.14,199.74 360.15,197.65 357.93,195.34 355.63,195.36 353.41,197.67 353.44,199.78 355.72,202.03">
        <request index="0" response="010" foes="110" cont="1"/>
        <request index="1" response="000" foes="101" cont="0"/>
        <request index="2" response="011" foes="011" cont="0"/>
    </junction>
    <junction id="45" type="priority" x="562.49" y="657.86" incLanes="11136804_0" intLanes=":45_0_0" shape="561.01,658.47 563.93,657.16 563.99,657.31 561.02,658.49">
        <request index="0" response="0" foes="0" cont="0"/>
    </junction>
    <junction id="451" type="priority" x="396.72" y="158.18" incLanes="243415895_0 132894499_0" intLanes=":451_0_0 :451_1_0 :451_2_0 :451_4_0" shape="397.97,161.43 400.09,159.03 400.02,156.60 397.51,154.61 395.51,154.73 393.26,157.00 393.46,159.41 395.84,161.55">
        <request index="0" response="0000" foes="0100" cont="0"/>
        <request index="1" response="0000" foes="1100" cont="0"/>
        <request index="2" response="0011" foes="0011" cont="0"/>
        <request index="3" response="0010" foes="0010" cont="1"/>
    </junction>
    <junction id="453" type="unregulated" x="1682.12" y="1140.79" incLanes="135763710_0" intLanes="" shape="1683.26,1141.91 1680.98,1139.67"/>
    <junction id="454" type="unregulated" x="1641.93" y="1082.86" incLanes="" intLanes="" shape="1640.68,1083.86 1643.18,1081.86"/>
    <junction id="456" type="unregulated" x="1696.28" y="1151.86" incLanes="" intLanes="" shape="1694.99,1152.81 1697.57,1150.91"/>
    <junction id="457" type="unregulated" x="1724.06" y="1189.52" incLanes="135763715_0" intLanes="" shape="1725.35,1188.57 1722.77,1190.47"/>
    <junction id="461" type="priority" x="429.15" y="982.19" incLanes="136700005_0" intLanes=":461_0_0" shape="431.27,983.12 430.17,980.11 427.12,981.09">
        <request index="0" response="0" foes="0" cont="0"/>
    </junction>
    <junction id="464" type="priority" x="398.13" y="765.31" incLanes="186713429_0" intLanes=":464_0_0" shape="396.60,765.76 399.65,764.80 396.63,765.87">
        <request index="0" response="0" foes="0" cont="0"/>
    </junction>
    <junction id="465" type="priority" x="406.15" y="790.70" incLanes="141050975_0" intLanes=":465_0_0" shape="404.62,791.18 407.68,790.22 404.62,791.18">
        <request index="0" response="0" foes="0" cont="0"/>
    </junction>
    <junction id="468" type="unregulated" x="115.56" y="436.23" incLanes="" intLanes="" shape="116.67,437.38 114.45,435.08"/>
    <junction id="47" type="priority" x="357.83" y="691.46" incLanes="11136806_0" intLanes=":47_0_0 :47_1_0 :47_2_0" shape="362.65,695.41 363.98,692.50 364.06,691.50 363.26,688.40 356.41,687.71 354.12,689.94 353.83,691.70 355.27,694.55">
        <request index="0" response="000" foes="000" cont="0"/>
        <request index="1" response="000" foes="000" cont="0"/>
        <request index="2" response="000" foes="000" cont="0"/>
    </junction>
    <junction id="471" type="priority" x="332.66" y="685.88" incLanes="199230912_0 142677525_0" intLanes=":471_2_0 :471_1_0" shape="332.60,691.89 335.69,691.07 336.55,690.46 338.35,687.81 334.41,686.24 331.31,687.05">
        <request index="0" response="10" foes="10" cont="1"/>
        <request index="1" response="00" foes="01" cont="0"/>
    </junction>
    <junction id="473" type="priority" x="434.75" y="117.96" incLanes="142677527_0" intLanes=":473_0_0" shape="435.89,119.09 433.61,116.84 435.88,119.10">
        <request index="0" response="0" foes="0" cont="0"/>
    </junction>
    <junction id="476" type="priority" x="342.15" y="759.93" incLanes="142770559_0" intLanes=":476_0_0 :476_1_0" shape="345.63,760.50 344.66,757.45 342.80,756.43 339.72,757.32 338.68,759.11 339.42,762.22">
        <request index="0" response="00" foes="00" cont="0"/>
        <request index="1" response="00" foes="00" cont="0"/>
    </junction>
    <junction id="477" type="unregulated" x="328.84" y="717.05" incLanes="142677533_0" intLanes="" shape="327.31,717.53 330.37,716.57"/>
    <junction id="478" type="priority" x="844.17" y="535.82" incLanes="486870074_0 186713415_0 186713405_0" intLanes=":478_0_0 :478_1_0 :478_2_0 :478_3_0 :478_4_0 :478_6_0" shape="843.50,540.11 846.62,539.40 849.66,533.52 847.68,531.01 847.04,529.00 843.89,528.43 843.08,528.51 840.09,529.65 840.01,537.07 841.99,539.58">
        <request index="0" response="000000" foes="010100" cont="0"/>
        <request index="1" response="000000" foes="111100" cont="0"/>
        <request index="2" response="010011" foes="010011" cont="0"/>
        <request index="3" response="110010" foes="110010" cont="0"/>
        <request index="4" response="000011" foes="001111" cont="0"/>
        <request index="5" response="000010" foes="001010" cont="1"/>
    </junction>
    <junction id="479" type="priority" x="838.45" y="520.88" incLanes="142678628_0 186714396_0" intLanes=":479_0_0 :479_4_0 :479_2_0 :479_3_0" shape="838.20,524.71 841.19,523.57 842.24,519.34 839.97,517.09 838.26,516.80 835.38,518.19 834.66,521.46 836.41,524.13">
        <request index="0" response="1100" foes="1100" cont="0"/>
        <request index="1" response="1000" foes="1000" cont="1"/>
        <request index="2" response="0000" foes="0001" cont="0"/>
        <request index="3" response="0000" foes="0011" cont="0"/>
    </junction>
    <junction id="48" type="priority" x="1906.92" y="1603.54" incLanes="292276096_0" intLanes=":48_0_0" shape="1908.51,1603.70 1905.32,1603.42 1908.51,1603.71">
        <request index="0" response="0" foes="0" cont="0"/>
    </junction>
    <junction id="480" type="unregulated" x="1144.46" y="745.14" incLanes="" intLanes="" shape="1145.64,746.22 1143.28,744.06"/>
    <junction id="481" type="unregulated" x="1253.58" y="650.00" incLanes="142692910_0" intLanes="" shape="1252.44,648.88 1254.72,651.12"/>
    <junction id="484" type="priority" x="701.33" y="729.53" incLanes="142770547_0" intLanes=":484_0_0" shape="701.96,731.00 700.69,728.06 701.96,731.00">
        <request index="0" response="0" foes="0" cont="0"/>
    </junction>
    <junction id="485" type="priority" x="826.23" y="696.86" incLanes="142692918_0" intLanes=":485_0_0" shape="826.16,698.46 826.23,695.26 826.29,698.46">
        <request index="0" response="0" foes="0" cont="0"/>
    </junction>
    <junction id="486" type="priority" x="629.66" y="760.08" incLanes="199753406_0" intLanes=":486_0_0" shape="630.28,761.55 629.03,758.61 630.31,761.54">
        <request index="0" response="0" foes="0" cont="0"/>
    </junction>
    <junction id="488" type="priority" x="651.31" y="638.90" incLanes="186713427_0" intLanes=":488_0_0" shape="651.97,640.36 650.65,637.44 651.96,640.36">
        <request index="0" response="0" foes="0" cont="0"/>
    </junction>
    <junction id="489" type="priority" x="596.18" y="663.31" incLanes="142770548_0" intLanes=":489_0_0" shape="596.79,664.79 595.50,661.86 595.62,661.81 596.81,664.78">
        <request index="0" response="0" foes="0" cont="0"/>
    </junction>
    <junction id="49" type="priority" x="1900.14" y="1657.05" incLanes="11136827_0" intLanes=":49_0_0" shape="1901.72,1657.27 1898.56,1656.83 1901.73,1657.25">
        <request index="0" response="0" foes="0" cont="0"/>
    </junction>
    <junction id="493" type="priority" x="511.95" y="695.59" incLanes="142770551_0" intLanes=":493_0_0" shape="512.45,697.11 511.34,694.11 511.52,694.05 512.49,697.10">
        <request index="0" response="0" foes="0" cont="0"/>
    </junction>
    <junction id="497" type="priority" x="337.63" y="703.90" incLanes="142770556_0 142770554_0" intLanes=":497_0_0 :497_1_0" shape="337.19,710.21 340.34,709.61 341.19,709.12 343.29,706.71 339.50,704.45 336.47,705.47">
        <request index="0" response="00" foes="10" cont="0"/>
        <request index="1" response="01" foes="01" cont="0"/>
    </junction>
    <junction id="5" type="unregulated" x="2051.50" y="1139.30" incLanes="3757059_0" intLanes="" shape="2049.99,1138.78 2053.01,1139.82"/>
    <junction id="503" type="priority" x="440.58" y="854.58" incLanes="330587450_0 142770557_0 142770561_0" intLanes=":503_0_0 :503_1_0 :503_3_0" shape="443.73,858.41 445.42,855.69 445.54,854.35 444.37,851.37 442.59,850.64 439.40,850.32 437.66,854.39 439.24,857.18">
        <request index="0" response="000" foes="110" cont="0"/>
        <request index="1" response="101" foes="101" cont="0"/>
        <request index="2" response="001" foes="011" cont="1"/>
    </junction>
    <junction id="504" type="unregulated" x="314.48" y="766.49" incLanes="" intLanes="" shape="314.85,768.05 314.11,764.93"/>
    <junction id="506" type="unregulated" x="364.80" y="821.79" incLanes="" intLanes="" shape="366.78,823.42 366.83,820.22 362.25,821.58 365.61,824.52"/>
    <junction id="51" type="unregulated" x="1378.13" y="2314.99" incLanes="11136830_0 37357054_0 142928795_0" intLanes="" shape="1380.13,2314.09 1377.10,2313.05 1376.13,2315.90 1379.17,2316.92"/>
    <junction id="511" type="unregulated" x="336.76" y="701.32" incLanes="142770563_0" intLanes="" shape="337.34,702.81 336.18,699.83"/>
    <junction id="512" type="unregulated" x="403.79" y="824.49" incLanes="" intLanes="" shape="403.09,823.05 404.49,825.93"/>
    <junction id="513" type="unregulated" x="372.49" y="838.35" incLanes="142770564_0" intLanes="" shape="373.20,839.78 371.78,836.92"/>
    <junction id="515" type="priority" x="393.12" y="718.55" incLanes="142770573_0" intLanes=":515_0_0" shape="391.63,719.16 394.72,718.32 391.52,718.38">
        <request index="0" response="0" foes="0" cont="0"/>
    </junction>
    <junction id="517" type="priority" x="1940.29" y="1427.51" incLanes="142928778_0" intLanes=":517_0_0" shape="1941.84,1427.92 1938.74,1427.10 1941.84,1427.92">
        <request index="0" response="0" foes="0" cont="0"/>
    </junction>
    <junction id="519" type="priority" x="1961.59" y="1314.05" incLanes="142928779_0 186624442_0 186624443_0" intLanes=":519_0_0 :519_1_0 :519_3_0" shape="1960.96,1319.19 1964.10,1318.58 1965.12,1317.84 1966.67,1315.04 1961.02,1307.22 1957.98,1308.22 1957.26,1308.74 1955.32,1311.29">
        <request index="0" response="000" foes="110" cont="0"/>
        <request index="1" response="101" foes="101" cont="0"/>
        <request index="2" response="001" foes="011" cont="1"/>
    </junction>
    <junction id="52" type="priority" x="1838.30" y="1373.11" incLanes="11136843_0" intLanes=":52_0_0" shape="1837.02,1374.06 1839.58,1372.15 1837.04,1374.09">
        <request index="0" response="0" foes="0" cont="0"/>
    </junction>
    <junction id="522" type="priority" x="855.85" y="599.59" incLanes="480873120_0" intLanes=":522_0_0" shape="855.36,601.15 856.92,598.36 854.38,600.30">
        <request index="0" response="0" foes="0" cont="0"/>
    </junction>
    <junction id="523" type="unregulated" x="812.80" y="560.07" incLanes="142944325_0" intLanes="" shape="812.91,561.67 812.69,558.47"/>
    <junction id="525" type="priority" x="844.85" y="514.45" incLanes="186713403_0 142944330_0" intLanes=":525_0_0 :525_1_0 :525_2_0 :525_4_0" shape="843.92,519.34 847.09,518.90 848.96,513.29 847.00,510.76 845.45,510.23 842.34,511.00 840.39,516.67 842.66,518.92">
        <request index="0" response="0000" foes="0100" cont="0"/>
        <request index="1" response="0000" foes="1100" cont="0"/>
        <request index="2" response="0011" foes="0011" cont="0"/>
        <request index="3" response="0010" foes="0010" cont="1"/>
    </junction>
    <junction id="527" type="priority" x="788.49" y="576.70" incLanes="142944399_0" intLanes=":527_0_0 :527_1_0" shape="790.79,577.06 788.99,574.42 779.30,579.33 780.69,582.22 781.05,582.69 783.44,584.81">
        <request index="0" response="00" foes="00" cont="0"/>
        <request index="1" response="00" foes="00" cont="0"/>
    </junction>
    <junction id="528" type="unregulated" x="1032.56" y="367.43" incLanes="" intLanes="" shape="1031.46,366.27 1033.66,368.59"/>
    <junction id="529" type="priority" x="906.01" y="482.40" incLanes="368989698_0 142944527_0" intLanes=":529_0_0 :529_1_0" shape="914.44,481.73 913.59,478.64 913.26,478.04 911.12,475.66 907.36,478.98 909.53,481.34">
        <request index="0" response="00" foes="10" cont="0"/>
        <request index="1" response="01" foes="01" cont="0"/>
    </junction>
    <junction id="53" type="priority" x="1830.33" y="1362.78" incLanes="11136841_0" intLanes=":53_0_0" shape="1829.06,1363.75 1831.59,1361.80 1829.08,1363.78">
        <request index="0" response="0" foes="0" cont="0"/>
    </junction>
    <junction id="531" type="priority" x="1823.68" y="1344.83" incLanes="157044150_0" intLanes=":531_0_0" shape="1824.66,1346.09 1822.64,1343.61 1822.74,1343.53 1824.67,1346.09">
        <request index="0" response="0" foes="0" cont="0"/>
    </junction>
    <junction id="533" type="priority" x="1834.91" y="1335.70" incLanes="157044151_0" intLanes=":533_0_0" shape="1835.89,1336.97 1833.92,1334.44 1835.93,1336.94">
        <request index="0" response="0" foes="0" cont="0"/>
    </junction>
    <junction id="537" type="priority" x="921.32" y="644.80" incLanes="158491026_0" intLanes=":537_0_0" shape="920.26,646.00 922.55,643.77 922.19,643.45 920.26,646.00">
        <request index="0" response="0" foes="0" cont="0"/>
    </junction>
    <junction id="54" type="priority" x="1892.32" y="1445.26" incLanes="23854402_0 30799062_0" intLanes=":54_0_0 :54_1_0" shape="1892.71,1451.73 1895.76,1450.76 1896.53,1450.20 1898.37,1447.59 1894.37,1445.33 1891.81,1447.25">
        <request index="0" response="00" foes="10" cont="0"/>
        <request index="1" response="01" foes="01" cont="0"/>
    </junction>
    <junction id="541" type="priority" x="695.66" y="664.77" incLanes="158491031_0 283487677_0" intLanes=":541_0_0 :541_1_0" shape="697.74,666.17 697.42,662.98 688.62,663.59 688.81,666.78 689.13,667.56 691.01,670.14">
        <request index="0" response="10" foes="10" cont="0"/>
        <request index="1" response="00" foes="01" cont="0"/>
    </junction>
    <junction id="543" type="unregulated" x="1960.42" y="1667.72" incLanes="161896248_0" intLanes="" shape="1961.31,1666.39 1959.53,1669.05"/>
    <junction id="545" type="priority" x="1919.41" y="1608.81" incLanes="161896250_0" intLanes=":545_0_0" shape="1921.00,1609.01 1917.81,1608.68 1917.83,1608.55 1921.00,1609.00">
        <request index="0" response="0" foes="0" cont="0"/>
    </junction>
    <junction id="546" type="priority" x="655.51" y="648.09" incLanes="486864291_0" intLanes=":546_0_0" shape="656.13,649.57 654.89,646.62 656.14,649.56">
        <request index="0" response="0" foes="0" cont="0"/>
    </junction>
    <junction id="547" type="priority" x="599.79" y="672.02" incLanes="164247492_0" intLanes=":547_0_0" shape="600.41,673.50 599.14,670.56 600.40,673.50">
        <request index="0" response="0" foes="0" cont="0"/>
    </junction>
    <junction id="549" type="priority" x="402.82" y="757.75" incLanes="164247494_0" intLanes=":549_0_0" shape="401.36,758.55 404.48,757.83 401.45,756.81">
        <request index="0" response="0" foes="0" cont="0"/>
    </junction>
    <junction id="552" type="unregulated" x="264.57" y="313.15" incLanes="" intLanes="" shape="265.36,311.76 263.78,314.54"/>
    <junction id="555" type="unregulated" x="184.02" y="353.23" incLanes="166060658_0" intLanes="" shape="182.74,354.18 185.30,352.28"/>
    <junction id="559" type="unregulated" x="193.95" y="376.93" incLanes="166060660_0" intLanes="" shape="195.55,377.03 192.35,376.83"/>
    <junction id="56" type="priority" x="1090.48" y="750.33" incLanes="410338942_0" intLanes=":56_0_0 :56_1_0" shape="1091.19,752.55 1092.74,749.75 1083.12,743.04 1081.25,745.63 1081.02,746.12 1080.18,749.21">
        <request index="0" response="00" foes="00" cont="0"/>
        <request index="1" response="00" foes="00" cont="0"/>
    </junction>
    <junction id="563" type="priority" x="638.55" y="771.32" incLanes="169959217_0" intLanes=":563_0_0" shape="637.06,771.91 640.07,770.81 640.01,770.66 637.06,771.91">
        <request index="0" response="0" foes="0" cont="0"/>
    </junction>
    <junction id="567" type="priority" x="350.12" y="746.80" incLanes="486864292_0 178715132_0" intLanes=":567_0_0 :567_1_0 :567_2_0 :567_4_0" shape="349.72,750.34 352.72,749.24 353.64,747.38 352.68,744.33 350.57,743.15 347.54,744.17 346.55,745.89 347.19,749.03">
        <request index="0" response="0000" foes="0100" cont="0"/>
        <request index="1" response="0000" foes="1100" cont="0"/>
        <request index="2" response="0011" foes="0011" cont="0"/>
        <request index="3" response="0010" foes="0010" cont="1"/>
    </junction>
    <junction id="568" type="priority" x="396.57" y="730.86" incLanes="186713422_0" intLanes=":568_0_0 :568_1_0" shape="399.10,731.82 398.24,728.73 393.95,727.45 392.32,730.21 392.38,731.83 394.21,734.45">
        <request index="0" response="00" foes="00" cont="0"/>
        <request index="1" response="00" foes="00" cont="0"/>
    </junction>
    <junction id="57" type="priority" x="1681.77" y="1163.31" incLanes="24433342_0 11136856_0" intLanes=":57_0_0 :57_1_0" shape="1682.27,1166.71 1684.85,1164.83 1685.16,1162.68 1683.18,1160.16 1681.04,1159.94 1678.58,1161.99">
        <request index="0" response="00" foes="10" cont="0"/>
        <request index="1" response="01" foes="01" cont="0"/>
    </junction>
    <junction id="570" type="priority" x="436.02" y="719.86" incLanes="186713426_0" intLanes=":570_0_0 :570_1_0" shape="438.36,720.90 437.54,717.80 429.02,720.15 429.88,723.23 430.34,723.96 432.76,726.06">
        <request index="0" response="00" foes="00" cont="0"/>
        <request index="1" response="00" foes="00" cont="0"/>
    </junction>
    <junction id="574" type="priority" x="1778.72" y="1254.16" incLanes="186624432_0" intLanes=":574_0_0" shape="1777.54,1255.24 1779.96,1253.14 1777.43,1255.11">
        <request index="0" response="0" foes="0" cont="0"/>
    </junction>
    <junction id="576" type="priority" x="1768.11" y="1240.48" incLanes="186624433_0" intLanes=":576_0_0 :576_1_0" shape="1770.97,1246.77 1773.50,1244.81 1774.00,1244.10 1775.00,1241.05 1770.46,1240.63 1768.14,1242.83">
        <request index="0" response="00" foes="00" cont="0"/>
        <request index="1" response="00" foes="00" cont="0"/>
    </junction>
    <junction id="58" type="priority" x="255.24" y="306.65" incLanes="165298187_0" intLanes=":58_0_0" shape="254.27,307.92 256.21,305.38 254.28,307.93">
        <request index="0" response="0" foes="0" cont="0"/>
    </junction>
    <junction id="59" type="unregulated" x="0.00" y="126.66" incLanes="14432948_0" intLanes="" shape="-0.92,127.97 0.92,125.35"/>
    <junction id="593" type="priority" x="1883.35" y="1246.39" incLanes="186624439_0 186649519_0" intLanes=":593_0_0 :593_4_0 :593_2_0 :593_3_0" shape="1884.47,1249.88 1886.79,1247.68 1886.95,1245.69 1885.04,1243.13 1882.65,1242.93 1880.14,1244.91 1879.87,1246.98 1881.77,1249.55">
        <request index="0" response="1100" foes="1100" cont="0"/>
        <request index="1" response="1000" foes="1000" cont="1"/>
        <request index="2" response="0000" foes="0001" cont="0"/>
        <request index="3" response="0000" foes="0011" cont="0"/>
    </junction>
    <junction id="597" type="priority" x="1949.33" y="1304.71" incLanes="186624441_0" intLanes=":597_0_0" shape="1948.31,1305.95 1950.25,1303.40 1950.40,1303.52 1948.34,1305.97">
        <request index="0" response="0" foes="0" cont="0"/>
    </junction>
    <junction id="6" type="unregulated" x="1291.22" y="2563.53" incLanes="" intLanes="" shape="1294.35,2565.64 1294.85,2562.48 1295.71,2555.61 1292.69,2554.55 1292.07,2554.47 1288.88,2554.74 1288.82,2565.78 1291.87,2566.75"/>
    <junction id="60" type="priority" x="1900.28" y="1247.28" incLanes="51201765_0 51201767_0" intLanes=":60_0_0 :60_1_0 :60_2_0 :60_4_0" shape="1901.51,1250.63 1903.70,1248.30 1903.70,1246.24 1901.49,1243.92 1899.15,1243.89 1896.89,1246.16 1896.83,1248.22 1898.97,1250.60">
        <request index="0" response="0000" foes="0100" cont="0"/>
        <request index="1" response="0000" foes="1100" cont="0"/>
        <request index="2" response="0011" foes="0011" cont="0"/>
        <request index="3" response="0010" foes="0010" cont="1"/>
    </junction>
    <junction id="603" type="unregulated" x="1994.59" y="1146.07" incLanes="186624445_0" intLanes="" shape="1993.42,1144.97 1995.76,1147.17"/>
    <junction id="61" type="priority" x="1891.64" y="1255.08" incLanes="189764300_0 15090398_0" intLanes=":61_0_0 :61_1_0 :61_2_0 :61_4_0" shape="1892.87,1258.46 1895.07,1256.14 1895.10,1254.10 1892.94,1251.73 1890.65,1251.72 1888.33,1253.93 1888.28,1256.05 1890.47,1258.38">
        <request index="0" response="0000" foes="0100" cont="0"/>
        <request index="1" response="0000" foes="1100" cont="0"/>
        <request index="2" response="0011" foes="0011" cont="0"/>
        <request index="3" response="0010" foes="0010" cont="1"/>
    </junction>
    <junction id="615" type="priority" x="1827.01" y="1175.61" incLanes="186649521_0" intLanes=":615_0_0" shape="1825.90,1176.77 1828.28,1174.63 1825.61,1176.39">
        <request index="0" response="0" foes="0" cont="0"/>
    </junction>
    <junction id="617" type="unregulated" x="1783.73" y="1065.14" incLanes="186649522_0" intLanes="" shape="1782.19,1065.57 1785.27,1064.71"/>
    <junction id="62" type="priority" x="1793.44" y="1314.49" incLanes="363104439_0 82932016_0" intLanes=":62_0_0 :62_1_0 :62_2_0 :62_4_0" shape="1796.61,1321.29 1799.16,1319.35 1799.64,1318.72 1800.86,1315.65 1792.96,1305.77 1789.85,1306.52 1789.26,1306.82 1786.78,1308.84">
        <request index="0" response="0000" foes="0100" cont="0"/>
        <request index="1" response="0000" foes="1100" cont="0"/>
        <request index="2" response="0011" foes="0011" cont="0"/>
        <request index="3" response="0010" foes="0010" cont="1"/>
    </junction>
    <junction id="621" type="priority" x="825.75" y="493.03" incLanes="186713402_0 350033480_0" intLanes=":621_0_0 :621_1_0" shape="826.98,499.83 829.91,498.55 826.15,490.44 823.35,491.99 822.96,499.35 826.10,499.93">
        <request index="0" response="10" foes="10" cont="0"/>
        <request index="1" response="00" foes="01" cont="0"/>
    </junction>
    <junction id="622" type="priority" x="832.88" y="479.72" incLanes="186714395_0" intLanes=":622_0_0 :622_1_0 :622_2_0" shape="834.02,487.18 837.01,486.03 839.53,487.07 841.52,484.57 841.79,484.06 842.71,481.00 835.60,480.62 833.06,482.57">
        <request index="0" response="000" foes="000" cont="0"/>
        <request index="1" response="000" foes="000" cont="0"/>
        <request index="2" response="000" foes="000" cont="0"/>
    </junction>
    <junction id="628" type="priority" x="868.65" y="606.75" incLanes="186713411_0" intLanes=":628_0_0 :628_1_0" shape="868.76,609.13 871.03,606.87 867.17,600.09 864.30,601.50 863.65,602.12 862.08,604.91">
        <request index="0" response="00" foes="00" cont="0"/>
        <request index="1" response="00" foes="00" cont="0"/>
    </junction>
    <junction id="629" type="priority" x="862.56" y="594.33" incLanes="186713406_0" intLanes=":629_0_0 :629_1_0" shape="861.94,596.70 864.81,595.29 864.04,586.35 860.84,586.40 860.14,586.58 857.33,588.12">
        <request index="0" response="00" foes="00" cont="0"/>
        <request index="1" response="00" foes="00" cont="0"/>
    </junction>
    <junction id="63" type="priority" x="1795.39" y="1273.55" incLanes="186624430_0 15090399_0" intLanes=":63_0_0 :63_1_0 :63_2_0 :63_4_0" shape="1796.50,1277.57 1799.02,1275.60 1798.80,1272.61 1796.64,1270.24 1794.56,1270.11 1792.13,1272.19 1792.06,1276.05 1794.81,1277.68">
        <request index="0" response="0000" foes="0100" cont="0"/>
        <request index="1" response="0000" foes="1100" cont="0"/>
        <request index="2" response="0011" foes="0011" cont="0"/>
        <request index="3" response="0010" foes="0010" cont="1"/>
    </junction>
    <junction id="633" type="priority" x="850.76" y="572.80" incLanes="186713409_0 486870072_0" intLanes=":633_0_0 :633_1_0" shape="851.69,577.83 854.50,576.29 852.04,570.63 848.88,571.13 847.44,576.69 850.40,577.90">
        <request index="0" response="10" foes="10" cont="0"/>
        <request index="1" response="00" foes="01" cont="0"/>
    </junction>
    <junction id="64" type="unregulated" x="1808.86" y="1356.00" incLanes="" intLanes="" shape="1810.63,1356.67 1808.71,1354.11 1807.01,1355.59 1809.27,1357.85"/>
    <junction id="647" type="priority" x="874.47" y="698.03" incLanes="186713419_0 199752604_0" intLanes=":647_2_0 :647_1_0" shape="883.57,701.46 884.19,698.32 884.19,697.74 883.57,694.60 879.11,696.57 879.01,699.77">
        <request index="0" response="10" foes="10" cont="1"/>
        <request index="1" response="00" foes="01" cont="0"/>
    </junction>
    <junction id="649" type="priority" x="739.93" y="598.16" incLanes="186713420_0" intLanes=":649_0_0 :649_1_0" shape="743.02,600.28 738.99,594.81 738.63,596.97 739.86,599.92">
        <request index="0" response="00" foes="00" cont="0"/>
        <request index="1" response="00" foes="00" cont="0"/>
    </junction>
    <junction id="65" type="priority" x="1768.91" y="1299.78" incLanes="15090412_0 30661804_0" intLanes=":65_2_0 :65_1_0" shape="1767.58,1304.81 1770.77,1304.63 1771.89,1304.04 1773.82,1301.49 1770.32,1299.03 1767.45,1300.44">
        <request index="0" response="10" foes="10" cont="1"/>
        <request index="1" response="00" foes="01" cont="0"/>
    </junction>
    <junction id="654" type="priority" x="469.62" y="709.04" incLanes="186713425_0" intLanes=":654_0_0" shape="470.09,710.57 469.13,707.52 470.08,710.57">
        <request index="0" response="0" foes="0" cont="0"/>
    </junction>
    <junction id="655" type="priority" x="461.48" y="711.44" incLanes="186713423_0 486864294_0" intLanes=":655_0_0 :655_2_0" shape="462.73,712.74 461.83,709.67 460.74,708.22 462.41,714.56">
        <request index="0" response="00" foes="10" cont="0"/>
        <request index="1" response="01" foes="01" cont="1"/>
    </junction>
    <junction id="66" type="priority" x="1950.98" y="1452.03" incLanes="34225053_0" intLanes=":66_0_0 :66_1_0" shape="1951.21,1455.07 1953.80,1453.19 1954.31,1449.82 1951.62,1448.09 1949.83,1448.20 1947.39,1450.27">
        <request index="0" response="00" foes="00" cont="0"/>
        <request index="1" response="00" foes="00" cont="0"/>
    </junction>
    <junction id="663" type="priority" x="788.73" y="559.87" incLanes="186713428_0" intLanes=":663_0_0" shape="789.70,561.14 787.75,558.61 789.69,561.15">
        <request index="0" response="0" foes="0" cont="0"/>
    </junction>
    <junction id="667" type="priority" x="823.00" y="466.95" incLanes="186714394_0" intLanes=":667_0_0" shape="821.73,467.93 824.27,465.97 821.73,467.93">
        <request index="0" response="0" foes="0" cont="0"/>
    </junction>
    <junction id="67" type="priority" x="1878.87" y="1467.46" incLanes="15090420_0 53599425_0" intLanes=":67_0_0 :67_1_0" shape="1878.26,1471.03 1881.33,1470.12 1882.37,1468.38 1881.73,1465.24 1879.11,1464.30 1876.23,1465.69">
        <request index="0" response="00" foes="10" cont="0"/>
        <request index="1" response="01" foes="01" cont="0"/>
    </junction>
    <junction id="673" type="unregulated" x="977.90" y="394.69" incLanes="186722706_0" intLanes="" shape="976.73,393.60 979.07,395.78"/>
    <junction id="676" type="unregulated" x="1093.33" y="657.64" incLanes="" intLanes="" shape="1092.27,656.44 1094.39,658.84"/>
    <junction id="68" type="priority" x="1899.31" y="1663.47" incLanes="380884246_0" intLanes=":68_0_0 :68_1_0 :68_2_0" shape="1902.39,1665.29 1902.61,1662.10 1901.31,1660.51 1898.13,1660.09 1895.80,1662.07 1895.98,1665.26 1897.28,1666.66 1900.45,1667.08">
        <request index="0" response="000" foes="000" cont="0"/>
        <request index="1" response="000" foes="000" cont="0"/>
        <request index="2" response="000" foes="000" cont="0"/>
    </junction>
    <junction id="680" type="unregulated" x="1986.42" y="1136.20" incLanes="" intLanes="" shape="1987.18,1134.79 1985.66,1137.61"/>
    <junction id="681" type="unregulated" x="1862.00" y="1211.15" incLanes="190163832_0" intLanes="" shape="1863.05,1212.36 1860.95,1209.94"/>
    <junction id="684" type="unregulated" x="289.94" y="726.07" incLanes="" intLanes="" shape="290.30,727.63 289.58,724.51"/>
    <junction id="69" type="priority" x="1875.36" y="1718.17" incLanes="15090427_0" intLanes=":69_0_0 :69_1_0" shape="1877.33,1715.64 1874.16,1715.20 1871.74,1716.87 1872.01,1720.06 1873.30,1721.42 1876.47,1721.86">
        <request index="0" response="00" foes="00" cont="0"/>
        <request index="1" response="00" foes="00" cont="0"/>
    </junction>
    <junction id="691" type="priority" x="586.90" y="779.76" incLanes="199239120_0" intLanes=":691_0_0" shape="587.56,781.22 586.21,778.32 587.55,781.22">
        <request index="0" response="0" foes="0" cont="0"/>
    </junction>
    <junction id="693" type="priority" x="441.57" y="844.82" incLanes="199239121_0" intLanes=":693_0_0" shape="442.22,846.28 440.99,843.33 442.07,846.34">
        <request index="0" response="0" foes="0" cont="0"/>
    </junction>
    <junction id="694" type="priority" x="333.49" y="865.62" incLanes="199500675_0" intLanes=":694_0_0 :694_1_0" shape="339.80,864.53 338.48,861.62 337.82,860.91 335.00,859.40 332.80,863.75 335.48,865.48">
        <request index="0" response="00" foes="00" cont="0"/>
        <request index="1" response="00" foes="00" cont="0"/>
    </junction>
    <junction id="695" type="priority" x="368.11" y="830.81" incLanes="199500674_0" intLanes=":695_0_0" shape="369.25,831.94 367.06,829.60 369.06,832.10">
        <request index="0" response="0" foes="0" cont="0"/>
    </junction>
    <junction id="699" type="unregulated" x="294.46" y="896.03" incLanes="199500677_0" intLanes="" shape="295.35,897.36 293.57,894.70"/>
    <junction id="7" type="priority" x="1579.66" y="2608.32" incLanes="4005338_0" intLanes=":7_0_0" shape="1579.39,2609.90 1579.91,2606.74 1579.43,2609.90">
        <request index="0" response="0" foes="0" cont="0"/>
    </junction>
    <junction id="70" type="priority" x="1850.04" y="1323.90" incLanes="157044152_0" intLanes=":70_0_0 :70_1_0" shape="1850.66,1327.34 1853.20,1325.40 1853.27,1323.03 1851.05,1320.72 1846.60,1324.55 1848.57,1327.08">
        <request index="0" response="00" foes="00" cont="0"/>
        <request index="1" response="00" foes="00" cont="0"/>
    </junction>
    <junction id="702" type="priority" x="860.58" y="697.61" incLanes="199752605_0" intLanes=":702_0_0" shape="860.53,699.21 860.63,696.01 860.55,699.21">
        <request index="0" response="0" foes="0" cont="0"/>
    </junction>
    <junction id="71" type="unregulated" x="1905.60" y="1278.48" incLanes="15090570_0" intLanes="" shape="1904.52,1277.30 1906.68,1279.66"/>
    <junction id="715" type="priority" x="1819.30" y="1369.95" incLanes="210393401_0" intLanes=":715_0_0" shape="1821.77,1369.71 1819.49,1367.47 1816.89,1369.34">
        <request index="0" response="0" foes="0" cont="0"/>
    </junction>
    <junction id="717" type="unregulated" x="1822.54" y="1366.65" incLanes="210393402_0" intLanes="" shape="1821.40,1365.53 1823.68,1367.77"/>
    <junction id="718" type="unregulated" x="1910.02" y="1256.42" incLanes="" intLanes="" shape="1908.82,1255.36 1911.22,1257.48"/>
    <junction id="719" type="unregulated" x="1858.36" y="1315.93" incLanes="210393406_0" intLanes="" shape="1859.67,1316.85 1857.05,1315.01"/>
    <junction id="72" type="priority" x="1692.75" y="1154.67" incLanes="82932012_0" intLanes=":72_0_0" shape="1691.49,1155.65 1694.01,1153.68 1691.48,1155.64">
        <request index="0" response="0" foes="0" cont="0"/>
    </junction>
    <junction id="721" type="unregulated" x="353.17" y="46.23" incLanes="214920906_0" intLanes="" shape="352.16,47.47 354.18,44.99"/>
    <junction id="727" type="unregulated" x="376.76" y="700.07" incLanes="217688657_0" intLanes="" shape="377.42,698.61 376.10,701.53"/>
    <junction id="728" type="priority" x="392.82" y="701.70" incLanes="363112762_0" intLanes=":728_0_0 :728_1_0" shape="391.28,704.91 394.48,704.86 395.95,703.41 396.06,700.21 389.96,699.91 389.75,703.10">
        <request index="0" response="00" foes="00" cont="0"/>
        <request index="1" response="00" foes="00" cont="0"/>
    </junction>
    <junction id="730" type="unregulated" x="326.73" y="203.15" incLanes="" intLanes="" shape="325.97,204.56 327.49,201.74"/>
    <junction id="731" type="unregulated" x="335.42" y="202.90" incLanes="219735495_0" intLanes="" shape="334.41,201.66 336.43,204.14"/>
    <junction id="732" type="unregulated" x="132.14" y="405.80" incLanes="" intLanes="" shape="133.30,406.91 130.98,404.69"/>
    <junction id="733" type="priority" x="388.86" y="139.11" incLanes="219735496_0" intLanes=":733_0_0" shape="389.82,140.39 387.97,137.78 387.83,137.88 389.82,140.39">
        <request index="0" response="0" foes="0" cont="0"/>
    </junction>
    <junction id="734" type="unregulated" x="343.38" y="186.56" incLanes="" intLanes="" shape="342.33,187.77 344.43,185.35"/>
    <junction id="736" type="unregulated" x="250.85" y="286.84" incLanes="" intLanes="" shape="249.77,288.02 251.93,285.66"/>
    <junction id="737" type="unregulated" x="271.26" y="306.83" incLanes="219735499_0" intLanes="" shape="272.16,305.51 270.36,308.15"/>
    <junction id="738" type="unregulated" x="826.14" y="516.16" incLanes="" intLanes="" shape="826.72,514.67 825.56,517.65"/>
    <junction id="74" type="priority" x="1892.52" y="1239.53" incLanes="51201763_0 186649517_0" intLanes=":74_0_0 :74_1_0 :74_2_0 :74_4_0" shape="1893.70,1242.97 1895.96,1240.70 1896.05,1238.69 1894.02,1236.22 1891.74,1236.06 1889.27,1238.09 1889.02,1240.15 1890.94,1242.71">
        <request index="0" response="0000" foes="0100" cont="0"/>
        <request index="1" response="0000" foes="1100" cont="0"/>
        <request index="2" response="0011" foes="0011" cont="0"/>
        <request index="3" response="0010" foes="0010" cont="1"/>
    </junction>
    <junction id="741" type="unregulated" x="416.70" y="110.81" incLanes="225908922_0" intLanes="" shape="415.50,109.76 417.90,111.86"/>
    <junction id="744" type="unregulated" x="270.94" y="66.35" incLanes="" intLanes="" shape="270.02,67.66 271.86,65.04"/>
    <junction id="745" type="priority" x="376.77" y="139.65" incLanes="243415892_0" intLanes=":745_0_0" shape="375.78,140.91 377.92,138.53 377.59,138.27 375.78,140.91">
        <request index="0" response="0" foes="0" cont="0"/>
    </junction>
    <junction id="746" type="priority" x="291.85" y="129.93" incLanes="329928472_0" intLanes=":746_0_0" shape="293.15,130.86 290.54,129.01 293.15,130.87">
        <request index="0" response="0" foes="0" cont="0"/>
    </junction>
    <junction id="747" type="unregulated" x="287.38" y="136.04" incLanes="243415894_0" intLanes="" shape="288.67,136.98 286.09,135.10"/>
    <junction id="75" type="priority" x="1926.18" y="1215.39" incLanes="15665061_0" intLanes=":75_0_0 :75_1_0" shape="1928.17,1215.70 1925.95,1213.39 1922.80,1213.89 1928.03,1218.25">
        <request index="0" response="00" foes="00" cont="0"/>
        <request index="1" response="00" foes="00" cont="0"/>
    </junction>
    <junction id="750" type="priority" x="716.04" y="741.54" incLanes="283487675_0" intLanes=":750_0_0" shape="716.74,742.98 715.34,740.10 716.76,742.97">
        <request index="0" response="0" foes="0" cont="0"/>
    </junction>
    <junction id="751" type="unregulated" x="738.37" y="730.64" incLanes="283487666_0" intLanes="" shape="737.67,729.20 739.07,732.08"/>
    <junction id="752" type="priority" x="593.17" y="708.63" incLanes="283487673_0" intLanes=":752_0_0" shape="594.28,709.90 593.06,706.94 592.23,710.03">
        <request index="0" response="0" foes="0" cont="0"/>
    </junction>
    <junction id="753" type="unregulated" x="586.46" y="706.83" incLanes="283487668_0" intLanes="" shape="586.05,708.38 586.87,705.28"/>
    <junction id="76" type="unregulated" x="390.10" y="0.00" incLanes="" intLanes="" shape="388.84,0.99 391.36,-0.99"/>
    <junction id="763" type="priority" x="713.28" y="703.12" incLanes="283487678_0" intLanes=":763_0_0" shape="713.36,704.74 713.69,701.55 712.72,701.60 713.36,704.74">
        <request index="0" response="0" foes="0" cont="0"/>
    </junction>
    <junction id="765" type="unregulated" x="728.60" y="717.75" incLanes="283487681_0" intLanes="" shape="730.10,717.20 727.10,718.30"/>
    <junction id="766" type="priority" x="427.08" y="849.97" incLanes="381750335_0" intLanes=":766_0_0" shape="427.61,851.48 426.54,848.46 427.63,851.47">
        <request index="0" response="0" foes="0" cont="0"/>
    </junction>
    <junction id="773" type="unregulated" x="425.90" y="822.53" incLanes="309630679_0" intLanes="" shape="427.27,821.70 424.53,823.36"/>
    <junction id="774" type="unregulated" x="893.33" y="527.56" incLanes="" intLanes="" shape="893.93,526.08 892.73,529.04"/>
    <junction id="78" type="unregulated" x="709.93" y="75.22" incLanes="" intLanes="" shape="708.36,74.90 711.50,75.54"/>
    <junction id="783" type="priority" x="1145.40" y="767.14" incLanes="340675955_0" intLanes=":783_0_0" shape="1144.67,768.57 1146.28,765.80 1144.37,768.37">
        <request index="0" response="0" foes="0" cont="0"/>
    </junction>
    <junction id="788" type="unregulated" x="1050.72" y="730.98" incLanes="" intLanes="" shape="1049.13,730.77 1052.31,731.19"/>
    <junction id="789" type="unregulated" x="1049.70" y="738.76" incLanes="340675976_0" intLanes="" shape="1051.29,738.97 1048.11,738.55"/>
    <junction id="79" type="unregulated" x="570.93" y="213.24" incLanes="19728276_0" intLanes="" shape="571.86,214.54 570.00,211.94"/>
    <junction id="790" type="unregulated" x="1862.00" y="1680.15" incLanes="" intLanes="" shape="1860.71,1679.20 1863.29,1681.10"/>
    <junction id="791" type="unregulated" x="1710.73" y="1975.91" incLanes="344502097_0" intLanes="" shape="1712.16,1976.62 1709.30,1975.20"/>
    <junction id="792" type="unregulated" x="1812.40" y="1865.28" incLanes="" intLanes="" shape="1813.07,1866.73 1811.73,1863.83"/>
    <junction id="793" type="unregulated" x="1842.02" y="1860.39" incLanes="344502098_0" intLanes="" shape="1842.04,1858.79 1842.00,1861.99"/>
    <junction id="794" type="unregulated" x="1818.68" y="1855.31" incLanes="" intLanes="" shape="1818.72,1856.91 1818.64,1853.71"/>
    <junction id="795" type="unregulated" x="1851.38" y="1839.57" incLanes="344502099_0" intLanes="" shape="1850.29,1838.40 1852.47,1840.74"/>
    <junction id="796" type="unregulated" x="1785.63" y="1898.67" incLanes="" intLanes="" shape="1784.09,1899.09 1787.17,1898.25"/>
    <junction id="797" type="unregulated" x="1795.45" y="1917.09" incLanes="344502100_0" intLanes="" shape="1796.80,1916.24 1794.10,1917.94"/>
    <junction id="798" type="unregulated" x="1803.26" y="1871.98" incLanes="" intLanes="" shape="1802.18,1873.16 1804.34,1870.80"/>
    <junction id="799" type="unregulated" x="1821.27" y="1887.96" incLanes="344502101_0" intLanes="" shape="1822.32,1886.76 1820.22,1889.16"/>
    <junction id="8" type="unregulated" x="1627.29" y="2497.57" incLanes="" intLanes="" shape="1628.28,2499.46 1629.05,2496.36 1626.19,2495.74 1625.61,2498.88"/>
    <junction id="80" type="unregulated" x="677.94" y="325.55" incLanes="" intLanes="" shape="678.88,326.85 677.00,324.25"/>
    <junction id="801" type="unregulated" x="1853.07" y="1740.21" incLanes="344502102_0" intLanes="" shape="1854.40,1741.10 1851.74,1739.32"/>
    <junction id="802" type="unregulated" x="1863.53" y="1689.43" incLanes="" intLanes="" shape="1862.42,1690.58 1864.64,1688.28"/>
    <junction id="803" type="unregulated" x="1879.57" y="1694.07" incLanes="344502103_0" intLanes="" shape="1879.54,1692.47 1879.60,1695.67"/>
    <junction id="805" type="priority" x="821.20" y="484.80" incLanes="350033476_0" intLanes=":805_0_0 :805_1_0" shape="820.69,487.19 823.50,485.64 816.92,475.28 814.23,477.02 813.84,477.39 811.94,479.96">
        <request index="0" response="00" foes="00" cont="0"/>
        <request index="1" response="00" foes="00" cont="0"/>
    </junction>
    <junction id="806" type="unregulated" x="813.07" y="541.16" incLanes="" intLanes="" shape="814.60,541.63 811.54,540.69"/>
    <junction id="808" type="unregulated" x="871.83" y="609.94" incLanes="" intLanes="" shape="872.50,608.49 871.16,611.39"/>
    <junction id="809" type="priority" x="850.51" y="600.03" incLanes="350033482_0" intLanes=":809_0_0 :809_1_0" shape="851.72,602.36 853.07,599.46 850.29,595.78 847.39,597.14 846.53,598.54 846.61,601.73">
        <request index="0" response="00" foes="00" cont="0"/>
        <request index="1" response="00" foes="00" cont="0"/>
    </junction>
    <junction id="81" type="unregulated" x="789.55" y="222.52" incLanes="19728366_0" intLanes="" shape="788.46,221.35 790.64,223.69"/>
    <junction id="812" type="priority" x="878.82" y="506.90" incLanes="368989705_0" intLanes=":812_0_0" shape="879.84,508.14 877.73,505.73 879.96,508.02">
        <request index="0" response="0" foes="0" cont="0"/>
    </junction>
    <junction id="815" type="unregulated" x="643.84" y="785.81" incLanes="362973377_0" intLanes="" shape="644.97,784.68 642.71,786.94"/>
    <junction id="817" type="unregulated" x="1850.73" y="1341.83" incLanes="363104436_0" intLanes="" shape="1851.81,1343.01 1849.65,1340.65"/>
    <junction id="82" type="unregulated" x="911.53" y="458.76" incLanes="" intLanes="" shape="912.69,457.66 910.37,459.86"/>
    <junction id="821" type="unregulated" x="105.29" y="800.13" incLanes="363112756_0" intLanes="" shape="105.51,801.71 105.07,798.55"/>
    <junction id="823" type="unregulated" x="378.82" y="686.04" incLanes="363112761_0" intLanes="" shape="377.24,685.81 380.40,686.27"/>
    <junction id="829" type="unregulated" x="838.55" y="552.49" incLanes="363130338_0" intLanes="" shape="840.08,552.01 837.02,552.97"/>
    <junction id="83" type="unregulated" x="633.47" y="155.98" incLanes="19728446_0" intLanes="" shape="632.29,157.06 634.65,154.90"/>
    <junction id="831" type="priority" x="779.10" y="587.30" incLanes="363130342_0 486864290_0" intLanes=":831_0_0 :831_1_0" shape="789.09,583.74 787.58,580.92 787.25,580.51 784.86,578.39 782.86,583.00 784.58,585.69">
        <request index="0" response="00" foes="10" cont="0"/>
        <request index="1" response="01" foes="01" cont="0"/>
    </junction>
    <junction id="832" type="unregulated" x="1682.29" y="1993.84" incLanes="" intLanes="" shape="1680.86,1994.56 1683.72,1993.12"/>
    <junction id="833" type="unregulated" x="1687.44" y="2004.02" incLanes="364563587_0" intLanes="" shape="1688.87,2003.30 1686.01,2004.74"/>
    <junction id="834" type="unregulated" x="937.01" y="473.82" incLanes="" intLanes="" shape="936.58,472.28 937.44,475.36"/>
    <junction id="839" type="priority" x="647.22" y="629.94" incLanes="370478532_0" intLanes=":839_0_0" shape="647.88,631.40 646.50,628.51 646.62,628.46 647.89,631.39">
        <request index="0" response="0" foes="0" cont="0"/>
    </junction>
    <junction id="842" type="priority" x="700.56" y="743.96" incLanes="370478548_0" intLanes=":842_0_0" shape="699.10,744.61 701.99,743.25 702.05,743.37 699.10,744.62">
        <request index="0" response="0" foes="0" cont="0"/>
    </junction>
    <junction id="847" type="priority" x="628.18" y="746.85" incLanes="370478549_0" intLanes=":847_0_0" shape="626.75,747.59 629.70,746.34 629.48,745.91 626.75,747.59">
        <request index="0" response="0" foes="0" cont="0"/>
    </junction>
    <junction id="85" type="priority" x="453.23" y="107.96" incLanes="487385465_0 19729394_0" intLanes=":85_0_0 :85_4_0 :85_2_0 :85_5_0" shape="459.01,112.31 460.32,109.39 460.44,108.56 460.00,105.39 454.28,104.68 451.12,105.24 449.97,107.26 450.88,110.33">
        <request index="0" response="0000" foes="1000" cont="0"/>
        <request index="1" response="0100" foes="0100" cont="1"/>
        <request index="2" response="0000" foes="0010" cont="0"/>
        <request index="3" response="0001" foes="0001" cont="1"/>
    </junction>
    <junction id="850" type="unregulated" x="658.18" y="1334.79" incLanes="" intLanes="" shape="659.76,1334.54 656.60,1335.04"/>
    <junction id="86" type="priority" x="1661.62" y="2414.11" incLanes="169194882_0" intLanes=":86_0_0" shape="1663.09,2414.75 1660.15,2413.48 1663.09,2414.73">
        <request index="0" response="0" foes="0" cont="0"/>
    </junction>
    <junction id="865" type="priority" x="1912.55" y="1660.79" incLanes="392657903_0" intLanes=":865_0_0" shape="1914.13,1661.02 1910.96,1660.65 1910.98,1660.50 1914.14,1661.00">
        <request index="0" response="0" foes="0" cont="0"/>
    </junction>
    <junction id="867" type="priority" x="1920.15" y="1601.69" incLanes="392657904_0" intLanes=":867_0_0" shape="1918.78,1599.91 1918.40,1603.09 1921.58,1603.42">
        <request index="0" response="0" foes="0" cont="0"/>
    </junction>
    <junction id="869" type="unregulated" x="1911.98" y="1664.36" incLanes="392657905_0" intLanes="" shape="1913.56,1664.61 1910.40,1664.11"/>
    <junction id="87" type="priority" x="1648.72" y="2444.65" incLanes="22468207_0" intLanes=":87_0_0" shape="1650.19,2445.28 1647.24,2444.03 1650.20,2445.25">
        <request index="0" response="0" foes="0" cont="0"/>
    </junction>
    <junction id="871" type="unregulated" x="1907.22" y="1600.13" incLanes="392657906_0" intLanes="" shape="1907.03,1601.72 1907.41,1598.54"/>
    <junction id="872" type="priority" x="425.21" y="102.59" incLanes="408813814_0" intLanes=":872_0_0" shape="426.38,103.68 423.97,101.57 426.49,103.55">
        <request index="0" response="0" foes="0" cont="0"/>
    </junction>
    <junction id="873" type="unregulated" x="418.92" y="110.45" incLanes="398288600_0" intLanes="" shape="420.17,111.45 417.67,109.45"/>
    <junction id="874" type="priority" x="418.03" y="143.11" incLanes="398288623_0" intLanes=":874_0_0" shape="417.12,144.43 418.87,141.75 418.99,141.83 417.13,144.44">
        <request index="0" response="0" foes="0" cont="0"/>
    </junction>
    <junction id="875" type="unregulated" x="420.79" y="144.92" incLanes="398288602_0" intLanes="" shape="421.67,143.58 419.91,146.26"/>
    <junction id="876" type="unregulated" x="406.08" y="159.15" incLanes="" intLanes="" shape="407.25,160.24 404.91,158.06 405.13,157.87 407.03,160.43"/>
    <junction id="877" type="unregulated" x="398.05" y="165.11" incLanes="398288604_0 398288639_0" intLanes="" shape="399.00,166.39 397.10,163.83 397.31,163.69 398.79,166.53"/>
    <junction id="878" type="unregulated" x="416.97" y="144.57" incLanes="" intLanes="" shape="417.29,146.73 419.11,144.10 416.69,142.40 414.83,145.00"/>
    <junction id="879" type="unregulated" x="419.65" y="146.42" incLanes="398288608_0" intLanes="" shape="420.56,145.10 418.74,147.74"/>
    <junction id="880" type="priority" x="404.95" y="157.62" incLanes="398288649_0" intLanes=":880_0_0" shape="405.72,159.02 404.18,156.22 404.00,156.34 405.90,158.90">
        <request index="0" response="0" foes="0" cont="0"/>
    </junction>
    <junction id="881" type="priority" x="396.91" y="163.59" incLanes="398288609_0" intLanes=":881_0_0" shape="397.76,164.95 395.85,162.38 397.97,164.80">
        <request index="0" response="0" foes="0" cont="0"/>
    </junction>
    <junction id="882" type="unregulated" x="433.69" y="120.30" incLanes="" intLanes="" shape="432.11,120.53 435.27,120.07 435.29,120.18 432.09,120.42"/>
    <junction id="883" type="priority" x="432.92" y="110.33" incLanes="398288611_0" intLanes=":883_0_0" shape="431.32,110.45 434.52,110.21 434.51,110.48 431.33,110.18">
        <request index="0" response="0" foes="0" cont="0"/>
    </junction>
    <junction id="884" type="unregulated" x="420.15" y="145.77" incLanes="" intLanes="" shape="419.14,147.01 421.16,144.53"/>
    <junction id="885" type="unregulated" x="422.52" y="147.71" incLanes="398288626_0 398288616_0" intLanes="" shape="422.47,149.84 424.64,147.49 422.44,145.58 420.41,148.05"/>
    <junction id="886" type="unregulated" x="409.74" y="137.18" incLanes="" intLanes="" shape="408.81,138.48 410.67,135.88"/>
    <junction id="888" type="unregulated" x="429.82" y="154.44" incLanes="" intLanes="" shape="430.90,153.26 428.74,155.62"/>
    <junction id="89" type="priority" x="1520.25" y="2749.71" incLanes="25738392_0 22468208_0 24595614_0" intLanes=":89_0_0 :89_1_0 :89_3_0" shape="1523.53,2751.82 1524.01,2748.66 1523.10,2747.05 1520.15,2745.81 1517.06,2747.54 1516.52,2750.70 1517.43,2752.34 1520.38,2753.56">
        <request index="0" response="000" foes="110" cont="0"/>
        <request index="1" response="101" foes="101" cont="0"/>
        <request index="2" response="001" foes="011" cont="1"/>
    </junction>
    <junction id="891" type="unregulated" x="408.68" y="138.63" incLanes="398288634_0" intLanes="" shape="407.75,139.93 409.61,137.33"/>
    <junction id="892" type="priority" x="435.58" y="120.16" incLanes="398288646_0" intLanes=":892_0_0" shape="437.20,120.37 434.01,120.61 433.96,119.95 437.20,120.37">
        <request index="0" response="0" foes="0" cont="0"/>
    </junction>
    <junction id="893" type="unregulated" x="434.82" y="110.19" incLanes="398288635_0 398315002_0" intLanes="" shape="433.33,111.65 436.52,111.40 435.99,108.47 433.65,111.91"/>
    <junction id="9" type="unregulated" x="1503.20" y="2597.05" incLanes="4005339_0" intLanes="" shape="1504.78,2597.28 1501.62,2596.82"/>
    <junction id="90" type="unregulated" x="684.03" y="675.85" incLanes="" intLanes="" shape="683.18,678.59 686.25,677.67 686.80,675.09 684.37,673.00"/>
    <junction id="900" type="unregulated" x="405.70" y="142.75" incLanes="" intLanes="" shape="407.00,143.69 404.40,141.81"/>
    <junction id="901" type="unregulated" x="413.45" y="132.06" incLanes="398288653_0" intLanes="" shape="412.15,131.12 414.75,133.00"/>
    <junction id="902" type="unregulated" x="425.90" y="101.06" incLanes="" intLanes="" shape="427.18,102.02 424.62,100.10"/>
    <junction id="903" type="unregulated" x="431.92" y="93.08" incLanes="398314987_0 398314986_0" intLanes="" shape="434.10,92.87 431.57,90.92 429.74,93.31 432.30,95.24"/>
    <junction id="904" type="unregulated" x="432.93" y="91.77" incLanes="" intLanes="" shape="431.66,90.79 434.20,92.75"/>
    <junction id="906" type="unregulated" x="425.26" y="159.39" incLanes="" intLanes="" shape="426.44,160.47 424.08,158.31"/>
    <junction id="907" type="unregulated" x="434.45" y="149.43" incLanes="398314997_0" intLanes="" shape="433.27,148.34 435.63,150.52"/>
    <junction id="91" type="priority" x="693.84" y="706.97" incLanes="23474311_0" intLanes=":91_0_0 :91_1_0" shape="697.72,707.86 697.12,704.71 695.79,703.50 692.61,703.19 691.54,708.75 694.57,709.79">
        <request index="0" response="00" foes="00" cont="0"/>
        <request index="1" response="00" foes="00" cont="0"/>
    </junction>
    <junction id="910" type="unregulated" x="1900.64" y="1232.83" incLanes="" intLanes="" shape="1899.51,1233.96 1901.77,1231.70"/>
    <junction id="911" type="unregulated" x="1907.89" y="1240.05" incLanes="403762246_0" intLanes="" shape="1909.02,1238.92 1906.76,1241.18"/>
    <junction id="912" type="unregulated" x="1515.04" y="991.28" incLanes="" intLanes="" shape="1515.89,992.64 1514.19,989.92"/>
    <junction id="913" type="unregulated" x="1605.91" y="934.66" incLanes="406178800_0" intLanes="" shape="1605.06,933.30 1606.76,936.02"/>
    <junction id="914" type="unregulated" x="1828.72" y="1223.16" incLanes="" intLanes="" shape="1829.18,1221.63 1828.26,1224.69"/>
    <junction id="915" type="unregulated" x="1793.92" y="1217.04" incLanes="407520160_0" intLanes="" shape="1793.79,1218.63 1794.05,1215.45"/>
    <junction id="918" type="priority" x="342.40" y="193.64" incLanes="407882482_0" intLanes=":918_0_0" shape="343.32,194.95 341.48,192.33 341.21,192.57 343.59,194.71">
        <request index="0" response="0" foes="0" cont="0"/>
    </junction>
    <junction id="919" type="priority" x="335.72" y="201.09" incLanes="407882481_0" intLanes=":919_0_0" shape="336.60,202.51 334.22,200.37 337.22,201.81">
        <request index="0" response="0" foes="0" cont="0"/>
    </junction>
    <junction id="92" type="priority" x="629.89" y="770.36" incLanes="426778173_0" intLanes=":92_0_0 :92_1_0" shape="630.07,773.67 632.78,771.97 631.86,771.28 630.65,768.32 626.59,770.10 627.91,773.01">
        <request index="0" response="00" foes="00" cont="0"/>
        <request index="1" response="00" foes="00" cont="0"/>
    </junction>
    <junction id="924" type="unregulated" x="427.07" y="100.46" incLanes="" intLanes="" shape="425.86,99.41 428.28,101.51"/>
    <junction id="928" type="unregulated" x="1066.38" y="695.94" incLanes="" intLanes="" shape="1065.46,697.25 1067.30,694.63"/>
    <junction id="93" type="priority" x="632.43" y="774.43" incLanes="23577411_0" intLanes=":93_0_0" shape="631.43,775.69 633.69,773.43 630.98,775.12">
        <request index="0" response="0" foes="0" cont="0"/>
    </junction>
    <junction id="931" type="priority" x="705.94" y="739.13" incLanes="410356265_0" intLanes=":931_0_0" shape="706.55,740.61 705.33,737.65 706.55,740.61">
        <request index="0" response="0" foes="0" cont="0"/>
    </junction>
    <junction id="94" type="unregulated" x="2018.77" y="1339.60" incLanes="" intLanes="" shape="2018.40,1338.04 2019.14,1341.16"/>
    <junction id="944" type="unregulated" x="1810.39" y="1902.07" incLanes="" intLanes="" shape="1809.31,1903.25 1811.47,1900.89"/>
    <junction id="945" type="unregulated" x="1825.04" y="1915.51" incLanes="410674714_0" intLanes="" shape="1826.12,1914.33 1823.96,1916.69"/>
    <junction id="946" type="priority" x="989.76" y="640.72" incLanes="486870076_0" intLanes=":946_0_0" shape="988.76,641.97 990.84,639.54 988.61,641.83">
        <request index="0" response="0" foes="0" cont="0"/>
    </junction>
    <junction id="949" type="unregulated" x="934.02" y="457.25" incLanes="413418696_0" intLanes="" shape="934.37,458.81 933.67,455.69"/>
    <junction id="95" type="priority" x="1896.60" y="1271.01" incLanes="23739695_0" intLanes=":95_0_0" shape="1895.58,1272.24 1897.62,1269.78 1895.57,1272.24">
        <request index="0" response="0" foes="0" cont="0"/>
    </junction>
    <junction id="950" type="unregulated" x="2124.70" y="1399.86" incLanes="" intLanes="" shape="2125.49,1398.47 2123.91,1401.25"/>
    <junction id="953" type="priority" x="631.38" y="769.75" incLanes="426778172_0" intLanes=":953_0_0" shape="631.99,771.23 630.77,768.27 631.99,771.23">
        <request index="0" response="0" foes="0" cont="0"/>
    </junction>
    <junction id="956" type="unregulated" x="1428.61" y="2142.96" incLanes="" intLanes="" shape="1427.96,2144.42 1429.26,2141.50"/>
    <junction id="957" type="unregulated" x="1436.02" y="2146.25" incLanes="457945350_0" intLanes="" shape="1436.67,2144.79 1435.37,2147.71"/>
    <junction id="959" type="unregulated" x="429.55" y="96.14" incLanes="480007674_0" intLanes="" shape="428.33,97.17 430.77,95.11"/>
    <junction id="960" type="unregulated" x="459.18" y="134.03" incLanes="" intLanes="" shape="458.19,135.29 460.17,132.77"/>
    <junction id="961" type="priority" x="461.99" y="136.24" incLanes="480007675_0" intLanes=":961_0_0" shape="460.97,137.48 463.00,135.00 461.01,137.50">
        <request index="0" response="0" foes="0" cont="0"/>
    </junction>
    <junction id="963" type="priority" x="808.67" y="475.56" incLanes="480007677_0" intLanes=":963_0_0" shape="807.50,476.80 810.37,475.39 808.74,473.85 807.50,476.80">
        <request index="0" response="0" foes="0" cont="0"/>
    </junction>
    <junction id="967" type="unregulated" x="785.17" y="441.35" incLanes="480873119_0" intLanes="" shape="785.47,442.92 784.87,439.78"/>
    <junction id="97" type="priority" x="1857.71" y="1238.39" incLanes="23739844_0" intLanes=":97_0_0" shape="1856.71,1239.64 1858.77,1237.19 1858.64,1237.09 1856.71,1239.64">
        <request index="0" response="0" foes="0" cont="0"/>
    </junction>
    <junction id="98" type="unregulated" x="1833.67" y="1226.91" incLanes="" intLanes="" shape="1833.56,1225.31 1833.78,1228.51"/>
    <junction id="983" type="unregulated" x="732.38" y="615.62" incLanes="486870073_0" intLanes="" shape="732.48,617.22 732.28,614.02"/>
    <junction id="99" type="unregulated" x="1885.63" y="1231.15" incLanes="23739864_0" intLanes="" shape="1884.53,1229.99 1886.73,1232.31"/>
    <junction id="991" type="unregulated" x="888.05" y="551.07" incLanes="486870077_0" intLanes="" shape="888.94,552.40 887.16,549.74"/>
    <junction id="995" type="unregulated" x="465.25" y="125.83" incLanes="487385463_0" intLanes="" shape="464.51,127.25 465.99,124.41"/>

    <junction id=":1_4_0" type="internal" x="1935.65" y="1448.55" incLanes=":1_3_0 24232612_0" intLanes=":1_1_0"/>
    <junction id=":104_4_0" type="internal" x="951.99" y="675.99" incLanes=":104_1_0 186713418_0" intLanes=":104_3_0"/>
    <junction id=":113_4_0" type="internal" x="997.02" y="705.98" incLanes=":113_2_0 23866766_0" intLanes=":113_0_0 :113_1_0"/>
    <junction id=":113_5_0" type="internal" x="996.50" y="705.82" incLanes=":113_3_0 23866766_0" intLanes=":113_1_0"/>
    <junction id=":118_4_0" type="internal" x="864.37" y="517.73" incLanes=":118_3_0 350033485_0" intLanes=":118_1_0"/>
    <junction id=":127_2_0" type="internal" x="1844.85" y="1406.94" incLanes=":127_1_0 23950598_0" intLanes=":127_0_0"/>
    <junction id=":136_4_0" type="internal" x="1918.59" y="1461.89" incLanes=":136_3_0 40129888_0" intLanes=":136_1_0"/>
    <junction id=":147_2_0" type="internal" x="182.00" y="374.56" incLanes=":147_0_0 142677522_0" intLanes=":147_1_0"/>
    <junction id=":15_2_0" type="internal" x="1723.64" y="2262.95" incLanes=":15_1_0 4005347_0" intLanes=":15_0_0"/>
    <junction id=":151_6_0" type="internal" x="890.08" y="547.75" incLanes=":151_4_0 75459574_0" intLanes=":151_0_0 :151_1_0 :151_2_0 :151_3_0"/>
    <junction id=":151_7_0" type="internal" x="889.74" y="547.98" incLanes=":151_5_0 75459574_0" intLanes=":151_1_0 :151_3_0"/>
    <junction id=":156_6_0" type="internal" x="378.94" y="823.72" incLanes=":156_1_0 142770562_0" intLanes=":156_3_0 :156_5_0"/>
    <junction id=":158_9_0" type="internal" x="403.69" y="856.41" incLanes=":158_8_0 25866659_0" intLanes=":158_2_0 :158_5_0"/>
    <junction id=":16_4_0" type="internal" x="1854.39" y="1957.76" incLanes=":16_3_0 40016484_0" intLanes=":16_1_0"/>
    <junction id=":161_4_0" type="internal" x="344.10" y="727.89" incLanes=":161_1_0 24483344_0" intLanes=":161_3_0"/>
    <junction id=":171_2_0" type="internal" x="1890.00" y="1533.65" incLanes=":171_1_0 24595627_0" intLanes=":171_0_0"/>
    <junction id=":181_4_0" type="internal" x="388.99" y="841.13" incLanes=":181_1_0 199780796_0" intLanes=":181_3_0"/>
    <junction id=":186_6_0" type="internal" x="414.57" y="832.23" incLanes=":186_4_0 141050980_0" intLanes=":186_1_0 :186_2_0"/>
    <junction id=":186_7_0" type="internal" x="414.58" y="832.22" incLanes=":186_5_0 141050980_0" intLanes=":186_2_0"/>
    <junction id=":20_4_0" type="internal" x="1870.03" y="1856.84" incLanes=":20_3_0 410621277_0" intLanes=":20_1_0"/>
    <junction id=":201_2_0" type="internal" x="1736.12" y="1206.66" incLanes=":201_0_0 28262107_0" intLanes=":201_1_0"/>
    <junction id=":207_3_0" type="internal" x="1970.58" y="1494.37" incLanes=":207_2_0 53140896_0" intLanes=":207_0_0 :207_1_0"/>
    <junction id=":226_6_0" type="internal" x="1052.53" y="723.36" incLanes=":226_5_0 410646192_0" intLanes=":226_2_0"/>
    <junction id=":230_3_0" type="internal" x="529.19" y="947.22" incLanes=":230_0_0 199500678_0" intLanes=":230_1_0 :230_2_0"/>
    <junction id=":234_2_0" type="internal" x="413.80" y="137.68" incLanes=":234_0_0 142677528_0" intLanes=":234_1_0"/>
    <junction id=":243_2_0" type="internal" x="817.38" y="512.62" incLanes=":243_0_0 37046850_0" intLanes=":243_1_0"/>
    <junction id=":265_4_0" type="internal" x="354.59" y="757.65" incLanes=":265_1_0 363112763_0" intLanes=":265_3_0"/>
    <junction id=":3_4_0" type="internal" x="1684.27" y="1136.50" incLanes=":3_3_0 3655718_0" intLanes=":3_1_0"/>
    <junction id=":303_4_0" type="internal" x="1061.03" y="702.47" incLanes=":303_3_0 41575523_0" intLanes=":303_1_0"/>
    <junction id=":305_4_0" type="internal" x="934.92" y="672.30" incLanes=":305_1_0 41676176_0" intLanes=":305_3_0"/>
    <junction id=":317_4_0" type="internal" x="370.54" y="740.09" incLanes=":317_1_0 43866090_0" intLanes=":317_3_0"/>
    <junction id=":319_3_0" type="internal" x="1907.41" y="1586.94" incLanes=":319_2_0 44141559_0" intLanes=":319_0_0 :319_1_0"/>
    <junction id=":337_4_0" type="internal" x="340.47" y="716.55" incLanes=":337_1_0 199230909_0" intLanes=":337_3_0"/>
    <junction id=":338_4_0" type="internal" x="377.28" y="736.78" incLanes=":338_3_0 186713421_0" intLanes=":338_1_0"/>
    <junction id=":340_4_0" type="internal" x="354.21" y="716.04" incLanes=":340_1_0 142770549_0" intLanes=":340_3_0"/>
    <junction id=":342_4_0" type="internal" x="378.28" y="725.25" incLanes=":342_1_0 48979223_0" intLanes=":342_3_0"/>
    <junction id=":346_4_0" type="internal" x="371.13" y="734.61" incLanes=":346_3_0 142770555_0" intLanes=":346_1_0"/>
    <junction id=":358_6_0" type="internal" x="856.54" y="508.23" incLanes=":358_4_0 186713404_0" intLanes=":358_0_0 :358_1_0 :358_2_0 :358_3_0"/>
    <junction id=":358_7_0" type="internal" x="856.87" y="508.76" incLanes=":358_5_0 186713404_0" intLanes=":358_1_0 :358_3_0"/>
    <junction id=":363_4_0" type="internal" x="858.20" y="523.99" incLanes=":363_3_0 186713410_0" intLanes=":363_1_0"/>
    <junction id=":37_4_0" type="internal" x="798.96" y="436.35" incLanes=":37_3_0 5216855_0" intLanes=":37_1_0"/>
    <junction id=":371_4_0" type="internal" x="1824.81" y="1310.36" incLanes=":371_3_0 186649520_0" intLanes=":371_1_0"/>
    <junction id=":4_4_0" type="internal" x="1991.51" y="1324.31" incLanes=":4_1_0 30040907_0" intLanes=":4_2_0"/>
    <junction id=":4_5_0" type="internal" x="1988.50" y="1324.21" incLanes=":4_3_0 420216316_0" intLanes=":4_0_0"/>
    <junction id=":43_4_0" type="internal" x="1050.60" y="693.93" incLanes=":43_3_0 62091589_0" intLanes=":43_1_0"/>
    <junction id=":433_2_0" type="internal" x="398.66" y="742.34" incLanes=":433_0_0 486864293_0" intLanes=":433_1_0"/>
    <junction id=":435_2_0" type="internal" x="434.95" y="824.47" incLanes=":435_1_0 108724015_0" intLanes=":435_0_0"/>
    <junction id=":443_2_0" type="internal" x="370.74" y="211.64" incLanes=":443_0_0 121519704_0" intLanes=":443_1_0"/>
    <junction id=":447_3_0" type="internal" x="357.97" y="198.95" incLanes=":447_0_0 219735498_0" intLanes=":447_1_0 :447_2_0"/>
    <junction id=":451_4_0" type="internal" x="395.94" y="159.52" incLanes=":451_3_0 243415895_0" intLanes=":451_1_0"/>
    <junction id=":471_2_0" type="internal" x="333.88" y="689.02" incLanes=":471_0_0 142677525_0" intLanes=":471_1_0"/>
    <junction id=":478_6_0" type="internal" x="844.35" y="531.81" incLanes=":478_5_0 486870074_0" intLanes=":478_1_0 :478_3_0"/>
    <junction id=":479_4_0" type="internal" x="839.38" y="521.71" incLanes=":479_1_0 186714396_0" intLanes=":479_3_0"/>
    <junction id=":503_3_0" type="internal" x="439.50" y="855.45" incLanes=":503_2_0 330587450_0" intLanes=":503_0_0 :503_1_0"/>
    <junction id=":519_3_0" type="internal" x="1959.92" y="1310.83" incLanes=":519_2_0 142928779_0" intLanes=":519_0_0 :519_1_0"/>
    <junction id=":525_4_0" type="internal" x="843.40" y="516.57" incLanes=":525_3_0 186713403_0" intLanes=":525_1_0"/>
    <junction id=":567_4_0" type="internal" x="351.59" y="746.03" incLanes=":567_3_0 486864292_0" intLanes=":567_1_0"/>
    <junction id=":593_4_0" type="internal" x="1884.75" y="1247.34" incLanes=":593_1_0 186649519_0" intLanes=":593_3_0"/>
    <junction id=":60_4_0" type="internal" x="1898.90" y="1246.31" incLanes=":60_3_0 51201765_0" intLanes=":60_1_0"/>
    <junction id=":61_4_0" type="internal" x="1892.69" y="1253.76" incLanes=":61_3_0 189764300_0" intLanes=":61_1_0"/>
    <junction id=":62_4_0" type="internal" x="1797.11" y="1316.24" incLanes=":62_3_0 363104439_0" intLanes=":62_1_0"/>
    <junction id=":63_4_0" type="internal" x="1794.78" y="1275.45" incLanes=":63_3_0 186624430_0" intLanes=":63_1_0"/>
    <junction id=":647_2_0" type="internal" x="880.95" y="699.12" incLanes=":647_0_0 199752604_0" intLanes=":647_1_0"/>
    <junction id=":65_2_0" type="internal" x="1769.22" y="1304.03" incLanes=":65_0_0 30661804_0" intLanes=":65_1_0"/>
    <junction id=":655_2_0" type="internal" x="463.18" y="710.99" incLanes=":655_1_0 186713423_0" intLanes=":655_0_0"/>
    <junction id=":74_4_0" type="internal" x="1891.63" y="1240.69" incLanes=":74_3_0 51201763_0" intLanes=":74_1_0"/>
    <junction id=":85_4_0" type="internal" x="456.82" y="108.80" incLanes=":85_1_0 19729394_0" intLanes=":85_2_0"/>
    <junction id=":85_5_0" type="internal" x="452.26" y="107.56" incLanes=":85_3_0 487385465_0" intLanes=":85_0_0"/>
    <junction id=":89_3_0" type="internal" x="1518.86" y="2750.19" incLanes=":89_2_0 25738392_0" intLanes=":89_0_0 :89_1_0"/>

    <connection from="106949581" to="142770573" fromLane="0" toLane="0" via=":433_0_0" dir="l" state="m"/>
    <connection from="108722992" to="142770557" fromLane="0" toLane="0" via=":435_1_0" dir="l" state="m"/>
    <connection from="108724012" to="11136804" fromLane="0" toLane="0" via=":44_0_0" dir="s" state="M"/>
    <connection from="108724013" to="283487673" fromLane="0" toLane="0" via=":439_0_0" dir="r" state="M"/>
    <connection from="108724015" to="142770557" fromLane="0" toLane="0" via=":435_0_0" dir="s" state="M"/>
    <connection from="11136804" to="11136806" fromLane="0" toLane="0" via=":45_0_0" dir="s" state="M"/>
    <connection from="11136806" to="217688657" fromLane="0" toLane="0" via=":47_0_0" dir="r" state="M"/>
    <connection from="11136806" to="142770563" fromLane="0" toLane="0" via=":47_1_0" dir="s" state="M"/>
    <connection from="11136806" to="217609175" fromLane="0" toLane="0" via=":47_2_0" dir="l" state="M"/>
    <connection from="11136827" to="380884246" fromLane="0" toLane="0" via=":49_0_0" dir="s" state="M"/>
    <connection from="11136841" to="23948475" fromLane="0" toLane="0" via=":53_0_0" dir="s" state="M"/>
    <connection from="11136843" to="11136841" fromLane="0" toLane="0" via=":52_0_0" dir="s" state="M"/>
    <connection from="11136856" to="30661804" fromLane="0" toLane="0" via=":57_1_0" dir="s" state="m"/>
    <connection from="121519704" to="166060659" fromLane="0" toLane="0" via=":443_1_0" dir="r" state="M"/>
    <connection from="125742554" to="39343150" fromLane="0" toLane="0" via=":276_0_0" dir="s" state="M"/>
    <connection from="125742556" to="132894498" fromLane="0" toLane="0" via=":447_0_0" dir="l" state="m"/>
    <connection from="132894498" to="132894499" fromLane="0" toLane="0" via=":277_1_0" dir="s" state="m"/>
    <connection from="132894499" to="142677528" fromLane="0" toLane="0" via=":451_2_0" dir="s" state="m"/>
    <connection from="132894499" to="165298185" fromLane="0" toLane="0" via=":451_3_0" dir="l" state="m"/>
    <connection from="135763713" to="24433342" fromLane="0" toLane="0" via=":3_2_0" dir="s" state="m"/>
    <connection from="135763713" to="135763710" fromLane="0" toLane="0" via=":3_3_0" dir="l" state="m"/>
    <connection from="136106807" to="292276096" fromLane="0" toLane="0" via=":319_1_0" dir="s" state="m"/>
    <connection from="136700005" to="291737406" fromLane="0" toLane="0" via=":461_0_0" dir="r" state="M"/>
    <connection from="141050972" to="381750336" fromLane="0" toLane="0" via=":186_3_0" dir="s" state="m"/>
    <connection from="141050972" to="26975623" fromLane="0" toLane="0" via=":186_4_0" dir="L" state="m"/>
    <connection from="141050972" to="73474895" fromLane="0" toLane="0" via=":186_5_0" dir="l" state="m"/>
    <connection from="141050975" to="141050980" fromLane="0" toLane="0" via=":465_0_0" dir="s" state="M"/>
    <connection from="141050980" to="381750336" fromLane="0" toLane="0" via=":186_0_0" dir="r" state="M"/>
    <connection from="141050980" to="26975623" fromLane="0" toLane="0" via=":186_1_0" dir="s" state="M"/>
    <connection from="141050980" to="73474895" fromLane="0" toLane="0" via=":186_2_0" dir="s" state="M"/>
    <connection from="142677522" to="178710557" fromLane="0" toLane="0" via=":147_1_0" dir="s" state="M"/>
    <connection from="142677525" to="142770553" fromLane="0" toLane="0" via=":471_1_0" dir="s" state="M"/>
    <connection from="142677527" to="214920908" fromLane="0" toLane="0" via=":473_0_0" dir="s" state="M"/>
    <connection from="142677528" to="36795286" fromLane="0" toLane="0" via=":234_1_0" dir="r" state="M"/>
    <connection from="142678628" to="186713402" fromLane="0" toLane="0" via=":479_0_0" dir="s" state="m"/>
    <connection from="142678628" to="142944330" fromLane="0" toLane="0" via=":479_1_0" dir="l" state="m"/>
    <connection from="142692911" to="82932009" fromLane="0" toLane="0" via=":422_0_0" dir="s" state="M"/>
    <connection from="142692918" to="199752605" fromLane="0" toLane="0" via=":485_0_0" dir="s" state="M"/>
    <connection from="142770547" to="142692918" fromLane="0" toLane="0" via=":484_0_0" dir="s" state="M"/>
    <connection from="142770548" to="142770551" fromLane="0" toLane="0" via=":489_0_0" dir="s" state="M"/>
    <connection from="142770549" to="142770554" fromLane="0" toLane="0" via=":340_2_0" dir="r" state="M"/>
    <connection from="142770549" to="48979207" fromLane="0" toLane="0" via=":340_3_0" dir="s" state="M"/>
    <connection from="142770551" to="186713425" fromLane="0" toLane="0" via=":493_0_0" dir="s" state="M"/>
    <connection from="142770553" to="486864294" fromLane="0" toLane="0" via=":341_0_0" dir="s" state="M"/>
    <connection from="142770554" to="199230912" fromLane="0" toLane="0" via=":497_1_0" dir="s" state="m"/>
    <connection from="142770555" to="48979223" fromLane="0" toLane="0" via=":346_0_0" dir="r" state="M"/>
    <connection from="142770555" to="48979219" fromLane="0" toLane="0" via=":346_1_0" dir="s" state="M"/>
    <connection from="142770556" to="199230912" fromLane="0" toLane="0" via=":497_0_0" dir="s" state="M"/>
    <connection from="142770557" to="381750340" fromLane="0" toLane="0" via=":503_1_0" dir="r" state="m"/>
    <connection from="142770559" to="142677533" fromLane="0" toLane="0" via=":476_0_0" dir="r" state="M"/>
    <connection from="142770559" to="363112763" fromLane="0" toLane="0" via=":476_1_0" dir="s" state="M"/>
    <connection from="142770561" to="381750340" fromLane="0" toLane="0" via=":503_2_0" dir="l" state="m"/>
    <connection from="142770562" to="24483192" fromLane="0" toLane="0" via=":156_2_0" dir="r" state="M"/>
    <connection from="142770562" to="108722992" fromLane="0" toLane="0" via=":156_3_0" dir="s" state="M"/>
    <connection from="142770573" to="363112762" fromLane="0" toLane="0" via=":515_0_0" dir="s" state="M"/>
    <connection from="142928778" to="142928779" fromLane="0" toLane="0" via=":517_0_0" dir="s" state="M"/>
    <connection from="142928779" to="186624441" fromLane="0" toLane="0" via=":519_0_0" dir="s" state="M"/>
    <connection from="142944330" to="186713417" fromLane="0" toLane="0" via=":525_2_0" dir="s" state="m"/>
    <connection from="142944330" to="186713405" fromLane="0" toLane="0" via=":525_3_0" dir="l" state="m"/>
    <connection from="142944399" to="486864290" fromLane="0" toLane="0" via=":527_0_0" dir="s" state="M"/>
    <connection from="142944399" to="186713420" fromLane="0" toLane="0" via=":527_1_0" dir="s" state="M"/>
    <connection from="142944527" to="368989705" fromLane="0" toLane="0" via=":529_1_0" dir="s" state="m"/>
    <connection from="15090398" to="186649518" fromLane="0" toLane="0" via=":61_2_0" dir="s" state="m"/>
    <connection from="15090398" to="186624439" fromLane="0" toLane="0" via=":61_3_0" dir="l" state="m"/>
    <connection from="15090399" to="51201766" fromLane="0" toLane="0" via=":63_2_0" dir="s" state="m"/>
    <connection from="15090399" to="51201764" fromLane="0" toLane="0" via=":63_3_0" dir="l" state="m"/>
    <connection from="15090412" to="24595673" fromLane="0" toLane="0" via=":65_0_0" dir="l" state="m"/>
    <connection from="15090420" to="24595627" fromLane="0" toLane="0" via=":67_0_0" dir="r" state="M"/>
    <connection from="15090427" to="410621281" fromLane="0" toLane="0" via=":69_0_0" dir="s" state="M"/>
    <connection from="15090427" to="344502102" fromLane="0" toLane="0" via=":69_1_0" dir="l" state="M"/>
    <connection from="15090571" to="28262107" fromLane="0" toLane="0" via=":33_1_0" dir="s" state="m"/>
    <connection from="15665061" to="186624445" fromLane="0" toLane="0" via=":75_0_0" dir="s" state="M"/>
    <connection from="15665061" to="51201765" fromLane="0" toLane="0" via=":75_1_0" dir="t" state="M"/>
    <connection from="157044150" to="157044151" fromLane="0" toLane="0" via=":531_0_0" dir="s" state="M"/>
    <connection from="157044151" to="157044152" fromLane="0" toLane="0" via=":533_0_0" dir="s" state="M"/>
    <connection from="157044152" to="15090570" fromLane="0" toLane="0" via=":70_0_0" dir="s" state="M"/>
    <connection from="157044152" to="23739997" fromLane="0" toLane="0" via=":70_1_0" dir="l" state="M"/>
    <connection from="158491026" to="186713411" fromLane="0" toLane="0" via=":537_0_0" dir="s" state="M"/>
    <connection from="158491027" to="158491026" fromLane="0" toLane="0" via=":105_1_0" dir="r" state="M"/>
    <connection from="158491031" to="283487670" fromLane="0" toLane="0" via=":541_0_0" dir="s" state="m"/>
    <connection from="161896250" to="392657904" fromLane="0" toLane="0" via=":545_0_0" dir="s" state="M"/>
    <connection from="164247492" to="164247494" fromLane="0" toLane="0" via=":547_0_0" dir="s" state="M"/>
    <connection from="164247494" to="309630679" fromLane="0" toLane="0" via=":549_0_0" dir="s" state="M"/>
    <connection from="165298185" to="166060659" fromLane="0" toLane="0" via=":443_0_0" dir="l" state="m"/>
    <connection from="165298187" to="14432948" fromLane="0" toLane="0" via=":58_0_0" dir="s" state="M"/>
    <connection from="166060659" to="125742556" fromLane="0" toLane="0" via=":446_0_0" dir="s" state="M"/>
    <connection from="169194882" to="22468207" fromLane="0" toLane="0" via=":86_0_0" dir="s" state="M"/>
    <connection from="169959217" to="370478549" fromLane="0" toLane="0" via=":563_0_0" dir="s" state="M"/>
    <connection from="178710557" to="24288829" fromLane="0" toLane="0" via=":140_0_0" dir="s" state="M"/>
    <connection from="178715132" to="363112756" fromLane="0" toLane="0" via=":567_2_0" dir="s" state="m"/>
    <connection from="178715132" to="199799716" fromLane="0" toLane="0" via=":567_3_0" dir="l" state="m"/>
    <connection from="186279947" to="48979208" fromLane="0" toLane="0" via=":342_0_0" dir="s" state="m"/>
    <connection from="186279947" to="48979209" fromLane="0" toLane="0" via=":342_1_0" dir="l" state="m"/>
    <connection from="186279949" to="186713429" fromLane="0" toLane="0" via=":421_0_0" dir="r" state="M"/>
    <connection from="186282281" to="40016270" fromLane="0" toLane="0" via=":282_1_0" dir="s" state="m"/>
    <connection from="186624430" to="51201766" fromLane="0" toLane="0" via=":63_0_0" dir="r" state="M"/>
    <connection from="186624430" to="51201764" fromLane="0" toLane="0" via=":63_1_0" dir="s" state="M"/>
    <connection from="186624431" to="186624435" fromLane="0" toLane="0" via=":101_1_0" dir="s" state="m"/>
    <connection from="186624432" to="186624430" fromLane="0" toLane="0" via=":574_0_0" dir="s" state="M"/>
    <connection from="186624433" to="186624431" fromLane="0" toLane="0" via=":576_0_0" dir="s" state="M"/>
    <connection from="186624433" to="186624432" fromLane="0" toLane="0" via=":576_1_0" dir="s" state="M"/>
    <connection from="186624434" to="186649515" fromLane="0" toLane="0" via=":379_0_0" dir="s" state="M"/>
    <connection from="186624435" to="186624437" fromLane="0" toLane="0" via=":375_0_0" dir="s" state="M"/>
    <connection from="186624436" to="186624433" fromLane="0" toLane="0" via=":201_0_0" dir="t" state="m"/>
    <connection from="186624437" to="23948477" fromLane="0" toLane="0" via=":122_0_0" dir="s" state="M"/>
    <connection from="186624437" to="186649519" fromLane="0" toLane="0" via=":122_1_0" dir="s" state="M"/>
    <connection from="186624438" to="186649521" fromLane="0" toLane="0" via=":368_0_0" dir="s" state="M"/>
    <connection from="186624438" to="51201763" fromLane="0" toLane="0" via=":368_1_0" dir="l" state="M"/>
    <connection from="186624439" to="186624440" fromLane="0" toLane="0" via=":593_0_0" dir="s" state="m"/>
    <connection from="186624439" to="186649517" fromLane="0" toLane="0" via=":593_1_0" dir="l" state="m"/>
    <connection from="186624440" to="186624438" fromLane="0" toLane="0" via=":123_1_0" dir="s" state="m"/>
    <connection from="186624441" to="189764300" fromLane="0" toLane="0" via=":597_0_0" dir="s" state="M"/>
    <connection from="186624442" to="186624441" fromLane="0" toLane="0" via=":519_1_0" dir="s" state="m"/>
    <connection from="186624443" to="186624441" fromLane="0" toLane="0" via=":519_2_0" dir="l" state="m"/>
    <connection from="186649515" to="24232614" fromLane="0" toLane="0" via=":138_0_0" dir="s" state="M"/>
    <connection from="186649517" to="15665061" fromLane="0" toLane="0" via=":74_2_0" dir="s" state="m"/>
    <connection from="186649517" to="51201767" fromLane="0" toLane="0" via=":74_3_0" dir="l" state="m"/>
    <connection from="186649518" to="27461598" fromLane="0" toLane="0" via=":198_0_0" dir="s" state="M"/>
    <connection from="186649519" to="186624440" fromLane="0" toLane="0" via=":593_2_0" dir="r" state="M"/>
    <connection from="186649519" to="186649517" fromLane="0" toLane="0" via=":593_3_0" dir="s" state="M"/>
    <connection from="186649520" to="51201768" fromLane="0" toLane="0" via=":371_0_0" dir="r" state="M"/>
    <connection from="186649520" to="82932016" fromLane="0" toLane="0" via=":371_1_0" dir="s" state="M"/>
    <connection from="186649521" to="186649522" fromLane="0" toLane="0" via=":615_0_0" dir="s" state="M"/>
    <connection from="186713401" to="48120041" fromLane="0" toLane="0" via=":280_0_0" dir="s" state="M"/>
    <connection from="186713401" to="40016242" fromLane="0" toLane="0" via=":280_1_0" dir="l" state="M"/>
    <connection from="186713402" to="350033476" fromLane="0" toLane="0" via=":621_0_0" dir="s" state="m"/>
    <connection from="186713403" to="186713417" fromLane="0" toLane="0" via=":525_0_0" dir="r" state="M"/>
    <connection from="186713403" to="186713405" fromLane="0" toLane="0" via=":525_1_0" dir="s" state="M"/>
    <connection from="186713404" to="51200768" fromLane="0" toLane="0" via=":358_0_0" dir="r" state="M"/>
    <connection from="186713404" to="51200769" fromLane="0" toLane="0" via=":358_1_0" dir="s" state="M"/>
    <connection from="186713405" to="142944399" fromLane="0" toLane="0" via=":478_4_0" dir="s" state="m"/>
    <connection from="186713405" to="142678628" fromLane="0" toLane="0" via=":478_5_0" dir="l" state="m"/>
    <connection from="186713406" to="186713409" fromLane="0" toLane="0" via=":629_0_0" dir="s" state="M"/>
    <connection from="186713406" to="186713410" fromLane="0" toLane="0" via=":629_1_0" dir="s" state="M"/>
    <connection from="186713407" to="51200768" fromLane="0" toLane="0" via=":358_4_0" dir="L" state="m"/>
    <connection from="186713407" to="51200769" fromLane="0" toLane="0" via=":358_5_0" dir="l" state="m"/>
    <connection from="186713409" to="486870074" fromLane="0" toLane="0" via=":633_0_0" dir="s" state="m"/>
    <connection from="186713410" to="186713415" fromLane="0" toLane="0" via=":363_0_0" dir="r" state="M"/>
    <connection from="186713410" to="186713407" fromLane="0" toLane="0" via=":363_1_0" dir="s" state="M"/>
    <connection from="186713411" to="480873120" fromLane="0" toLane="0" via=":628_0_0" dir="s" state="M"/>
    <connection from="186713411" to="186713406" fromLane="0" toLane="0" via=":628_1_0" dir="s" state="M"/>
    <connection from="186713412" to="40016270" fromLane="0" toLane="0" via=":282_0_0" dir="s" state="M"/>
    <connection from="186713415" to="142944399" fromLane="0" toLane="0" via=":478_2_0" dir="s" state="m"/>
    <connection from="186713415" to="142678628" fromLane="0" toLane="0" via=":478_3_0" dir="l" state="m"/>
    <connection from="186713417" to="51200768" fromLane="0" toLane="0" via=":358_2_0" dir="s" state="m"/>
    <connection from="186713417" to="51200769" fromLane="0" toLane="0" via=":358_3_0" dir="l" state="m"/>
    <connection from="186713418" to="23774652" fromLane="0" toLane="0" via=":104_2_0" dir="r" state="M"/>
    <connection from="186713418" to="186282281" fromLane="0" toLane="0" via=":104_3_0" dir="s" state="M"/>
    <connection from="186713419" to="199239119" fromLane="0" toLane="0" via=":647_0_0" dir="l" state="m"/>
    <connection from="186713420" to="186713427" fromLane="0" toLane="0" via=":649_0_0" dir="s" state="M"/>
    <connection from="186713420" to="186713428" fromLane="0" toLane="0" via=":649_1_0" dir="t" state="M"/>
    <connection from="186713421" to="79014037" fromLane="0" toLane="0" via=":338_0_0" dir="r" state="M"/>
    <connection from="186713421" to="48979206" fromLane="0" toLane="0" via=":338_1_0" dir="s" state="M"/>
    <connection from="186713422" to="186713421" fromLane="0" toLane="0" via=":568_0_0" dir="s" state="M"/>
    <connection from="186713422" to="186279947" fromLane="0" toLane="0" via=":568_1_0" dir="l" state="M"/>
    <connection from="186713423" to="186713426" fromLane="0" toLane="0" via=":655_0_0" dir="s" state="M"/>
    <connection from="186713425" to="186713423" fromLane="0" toLane="0" via=":654_0_0" dir="s" state="M"/>
    <connection from="186713426" to="186279949" fromLane="0" toLane="0" via=":570_0_0" dir="s" state="M"/>
    <connection from="186713426" to="186713422" fromLane="0" toLane="0" via=":570_1_0" dir="s" state="M"/>
    <connection from="186713427" to="142770548" fromLane="0" toLane="0" via=":488_0_0" dir="s" state="M"/>
    <connection from="186713428" to="186714396" fromLane="0" toLane="0" via=":663_0_0" dir="s" state="M"/>
    <connection from="186713429" to="141050975" fromLane="0" toLane="0" via=":464_0_0" dir="s" state="M"/>
    <connection from="186714394" to="186714395" fromLane="0" toLane="0" via=":667_0_0" dir="s" state="M"/>
    <connection from="186714395" to="350033484" fromLane="0" toLane="0" via=":622_0_0" dir="s" state="M"/>
    <connection from="186714395" to="186713404" fromLane="0" toLane="0" via=":622_1_0" dir="s" state="M"/>
    <connection from="186714395" to="186713403" fromLane="0" toLane="0" via=":622_2_0" dir="s" state="M"/>
    <connection from="186714396" to="186713402" fromLane="0" toLane="0" via=":479_2_0" dir="r" state="M"/>
    <connection from="186714396" to="142944330" fromLane="0" toLane="0" via=":479_3_0" dir="s" state="M"/>
    <connection from="189764300" to="186649518" fromLane="0" toLane="0" via=":61_0_0" dir="r" state="M"/>
    <connection from="189764300" to="186624439" fromLane="0" toLane="0" via=":61_1_0" dir="s" state="M"/>
    <connection from="189764301" to="24410094" fromLane="0" toLane="0" via=":152_0_0" dir="r" state="M"/>
    <connection from="189764301" to="62091589" fromLane="0" toLane="0" via=":152_1_0" dir="s" state="M"/>
    <connection from="189764301" to="61578529" fromLane="0" toLane="0" via=":152_2_0" dir="l" state="M"/>
    <connection from="189775477" to="186714394" fromLane="0" toLane="0" via=":37_2_0" dir="s" state="m"/>
    <connection from="189775477" to="480873119" fromLane="0" toLane="0" via=":37_3_0" dir="l" state="m"/>
    <connection from="190290772" to="24288829" fromLane="0" toLane="0" via=":140_1_0" dir="s" state="m"/>
    <connection from="19410366" to="40351640" fromLane="0" toLane="0" via=":34_0_0" dir="r" state="M"/>
    <connection from="19410366" to="5056539" fromLane="0" toLane="0" via=":34_1_0" dir="s" state="M"/>
    <connection from="19729394" to="24407070" fromLane="0" toLane="0" via=":85_2_0" dir="r" state="M"/>
    <connection from="19729394" to="43860438" fromLane="0" toLane="0" via=":85_3_0" dir="l" state="m"/>
    <connection from="199230909" to="142770556" fromLane="0" toLane="0" via=":337_2_0" dir="r" state="M"/>
    <connection from="199230909" to="142770549" fromLane="0" toLane="0" via=":337_3_0" dir="s" state="M"/>
    <connection from="199230912" to="142770553" fromLane="0" toLane="0" via=":471_0_0" dir="l" state="m"/>
    <connection from="199239119" to="41676176" fromLane="0" toLane="0" via=":306_0_0" dir="s" state="M"/>
    <connection from="199239119" to="186713418" fromLane="0" toLane="0" via=":306_1_0" dir="s" state="M"/>
    <connection from="199239120" to="199753406" fromLane="0" toLane="0" via=":691_0_0" dir="s" state="M"/>
    <connection from="199239121" to="381750335" fromLane="0" toLane="0" via=":693_0_0" dir="s" state="M"/>
    <connection from="199500674" to="381749912" fromLane="0" toLane="0" via=":695_0_0" dir="s" state="M"/>
    <connection from="199500675" to="199500674" fromLane="0" toLane="0" via=":694_0_0" dir="s" state="M"/>
    <connection from="199500675" to="199780796" fromLane="0" toLane="0" via=":694_1_0" dir="s" state="M"/>
    <connection from="199500678" to="34386694" fromLane="0" toLane="0" via=":230_1_0" dir="r" state="M"/>
    <connection from="199752604" to="199239119" fromLane="0" toLane="0" via=":647_1_0" dir="s" state="M"/>
    <connection from="199752605" to="199752604" fromLane="0" toLane="0" via=":702_0_0" dir="s" state="M"/>
    <connection from="199753406" to="142770547" fromLane="0" toLane="0" via=":486_0_0" dir="s" state="M"/>
    <connection from="199780796" to="73474902" fromLane="0" toLane="0" via=":181_2_0" dir="r" state="M"/>
    <connection from="199780796" to="141050972" fromLane="0" toLane="0" via=":181_3_0" dir="s" state="M"/>
    <connection from="199799715" to="25866659" fromLane="0" toLane="0" via=":182_0_0" dir="s" state="M"/>
    <connection from="199799716" to="48979205" fromLane="0" toLane="0" via=":161_0_0" dir="s" state="m"/>
    <connection from="199799716" to="142770555" fromLane="0" toLane="0" via=":161_1_0" dir="l" state="m"/>
    <connection from="210393401" to="210393402" fromLane="0" toLane="0" via=":715_0_0" dir="r" state="M"/>
    <connection from="214920908" to="36795286" fromLane="0" toLane="0" via=":234_0_0" dir="l" state="m"/>
    <connection from="217609175" to="121519704" fromLane="0" toLane="0" via=":442_0_0" dir="s" state="M"/>
    <connection from="217688658" to="37062514" fromLane="0" toLane="0" via=":246_0_0" dir="s" state="M"/>
    <connection from="219735496" to="225908922" fromLane="0" toLane="0" via=":733_0_0" dir="s" state="M"/>
    <connection from="219735498" to="132894498" fromLane="0" toLane="0" via=":447_1_0" dir="r" state="M"/>
    <connection from="224116549" to="480007677" fromLane="0" toLane="0" via=":243_0_0" dir="l" state="m"/>
    <connection from="22468207" to="22468208" fromLane="0" toLane="0" via=":87_0_0" dir="s" state="M"/>
    <connection from="22468208" to="35416014" fromLane="0" toLane="0" via=":89_1_0" dir="s" state="m"/>
    <connection from="23474311" to="283487678" fromLane="0" toLane="0" via=":91_0_0" dir="r" state="M"/>
    <connection from="23474311" to="37211584" fromLane="0" toLane="0" via=":91_1_0" dir="s" state="M"/>
    <connection from="23577411" to="362973377" fromLane="0" toLane="0" via=":93_0_0" dir="s" state="M"/>
    <connection from="23739695" to="23739844" fromLane="0" toLane="0" via=":95_0_0" dir="s" state="M"/>
    <connection from="23739844" to="23963379" fromLane="0" toLane="0" via=":97_0_0" dir="s" state="M"/>
    <connection from="23739865" to="186624435" fromLane="0" toLane="0" via=":101_0_0" dir="r" state="M"/>
    <connection from="23739997" to="363104436" fromLane="0" toLane="0" via=":103_0_0" dir="l" state="M"/>
    <connection from="23774652" to="158491026" fromLane="0" toLane="0" via=":105_0_0" dir="s" state="m"/>
    <connection from="23854402" to="11136843" fromLane="0" toLane="0" via=":54_0_0" dir="s" state="M"/>
    <connection from="23854408" to="24232612" fromLane="0" toLane="0" via=":109_0_0" dir="s" state="M"/>
    <connection from="23854408" to="48410268" fromLane="0" toLane="0" via=":109_1_0" dir="s" state="M"/>
    <connection from="23854412" to="136106807" fromLane="0" toLane="0" via=":111_0_0" dir="s" state="M"/>
    <connection from="23866766" to="186713419" fromLane="0" toLane="0" via=":113_0_0" dir="s" state="M"/>
    <connection from="23866766" to="24505980" fromLane="0" toLane="0" via=":113_1_0" dir="s" state="M"/>
    <connection from="23872457" to="210393401" fromLane="0" toLane="0" via=":115_0_0" dir="s" state="M"/>
    <connection from="238754831" to="132894498" fromLane="0" toLane="0" via=":447_2_0" dir="s" state="m"/>
    <connection from="23947828" to="186713419" fromLane="0" toLane="0" via=":113_2_0" dir="L" state="m"/>
    <connection from="23947828" to="24505980" fromLane="0" toLane="0" via=":113_3_0" dir="l" state="m"/>
    <connection from="23947919" to="486870075" fromLane="0" toLane="0" via=":119_2_0" dir="r" state="m"/>
    <connection from="23947919" to="186713412" fromLane="0" toLane="0" via=":119_3_0" dir="s" state="m"/>
    <connection from="23948475" to="363104439" fromLane="0" toLane="0" via=":121_0_0" dir="s" state="M"/>
    <connection from="23948477" to="186624438" fromLane="0" toLane="0" via=":123_0_0" dir="s" state="M"/>
    <connection from="23950597" to="23950598" fromLane="0" toLane="0" via=":125_0_0" dir="s" state="M"/>
    <connection from="23950598" to="53599425" fromLane="0" toLane="0" via=":127_0_0" dir="s" state="M"/>
    <connection from="24232612" to="142928778" fromLane="0" toLane="0" via=":1_0_0" dir="r" state="M"/>
    <connection from="24232612" to="30504565" fromLane="0" toLane="0" via=":1_1_0" dir="s" state="M"/>
    <connection from="24232613" to="23854412" fromLane="0" toLane="0" via=":106_0_0" dir="s" state="M"/>
    <connection from="24232613" to="23854402" fromLane="0" toLane="0" via=":106_1_0" dir="l" state="M"/>
    <connection from="24232614" to="23854408" fromLane="0" toLane="0" via=":108_0_0" dir="s" state="M"/>
    <connection from="24288829" to="238754831" fromLane="0" toLane="0" via=":141_0_0" dir="s" state="M"/>
    <connection from="243415892" to="243415895" fromLane="0" toLane="0" via=":745_0_0" dir="s" state="M"/>
    <connection from="243415895" to="142677528" fromLane="0" toLane="0" via=":451_0_0" dir="r" state="M"/>
    <connection from="243415895" to="165298185" fromLane="0" toLane="0" via=":451_1_0" dir="s" state="M"/>
    <connection from="24407070" to="189775477" fromLane="0" toLane="0" via=":145_0_0" dir="s" state="M"/>
    <connection from="24407072" to="178710557" fromLane="0" toLane="0" via=":147_0_0" dir="l" state="m"/>
    <connection from="24408149" to="24408152" fromLane="0" toLane="0" via=":149_0_0" dir="s" state="M"/>
    <connection from="24408152" to="486870076" fromLane="0" toLane="0" via=":151_2_0" dir="s" state="m"/>
    <connection from="24408152" to="486870077" fromLane="0" toLane="0" via=":151_3_0" dir="l" state="m"/>
    <connection from="24433342" to="30661804" fromLane="0" toLane="0" via=":57_0_0" dir="r" state="M"/>
    <connection from="24483192" to="37413814" fromLane="0" toLane="0" via=":157_0_0" dir="s" state="M"/>
    <connection from="24483192" to="43866090" fromLane="0" toLane="0" via=":157_1_0" dir="s" state="M"/>
    <connection from="24483197" to="199500677" fromLane="0" toLane="0" via=":159_0_0" dir="s" state="M"/>
    <connection from="24483197" to="199500675" fromLane="0" toLane="0" via=":159_1_0" dir="l" state="M"/>
    <connection from="24483344" to="48979205" fromLane="0" toLane="0" via=":161_2_0" dir="r" state="M"/>
    <connection from="24483344" to="142770555" fromLane="0" toLane="0" via=":161_3_0" dir="s" state="M"/>
    <connection from="24505980" to="23774652" fromLane="0" toLane="0" via=":104_0_0" dir="s" state="m"/>
    <connection from="24505980" to="186282281" fromLane="0" toLane="0" via=":104_1_0" dir="l" state="m"/>
    <connection from="24505985" to="410338942" fromLane="0" toLane="0" via=":165_1_0" dir="s" state="m"/>
    <connection from="24595614" to="35416014" fromLane="0" toLane="0" via=":89_2_0" dir="l" state="m"/>
    <connection from="24595622" to="142928795" fromLane="0" toLane="0" via=":169_1_0" dir="s" state="m"/>
    <connection from="24595627" to="53599428" fromLane="0" toLane="0" via=":171_0_0" dir="s" state="M"/>
    <connection from="24595673" to="23950597" fromLane="0" toLane="0" via=":124_0_0" dir="s" state="M"/>
    <connection from="24852489" to="24852490" fromLane="0" toLane="0" via=":175_0_0" dir="s" state="M"/>
    <connection from="24852490" to="108724015" fromLane="0" toLane="0" via=":177_0_0" dir="s" state="M"/>
    <connection from="25738392" to="35416014" fromLane="0" toLane="0" via=":89_0_0" dir="r" state="M"/>
    <connection from="25866655" to="73474902" fromLane="0" toLane="0" via=":181_0_0" dir="s" state="m"/>
    <connection from="25866655" to="141050972" fromLane="0" toLane="0" via=":181_1_0" dir="l" state="m"/>
    <connection from="25866659" to="27064186" fromLane="0" toLane="0" via=":158_0_0" dir="r" state="M"/>
    <connection from="25866659" to="24483197" fromLane="0" toLane="0" via=":158_1_0" dir="R" state="M"/>
    <connection from="25866659" to="25866655" fromLane="0" toLane="0" via=":158_2_0" dir="s" state="M"/>
    <connection from="26626731" to="199799715" fromLane="0" toLane="0" via=":185_0_0" dir="s" state="M"/>
    <connection from="26975623" to="199500678" fromLane="0" toLane="0" via=":184_0_0" dir="s" state="M"/>
    <connection from="26975623" to="26626731" fromLane="0" toLane="0" via=":184_1_0" dir="l" state="M"/>
    <connection from="27064186" to="73474894" fromLane="0" toLane="0" via=":189_0_0" dir="s" state="M"/>
    <connection from="27128185" to="53599425" fromLane="0" toLane="0" via=":127_1_0" dir="l" state="m"/>
    <connection from="27461598" to="186624434" fromLane="0" toLane="0" via=":199_0_0" dir="s" state="M"/>
    <connection from="27461598" to="186649520" fromLane="0" toLane="0" via=":199_1_0" dir="s" state="M"/>
    <connection from="28262107" to="186624433" fromLane="0" toLane="0" via=":201_1_0" dir="s" state="M"/>
    <connection from="283487670" to="24852489" fromLane="0" toLane="0" via=":174_0_0" dir="s" state="M"/>
    <connection from="283487673" to="283487668" fromLane="0" toLane="0" via=":752_0_0" dir="s" state="M"/>
    <connection from="283487675" to="283487666" fromLane="0" toLane="0" via=":750_0_0" dir="s" state="M"/>
    <connection from="283487677" to="283487670" fromLane="0" toLane="0" via=":541_1_0" dir="r" state="M"/>
    <connection from="283487678" to="283487681" fromLane="0" toLane="0" via=":763_0_0" dir="s" state="M"/>
    <connection from="284139902" to="27064186" fromLane="0" toLane="0" via=":158_3_0" dir="r" state="m"/>
    <connection from="284139902" to="24483197" fromLane="0" toLane="0" via=":158_4_0" dir="s" state="m"/>
    <connection from="284139902" to="25866655" fromLane="0" toLane="0" via=":158_5_0" dir="l" state="m"/>
    <connection from="291737406" to="34386694" fromLane="0" toLane="0" via=":230_2_0" dir="s" state="m"/>
    <connection from="292276096" to="11136827" fromLane="0" toLane="0" via=":48_0_0" dir="s" state="M"/>
    <connection from="30040906" to="30040907" fromLane="0" toLane="0" via=":203_0_0" dir="s" state="M"/>
    <connection from="30040906" to="186624443" fromLane="0" toLane="0" via=":203_1_0" dir="s" state="M"/>
    <connection from="30040907" to="3757059" fromLane="0" toLane="0" via=":4_2_0" dir="r" state="M"/>
    <connection from="30040907" to="186624442" fromLane="0" toLane="0" via=":4_3_0" dir="l" state="m"/>
    <connection from="30504565" to="53163139" fromLane="0" toLane="0" via=":207_2_0" dir="l" state="m"/>
    <connection from="30661804" to="24595673" fromLane="0" toLane="0" via=":65_1_0" dir="s" state="M"/>
    <connection from="30799062" to="11136843" fromLane="0" toLane="0" via=":54_1_0" dir="s" state="m"/>
    <connection from="316353728" to="363130342" fromLane="0" toLane="0" via=":354_0_0" dir="r" state="M"/>
    <connection from="316353728" to="50241077" fromLane="0" toLane="0" via=":354_1_0" dir="s" state="M"/>
    <connection from="329928472" to="243415894" fromLane="0" toLane="0" via=":746_0_0" dir="s" state="M"/>
    <connection from="330587450" to="381750340" fromLane="0" toLane="0" via=":503_0_0" dir="r" state="M"/>
    <connection from="33276054" to="53599428" fromLane="0" toLane="0" via=":171_1_0" dir="l" state="m"/>
    <connection from="33276090" to="40020050" fromLane="0" toLane="0" via=":217_0_0" dir="s" state="M"/>
    <connection from="33276173" to="161896248" fromLane="0" toLane="0" via=":221_0_0" dir="s" state="M"/>
    <connection from="33276174" to="392657903" fromLane="0" toLane="0" via=":223_0_0" dir="s" state="M"/>
    <connection from="3404421" to="142928778" fromLane="0" toLane="0" via=":1_2_0" dir="s" state="m"/>
    <connection from="3404421" to="30504565" fromLane="0" toLane="0" via=":1_3_0" dir="l" state="m"/>
    <connection from="340675955" to="340675956" fromLane="0" toLane="0" via=":783_0_0" dir="s" state="M"/>
    <connection from="340675956" to="82932009" fromLane="0" toLane="0" via=":422_1_0" dir="s" state="m"/>
    <connection from="340675975" to="37211530" fromLane="0" toLane="0" via=":254_0_0" dir="r" state="M"/>
    <connection from="340675975" to="410356265" fromLane="0" toLane="0" via=":254_1_0" dir="s" state="M"/>
    <connection from="34209556" to="410338942" fromLane="0" toLane="0" via=":165_0_0" dir="r" state="M"/>
    <connection from="34225053" to="407524730" fromLane="0" toLane="0" via=":66_0_0" dir="r" state="M"/>
    <connection from="34225053" to="15090420" fromLane="0" toLane="0" via=":66_1_0" dir="l" state="M"/>
    <connection from="34386694" to="38584744" fromLane="0" toLane="0" via=":231_1_0" dir="r" state="M"/>
    <connection from="350033476" to="487385463" fromLane="0" toLane="0" via=":805_0_0" dir="s" state="M"/>
    <connection from="350033476" to="487385465" fromLane="0" toLane="0" via=":805_1_0" dir="s" state="M"/>
    <connection from="350033480" to="350033476" fromLane="0" toLane="0" via=":621_1_0" dir="s" state="M"/>
    <connection from="350033482" to="486870073" fromLane="0" toLane="0" via=":809_0_0" dir="s" state="M"/>
    <connection from="350033482" to="486870072" fromLane="0" toLane="0" via=":809_1_0" dir="s" state="M"/>
    <connection from="350033484" to="186722706" fromLane="0" toLane="0" via=":359_0_0" dir="s" state="M"/>
    <connection from="350033485" to="23947919" fromLane="0" toLane="0" via=":118_0_0" dir="r" state="M"/>
    <connection from="350033485" to="51200770" fromLane="0" toLane="0" via=":118_1_0" dir="s" state="M"/>
    <connection from="363104439" to="186624436" fromLane="0" toLane="0" via=":62_0_0" dir="s" state="M"/>
    <connection from="363104439" to="15090399" fromLane="0" toLane="0" via=":62_1_0" dir="s" state="M"/>
    <connection from="363112762" to="363112761" fromLane="0" toLane="0" via=":728_0_0" dir="r" state="M"/>
    <connection from="363112762" to="217688658" fromLane="0" toLane="0" via=":728_1_0" dir="l" state="M"/>
    <connection from="363112763" to="486864292" fromLane="0" toLane="0" via=":265_2_0" dir="r" state="M"/>
    <connection from="363112763" to="486864293" fromLane="0" toLane="0" via=":265_3_0" dir="s" state="M"/>
    <connection from="363130342" to="486864291" fromLane="0" toLane="0" via=":831_0_0" dir="s" state="M"/>
    <connection from="3655718" to="24433342" fromLane="0" toLane="0" via=":3_0_0" dir="r" state="M"/>
    <connection from="3655718" to="135763710" fromLane="0" toLane="0" via=":3_1_0" dir="s" state="M"/>
    <connection from="36795286" to="214920906" fromLane="0" toLane="0" via=":235_0_0" dir="s" state="M"/>
    <connection from="368989698" to="368989705" fromLane="0" toLane="0" via=":529_0_0" dir="s" state="M"/>
    <connection from="368989705" to="350033485" fromLane="0" toLane="0" via=":812_0_0" dir="s" state="M"/>
    <connection from="37046847" to="37046850" fromLane="0" toLane="0" via=":237_0_0" dir="s" state="M"/>
    <connection from="37046848" to="37046847" fromLane="0" toLane="0" via=":236_0_0" dir="s" state="M"/>
    <connection from="37046850" to="480007677" fromLane="0" toLane="0" via=":243_1_0" dir="s" state="M"/>
    <connection from="370478532" to="370478534" fromLane="0" toLane="0" via=":839_0_0" dir="s" state="M"/>
    <connection from="370478534" to="37046848" fromLane="0" toLane="0" via=":238_0_0" dir="s" state="M"/>
    <connection from="370478546" to="283487675" fromLane="0" toLane="0" via=":256_0_0" dir="r" state="M"/>
    <connection from="370478546" to="37211583" fromLane="0" toLane="0" via=":256_1_0" dir="s" state="M"/>
    <connection from="370478548" to="370478546" fromLane="0" toLane="0" via=":842_0_0" dir="s" state="M"/>
    <connection from="370478549" to="370478551" fromLane="0" toLane="0" via=":847_0_0" dir="s" state="M"/>
    <connection from="370478551" to="99413363" fromLane="0" toLane="0" via=":430_0_0" dir="s" state="M"/>
    <connection from="37062514" to="370478532" fromLane="0" toLane="0" via=":247_0_0" dir="s" state="M"/>
    <connection from="371475034" to="38584744" fromLane="0" toLane="0" via=":231_0_0" dir="s" state="m"/>
    <connection from="37211583" to="24505985" fromLane="0" toLane="0" via=":164_1_0" dir="s" state="m"/>
    <connection from="37211584" to="370478548" fromLane="0" toLane="0" via=":259_0_0" dir="s" state="M"/>
    <connection from="37357053" to="142928795" fromLane="0" toLane="0" via=":169_0_0" dir="s" state="M"/>
    <connection from="37413814" to="486864292" fromLane="0" toLane="0" via=":265_0_0" dir="s" state="m"/>
    <connection from="37413814" to="486864293" fromLane="0" toLane="0" via=":265_1_0" dir="l" state="m"/>
    <connection from="37413818" to="283487677" fromLane="0" toLane="0" via=":267_0_0" dir="s" state="M"/>
    <connection from="380884246" to="33276175" fromLane="0" toLane="0" via=":68_0_0" dir="r" state="M"/>
    <connection from="380884246" to="392657902" fromLane="0" toLane="0" via=":68_1_0" dir="s" state="M"/>
    <connection from="380884246" to="15090427" fromLane="0" toLane="0" via=":68_2_0" dir="l" state="M"/>
    <connection from="381749912" to="24483192" fromLane="0" toLane="0" via=":156_4_0" dir="r" state="m"/>
    <connection from="381749912" to="108722992" fromLane="0" toLane="0" via=":156_5_0" dir="l" state="m"/>
    <connection from="381750335" to="284139902" fromLane="0" toLane="0" via=":766_0_0" dir="s" state="M"/>
    <connection from="381750336" to="51196062" fromLane="0" toLane="0" via=":356_0_0" dir="s" state="M"/>
    <connection from="381750340" to="38684649" fromLane="0" toLane="0" via=":271_1_0" dir="r" state="M"/>
    <connection from="38584744" to="38684649" fromLane="0" toLane="0" via=":271_0_0" dir="s" state="m"/>
    <connection from="38684649" to="24379536" fromLane="0" toLane="0" via=":142_0_0" dir="s" state="M"/>
    <connection from="38684649" to="169959217" fromLane="0" toLane="0" via=":142_1_0" dir="s" state="M"/>
    <connection from="39097375" to="34386694" fromLane="0" toLane="0" via=":230_0_0" dir="l" state="m"/>
    <connection from="392657902" to="8132225" fromLane="0" toLane="0" via=":40_0_0" dir="r" state="M"/>
    <connection from="392657902" to="410621277" fromLane="0" toLane="0" via=":40_1_0" dir="s" state="M"/>
    <connection from="392657903" to="392657905" fromLane="0" toLane="0" via=":865_0_0" dir="s" state="M"/>
    <connection from="392657904" to="392657906" fromLane="0" toLane="0" via=":867_0_0" dir="r" state="M"/>
    <connection from="39343150" to="132894499" fromLane="0" toLane="0" via=":277_0_0" dir="r" state="M"/>
    <connection from="398288609" to="398288639" fromLane="0" toLane="0" via=":881_0_0" dir="s" state="M"/>
    <connection from="398288611" to="398315002" fromLane="0" toLane="0" via=":883_0_0" dir="s" state="M"/>
    <connection from="398288623" to="398288602" fromLane="0" toLane="0" via=":874_0_0" dir="s" state="M"/>
    <connection from="398288646" to="398288635" fromLane="0" toLane="0" via=":892_0_0" dir="s" state="M"/>
    <connection from="398288649" to="398288609" fromLane="0" toLane="0" via=":880_0_0" dir="s" state="M"/>
    <connection from="39878485" to="329928472" fromLane="0" toLane="0" via=":279_0_0" dir="s" state="M"/>
    <connection from="40016242" to="41503533" fromLane="0" toLane="0" via=":281_0_0" dir="s" state="M"/>
    <connection from="40016270" to="8286112" fromLane="0" toLane="0" via=":42_0_0" dir="s" state="M"/>
    <connection from="40016270" to="23947828" fromLane="0" toLane="0" via=":42_1_0" dir="s" state="M"/>
    <connection from="40016484" to="4018063" fromLane="0" toLane="0" via=":16_0_0" dir="r" state="M"/>
    <connection from="40016484" to="4005347" fromLane="0" toLane="0" via=":16_1_0" dir="s" state="M"/>
    <connection from="40020050" to="161896250" fromLane="0" toLane="0" via=":289_0_0" dir="s" state="M"/>
    <connection from="4005338" to="31641305" fromLane="0" toLane="0" via=":7_0_0" dir="s" state="M"/>
    <connection from="4005342" to="169194882" fromLane="0" toLane="0" via=":15_1_0" dir="l" state="m"/>
    <connection from="4005347" to="169194882" fromLane="0" toLane="0" via=":15_0_0" dir="s" state="M"/>
    <connection from="4005348" to="24595614" fromLane="0" toLane="0" via=":19_0_0" dir="s" state="M"/>
    <connection from="4005349" to="4018064" fromLane="0" toLane="0" via=":21_0_0" dir="r" state="M"/>
    <connection from="4005349" to="11136830" fromLane="0" toLane="0" via=":21_1_0" dir="s" state="M"/>
    <connection from="40129888" to="24232613" fromLane="0" toLane="0" via=":136_0_0" dir="r" state="M"/>
    <connection from="40129888" to="30799062" fromLane="0" toLane="0" via=":136_1_0" dir="s" state="M"/>
    <connection from="4018064" to="4018065" fromLane="0" toLane="0" via=":29_0_0" dir="s" state="M"/>
    <connection from="4018065" to="4018063" fromLane="0" toLane="0" via=":16_2_0" dir="s" state="m"/>
    <connection from="4018065" to="4005347" fromLane="0" toLane="0" via=":16_3_0" dir="l" state="m"/>
    <connection from="407524730" to="53163139" fromLane="0" toLane="0" via=":207_1_0" dir="l" state="m"/>
    <connection from="407882481" to="407882486" fromLane="0" toLane="0" via=":919_0_0" dir="s" state="M"/>
    <connection from="407882482" to="407882481" fromLane="0" toLane="0" via=":918_0_0" dir="s" state="M"/>
    <connection from="408813814" to="398288600" fromLane="0" toLane="0" via=":872_0_0" dir="s" state="M"/>
    <connection from="410338942" to="410646192" fromLane="0" toLane="0" via=":56_0_0" dir="r" state="M"/>
    <connection from="410338942" to="11136856" fromLane="0" toLane="0" via=":56_1_0" dir="s" state="M"/>
    <connection from="410338943" to="41505828" fromLane="0" toLane="0" via=":298_0_0" dir="s" state="M"/>
    <connection from="410356265" to="426778172" fromLane="0" toLane="0" via=":931_0_0" dir="s" state="M"/>
    <connection from="410621277" to="40016484" fromLane="0" toLane="0" via=":20_0_0" dir="s" state="M"/>
    <connection from="410621277" to="4005349" fromLane="0" toLane="0" via=":20_1_0" dir="l" state="M"/>
    <connection from="410621281" to="410621285" fromLane="0" toLane="0" via=":262_0_0" dir="s" state="M"/>
    <connection from="410621281" to="37357054" fromLane="0" toLane="0" via=":262_1_0" dir="s" state="M"/>
    <connection from="410621285" to="40016484" fromLane="0" toLane="0" via=":20_2_0" dir="s" state="m"/>
    <connection from="410621285" to="4005349" fromLane="0" toLane="0" via=":20_3_0" dir="l" state="m"/>
    <connection from="410646191" to="24505985" fromLane="0" toLane="0" via=":164_0_0" dir="r" state="M"/>
    <connection from="410646192" to="34209556" fromLane="0" toLane="0" via=":226_0_0" dir="r" state="M"/>
    <connection from="410646192" to="40016286" fromLane="0" toLane="0" via=":226_1_0" dir="R" state="M"/>
    <connection from="410646192" to="410646193" fromLane="0" toLane="0" via=":226_2_0" dir="s" state="M"/>
    <connection from="410646193" to="410646191" fromLane="0" toLane="0" via=":304_0_0" dir="r" state="M"/>
    <connection from="410646193" to="340675975" fromLane="0" toLane="0" via=":304_1_0" dir="s" state="M"/>
    <connection from="410646193" to="41676175" fromLane="0" toLane="0" via=":304_2_0" dir="l" state="M"/>
    <connection from="413101018" to="41575523" fromLane="0" toLane="0" via=":302_0_0" dir="s" state="M"/>
    <connection from="41503533" to="23866766" fromLane="0" toLane="0" via=":112_0_0" dir="s" state="M"/>
    <connection from="41575523" to="186713401" fromLane="0" toLane="0" via=":303_0_0" dir="r" state="M"/>
    <connection from="41575523" to="53171593" fromLane="0" toLane="0" via=":303_1_0" dir="s" state="M"/>
    <connection from="41676175" to="158491031" fromLane="0" toLane="0" via=":305_0_0" dir="s" state="m"/>
    <connection from="41676175" to="158491027" fromLane="0" toLane="0" via=":305_1_0" dir="l" state="m"/>
    <connection from="41676176" to="158491031" fromLane="0" toLane="0" via=":305_2_0" dir="r" state="M"/>
    <connection from="41676176" to="158491027" fromLane="0" toLane="0" via=":305_3_0" dir="s" state="M"/>
    <connection from="420216316" to="186624442" fromLane="0" toLane="0" via=":4_0_0" dir="s" state="M"/>
    <connection from="420216316" to="3757059" fromLane="0" toLane="0" via=":4_1_0" dir="l" state="m"/>
    <connection from="4218926" to="28262107" fromLane="0" toLane="0" via=":33_0_0" dir="r" state="M"/>
    <connection from="426778172" to="426778173" fromLane="0" toLane="0" via=":953_0_0" dir="s" state="M"/>
    <connection from="426778173" to="23577411" fromLane="0" toLane="0" via=":92_0_0" dir="r" state="M"/>
    <connection from="426778173" to="330587450" fromLane="0" toLane="0" via=":92_1_0" dir="s" state="M"/>
    <connection from="43292244" to="75574936" fromLane="0" toLane="0" via=":309_0_0" dir="s" state="M"/>
    <connection from="43374244" to="24407072" fromLane="0" toLane="0" via=":146_0_0" dir="r" state="M"/>
    <connection from="43374244" to="190290772" fromLane="0" toLane="0" via=":146_1_0" dir="s" state="M"/>
    <connection from="43374246" to="166060660" fromLane="0" toLane="0" via=":313_0_0" dir="s" state="M"/>
    <connection from="43860438" to="142677527" fromLane="0" toLane="0" via=":315_0_0" dir="s" state="M"/>
    <connection from="43866090" to="178715132" fromLane="0" toLane="0" via=":317_2_0" dir="r" state="M"/>
    <connection from="43866090" to="79014036" fromLane="0" toLane="0" via=":317_3_0" dir="s" state="M"/>
    <connection from="44141559" to="292276096" fromLane="0" toLane="0" via=":319_0_0" dir="r" state="M"/>
    <connection from="480007675" to="480651721" fromLane="0" toLane="0" via=":961_0_0" dir="s" state="M"/>
    <connection from="480007677" to="487385461" fromLane="0" toLane="0" via=":963_0_0" dir="s" state="M"/>
    <connection from="480651721" to="37076926" fromLane="0" toLane="0" via=":248_0_0" dir="s" state="M"/>
    <connection from="480873120" to="142944325" fromLane="0" toLane="0" via=":522_0_0" dir="s" state="M"/>
    <connection from="48120041" to="142692911" fromLane="0" toLane="0" via=":333_0_0" dir="s" state="M"/>
    <connection from="48120041" to="340675955" fromLane="0" toLane="0" via=":333_1_0" dir="s" state="M"/>
    <connection from="48410268" to="24232613" fromLane="0" toLane="0" via=":136_2_0" dir="s" state="m"/>
    <connection from="48410268" to="30799062" fromLane="0" toLane="0" via=":136_3_0" dir="l" state="m"/>
    <connection from="486864290" to="486864291" fromLane="0" toLane="0" via=":831_1_0" dir="s" state="m"/>
    <connection from="486864291" to="164247492" fromLane="0" toLane="0" via=":546_0_0" dir="s" state="M"/>
    <connection from="486864292" to="363112756" fromLane="0" toLane="0" via=":567_0_0" dir="r" state="M"/>
    <connection from="486864292" to="199799716" fromLane="0" toLane="0" via=":567_1_0" dir="s" state="M"/>
    <connection from="486864293" to="142770573" fromLane="0" toLane="0" via=":433_1_0" dir="r" state="M"/>
    <connection from="486864294" to="186713426" fromLane="0" toLane="0" via=":655_1_0" dir="t" state="m"/>
    <connection from="486870072" to="486870074" fromLane="0" toLane="0" via=":633_1_0" dir="s" state="M"/>
    <connection from="486870074" to="142944399" fromLane="0" toLane="0" via=":478_0_0" dir="r" state="M"/>
    <connection from="486870074" to="142678628" fromLane="0" toLane="0" via=":478_1_0" dir="s" state="M"/>
    <connection from="486870075" to="486870076" fromLane="0" toLane="0" via=":151_4_0" dir="L" state="m"/>
    <connection from="486870075" to="486870077" fromLane="0" toLane="0" via=":151_5_0" dir="l" state="m"/>
    <connection from="486870076" to="413101018" fromLane="0" toLane="0" via=":946_0_0" dir="s" state="M"/>
    <connection from="487385461" to="37076927" fromLane="0" toLane="0" via=":250_0_0" dir="s" state="M"/>
    <connection from="487385465" to="43860438" fromLane="0" toLane="0" via=":85_0_0" dir="s" state="M"/>
    <connection from="487385465" to="24407070" fromLane="0" toLane="0" via=":85_1_0" dir="l" state="m"/>
    <connection from="48979205" to="142770556" fromLane="0" toLane="0" via=":337_0_0" dir="s" state="m"/>
    <connection from="48979205" to="142770549" fromLane="0" toLane="0" via=":337_1_0" dir="l" state="m"/>
    <connection from="48979206" to="178715132" fromLane="0" toLane="0" via=":317_0_0" dir="s" state="m"/>
    <connection from="48979206" to="79014036" fromLane="0" toLane="0" via=":317_1_0" dir="l" state="m"/>
    <connection from="48979207" to="486864294" fromLane="0" toLane="0" via=":341_1_0" dir="s" state="m"/>
    <connection from="48979208" to="142770554" fromLane="0" toLane="0" via=":340_0_0" dir="s" state="m"/>
    <connection from="48979208" to="48979207" fromLane="0" toLane="0" via=":340_1_0" dir="l" state="m"/>
    <connection from="48979219" to="79014037" fromLane="0" toLane="0" via=":338_2_0" dir="s" state="m"/>
    <connection from="48979219" to="48979206" fromLane="0" toLane="0" via=":338_3_0" dir="l" state="m"/>
    <connection from="48979223" to="48979208" fromLane="0" toLane="0" via=":342_2_0" dir="r" state="M"/>
    <connection from="48979223" to="48979209" fromLane="0" toLane="0" via=":342_3_0" dir="s" state="M"/>
    <connection from="50241076" to="480007674" fromLane="0" toLane="0" via=":353_0_0" dir="l" state="M"/>
    <connection from="50241077" to="363130338" fromLane="0" toLane="0" via=":355_0_0" dir="r" state="M"/>
    <connection from="5056539" to="19729394" fromLane="0" toLane="0" via=":35_0_0" dir="s" state="M"/>
    <connection from="51196062" to="199239120" fromLane="0" toLane="0" via=":357_0_0" dir="s" state="M"/>
    <connection from="51196062" to="199239121" fromLane="0" toLane="0" via=":357_1_0" dir="l" state="M"/>
    <connection from="51200768" to="186722706" fromLane="0" toLane="0" via=":359_1_0" dir="s" state="m"/>
    <connection from="51200769" to="23947919" fromLane="0" toLane="0" via=":118_2_0" dir="s" state="m"/>
    <connection from="51200769" to="51200770" fromLane="0" toLane="0" via=":118_3_0" dir="l" state="m"/>
    <connection from="51200770" to="186713415" fromLane="0" toLane="0" via=":363_2_0" dir="s" state="m"/>
    <connection from="51200770" to="186713407" fromLane="0" toLane="0" via=":363_3_0" dir="l" state="m"/>
    <connection from="51200772" to="186713401" fromLane="0" toLane="0" via=":303_2_0" dir="s" state="m"/>
    <connection from="51200772" to="53171593" fromLane="0" toLane="0" via=":303_3_0" dir="l" state="m"/>
    <connection from="51201763" to="15665061" fromLane="0" toLane="0" via=":74_0_0" dir="r" state="M"/>
    <connection from="51201763" to="51201767" fromLane="0" toLane="0" via=":74_1_0" dir="s" state="M"/>
    <connection from="51201764" to="51201768" fromLane="0" toLane="0" via=":371_2_0" dir="s" state="m"/>
    <connection from="51201764" to="82932016" fromLane="0" toLane="0" via=":371_3_0" dir="l" state="m"/>
    <connection from="51201765" to="30040906" fromLane="0" toLane="0" via=":60_0_0" dir="r" state="M"/>
    <connection from="51201765" to="15090398" fromLane="0" toLane="0" via=":60_1_0" dir="s" state="M"/>
    <connection from="51201766" to="186624437" fromLane="0" toLane="0" via=":375_1_0" dir="s" state="m"/>
    <connection from="51201767" to="30040906" fromLane="0" toLane="0" via=":60_2_0" dir="s" state="m"/>
    <connection from="51201767" to="15090398" fromLane="0" toLane="0" via=":60_3_0" dir="l" state="m"/>
    <connection from="51201768" to="186649515" fromLane="0" toLane="0" via=":379_1_0" dir="s" state="m"/>
    <connection from="5216855" to="186714394" fromLane="0" toLane="0" via=":37_0_0" dir="r" state="M"/>
    <connection from="5216855" to="480873119" fromLane="0" toLane="0" via=":37_1_0" dir="s" state="M"/>
    <connection from="53140896" to="53163139" fromLane="0" toLane="0" via=":207_0_0" dir="s" state="M"/>
    <connection from="53163139" to="40129888" fromLane="0" toLane="0" via=":0_0_0" dir="s" state="M"/>
    <connection from="53163139" to="3404421" fromLane="0" toLane="0" via=":0_1_0" dir="s" state="M"/>
    <connection from="53171593" to="34209556" fromLane="0" toLane="0" via=":226_3_0" dir="r" state="m"/>
    <connection from="53171593" to="40016286" fromLane="0" toLane="0" via=":226_4_0" dir="s" state="m"/>
    <connection from="53171593" to="410646193" fromLane="0" toLane="0" via=":226_5_0" dir="l" state="m"/>
    <connection from="53599425" to="24595627" fromLane="0" toLane="0" via=":67_1_0" dir="s" state="m"/>
    <connection from="53599427" to="292276096" fromLane="0" toLane="0" via=":319_2_0" dir="l" state="m"/>
    <connection from="53599428" to="53599427" fromLane="0" toLane="0" via=":190_0_0" dir="r" state="M"/>
    <connection from="53599428" to="27128185" fromLane="0" toLane="0" via=":190_1_0" dir="l" state="M"/>
    <connection from="57019287" to="166060658" fromLane="0" toLane="0" via=":393_0_0" dir="s" state="M"/>
    <connection from="62091589" to="51200772" fromLane="0" toLane="0" via=":43_0_0" dir="r" state="M"/>
    <connection from="62091589" to="51200771" fromLane="0" toLane="0" via=":43_1_0" dir="s" state="M"/>
    <connection from="73474894" to="136700005" fromLane="0" toLane="0" via=":403_0_0" dir="s" state="M"/>
    <connection from="73474895" to="27064186" fromLane="0" toLane="0" via=":158_6_0" dir="s" state="m"/>
    <connection from="73474895" to="24483197" fromLane="0" toLane="0" via=":158_7_0" dir="s" state="m"/>
    <connection from="73474895" to="25866655" fromLane="0" toLane="0" via=":158_8_0" dir="l" state="m"/>
    <connection from="73474902" to="24483192" fromLane="0" toLane="0" via=":156_0_0" dir="s" state="m"/>
    <connection from="73474902" to="108722992" fromLane="0" toLane="0" via=":156_1_0" dir="l" state="m"/>
    <connection from="75459569" to="75459574" fromLane="0" toLane="0" via=":409_0_0" dir="r" state="M"/>
    <connection from="75459574" to="486870076" fromLane="0" toLane="0" via=":151_0_0" dir="r" state="M"/>
    <connection from="75459574" to="486870077" fromLane="0" toLane="0" via=":151_1_0" dir="s" state="M"/>
    <connection from="75459599" to="75459593" fromLane="0" toLane="0" via=":412_0_0" dir="l" state="M"/>
    <connection from="75574936" to="486870075" fromLane="0" toLane="0" via=":119_0_0" dir="r" state="M"/>
    <connection from="75574936" to="186713412" fromLane="0" toLane="0" via=":119_1_0" dir="s" state="M"/>
    <connection from="79014036" to="48979223" fromLane="0" toLane="0" via=":346_2_0" dir="s" state="m"/>
    <connection from="79014036" to="48979219" fromLane="0" toLane="0" via=":346_3_0" dir="l" state="m"/>
    <connection from="79014037" to="186713429" fromLane="0" toLane="0" via=":421_1_0" dir="s" state="m"/>
    <connection from="8286112" to="51200772" fromLane="0" toLane="0" via=":43_2_0" dir="s" state="m"/>
    <connection from="8286112" to="51200771" fromLane="0" toLane="0" via=":43_3_0" dir="l" state="m"/>
    <connection from="82932009" to="4218926" fromLane="0" toLane="0" via=":32_0_0" dir="s" state="M"/>
    <connection from="82932009" to="82932012" fromLane="0" toLane="0" via=":32_1_0" dir="s" state="M"/>
    <connection from="82932012" to="15090571" fromLane="0" toLane="0" via=":72_0_0" dir="s" state="M"/>
    <connection from="82932016" to="186624436" fromLane="0" toLane="0" via=":62_2_0" dir="s" state="m"/>
    <connection from="82932016" to="15090399" fromLane="0" toLane="0" via=":62_3_0" dir="l" state="m"/>
    <connection from="99413363" to="108724012" fromLane="0" toLane="0" via=":431_0_0" dir="l" state="M"/>

    <connection from=":0_0" to="40129888" fromLane="0" toLane="0" dir="s" state="M"/>
    <connection from=":0_1" to="3404421" fromLane="0" toLane="0" dir="s" state="M"/>
    <connection from=":1_0" to="142928778" fromLane="0" toLane="0" dir="s" state="M"/>
    <connection from=":1_1" to="30504565" fromLane="0" toLane="0" dir="s" state="M"/>
    <connection from=":1_2" to="142928778" fromLane="0" toLane="0" dir="s" state="M"/>
    <connection from=":1_3" to="30504565" fromLane="0" toLane="0" via=":1_4_0" dir="s" state="m"/>
    <connection from=":1_4" to="30504565" fromLane="0" toLane="0" dir="s" state="M"/>
    <connection from=":101_0" to="186624435" fromLane="0" toLane="0" dir="s" state="M"/>
    <connection from=":101_1" to="186624435" fromLane="0" toLane="0" dir="s" state="M"/>
    <connection from=":103_0" to="363104436" fromLane="0" toLane="0" dir="s" state="M"/>
    <connection from=":104_0" to="23774652" fromLane="0" toLane="0" dir="s" state="M"/>
    <connection from=":104_1" to="186282281" fromLane="0" toLane="0" via=":104_4_0" dir="s" state="m"/>
    <connection from=":104_4" to="186282281" fromLane="0" toLane="0" dir="s" state="M"/>
    <connection from=":104_2" to="23774652" fromLane="0" toLane="0" dir="s" state="M"/>
    <connection from=":104_3" to="186282281" fromLane="0" toLane="0" dir="s" state="M"/>
    <connection from=":105_0" to="158491026" fromLane="0" toLane="0" dir="s" state="M"/>
    <connection from=":105_1" to="158491026" fromLane="0" toLane="0" dir="s" state="M"/>
    <connection from=":106_0" to="23854412" fromLane="0" toLane="0" dir="s" state="M"/>
    <connection from=":106_1" to="23854402" fromLane="0" toLane="0" dir="s" state="M"/>
    <connection from=":108_0" to="23854408" fromLane="0" toLane="0" dir="s" state="M"/>
    <connection from=":109_0" to="24232612" fromLane="0" toLane="0" dir="s" state="M"/>
    <connection from=":109_1" to="48410268" fromLane="0" toLane="0" dir="s" state="M"/>
    <connection from=":111_0" to="136106807" fromLane="0" toLane="0" dir="s" state="M"/>
    <connection from=":112_0" to="23866766" fromLane="0" toLane="0" dir="s" state="M"/>
    <connection from=":113_0" to="186713419" fromLane="0" toLane="0" dir="s" state="M"/>
    <connection from=":113_1" to="24505980" fromLane="0" toLane="0" dir="s" state="M"/>
    <connection from=":113_2" to="186713419" fromLane="0" toLane="0" via=":113_4_0" dir="s" state="m"/>
    <connection from=":113_4" to="186713419" fromLane="0" toLane="0" dir="s" state="M"/>
    <connection from=":113_3" to="24505980" fromLane="0" toLane="0" via=":113_5_0" dir="s" state="m"/>
    <connection from=":113_5" to="24505980" fromLane="0" toLane="0" dir="s" state="M"/>
    <connection from=":115_0" to="210393401" fromLane="0" toLane="0" dir="s" state="M"/>
    <connection from=":118_0" to="23947919" fromLane="0" toLane="0" dir="s" state="M"/>
    <connection from=":118_1" to="51200770" fromLane="0" toLane="0" dir="s" state="M"/>
    <connection from=":118_2" to="23947919" fromLane="0" toLane="0" dir="s" state="M"/>
    <connection from=":118_3" to="51200770" fromLane="0" toLane="0" via=":118_4_0" dir="s" state="m"/>
    <connection from=":118_4" to="51200770" fromLane="0" toLane="0" dir="s" state="M"/>
    <connection from=":119_0" to="486870075" fromLane="0" toLane="0" dir="s" state="M"/>
    <connection from=":119_1" to="186713412" fromLane="0" toLane="0" dir="s" state="M"/>
    <connection from=":119_2" to="486870075" fromLane="0" toLane="0" dir="s" state="M"/>
    <connection from=":119_3" to="186713412" fromLane="0" toLane="0" dir="s" state="M"/>
    <connection from=":121_0" to="363104439" fromLane="0" toLane="0" dir="s" state="M"/>
    <connection from=":122_0" to="23948477" fromLane="0" toLane="0" dir="s" state="M"/>
    <connection from=":122_1" to="186649519" fromLane="0" toLane="0" dir="s" state="M"/>
    <connection from=":123_0" to="186624438" fromLane="0" toLane="0" dir="s" state="M"/>
    <connection from=":123_1" to="186624438" fromLane="0" toLane="0" dir="s" state="M"/>
    <connection from=":124_0" to="23950597" fromLane="0" toLane="0" dir="s" state="M"/>
    <connection from=":125_0" to="23950598" fromLane="0" toLane="0" dir="s" state="M"/>
    <connection from=":127_0" to="53599425" fromLane="0" toLane="0" dir="s" state="M"/>
    <connection from=":127_1" to="53599425" fromLane="0" toLane="0" via=":127_2_0" dir="s" state="m"/>
    <connection from=":127_2" to="53599425" fromLane="0" toLane="0" dir="s" state="M"/>
    <connection from=":136_0" to="24232613" fromLane="0" toLane="0" dir="s" state="M"/>
    <connection from=":136_1" to="30799062" fromLane="0" toLane="0" dir="s" state="M"/>
    <connection from=":136_2" to="24232613" fromLane="0" toLane="0" dir="s" state="M"/>
    <connection from=":136_3" to="30799062" fromLane="0" toLane="0" via=":136_4_0" dir="s" state="m"/>
    <connection from=":136_4" to="30799062" fromLane="0" toLane="0" dir="s" state="M"/>
    <connection from=":138_0" to="24232614" fromLane="0" toLane="0" dir="s" state="M"/>
    <connection from=":140_0" to="24288829" fromLane="0" toLane="0" dir="s" state="M"/>
    <connection from=":140_1" to="24288829" fromLane="0" toLane="0" dir="s" state="M"/>
    <connection from=":141_0" to="238754831" fromLane="0" toLane="0" dir="s" state="M"/>
    <connection from=":142_0" to="24379536" fromLane="0" toLane="0" dir="s" state="M"/>
    <connection from=":142_1" to="169959217" fromLane="0" toLane="0" dir="s" state="M"/>
    <connection from=":145_0" to="189775477" fromLane="0" toLane="0" dir="s" state="M"/>
    <connection from=":146_0" to="24407072" fromLane="0" toLane="0" dir="s" state="M"/>
    <connection from=":146_1" to="190290772" fromLane="0" toLane="0" dir="s" state="M"/>
    <connection from=":147_0" to="178710557" fromLane="0" toLane="0" via=":147_2_0" dir="s" state="m"/>
    <connection from=":147_2" to="178710557" fromLane="0" toLane="0" dir="s" state="M"/>
    <connection from=":147_1" to="178710557" fromLane="0" toLane="0" dir="s" state="M"/>
    <connection from=":149_0" to="24408152" fromLane="0" toLane="0" dir="s" state="M"/>
    <connection from=":15_0" to="169194882" fromLane="0" toLane="0" dir="s" state="M"/>
    <connection from=":15_1" to="169194882" fromLane="0" toLane="0" via=":15_2_0" dir="s" state="m"/>
    <connection from=":15_2" to="169194882" fromLane="0" toLane="0" dir="s" state="M"/>
    <connection from=":151_0" to="486870076" fromLane="0" toLane="0" dir="s" state="M"/>
    <connection from=":151_1" to="486870077" fromLane="0" toLane="0" dir="s" state="M"/>
    <connection from=":151_2" to="486870076" fromLane="0" toLane="0" dir="s" state="M"/>
    <connection from=":151_3" to="486870077" fromLane="0" toLane="0" dir="s" state="M"/>
    <connection from=":151_4" to="486870076" fromLane="0" toLane="0" via=":151_6_0" dir="s" state="m"/>
    <connection from=":151_6" to="486870076" fromLane="0" toLane="0" dir="s" state="M"/>
    <connection from=":151_5" to="486870077" fromLane="0" toLane="0" via=":151_7_0" dir="s" state="m"/>
    <connection from=":151_7" to="486870077" fromLane="0" toLane="0" dir="s" state="M"/>
    <connection from=":152_0" to="24410094" fromLane="0" toLane="0" dir="s" state="M"/>
    <connection from=":152_1" to="62091589" fromLane="0" toLane="0" dir="s" state="M"/>
    <connection from=":152_2" to="61578529" fromLane="0" toLane="0" dir="s" state="M"/>
    <connection from=":156_0" to="24483192" fromLane="0" toLane="0" dir="s" state="M"/>
    <connection from=":156_1" to="108722992" fromLane="0" toLane="0" via=":156_6_0" dir="s" state="m"/>
    <connection from=":156_6" to="108722992" fromLane="0" toLane="0" dir="s" state="M"/>
    <connection from=":156_2" to="24483192" fromLane="0" toLane="0" dir="s" state="M"/>
    <connection from=":156_3" to="108722992" fromLane="0" toLane="0" dir="s" state="M"/>
    <connection from=":156_4" to="24483192" fromLane="0" toLane="0" dir="s" state="M"/>
    <connection from=":156_5" to="108722992" fromLane="0" toLane="0" dir="s" state="M"/>
    <connection from=":157_0" to="37413814" fromLane="0" toLane="0" dir="s" state="M"/>
    <connection from=":157_1" to="43866090" fromLane="0" toLane="0" dir="s" state="M"/>
    <connection from=":158_0" to="27064186" fromLane="0" toLane="0" dir="s" state="M"/>
    <connection from=":158_1" to="24483197" fromLane="0" toLane="0" dir="s" state="M"/>
    <connection from=":158_2" to="25866655" fromLane="0" toLane="0" dir="s" state="M"/>
    <connection from=":158_3" to="27064186" fromLane="0" toLane="0" dir="s" state="M"/>
    <connection from=":158_4" to="24483197" fromLane="0" toLane="0" dir="s" state="M"/>
    <connection from=":158_5" to="25866655" fromLane="0" toLane="0" dir="s" state="M"/>
    <connection from=":158_6" to="27064186" fromLane="0" toLane="0" dir="s" state="M"/>
    <connection from=":158_7" to="24483197" fromLane="0" toLane="0" dir="s" state="M"/>
    <connection from=":158_8" to="25866655" fromLane="0" toLane="0" via=":158_9_0" dir="s" state="m"/>
    <connection from=":158_9" to="25866655" fromLane="0" toLane="0" dir="s" state="M"/>
    <connection from=":159_0" to="199500677" fromLane="0" toLane="0" dir="s" state="M"/>
    <connection from=":159_1" to="199500675" fromLane="0" toLane="0" dir="s" state="M"/>
    <connection from=":16_0" to="4018063" fromLane="0" toLane="0" dir="s" state="M"/>
    <connection from=":16_1" to="4005347" fromLane="0" toLane="0" dir="s" state="M"/>
    <connection from=":16_2" to="4018063" fromLane="0" toLane="0" dir="s" state="M"/>
    <connection from=":16_3" to="4005347" fromLane="0" toLane="0" via=":16_4_0" dir="s" state="m"/>
    <connection from=":16_4" to="4005347" fromLane="0" toLane="0" dir="s" state="M"/>
    <connection from=":161_0" to="48979205" fromLane="0" toLane="0" dir="s" state="M"/>
    <connection from=":161_1" to="142770555" fromLane="0" toLane="0" via=":161_4_0" dir="s" state="m"/>
    <connection from=":161_4" to="142770555" fromLane="0" toLane="0" dir="s" state="M"/>
    <connection from=":161_2" to="48979205" fromLane="0" toLane="0" dir="s" state="M"/>
    <connection from=":161_3" to="142770555" fromLane="0" toLane="0" dir="s" state="M"/>
    <connection from=":164_0" to="24505985" fromLane="0" toLane="0" dir="s" state="M"/>
    <connection from=":164_1" to="24505985" fromLane="0" toLane="0" dir="s" state="M"/>
    <connection from=":165_0" to="410338942" fromLane="0" toLane="0" dir="s" state="M"/>
    <connection from=":165_1" to="410338942" fromLane="0" toLane="0" dir="s" state="M"/>
    <connection from=":169_0" to="142928795" fromLane="0" toLane="0" dir="s" state="M"/>
    <connection from=":169_1" to="142928795" fromLane="0" toLane="0" dir="s" state="M"/>
    <connection from=":171_0" to="53599428" fromLane="0" toLane="0" dir="s" state="M"/>
    <connection from=":171_1" to="53599428" fromLane="0" toLane="0" via=":171_2_0" dir="s" state="m"/>
    <connection from=":171_2" to="53599428" fromLane="0" toLane="0" dir="s" state="M"/>
    <connection from=":174_0" to="24852489" fromLane="0" toLane="0" dir="s" state="M"/>
    <connection from=":175_0" to="24852490" fromLane="0" toLane="0" dir="s" state="M"/>
    <connection from=":177_0" to="108724015" fromLane="0" toLane="0" dir="s" state="M"/>
    <connection from=":181_0" to="73474902" fromLane="0" toLane="0" dir="s" state="M"/>
    <connection from=":181_1" to="141050972" fromLane="0" toLane="0" via=":181_4_0" dir="s" state="m"/>
    <connection from=":181_4" to="141050972" fromLane="0" toLane="0" dir="s" state="M"/>
    <connection from=":181_2" to="73474902" fromLane="0" toLane="0" dir="s" state="M"/>
    <connection from=":181_3" to="141050972" fromLane="0" toLane="0" dir="s" state="M"/>
    <connection from=":182_0" to="25866659" fromLane="0" toLane="0" dir="s" state="M"/>
    <connection from=":184_0" to="199500678" fromLane="0" toLane="0" dir="s" state="M"/>
    <connection from=":184_1" to="26626731" fromLane="0" toLane="0" dir="s" state="M"/>
    <connection from=":185_0" to="199799715" fromLane="0" toLane="0" dir="s" state="M"/>
    <connection from=":186_0" to="381750336" fromLane="0" toLane="0" dir="s" state="M"/>
    <connection from=":186_1" to="26975623" fromLane="0" toLane="0" dir="s" state="M"/>
    <connection from=":186_2" to="73474895" fromLane="0" toLane="0" dir="s" state="M"/>
    <connection from=":186_3" to="381750336" fromLane="0" toLane="0" dir="s" state="M"/>
    <connection from=":186_4" to="26975623" fromLane="0" toLane="0" via=":186_6_0" dir="s" state="m"/>
    <connection from=":186_6" to="26975623" fromLane="0" toLane="0" dir="s" state="M"/>
    <connection from=":186_5" to="73474895" fromLane="0" toLane="0" via=":186_7_0" dir="s" state="m"/>
    <connection from=":186_7" to="73474895" fromLane="0" toLane="0" dir="s" state="M"/>
    <connection from=":189_0" to="73474894" fromLane="0" toLane="0" dir="s" state="M"/>
    <connection from=":19_0" to="24595614" fromLane="0" toLane="0" dir="s" state="M"/>
    <connection from=":190_0" to="53599427" fromLane="0" toLane="0" dir="s" state="M"/>
    <connection from=":190_1" to="27128185" fromLane="0" toLane="0" dir="s" state="M"/>
    <connection from=":198_0" to="27461598" fromLane="0" toLane="0" dir="s" state="M"/>
    <connection from=":199_0" to="186624434" fromLane="0" toLane="0" dir="s" state="M"/>
    <connection from=":199_1" to="186649520" fromLane="0" toLane="0" dir="s" state="M"/>
    <connection from=":20_0" to="40016484" fromLane="0" toLane="0" dir="s" state="M"/>
    <connection from=":20_1" to="4005349" fromLane="0" toLane="0" dir="s" state="M"/>
    <connection from=":20_2" to="40016484" fromLane="0" toLane="0" dir="s" state="M"/>
    <connection from=":20_3" to="4005349" fromLane="0" toLane="0" via=":20_4_0" dir="s" state="m"/>
    <connection from=":20_4" to="4005349" fromLane="0" toLane="0" dir="s" state="M"/>
    <connection from=":201_0" to="186624433" fromLane="0" toLane="0" via=":201_2_0" dir="s" state="m"/>
    <connection from=":201_2" to="186624433" fromLane="0" toLane="0" dir="s" state="M"/>
    <connection from=":201_1" to="186624433" fromLane="0" toLane="0" dir="s" state="M"/>
    <connection from=":203_0" to="30040907" fromLane="0" toLane="0" dir="s" state="M"/>
    <connection from=":203_1" to="186624443" fromLane="0" toLane="0" dir="s" state="M"/>
    <connection from=":207_0" to="53163139" fromLane="0" toLane="0" dir="s" state="M"/>
    <connection from=":207_1" to="53163139" fromLane="0" toLane="0" dir="s" state="M"/>
    <connection from=":207_2" to="53163139" fromLane="0" toLane="0" via=":207_3_0" dir="s" state="m"/>
    <connection from=":207_3" to="53163139" fromLane="0" toLane="0" dir="s" state="M"/>
    <connection from=":21_0" to="4018064" fromLane="0" toLane="0" dir="s" state="M"/>
    <connection from=":21_1" to="11136830" fromLane="0" toLane="0" dir="s" state="M"/>
    <connection from=":217_0" to="40020050" fromLane="0" toLane="0" dir="s" state="M"/>
    <connection from=":221_0" to="161896248" fromLane="0" toLane="0" dir="s" state="M"/>
    <connection from=":223_0" to="392657903" fromLane="0" toLane="0" dir="s" state="M"/>
    <connection from=":226_0" to="34209556" fromLane="0" toLane="0" dir="s" state="M"/>
    <connection from=":226_1" to="40016286" fromLane="0" toLane="0" dir="s" state="M"/>
    <connection from=":226_2" to="410646193" fromLane="0" toLane="0" dir="s" state="M"/>
    <connection from=":226_3" to="34209556" fromLane="0" toLane="0" dir="s" state="M"/>
    <connection from=":226_4" to="40016286" fromLane="0" toLane="0" dir="s" state="M"/>
    <connection from=":226_5" to="410646193" fromLane="0" toLane="0" via=":226_6_0" dir="s" state="m"/>
    <connection from=":226_6" to="410646193" fromLane="0" toLane="0" dir="s" state="M"/>
    <connection from=":230_0" to="34386694" fromLane="0" toLane="0" via=":230_3_0" dir="s" state="m"/>
    <connection from=":230_3" to="34386694" fromLane="0" toLane="0" dir="s" state="M"/>
    <connection from=":230_1" to="34386694" fromLane="0" toLane="0" dir="s" state="M"/>
    <connection from=":230_2" to="34386694" fromLane="0" toLane="0" dir="s" state="M"/>
    <connection from=":231_0" to="38584744" fromLane="0" toLane="0" dir="s" state="M"/>
    <connection from=":231_1" to="38584744" fromLane="0" toLane="0" dir="s" state="M"/>
    <connection from=":234_0" to="36795286" fromLane="0" toLane="0" via=":234_2_0" dir="s" state="m"/>
    <connection from=":234_2" to="36795286" fromLane="0" toLane="0" dir="s" state="M"/>
    <connection from=":234_1" to="36795286" fromLane="0" toLane="0" dir="s" state="M"/>
    <connection from=":235_0" to="214920906" fromLane="0" toLane="0" dir="s" state="M"/>
    <connection from=":236_0" to="37046847" fromLane="0" toLane="0" dir="s" state="M"/>
    <connection from=":237_0" to="37046850" fromLane="0" toLane="0" dir="s" state="M"/>
    <connection from=":238_0" to="37046848" fromLane="0" toLane="0" dir="s" state="M"/>
    <connection from=":243_0" to="480007677" fromLane="0" toLane="0" via=":243_2_0" dir="s" state="m"/>
    <connection from=":243_2" to="480007677" fromLane="0" toLane="0" dir="s" state="M"/>
    <connection from=":243_1" to="480007677" fromLane="0" toLane="0" dir="s" state="M"/>
    <connection from=":246_0" to="37062514" fromLane="0" toLane="0" dir="s" state="M"/>
    <connection from=":247_0" to="370478532" fromLane="0" toLane="0" dir="s" state="M"/>
    <connection from=":248_0" to="37076926" fromLane="0" toLane="0" dir="s" state="M"/>
    <connection from=":250_0" to="37076927" fromLane="0" toLane="0" dir="s" state="M"/>
    <connection from=":254_0" to="37211530" fromLane="0" toLane="0" dir="s" state="M"/>
    <connection from=":254_1" to="410356265" fromLane="0" toLane="0" dir="s" state="M"/>
    <connection from=":256_0" to="283487675" fromLane="0" toLane="0" dir="s" state="M"/>
    <connection from=":256_1" to="37211583" fromLane="0" toLane="0" dir="s" state="M"/>
    <connection from=":259_0" to="370478548" fromLane="0" toLane="0" dir="s" state="M"/>
    <connection from=":262_0" to="410621285" fromLane="0" toLane="0" dir="s" state="M"/>
    <connection from=":262_1" to="37357054" fromLane="0" toLane="0" dir="s" state="M"/>
    <connection from=":265_0" to="486864292" fromLane="0" toLane="0" dir="s" state="M"/>
    <connection from=":265_1" to="486864293" fromLane="0" toLane="0" via=":265_4_0" dir="s" state="m"/>
    <connection from=":265_4" to="486864293" fromLane="0" toLane="0" dir="s" state="M"/>
    <connection from=":265_2" to="486864292" fromLane="0" toLane="0" dir="s" state="M"/>
    <connection from=":265_3" to="486864293" fromLane="0" toLane="0" dir="s" state="M"/>
    <connection from=":267_0" to="283487677" fromLane="0" toLane="0" dir="s" state="M"/>
    <connection from=":271_0" to="38684649" fromLane="0" toLane="0" dir="s" state="M"/>
    <connection from=":271_1" to="38684649" fromLane="0" toLane="0" dir="s" state="M"/>
    <connection from=":276_0" to="39343150" fromLane="0" toLane="0" dir="s" state="M"/>
    <connection from=":277_0" to="132894499" fromLane="0" toLane="0" dir="s" state="M"/>
    <connection from=":277_1" to="132894499" fromLane="0" toLane="0" dir="s" state="M"/>
    <connection from=":279_0" to="329928472" fromLane="0" toLane="0" dir="s" state="M"/>
    <connection from=":280_0" to="48120041" fromLane="0" toLane="0" dir="s" state="M"/>
    <connection from=":280_1" to="40016242" fromLane="0" toLane="0" dir="s" state="M"/>
    <connection from=":281_0" to="41503533" fromLane="0" toLane="0" dir="s" state="M"/>
    <connection from=":282_0" to="40016270" fromLane="0" toLane="0" dir="s" state="M"/>
    <connection from=":282_1" to="40016270" fromLane="0" toLane="0" dir="s" state="M"/>
    <connection from=":289_0" to="161896250" fromLane="0" toLane="0" dir="s" state="M"/>
    <connection from=":29_0" to="4018065" fromLane="0" toLane="0" dir="s" state="M"/>
    <connection from=":298_0" to="41505828" fromLane="0" toLane="0" dir="s" state="M"/>
    <connection from=":3_0" to="24433342" fromLane="0" toLane="0" dir="s" state="M"/>
    <connection from=":3_1" to="135763710" fromLane="0" toLane="0" dir="s" state="M"/>
    <connection from=":3_2" to="24433342" fromLane="0" toLane="0" dir="s" state="M"/>
    <connection from=":3_3" to="135763710" fromLane="0" toLane="0" via=":3_4_0" dir="s" state="m"/>
    <connection from=":3_4" to="135763710" fromLane="0" toLane="0" dir="s" state="M"/>
    <connection from=":302_0" to="41575523" fromLane="0" toLane="0" dir="s" state="M"/>
    <connection from=":303_0" to="186713401" fromLane="0" toLane="0" dir="s" state="M"/>
    <connection from=":303_1" to="53171593" fromLane="0" toLane="0" dir="s" state="M"/>
    <connection from=":303_2" to="186713401" fromLane="0" toLane="0" dir="s" state="M"/>
    <connection from=":303_3" to="53171593" fromLane="0" toLane="0" via=":303_4_0" dir="s" state="m"/>
    <connection from=":303_4" to="53171593" fromLane="0" toLane="0" dir="s" state="M"/>
    <connection from=":304_0" to="410646191" fromLane="0" toLane="0" dir="s" state="M"/>
    <connection from=":304_1" to="340675975" fromLane="0" toLane="0" dir="s" state="M"/>
    <connection from=":304_2" to="41676175" fromLane="0" toLane="0" dir="s" state="M"/>
    <connection from=":305_0" to="158491031" fromLane="0" toLane="0" dir="s" state="M"/>
    <connection from=":305_1" to="158491027" fromLane="0" toLane="0" via=":305_4_0" dir="s" state="m"/>
    <connection from=":305_4" to="158491027" fromLane="0" toLane="0" dir="s" state="M"/>
    <connection from=":305_2" to="158491031" fromLane="0" toLane="0" dir="s" state="M"/>
    <connection from=":305_3" to="158491027" fromLane="0" toLane="0" dir="s" state="M"/>
    <connection from=":306_0" to="41676176" fromLane="0" toLane="0" dir="s" state="M"/>
    <connection from=":306_1" to="186713418" fromLane="0" toLane="0" dir="s" state="M"/>
    <connection from=":309_0" to="75574936" fromLane="0" toLane="0" dir="s" state="M"/>
    <connection from=":313_0" to="166060660" fromLane="0" toLane="0" dir="s" state="M"/>
    <connection from=":315_0" to="142677527" fromLane="0" toLane="0" dir="s" state="M"/>
    <connection from=":317_0" to="178715132" fromLane="0" toLane="0" dir="s" state="M"/>
    <connection from=":317_1" to="79014036" fromLane="0" toLane="0" via=":317_4_0" dir="s" state="m"/>
    <connection from=":317_4" to="79014036" fromLane="0" toLane="0" dir="s" state="M"/>
    <connection from=":317_2" to="178715132" fromLane="0" toLane="0" dir="s" state="M"/>
    <connection from=":317_3" to="79014036" fromLane="0" toLane="0" dir="s" state="M"/>
    <connection from=":319_0" to="292276096" fromLane="0" toLane="0" dir="s" state="M"/>
    <connection from=":319_1" to="292276096" fromLane="0" toLane="0" dir="s" state="M"/>
    <connection from=":319_2" to="292276096" fromLane="0" toLane="0" via=":319_3_0" dir="s" state="m"/>
    <connection from=":319_3" to="292276096" fromLane="0" toLane="0" dir="s" state="M"/>
    <connection from=":32_0" to="4218926" fromLane="0" toLane="0" dir="s" state="M"/>
    <connection from=":32_1" to="82932012" fromLane="0" toLane="0" dir="s" state="M"/>
    <connection from=":33_0" to="28262107" fromLane="0" toLane="0" dir="s" state="M"/>
    <connection from=":33_1" to="28262107" fromLane="0" toLane="0" dir="s" state="M"/>
    <connection from=":333_0" to="142692911" fromLane="0" toLane="0" dir="s" state="M"/>
    <connection from=":333_1" to="340675955" fromLane="0" toLane="0" dir="s" state="M"/>
    <connection from=":337_0" to="142770556" fromLane="0" toLane="0" dir="s" state="M"/>
    <connection from=":337_1" to="142770549" fromLane="0" toLane="0" via=":337_4_0" dir="s" state="m"/>
    <connection from=":337_4" to="142770549" fromLane="0" toLane="0" dir="s" state="M"/>
    <connection from=":337_2" to="142770556" fromLane="0" toLane="0" dir="s" state="M"/>
    <connection from=":337_3" to="142770549" fromLane="0" toLane="0" dir="s" state="M"/>
    <connection from=":338_0" to="79014037" fromLane="0" toLane="0" dir="s" state="M"/>
    <connection from=":338_1" to="48979206" fromLane="0" toLane="0" dir="s" state="M"/>
    <connection from=":338_2" to="79014037" fromLane="0" toLane="0" dir="s" state="M"/>
    <connection from=":338_3" to="48979206" fromLane="0" toLane="0" via=":338_4_0" dir="s" state="m"/>
    <connection from=":338_4" to="48979206" fromLane="0" toLane="0" dir="s" state="M"/>
    <connection from=":34_0" to="40351640" fromLane="0" toLane="0" dir="s" state="M"/>
    <connection from=":34_1" to="5056539" fromLane="0" toLane="0" dir="s" state="M"/>
    <connection from=":340_0" to="142770554" fromLane="0" toLane="0" dir="s" state="M"/>
    <connection from=":340_1" to="48979207" fromLane="0" toLane="0" via=":340_4_0" dir="s" state="m"/>
    <connection from=":340_4" to="48979207" fromLane="0" toLane="0" dir="s" state="M"/>
    <connection from=":340_2" to="142770554" fromLane="0" toLane="0" dir="s" state="M"/>
    <connection from=":340_3" to="48979207" fromLane="0" toLane="0" dir="s" state="M"/>
    <connection from=":341_0" to="486864294" fromLane="0" toLane="0" dir="s" state="M"/>
    <connection from=":341_1" to="486864294" fromLane="0" toLane="0" dir="s" state="M"/>
    <connection from=":342_0" to="48979208" fromLane="0" toLane="0" dir="s" state="M"/>
    <connection from=":342_1" to="48979209" fromLane="0" toLane="0" via=":342_4_0" dir="s" state="m"/>
    <connection from=":342_4" to="48979209" fromLane="0" toLane="0" dir="s" state="M"/>
    <connection from=":342_2" to="48979208" fromLane="0" toLane="0" dir="s" state="M"/>
    <connection from=":342_3" to="48979209" fromLane="0" toLane="0" dir="s" state="M"/>
    <connection from=":346_0" to="48979223" fromLane="0" toLane="0" dir="s" state="M"/>
    <connection from=":346_1" to="48979219" fromLane="0" toLane="0" dir="s" state="M"/>
    <connection from=":346_2" to="48979223" fromLane="0" toLane="0" dir="s" state="M"/>
    <connection from=":346_3" to="48979219" fromLane="0" toLane="0" via=":346_4_0" dir="s" state="m"/>
    <connection from=":346_4" to="48979219" fromLane="0" toLane="0" dir="s" state="M"/>
    <connection from=":35_0" to="19729394" fromLane="0" toLane="0" dir="s" state="M"/>
    <connection from=":353_0" to="480007674" fromLane="0" toLane="0" dir="s" state="M"/>
    <connection from=":354_0" to="363130342" fromLane="0" toLane="0" dir="s" state="M"/>
    <connection from=":354_1" to="50241077" fromLane="0" toLane="0" dir="s" state="M"/>
    <connection from=":355_0" to="363130338" fromLane="0" toLane="0" dir="s" state="M"/>
    <connection from=":356_0" to="51196062" fromLane="0" toLane="0" dir="s" state="M"/>
    <connection from=":357_0" to="199239120" fromLane="0" toLane="0" dir="s" state="M"/>
    <connection from=":357_1" to="199239121" fromLane="0" toLane="0" dir="s" state="M"/>
    <connection from=":358_0" to="51200768" fromLane="0" toLane="0" dir="s" state="M"/>
    <connection from=":358_1" to="51200769" fromLane="0" toLane="0" dir="s" state="M"/>
    <connection from=":358_2" to="51200768" fromLane="0" toLane="0" dir="s" state="M"/>
    <connection from=":358_3" to="51200769" fromLane="0" toLane="0" dir="s" state="M"/>
    <connection from=":358_4" to="51200768" fromLane="0" toLane="0" via=":358_6_0" dir="s" state="m"/>
    <connection from=":358_6" to="51200768" fromLane="0" toLane="0" dir="s" state="M"/>
    <connection from=":358_5" to="51200769" fromLane="0" toLane="0" via=":358_7_0" dir="s" state="m"/>
    <connection from=":358_7" to="51200769" fromLane="0" toLane="0" dir="s" state="M"/>
    <connection from=":359_0" to="186722706" fromLane="0" toLane="0" dir="s" state="M"/>
    <connection from=":359_1" to="186722706" fromLane="0" toLane="0" dir="s" state="M"/>
    <connection from=":363_0" to="186713415" fromLane="0" toLane="0" dir="s" state="M"/>
    <connection from=":363_1" to="186713407" fromLane="0" toLane="0" dir="s" state="M"/>
    <connection from=":363_2" to="186713415" fromLane="0" toLane="0" dir="s" state="M"/>
    <connection from=":363_3" to="186713407" fromLane="0" toLane="0" via=":363_4_0" dir="s" state="m"/>
    <connection from=":363_4" to="186713407" fromLane="0" toLane="0" dir="s" state="M"/>
    <connection from=":368_0" to="186649521" fromLane="0" toLane="0" dir="s" state="M"/>
    <connection from=":368_1" to="51201763" fromLane="0" toLane="0" dir="s" state="M"/>
    <connection from=":37_0" to="186714394" fromLane="0" toLane="0" dir="s" state="M"/>
    <connection from=":37_1" to="480873119" fromLane="0" toLane="0" dir="s" state="M"/>
    <connection from=":37_2" to="186714394" fromLane="0" toLane="0" dir="s" state="M"/>
    <connection from=":37_3" to="480873119" fromLane="0" toLane="0" via=":37_4_0" dir="s" state="m"/>
    <connection from=":37_4" to="480873119" fromLane="0" toLane="0" dir="s" state="M"/>
    <connection from=":371_0" to="51201768" fromLane="0" toLane="0" dir="s" state="M"/>
    <connection from=":371_1" to="82932016" fromLane="0" toLane="0" dir="s" state="M"/>
    <connection from=":371_2" to="51201768" fromLane="0" toLane="0" dir="s" state="M"/>
    <connection from=":371_3" to="82932016" fromLane="0" toLane="0" via=":371_4_0" dir="s" state="m"/>
    <connection from=":371_4" to="82932016" fromLane="0" toLane="0" dir="s" state="M"/>
    <connection from=":375_0" to="186624437" fromLane="0" toLane="0" dir="s" state="M"/>
    <connection from=":375_1" to="186624437" fromLane="0" toLane="0" dir="s" state="M"/>
    <connection from=":379_0" to="186649515" fromLane="0" toLane="0" dir="s" state="M"/>
    <connection from=":379_1" to="186649515" fromLane="0" toLane="0" dir="s" state="M"/>
    <connection from=":393_0" to="166060658" fromLane="0" toLane="0" dir="s" state="M"/>
    <connection from=":4_0" to="186624442" fromLane="0" toLane="0" dir="s" state="M"/>
    <connection from=":4_1" to="3757059" fromLane="0" toLane="0" via=":4_4_0" dir="s" state="m"/>
    <connection from=":4_4" to="3757059" fromLane="0" toLane="0" dir="s" state="M"/>
    <connection from=":4_2" to="3757059" fromLane="0" toLane="0" dir="s" state="M"/>
    <connection from=":4_3" to="186624442" fromLane="0" toLane="0" via=":4_5_0" dir="s" state="m"/>
    <connection from=":4_5" to="186624442" fromLane="0" toLane="0" dir="s" state="M"/>
    <connection from=":40_0" to="8132225" fromLane="0" toLane="0" dir="s" state="M"/>
    <connection from=":40_1" to="410621277" fromLane="0" toLane="0" dir="s" state="M"/>
    <connection from=":403_0" to="136700005" fromLane="0" toLane="0" dir="s" state="M"/>
    <connection from=":409_0" to="75459574" fromLane="0" toLane="0" dir="s" state="M"/>
    <connection from=":412_0" to="75459593" fromLane="0" toLane="0" dir="s" state="M"/>
    <connection from=":42_0" to="8286112" fromLane="0" toLane="0" dir="s" state="M"/>
    <connection from=":42_1" to="23947828" fromLane="0" toLane="0" dir="s" state="M"/>
    <connection from=":421_0" to="186713429" fromLane="0" toLane="0" dir="s" state="M"/>
    <connection from=":421_1" to="186713429" fromLane="0" toLane="0" dir="s" state="M"/>
    <connection from=":422_0" to="82932009" fromLane="0" toLane="0" dir="s" state="M"/>
    <connection from=":422_1" to="82932009" fromLane="0" toLane="0" dir="s" state="M"/>
    <connection from=":43_0" to="51200772" fromLane="0" toLane="0" dir="s" state="M"/>
    <connection from=":43_1" to="51200771" fromLane="0" toLane="0" dir="s" state="M"/>
    <connection from=":43_2" to="51200772" fromLane="0" toLane="0" dir="s" state="M"/>
    <connection from=":43_3" to="51200771" fromLane="0" toLane="0" via=":43_4_0" dir="s" state="m"/>
    <connection from=":43_4" to="51200771" fromLane="0" toLane="0" dir="s" state="M"/>
    <connection from=":430_0" to="99413363" fromLane="0" toLane="0" dir="s" state="M"/>
    <connection from=":431_0" to="108724012" fromLane="0" toLane="0" dir="s" state="M"/>
    <connection from=":433_0" to="142770573" fromLane="0" toLane="0" via=":433_2_0" dir="s" state="m"/>
    <connection from=":433_2" to="142770573" fromLane="0" toLane="0" dir="s" state="M"/>
    <connection from=":433_1" to="142770573" fromLane="0" toLane="0" dir="s" state="M"/>
    <connection from=":435_0" to="142770557" fromLane="0" toLane="0" dir="s" state="M"/>
    <connection from=":435_1" to="142770557" fromLane="0" toLane="0" via=":435_2_0" dir="s" state="m"/>
    <connection from=":435_2" to="142770557" fromLane="0" toLane="0" dir="s" state="M"/>
    <connection from=":439_0" to="283487673" fromLane="0" toLane="0" dir="s" state="M"/>
    <connection from=":44_0" to="11136804" fromLane="0" toLane="0" dir="s" state="M"/>
    <connection from=":442_0" to="121519704" fromLane="0" toLane="0" dir="s" state="M"/>
    <connection from=":443_0" to="166060659" fromLane="0" toLane="0" via=":443_2_0" dir="s" state="m"/>
    <connection from=":443_2" to="166060659" fromLane="0" toLane="0" dir="s" state="M"/>
    <connection from=":443_1" to="166060659" fromLane="0" toLane="0" dir="s" state="M"/>
    <connection from=":446_0" to="125742556" fromLane="0" toLane="0" dir="s" state="M"/>
    <connection from=":447_0" to="132894498" fromLane="0" toLane="0" via=":447_3_0" dir="s" state="m"/>
    <connection from=":447_3" to="132894498" fromLane="0" toLane="0" dir="s" state="M"/>
    <connection from=":447_1" to="132894498" fromLane="0" toLane="0" dir="s" state="M"/>
    <connection from=":447_2" to="132894498" fromLane="0" toLane="0" dir="s" state="M"/>
    <connection from=":45_0" to="11136806" fromLane="0" toLane="0" dir="s" state="M"/>
    <connection from=":451_0" to="142677528" fromLane="0" toLane="0" dir="s" state="M"/>
    <connection from=":451_1" to="165298185" fromLane="0" toLane="0" dir="s" state="M"/>
    <connection from=":451_2" to="142677528" fromLane="0" toLane="0" dir="s" state="M"/>
    <connection from=":451_3" to="165298185" fromLane="0" toLane="0" via=":451_4_0" dir="s" state="m"/>
    <connection from=":451_4" to="165298185" fromLane="0" toLane="0" dir="s" state="M"/>
    <connection from=":461_0" to="291737406" fromLane="0" toLane="0" dir="s" state="M"/>
    <connection from=":464_0" to="141050975" fromLane="0" toLane="0" dir="s" state="M"/>
    <connection from=":465_0" to="141050980" fromLane="0" toLane="0" dir="s" state="M"/>
    <connection from=":47_0" to="217688657" fromLane="0" toLane="0" dir="s" state="M"/>
    <connection from=":47_1" to="142770563" fromLane="0" toLane="0" dir="s" state="M"/>
    <connection from=":47_2" to="217609175" fromLane="0" toLane="0" dir="s" state="M"/>
    <connection from=":471_0" to="142770553" fromLane="0" toLane="0" via=":471_2_0" dir="s" state="m"/>
    <connection from=":471_2" to="142770553" fromLane="0" toLane="0" dir="s" state="M"/>
    <connection from=":471_1" to="142770553" fromLane="0" toLane="0" dir="s" state="M"/>
    <connection from=":473_0" to="214920908" fromLane="0" toLane="0" dir="s" state="M"/>
    <connection from=":476_0" to="142677533" fromLane="0" toLane="0" dir="s" state="M"/>
    <connection from=":476_1" to="363112763" fromLane="0" toLane="0" dir="s" state="M"/>
    <connection from=":478_0" to="142944399" fromLane="0" toLane="0" dir="s" state="M"/>
    <connection from=":478_1" to="142678628" fromLane="0" toLane="0" dir="s" state="M"/>
    <connection from=":478_2" to="142944399" fromLane="0" toLane="0" dir="s" state="M"/>
    <connection from=":478_3" to="142678628" fromLane="0" toLane="0" dir="s" state="M"/>
    <connection from=":478_4" to="142944399" fromLane="0" toLane="0" dir="s" state="M"/>
    <connection from=":478_5" to="142678628" fromLane="0" toLane="0" via=":478_6_0" dir="s" state="m"/>
    <connection from=":478_6" to="142678628" fromLane="0" toLane="0" dir="s" state="M"/>
    <connection from=":479_0" to="186713402" fromLane="0" toLane="0" dir="s" state="M"/>
    <connection from=":479_1" to="142944330" fromLane="0" toLane="0" via=":479_4_0" dir="s" state="m"/>
    <connection from=":479_4" to="142944330" fromLane="0" toLane="0" dir="s" state="M"/>
    <connection from=":479_2" to="186713402" fromLane="0" toLane="0" dir="s" state="M"/>
    <connection from=":479_3" to="142944330" fromLane="0" toLane="0" dir="s" state="M"/>
    <connection from=":48_0" to="11136827" fromLane="0" toLane="0" dir="s" state="M"/>
    <connection from=":484_0" to="142692918" fromLane="0" toLane="0" dir="s" state="M"/>
    <connection from=":485_0" to="199752605" fromLane="0" toLane="0" dir="s" state="M"/>
    <connection from=":486_0" to="142770547" fromLane="0" toLane="0" dir="s" state="M"/>
    <connection from=":488_0" to="142770548" fromLane="0" toLane="0" dir="s" state="M"/>
    <connection from=":489_0" to="142770551" fromLane="0" toLane="0" dir="s" state="M"/>
    <connection from=":49_0" to="380884246" fromLane="0" toLane="0" dir="s" state="M"/>
    <connection from=":493_0" to="186713425" fromLane="0" toLane="0" dir="s" state="M"/>
    <connection from=":497_0" to="199230912" fromLane="0" toLane="0" dir="s" state="M"/>
    <connection from=":497_1" to="199230912" fromLane="0" toLane="0" dir="s" state="M"/>
    <connection from=":503_0" to="381750340" fromLane="0" toLane="0" dir="s" state="M"/>
    <connection from=":503_1" to="381750340" fromLane="0" toLane="0" dir="s" state="M"/>
    <connection from=":503_2" to="381750340" fromLane="0" toLane="0" via=":503_3_0" dir="s" state="m"/>
    <connection from=":503_3" to="381750340" fromLane="0" toLane="0" dir="s" state="M"/>
    <connection from=":515_0" to="363112762" fromLane="0" toLane="0" dir="s" state="M"/>
    <connection from=":517_0" to="142928779" fromLane="0" toLane="0" dir="s" state="M"/>
    <connection from=":519_0" to="186624441" fromLane="0" toLane="0" dir="s" state="M"/>
    <connection from=":519_1" to="186624441" fromLane="0" toLane="0" dir="s" state="M"/>
    <connection from=":519_2" to="186624441" fromLane="0" toLane="0" via=":519_3_0" dir="s" state="m"/>
    <connection from=":519_3" to="186624441" fromLane="0" toLane="0" dir="s" state="M"/>
    <connection from=":52_0" to="11136841" fromLane="0" toLane="0" dir="s" state="M"/>
    <connection from=":522_0" to="142944325" fromLane="0" toLane="0" dir="s" state="M"/>
    <connection from=":525_0" to="186713417" fromLane="0" toLane="0" dir="s" state="M"/>
    <connection from=":525_1" to="186713405" fromLane="0" toLane="0" dir="s" state="M"/>
    <connection from=":525_2" to="186713417" fromLane="0" toLane="0" dir="s" state="M"/>
    <connection from=":525_3" to="186713405" fromLane="0" toLane="0" via=":525_4_0" dir="s" state="m"/>
    <connection from=":525_4" to="186713405" fromLane="0" toLane="0" dir="s" state="M"/>
    <connection from=":527_0" to="486864290" fromLane="0" toLane="0" dir="s" state="M"/>
    <connection from=":527_1" to="186713420" fromLane="0" toLane="0" dir="s" state="M"/>
    <connection from=":529_0" to="368989705" fromLane="0" toLane="0" dir="s" state="M"/>
    <connection from=":529_1" to="368989705" fromLane="0" toLane="0" dir="s" state="M"/>
    <connection from=":53_0" to="23948475" fromLane="0" toLane="0" dir="s" state="M"/>
    <connection from=":531_0" to="157044151" fromLane="0" toLane="0" dir="s" state="M"/>
    <connection from=":533_0" to="157044152" fromLane="0" toLane="0" dir="s" state="M"/>
    <connection from=":537_0" to="186713411" fromLane="0" toLane="0" dir="s" state="M"/>
    <connection from=":54_0" to="11136843" fromLane="0" toLane="0" dir="s" state="M"/>
    <connection from=":54_1" to="11136843" fromLane="0" toLane="0" dir="s" state="M"/>
    <connection from=":541_0" to="283487670" fromLane="0" toLane="0" dir="s" state="M"/>
    <connection from=":541_1" to="283487670" fromLane="0" toLane="0" dir="s" state="M"/>
    <connection from=":545_0" to="392657904" fromLane="0" toLane="0" dir="s" state="M"/>
    <connection from=":546_0" to="164247492" fromLane="0" toLane="0" dir="s" state="M"/>
    <connection from=":547_0" to="164247494" fromLane="0" toLane="0" dir="s" state="M"/>
    <connection from=":549_0" to="309630679" fromLane="0" toLane="0" dir="s" state="M"/>
    <connection from=":56_0" to="410646192" fromLane="0" toLane="0" dir="s" state="M"/>
    <connection from=":56_1" to="11136856" fromLane="0" toLane="0" dir="s" state="M"/>
    <connection from=":563_0" to="370478549" fromLane="0" toLane="0" dir="s" state="M"/>
    <connection from=":567_0" to="363112756" fromLane="0" toLane="0" dir="s" state="M"/>
    <connection from=":567_1" to="199799716" fromLane="0" toLane="0" dir="s" state="M"/>
    <connection from=":567_2" to="363112756" fromLane="0" toLane="0" dir="s" state="M"/>
    <connection from=":567_3" to="199799716" fromLane="0" toLane="0" via=":567_4_0" dir="s" state="m"/>
    <connection from=":567_4" to="199799716" fromLane="0" toLane="0" dir="s" state="M"/>
    <connection from=":568_0" to="186713421" fromLane="0" toLane="0" dir="s" state="M"/>
    <connection from=":568_1" to="186279947" fromLane="0" toLane="0" dir="s" state="M"/>
    <connection from=":57_0" to="30661804" fromLane="0" toLane="0" dir="s" state="M"/>
    <connection from=":57_1" to="30661804" fromLane="0" toLane="0" dir="s" state="M"/>
    <connection from=":570_0" to="186279949" fromLane="0" toLane="0" dir="s" state="M"/>
    <connection from=":570_1" to="186713422" fromLane="0" toLane="0" dir="s" state="M"/>
    <connection from=":574_0" to="186624430" fromLane="0" toLane="0" dir="s" state="M"/>
    <connection from=":576_0" to="186624431" fromLane="0" toLane="0" dir="s" state="M"/>
    <connection from=":576_1" to="186624432" fromLane="0" toLane="0" dir="s" state="M"/>
    <connection from=":58_0" to="14432948" fromLane="0" toLane="0" dir="s" state="M"/>
    <connection from=":593_0" to="186624440" fromLane="0" toLane="0" dir="s" state="M"/>
    <connection from=":593_1" to="186649517" fromLane="0" toLane="0" via=":593_4_0" dir="s" state="m"/>
    <connection from=":593_4" to="186649517" fromLane="0" toLane="0" dir="s" state="M"/>
    <connection from=":593_2" to="186624440" fromLane="0" toLane="0" dir="s" state="M"/>
    <connection from=":593_3" to="186649517" fromLane="0" toLane="0" dir="s" state="M"/>
    <connection from=":597_0" to="189764300" fromLane="0" toLane="0" dir="s" state="M"/>
    <connection from=":60_0" to="30040906" fromLane="0" toLane="0" dir="s" state="M"/>
    <connection from=":60_1" to="15090398" fromLane="0" toLane="0" dir="s" state="M"/>
    <connection from=":60_2" to="30040906" fromLane="0" toLane="0" dir="s" state="M"/>
    <connection from=":60_3" to="15090398" fromLane="0" toLane="0" via=":60_4_0" dir="s" state="m"/>
    <connection from=":60_4" to="15090398" fromLane="0" toLane="0" dir="s" state="M"/>
    <connection from=":61_0" to="186649518" fromLane="0" toLane="0" dir="s" state="M"/>
    <connection from=":61_1" to="186624439" fromLane="0" toLane="0" dir="s" state="M"/>
    <connection from=":61_2" to="186649518" fromLane="0" toLane="0" dir="s" state="M"/>
    <connection from=":61_3" to="186624439" fromLane="0" toLane="0" via=":61_4_0" dir="s" state="m"/>
    <connection from=":61_4" to="186624439" fromLane="0" toLane="0" dir="s" state="M"/>
    <connection from=":615_0" to="186649522" fromLane="0" toLane="0" dir="s" state="M"/>
    <connection from=":62_0" to="186624436" fromLane="0" toLane="0" dir="s" state="M"/>
    <connection from=":62_1" to="15090399" fromLane="0" toLane="0" dir="s" state="M"/>
    <connection from=":62_2" to="186624436" fromLane="0" toLane="0" dir="s" state="M"/>
    <connection from=":62_3" to="15090399" fromLane="0" toLane="0" via=":62_4_0" dir="s" state="m"/>
    <connection from=":62_4" to="15090399" fromLane="0" toLane="0" dir="s" state="M"/>
    <connection from=":621_0" to="350033476" fromLane="0" toLane="0" dir="s" state="M"/>
    <connection from=":621_1" to="350033476" fromLane="0" toLane="0" dir="s" state="M"/>
    <connection from=":622_0" to="350033484" fromLane="0" toLane="0" dir="s" state="M"/>
    <connection from=":622_1" to="186713404" fromLane="0" toLane="0" dir="s" state="M"/>
    <connection from=":622_2" to="186713403" fromLane="0" toLane="0" dir="s" state="M"/>
    <connection from=":628_0" to="480873120" fromLane="0" toLane="0" dir="s" state="M"/>
    <connection from=":628_1" to="186713406" fromLane="0" toLane="0" dir="s" state="M"/>
    <connection from=":629_0" to="186713409" fromLane="0" toLane="0" dir="s" state="M"/>
    <connection from=":629_1" to="186713410" fromLane="0" toLane="0" dir="s" state="M"/>
    <connection from=":63_0" to="51201766" fromLane="0" toLane="0" dir="s" state="M"/>
    <connection from=":63_1" to="51201764" fromLane="0" toLane="0" dir="s" state="M"/>
    <connection from=":63_2" to="51201766" fromLane="0" toLane="0" dir="s" state="M"/>
    <connection from=":63_3" to="51201764" fromLane="0" toLane="0" via=":63_4_0" dir="s" state="m"/>
    <connection from=":63_4" to="51201764" fromLane="0" toLane="0" dir="s" state="M"/>
    <connection from=":633_0" to="486870074" fromLane="0" toLane="0" dir="s" state="M"/>
    <connection from=":633_1" to="486870074" fromLane="0" toLane="0" dir="s" state="M"/>
    <connection from=":647_0" to="199239119" fromLane="0" toLane="0" via=":647_2_0" dir="s" state="m"/>
    <connection from=":647_2" to="199239119" fromLane="0" toLane="0" dir="s" state="M"/>
    <connection from=":647_1" to="199239119" fromLane="0" toLane="0" dir="s" state="M"/>
    <connection from=":649_0" to="186713427" fromLane="0" toLane="0" dir="s" state="M"/>
    <connection from=":649_1" to="186713428" fromLane="0" toLane="0" dir="s" state="M"/>
    <connection from=":65_0" to="24595673" fromLane="0" toLane="0" via=":65_2_0" dir="s" state="m"/>
    <connection from=":65_2" to="24595673" fromLane="0" toLane="0" dir="s" state="M"/>
    <connection from=":65_1" to="24595673" fromLane="0" toLane="0" dir="s" state="M"/>
    <connection from=":654_0" to="186713423" fromLane="0" toLane="0" dir="s" state="M"/>
    <connection from=":655_0" to="186713426" fromLane="0" toLane="0" dir="s" state="M"/>
    <connection from=":655_1" to="186713426" fromLane="0" toLane="0" via=":655_2_0" dir="s" state="m"/>
    <connection from=":655_2" to="186713426" fromLane="0" toLane="0" dir="s" state="M"/>
    <connection from=":66_0" to="407524730" fromLane="0" toLane="0" dir="s" state="M"/>
    <connection from=":66_1" to="15090420" fromLane="0" toLane="0" dir="s" state="M"/>
    <connection from=":663_0" to="186714396" fromLane="0" toLane="0" dir="s" state="M"/>
    <connection from=":667_0" to="186714395" fromLane="0" toLane="0" dir="s" state="M"/>
    <connection from=":67_0" to="24595627" fromLane="0" toLane="0" dir="s" state="M"/>
    <connection from=":67_1" to="24595627" fromLane="0" toLane="0" dir="s" state="M"/>
    <connection from=":68_0" to="33276175" fromLane="0" toLane="0" dir="s" state="M"/>
    <connection from=":68_1" to="392657902" fromLane="0" toLane="0" dir="s" state="M"/>
    <connection from=":68_2" to="15090427" fromLane="0" toLane="0" dir="s" state="M"/>
    <connection from=":69_0" to="410621281" fromLane="0" toLane="0" dir="s" state="M"/>
    <connection from=":69_1" to="344502102" fromLane="0" toLane="0" dir="s" state="M"/>
    <connection from=":691_0" to="199753406" fromLane="0" toLane="0" dir="s" state="M"/>
    <connection from=":693_0" to="381750335" fromLane="0" toLane="0" dir="s" state="M"/>
    <connection from=":694_0" to="199500674" fromLane="0" toLane="0" dir="s" state="M"/>
    <connection from=":694_1" to="199780796" fromLane="0" toLane="0" dir="s" state="M"/>
    <connection from=":695_0" to="381749912" fromLane="0" toLane="0" dir="s" state="M"/>
    <connection from=":7_0" to="31641305" fromLane="0" toLane="0" dir="s" state="M"/>
    <connection from=":70_0" to="15090570" fromLane="0" toLane="0" dir="s" state="M"/>
    <connection from=":70_1" to="23739997" fromLane="0" toLane="0" dir="s" state="M"/>
    <connection from=":702_0" to="199752604" fromLane="0" toLane="0" dir="s" state="M"/>
    <connection from=":715_0" to="210393402" fromLane="0" toLane="0" dir="s" state="M"/>
    <connection from=":72_0" to="15090571" fromLane="0" toLane="0" dir="s" state="M"/>
    <connection from=":728_0" to="363112761" fromLane="0" toLane="0" dir="s" state="M"/>
    <connection from=":728_1" to="217688658" fromLane="0" toLane="0" dir="s" state="M"/>
    <connection from=":733_0" to="225908922" fromLane="0" toLane="0" dir="s" state="M"/>
    <connection from=":74_0" to="15665061" fromLane="0" toLane="0" dir="s" state="M"/>
    <connection from=":74_1" to="51201767" fromLane="0" toLane="0" dir="s" state="M"/>
    <connection from=":74_2" to="15665061" fromLane="0" toLane="0" dir="s" state="M"/>
    <connection from=":74_3" to="51201767" fromLane="0" toLane="0" via=":74_4_0" dir="s" state="m"/>
    <connection from=":74_4" to="51201767" fromLane="0" toLane="0" dir="s" state="M"/>
    <connection from=":745_0" to="243415895" fromLane="0" toLane="0" dir="s" state="M"/>
    <connection from=":746_0" to="243415894" fromLane="0" toLane="0" dir="s" state="M"/>
    <connection from=":75_0" to="186624445" fromLane="0" toLane="0" dir="s" state="M"/>
    <connection from=":75_1" to="51201765" fromLane="0" toLane="0" dir="s" state="M"/>
    <connection from=":750_0" to="283487666" fromLane="0" toLane="0" dir="s" state="M"/>
    <connection from=":752_0" to="283487668" fromLane="0" toLane="0" dir="s" state="M"/>
    <connection from=":763_0" to="283487681" fromLane="0" toLane="0" dir="s" state="M"/>
    <connection from=":766_0" to="284139902" fromLane="0" toLane="0" dir="s" state="M"/>
    <connection from=":783_0" to="340675956" fromLane="0" toLane="0" dir="s" state="M"/>
    <connection from=":805_0" to="487385463" fromLane="0" toLane="0" dir="s" state="M"/>
    <connection from=":805_1" to="487385465" fromLane="0" toLane="0" dir="s" state="M"/>
    <connection from=":809_0" to="486870073" fromLane="0" toLane="0" dir="s" state="M"/>
    <connection from=":809_1" to="486870072" fromLane="0" toLane="0" dir="s" state="M"/>
    <connection from=":812_0" to="350033485" fromLane="0" toLane="0" dir="s" state="M"/>
    <connection from=":831_0" to="486864291" fromLane="0" toLane="0" dir="s" state="M"/>
    <connection from=":831_1" to="486864291" fromLane="0" toLane="0" dir="s" state="M"/>
    <connection from=":839_0" to="370478534" fromLane="0" toLane="0" dir="s" state="M"/>
    <connection from=":842_0" to="370478546" fromLane="0" toLane="0" dir="s" state="M"/>
    <connection from=":847_0" to="370478551" fromLane="0" toLane="0" dir="s" state="M"/>
    <connection from=":85_0" to="43860438" fromLane="0" toLane="0" dir="s" state="M"/>
    <connection from=":85_1" to="24407070" fromLane="0" toLane="0" via=":85_4_0" dir="s" state="m"/>
    <connection from=":85_4" to="24407070" fromLane="0" toLane="0" dir="s" state="M"/>
    <connection from=":85_2" to="24407070" fromLane="0" toLane="0" dir="s" state="M"/>
    <connection from=":85_3" to="43860438" fromLane="0" toLane="0" via=":85_5_0" dir="s" state="m"/>
    <connection from=":85_5" to="43860438" fromLane="0" toLane="0" dir="s" state="M"/>
    <connection from=":86_0" to="22468207" fromLane="0" toLane="0" dir="s" state="M"/>
    <connection from=":865_0" to="392657905" fromLane="0" toLane="0" dir="s" state="M"/>
    <connection from=":867_0" to="392657906" fromLane="0" toLane="0" dir="s" state="M"/>
    <connection from=":87_0" to="22468208" fromLane="0" toLane="0" dir="s" state="M"/>
    <connection from=":872_0" to="398288600" fromLane="0" toLane="0" dir="s" state="M"/>
    <connection from=":874_0" to="398288602" fromLane="0" toLane="0" dir="s" state="M"/>
    <connection from=":880_0" to="398288609" fromLane="0" toLane="0" dir="s" state="M"/>
    <connection from=":881_0" to="398288639" fromLane="0" toLane="0" dir="s" state="M"/>
    <connection from=":883_0" to="398315002" fromLane="0" toLane="0" dir="s" state="M"/>
    <connection from=":89_0" to="35416014" fromLane="0" toLane="0" dir="s" state="M"/>
    <connection from=":89_1" to="35416014" fromLane="0" toLane="0" dir="s" state="M"/>
    <connection from=":89_2" to="35416014" fromLane="0" toLane="0" via=":89_3_0" dir="s" state="m"/>
    <connection from=":89_3" to="35416014" fromLane="0" toLane="0" dir="s" state="M"/>
    <connection from=":892_0" to="398288635" fromLane="0" toLane="0" dir="s" state="M"/>
    <connection from=":91_0" to="283487678" fromLane="0" toLane="0" dir="s" state="M"/>
    <connection from=":91_1" to="37211584" fromLane="0" toLane="0" dir="s" state="M"/>
    <connection from=":918_0" to="407882481" fromLane="0" toLane="0" dir="s" state="M"/>
    <connection from=":919_0" to="407882486" fromLane="0" toLane="0" dir="s" state="M"/>
    <connection from=":92_0" to="23577411" fromLane="0" toLane="0" dir="s" state="M"/>
    <connection from=":92_1" to="330587450" fromLane="0" toLane="0" dir="s" state="M"/>
    <connection from=":93_0" to="362973377" fromLane="0" toLane="0" dir="s" state="M"/>
    <connection from=":931_0" to="426778172" fromLane="0" toLane="0" dir="s" state="M"/>
    <connection from=":946_0" to="413101018" fromLane="0" toLane="0" dir="s" state="M"/>
    <connection from=":95_0" to="23739844" fromLane="0" toLane="0" dir="s" state="M"/>
    <connection from=":953_0" to="426778173" fromLane="0" toLane="0" dir="s" state="M"/>
    <connection from=":961_0" to="480651721" fromLane="0" toLane="0" dir="s" state="M"/>
    <connection from=":963_0" to="487385461" fromLane="0" toLane="0" dir="s" state="M"/>
    <connection from=":97_0" to="23963379" fromLane="0" toLane="0" dir="s" state="M"/>

</net>
